2022-04-05 12:32:04,212 INFO com.vinsys.diam.core.LoggingRequestInterceptor [http-nio-9999-exec-1] ===========================request begin================================================
2022-04-05 12:32:04,217 INFO com.vinsys.diam.core.LoggingRequestInterceptor [http-nio-9999-exec-1] URI         : http://localhost:9092/restapi/Getmmdata
2022-04-05 12:32:04,218 INFO com.vinsys.diam.core.LoggingRequestInterceptor [http-nio-9999-exec-1] Method      : POST
2022-04-05 12:32:04,218 INFO com.vinsys.diam.core.LoggingRequestInterceptor [http-nio-9999-exec-1] Headers     : [Accept:"text/plain, application/xml, text/xml, application/json, application/*+xml, application/*+json, */*", SOAPAction:"urn:buildingPermitInquiryByPermitNumber", Content-Type:"text/xml;charset=UTF-8", Content-Length:"492"]
2022-04-05 12:32:04,219 INFO com.vinsys.diam.core.LoggingRequestInterceptor [http-nio-9999-exec-1] Request body: <soapenv:Envelope
	xmlns:soapenv="http://schemas.xmlsoap.org/soap/envelope/"
	xmlns:proc="http://process">
	<soapenv:Header/>
	<soapenv:Body>
		<proc:buildingPermitInquiryByPermitNumber>
			<!--Optional:-->
			<proc:username>DIAM</proc:username>
			<!--Optional:-->
			<proc:password>Mm4DiAm</proc:password>
			<!--Optional:-->
			<proc:buildingPermitNumber>2019/2020</proc:buildingPermitNumber>
		</proc:buildingPermitInquiryByPermitNumber>
	</soapenv:Body>
</soapenv:Envelope>
2022-04-05 12:32:04,219 INFO com.vinsys.diam.core.LoggingRequestInterceptor [http-nio-9999-exec-1] ==========================request end================================================
2022-04-05 12:32:04,437 INFO com.vinsys.diam.core.LoggingRequestInterceptor [http-nio-9999-exec-1] ============================response begin==========================================
2022-04-05 12:32:04,438 INFO com.vinsys.diam.core.LoggingRequestInterceptor [http-nio-9999-exec-1] Status code  : 200 OK
2022-04-05 12:32:04,438 INFO com.vinsys.diam.core.LoggingRequestInterceptor [http-nio-9999-exec-1] Status text  : 
2022-04-05 12:32:04,439 INFO com.vinsys.diam.core.LoggingRequestInterceptor [http-nio-9999-exec-1] Headers      : [Content-Type:"application/xml;charset=UTF-8", Content-Length:"796", Date:"Tue, 05 Apr 2022 07:02:04 GMT", Keep-Alive:"timeout=60", Connection:"keep-alive"]
2022-04-05 12:32:04,440 INFO com.vinsys.diam.core.LoggingRequestInterceptor [http-nio-9999-exec-1] Response body: <?xml version="1.0" encoding="UTF-8" standalone="no"?><MM_RESPONSE>	<MM_RETURN_STATUS>S</MM_RETURN_STATUS>	<BUILDING_PERMIT_LIST>		<BUILDING_PERMIT>			<BUILDING_PRMIT_NUMBER>4622/2015</BUILDING_PRMIT_NUMBER>			<PARTY_NUMBER>CV00158706</PARTY_NUMBER>			<PARTY_NAME>محمد بن سعيد بن الصغير البداعي</PARTY_NAME>			<AREA>1799</AREA>			<BLOCK>34083</BLOCK>			<PLOT_NUMBER>161</PLOT_NUMBER>			<KROOKIE>1/35/066/13/161</KROOKIE>			<TYPE_OF_USE>RES</TYPE_OF_USE>			<ISSUE_DATE>2018-04-12 00:00:00.0</ISSUE_DATE>			<EXPIRY_DATE>2020-04-11 00:00:00.0</EXPIRY_DATE>			<PLOT_SIZE>600</PLOT_SIZE>			<ALLOWED_PERCENTAGE_AREA>40</ALLOWED_PERCENTAGE_AREA>			<FLOOR_ALLOWED>2</FLOOR_ALLOWED>		</BUILDING_PERMIT>	</BUILDING_PERMIT_LIST></MM_RESPONSE>
2022-04-05 12:32:04,441 INFO com.vinsys.diam.core.LoggingRequestInterceptor [http-nio-9999-exec-1] =======================response end=================================================
2022-04-05 14:21:10,467 INFO com.vinsys.diam.core.LoggingRequestInterceptor [http-nio-9999-exec-5] ===========================request begin================================================
2022-04-05 14:21:10,468 INFO com.vinsys.diam.core.LoggingRequestInterceptor [http-nio-9999-exec-5] URI         : http://localhost:9092/restapi/GetEDData
2022-04-05 14:21:10,469 INFO com.vinsys.diam.core.LoggingRequestInterceptor [http-nio-9999-exec-5] Method      : POST
2022-04-05 14:21:10,469 INFO com.vinsys.diam.core.LoggingRequestInterceptor [http-nio-9999-exec-5] Headers     : [Accept:"text/plain, application/xml, text/xml, application/json, application/*+xml, application/*+json, */*", Content-Type:"text/xml;charset=UTF-8", Content-Length:"191"]
2022-04-05 14:21:10,470 INFO com.vinsys.diam.core.LoggingRequestInterceptor [http-nio-9999-exec-5] Request body: <?xml version="1.0"?><RequestData><RequestDetails><![CDATA[<RequestData><UserName></UserName><Password></Password><BPNumber>128/2021</BPNumber></RequestData>]]></RequestDetails></RequestData>
2022-04-05 14:21:10,471 INFO com.vinsys.diam.core.LoggingRequestInterceptor [http-nio-9999-exec-5] ==========================request end================================================
2022-04-05 14:21:10,522 INFO com.vinsys.diam.core.LoggingRequestInterceptor [http-nio-9999-exec-5] ============================response begin==========================================
2022-04-05 14:21:10,523 INFO com.vinsys.diam.core.LoggingRequestInterceptor [http-nio-9999-exec-5] Status code  : 200 OK
2022-04-05 14:21:10,523 INFO com.vinsys.diam.core.LoggingRequestInterceptor [http-nio-9999-exec-5] Status text  : 
2022-04-05 14:21:10,524 INFO com.vinsys.diam.core.LoggingRequestInterceptor [http-nio-9999-exec-5] Headers      : [Content-Type:"application/xml;charset=UTF-8", Content-Length:"950", Date:"Tue, 05 Apr 2022 08:51:10 GMT", Keep-Alive:"timeout=60", Connection:"keep-alive"]
2022-04-05 14:21:10,524 INFO com.vinsys.diam.core.LoggingRequestInterceptor [http-nio-9999-exec-5] Response body: <ResponseData>	<StatusCode>00</StatusCode>	<Status>SUCCESS</Status>	<EDData>		<ConsultantName>lamasat engineering consultancy</ConsultantName>		<ConsultantEmail>lamasat engineering consultancy</ConsultantEmail>		<Type>Company</Type>		<CustomerType>Owner</CustomerType>		<OwnerName>TAMIM RASHID ALI AL TAMIMI</OwnerName>		<BuildingPermit>504/2022</BuildingPermit>		<Area>al atkiya</Area>		<Wilayat>Amrat</Wilayat>		<PremiseType>Amrat</PremiseType>		<Telephone></Telephone>		<EMail>tamimrashid78@gmail.com</EMail>		<POBox></POBox>		<PC></PC>		<IDCardNo></IDCardNo>		<CP_NO></CP_NO>		<CR_NO>1408135</CR_NO>		<MOBILE_NO>95713990</MOBILE_NO>		<EXPECTED_DATE>2023-01-10</EXPECTED_DATE>		<APPLICATION_STATUS>Approved</APPLICATION_STATUS>		<KROOKI_NO></KROOKI_NO>		<NO_OF_UNIT>1</NO_OF_UNIT>		<N1>2588425.46</N1>		<N2>2588413.46</N2>		<E1>651876.90</E1>		<E2>651854.97</E2>	</EDData></ResponseData>
2022-04-05 14:21:10,524 INFO com.vinsys.diam.core.LoggingRequestInterceptor [http-nio-9999-exec-5] =======================response end=================================================
2022-04-05 14:43:46,076 INFO com.vinsys.diam.core.LoggingRequestInterceptor [http-nio-9999-exec-2] ===========================request begin================================================
2022-04-05 14:43:46,077 INFO com.vinsys.diam.core.LoggingRequestInterceptor [http-nio-9999-exec-2] URI         : http://localhost:9092/restapi/GetEDData
2022-04-05 14:43:46,077 INFO com.vinsys.diam.core.LoggingRequestInterceptor [http-nio-9999-exec-2] Method      : POST
2022-04-05 14:43:46,077 INFO com.vinsys.diam.core.LoggingRequestInterceptor [http-nio-9999-exec-2] Headers     : [Accept:"text/plain, application/xml, text/xml, application/json, application/*+xml, application/*+json, */*", Content-Type:"text/xml;charset=UTF-8", Content-Length:"191"]
2022-04-05 14:43:46,078 INFO com.vinsys.diam.core.LoggingRequestInterceptor [http-nio-9999-exec-2] Request body: <?xml version="1.0"?><RequestData><RequestDetails><![CDATA[<RequestData><UserName></UserName><Password></Password><BPNumber>128/2021</BPNumber></RequestData>]]></RequestDetails></RequestData>
2022-04-05 14:43:46,078 INFO com.vinsys.diam.core.LoggingRequestInterceptor [http-nio-9999-exec-2] ==========================request end================================================
2022-04-05 14:43:46,120 INFO com.vinsys.diam.core.LoggingRequestInterceptor [http-nio-9999-exec-2] ============================response begin==========================================
2022-04-05 14:43:46,122 INFO com.vinsys.diam.core.LoggingRequestInterceptor [http-nio-9999-exec-2] Status code  : 200 OK
2022-04-05 14:43:46,123 INFO com.vinsys.diam.core.LoggingRequestInterceptor [http-nio-9999-exec-2] Status text  : 
2022-04-05 14:43:46,124 INFO com.vinsys.diam.core.LoggingRequestInterceptor [http-nio-9999-exec-2] Headers      : [Content-Type:"application/xml;charset=UTF-8", Content-Length:"950", Date:"Tue, 05 Apr 2022 09:13:46 GMT", Keep-Alive:"timeout=60", Connection:"keep-alive"]
2022-04-05 14:43:46,125 INFO com.vinsys.diam.core.LoggingRequestInterceptor [http-nio-9999-exec-2] Response body: <ResponseData>	<StatusCode>00</StatusCode>	<Status>SUCCESS</Status>	<EDData>		<ConsultantName>lamasat engineering consultancy</ConsultantName>		<ConsultantEmail>lamasat engineering consultancy</ConsultantEmail>		<Type>Company</Type>		<CustomerType>Owner</CustomerType>		<OwnerName>TAMIM RASHID ALI AL TAMIMI</OwnerName>		<BuildingPermit>504/2022</BuildingPermit>		<Area>al atkiya</Area>		<Wilayat>Amrat</Wilayat>		<PremiseType>Amrat</PremiseType>		<Telephone></Telephone>		<EMail>tamimrashid78@gmail.com</EMail>		<POBox></POBox>		<PC></PC>		<IDCardNo></IDCardNo>		<CP_NO></CP_NO>		<CR_NO>1408135</CR_NO>		<MOBILE_NO>95713990</MOBILE_NO>		<EXPECTED_DATE>2023-01-10</EXPECTED_DATE>		<APPLICATION_STATUS>Approved</APPLICATION_STATUS>		<KROOKI_NO></KROOKI_NO>		<NO_OF_UNIT>1</NO_OF_UNIT>		<N1>2588425.46</N1>		<N2>2588413.46</N2>		<E1>651876.90</E1>		<E2>651854.97</E2>	</EDData></ResponseData>
2022-04-05 14:43:46,125 INFO com.vinsys.diam.core.LoggingRequestInterceptor [http-nio-9999-exec-2] =======================response end=================================================
2022-04-05 14:43:46,470 INFO com.vinsys.diam.core.LoggingRequestInterceptor [http-nio-9999-exec-2] ===========================request begin================================================
2022-04-05 14:43:46,471 INFO com.vinsys.diam.core.LoggingRequestInterceptor [http-nio-9999-exec-2] URI         : http://localhost:9092/restapi/getsocialbenefitdata
2022-04-05 14:43:46,471 INFO com.vinsys.diam.core.LoggingRequestInterceptor [http-nio-9999-exec-2] Method      : POST
2022-04-05 14:43:46,471 INFO com.vinsys.diam.core.LoggingRequestInterceptor [http-nio-9999-exec-2] Headers     : [Accept:"text/plain, application/xml, text/xml, application/json, application/*+xml, application/*+json, */*", SOAPAction:"urn:getSocialBenefitData", Content-Type:"text/xml;charset=UTF-8", Authorization:"Basic RElBTSA6RElBTTgyMDE5", Content-Length:"338"]
2022-04-05 14:43:46,472 INFO com.vinsys.diam.core.LoggingRequestInterceptor [http-nio-9999-exec-2] Request body: <?xml version="1.0"?><soapenv:Envelope xmlns:soapenv="http://schemas.xmlsoap.org/soap/envelope/" xmlns:ws="http://ws.mosd"><soapenv:Header/><soapenv:Body><ws:getSocialBenefitData><ws:username>DIAM</ws:username><ws:password>DIAM82019</ws:password><ws:civilid>9460828</ws:civilid></ws:getSocialBenefitData></soapenv:Body></soapenv:Envelope>
2022-04-05 14:43:46,472 INFO com.vinsys.diam.core.LoggingRequestInterceptor [http-nio-9999-exec-2] ==========================request end================================================
2022-04-05 14:43:46,485 INFO com.vinsys.diam.core.LoggingRequestInterceptor [http-nio-9999-exec-2] ============================response begin==========================================
2022-04-05 14:43:46,487 INFO com.vinsys.diam.core.LoggingRequestInterceptor [http-nio-9999-exec-2] Status code  : 200 OK
2022-04-05 14:43:46,487 INFO com.vinsys.diam.core.LoggingRequestInterceptor [http-nio-9999-exec-2] Status text  : 
2022-04-05 14:43:46,487 INFO com.vinsys.diam.core.LoggingRequestInterceptor [http-nio-9999-exec-2] Headers      : [Content-Type:"application/xml;charset=UTF-8", Content-Length:"1046", Date:"Tue, 05 Apr 2022 09:13:46 GMT", Keep-Alive:"timeout=60", Connection:"keep-alive"]
2022-04-05 14:43:46,488 INFO com.vinsys.diam.core.LoggingRequestInterceptor [http-nio-9999-exec-2] Response body: <soapenv:Envelope	xmlns:soapenv="http://schemas.xmlsoap.org/soap/envelope/">	<soapenv:Body>		<ns:getSocialBenefitDataResponse			xmlns:ns="http://ws.mosd">			<ns:return>				<![CDATA[				<?xml version="1.0" encoding="UTF-8" standalone="no"?><MY_RESPONSE><Social_Benefit_Data><CIVIL_ID>-</CIVIL_ID><FILE_RECID>-</FILE_RECID><DEPT_NAME>-</DEPT_NAME><SOCIAL_GROUP_NAME>-</SOCIAL_GROUP_NAME><FIRST_NAME>-</FIRST_NAME><SECOND_NAME>-</SECOND_NAME><THIRD_NAME>-</THIRD_NAME><FOURTH_NAME>-</FOURTH_NAME><BIRTH_DATE>-</BIRTH_DATE><PAYMENT_START_DATE>-</PAYMENT_START_DATE><GENDER>-</GENDER><FAMILY_COUNT>-</FAMILY_COUNT><NET_AMT>-</NET_AMT><STATUS>-</STATUS><EDUCATION_STATUS>-</EDUCATION_STATUS><MARRIAGE_STATUS>-</MARRIAGE_STATUS><DISEASE_NY>-</DISEASE_NY><DISEASE_TYPE>-</DISEASE_TYPE><HANDICAPPED_NY>-</HANDICAPPED_NY><HANDICAPE_TYPE>-</HANDICAPE_TYPE><HANDICAPE_DESC>-</HANDICAPE_DESC></Social_Benefit_Data></MY_RESPONSE>]]>			</ns:return>		</ns:getSocialBenefitDataResponse>	</soapenv:Body></soapenv:Envelope>
2022-04-05 14:43:46,488 INFO com.vinsys.diam.core.LoggingRequestInterceptor [http-nio-9999-exec-2] =======================response end=================================================
2022-04-05 14:52:48,572 INFO com.vinsys.diam.core.LoggingRequestInterceptor [http-nio-9999-exec-1] ===========================request begin================================================
2022-04-05 14:52:48,573 INFO com.vinsys.diam.core.LoggingRequestInterceptor [http-nio-9999-exec-1] URI         : http://localhost:9092/restapi/GetEDData
2022-04-05 14:52:48,573 INFO com.vinsys.diam.core.LoggingRequestInterceptor [http-nio-9999-exec-1] Method      : POST
2022-04-05 14:52:48,573 INFO com.vinsys.diam.core.LoggingRequestInterceptor [http-nio-9999-exec-1] Headers     : [Accept:"text/plain, application/xml, text/xml, application/json, application/*+xml, application/*+json, */*", Content-Type:"text/xml;charset=UTF-8", Content-Length:"191"]
2022-04-05 14:52:48,574 INFO com.vinsys.diam.core.LoggingRequestInterceptor [http-nio-9999-exec-1] Request body: <?xml version="1.0"?><RequestData><RequestDetails><![CDATA[<RequestData><UserName></UserName><Password></Password><BPNumber>128/2021</BPNumber></RequestData>]]></RequestDetails></RequestData>
2022-04-05 14:52:48,574 INFO com.vinsys.diam.core.LoggingRequestInterceptor [http-nio-9999-exec-1] ==========================request end================================================
2022-04-05 14:52:48,649 INFO com.vinsys.diam.core.LoggingRequestInterceptor [http-nio-9999-exec-1] ============================response begin==========================================
2022-04-05 14:52:48,650 INFO com.vinsys.diam.core.LoggingRequestInterceptor [http-nio-9999-exec-1] Status code  : 200 OK
2022-04-05 14:52:48,651 INFO com.vinsys.diam.core.LoggingRequestInterceptor [http-nio-9999-exec-1] Status text  : 
2022-04-05 14:52:48,652 INFO com.vinsys.diam.core.LoggingRequestInterceptor [http-nio-9999-exec-1] Headers      : [Content-Type:"application/xml;charset=UTF-8", Content-Length:"950", Date:"Tue, 05 Apr 2022 09:22:48 GMT", Keep-Alive:"timeout=60", Connection:"keep-alive"]
2022-04-05 14:52:48,652 INFO com.vinsys.diam.core.LoggingRequestInterceptor [http-nio-9999-exec-1] Response body: <ResponseData>	<StatusCode>00</StatusCode>	<Status>SUCCESS</Status>	<EDData>		<ConsultantName>lamasat engineering consultancy</ConsultantName>		<ConsultantEmail>lamasat engineering consultancy</ConsultantEmail>		<Type>Company</Type>		<CustomerType>Owner</CustomerType>		<OwnerName>TAMIM RASHID ALI AL TAMIMI</OwnerName>		<BuildingPermit>504/2022</BuildingPermit>		<Area>al atkiya</Area>		<Wilayat>Amrat</Wilayat>		<PremiseType>Amrat</PremiseType>		<Telephone></Telephone>		<EMail>tamimrashid78@gmail.com</EMail>		<POBox></POBox>		<PC></PC>		<IDCardNo></IDCardNo>		<CP_NO></CP_NO>		<CR_NO>1408135</CR_NO>		<MOBILE_NO>95713990</MOBILE_NO>		<EXPECTED_DATE>2023-01-10</EXPECTED_DATE>		<APPLICATION_STATUS>Approved</APPLICATION_STATUS>		<KROOKI_NO></KROOKI_NO>		<NO_OF_UNIT>1</NO_OF_UNIT>		<N1>2588425.46</N1>		<N2>2588413.46</N2>		<E1>651876.90</E1>		<E2>651854.97</E2>	</EDData></ResponseData>
2022-04-05 14:52:48,652 INFO com.vinsys.diam.core.LoggingRequestInterceptor [http-nio-9999-exec-1] =======================response end=================================================
2022-04-05 14:52:48,969 INFO com.vinsys.diam.core.LoggingRequestInterceptor [http-nio-9999-exec-1] ===========================request begin================================================
2022-04-05 14:52:48,970 INFO com.vinsys.diam.core.LoggingRequestInterceptor [http-nio-9999-exec-1] URI         : http://localhost:9092/restapi/getsocialbenefitdata
2022-04-05 14:52:48,970 INFO com.vinsys.diam.core.LoggingRequestInterceptor [http-nio-9999-exec-1] Method      : POST
2022-04-05 14:52:48,970 INFO com.vinsys.diam.core.LoggingRequestInterceptor [http-nio-9999-exec-1] Headers     : [Accept:"text/plain, application/xml, text/xml, application/json, application/*+xml, application/*+json, */*", SOAPAction:"urn:getSocialBenefitData", Content-Type:"text/xml;charset=UTF-8", Authorization:"Basic RElBTSA6RElBTTgyMDE5", Content-Length:"338"]
2022-04-05 14:52:48,971 INFO com.vinsys.diam.core.LoggingRequestInterceptor [http-nio-9999-exec-1] Request body: <?xml version="1.0"?><soapenv:Envelope xmlns:soapenv="http://schemas.xmlsoap.org/soap/envelope/" xmlns:ws="http://ws.mosd"><soapenv:Header/><soapenv:Body><ws:getSocialBenefitData><ws:username>DIAM</ws:username><ws:password>DIAM82019</ws:password><ws:civilid>9460828</ws:civilid></ws:getSocialBenefitData></soapenv:Body></soapenv:Envelope>
2022-04-05 14:52:48,972 INFO com.vinsys.diam.core.LoggingRequestInterceptor [http-nio-9999-exec-1] ==========================request end================================================
2022-04-05 14:52:48,982 INFO com.vinsys.diam.core.LoggingRequestInterceptor [http-nio-9999-exec-1] ============================response begin==========================================
2022-04-05 14:52:48,983 INFO com.vinsys.diam.core.LoggingRequestInterceptor [http-nio-9999-exec-1] Status code  : 200 OK
2022-04-05 14:52:48,984 INFO com.vinsys.diam.core.LoggingRequestInterceptor [http-nio-9999-exec-1] Status text  : 
2022-04-05 14:52:48,984 INFO com.vinsys.diam.core.LoggingRequestInterceptor [http-nio-9999-exec-1] Headers      : [Content-Type:"application/xml;charset=UTF-8", Content-Length:"1046", Date:"Tue, 05 Apr 2022 09:22:48 GMT", Keep-Alive:"timeout=60", Connection:"keep-alive"]
2022-04-05 14:52:48,985 INFO com.vinsys.diam.core.LoggingRequestInterceptor [http-nio-9999-exec-1] Response body: <soapenv:Envelope	xmlns:soapenv="http://schemas.xmlsoap.org/soap/envelope/">	<soapenv:Body>		<ns:getSocialBenefitDataResponse			xmlns:ns="http://ws.mosd">			<ns:return>				<![CDATA[				<?xml version="1.0" encoding="UTF-8" standalone="no"?><MY_RESPONSE><Social_Benefit_Data><CIVIL_ID>-</CIVIL_ID><FILE_RECID>-</FILE_RECID><DEPT_NAME>-</DEPT_NAME><SOCIAL_GROUP_NAME>-</SOCIAL_GROUP_NAME><FIRST_NAME>-</FIRST_NAME><SECOND_NAME>-</SECOND_NAME><THIRD_NAME>-</THIRD_NAME><FOURTH_NAME>-</FOURTH_NAME><BIRTH_DATE>-</BIRTH_DATE><PAYMENT_START_DATE>-</PAYMENT_START_DATE><GENDER>-</GENDER><FAMILY_COUNT>-</FAMILY_COUNT><NET_AMT>-</NET_AMT><STATUS>-</STATUS><EDUCATION_STATUS>-</EDUCATION_STATUS><MARRIAGE_STATUS>-</MARRIAGE_STATUS><DISEASE_NY>-</DISEASE_NY><DISEASE_TYPE>-</DISEASE_TYPE><HANDICAPPED_NY>-</HANDICAPPED_NY><HANDICAPE_TYPE>-</HANDICAPE_TYPE><HANDICAPE_DESC>-</HANDICAPE_DESC></Social_Benefit_Data></MY_RESPONSE>]]>			</ns:return>		</ns:getSocialBenefitDataResponse>	</soapenv:Body></soapenv:Envelope>
2022-04-05 14:52:48,986 INFO com.vinsys.diam.core.LoggingRequestInterceptor [http-nio-9999-exec-1] =======================response end=================================================
2022-04-05 15:01:44,197 INFO com.vinsys.diam.core.LoggingRequestInterceptor [http-nio-9999-exec-2] ===========================request begin================================================
2022-04-05 15:01:44,198 INFO com.vinsys.diam.core.LoggingRequestInterceptor [http-nio-9999-exec-2] URI         : http://localhost:9092/restapi/GetEDData
2022-04-05 15:01:44,198 INFO com.vinsys.diam.core.LoggingRequestInterceptor [http-nio-9999-exec-2] Method      : POST
2022-04-05 15:01:44,199 INFO com.vinsys.diam.core.LoggingRequestInterceptor [http-nio-9999-exec-2] Headers     : [Accept:"text/plain, application/xml, text/xml, application/json, application/*+xml, application/*+json, */*", Content-Type:"text/xml;charset=UTF-8", Content-Length:"191"]
2022-04-05 15:01:44,200 INFO com.vinsys.diam.core.LoggingRequestInterceptor [http-nio-9999-exec-2] Request body: <?xml version="1.0"?><RequestData><RequestDetails><![CDATA[<RequestData><UserName></UserName><Password></Password><BPNumber>128/2021</BPNumber></RequestData>]]></RequestDetails></RequestData>
2022-04-05 15:01:44,200 INFO com.vinsys.diam.core.LoggingRequestInterceptor [http-nio-9999-exec-2] ==========================request end================================================
2022-04-05 15:01:44,240 INFO com.vinsys.diam.core.LoggingRequestInterceptor [http-nio-9999-exec-2] ============================response begin==========================================
2022-04-05 15:01:44,241 INFO com.vinsys.diam.core.LoggingRequestInterceptor [http-nio-9999-exec-2] Status code  : 200 OK
2022-04-05 15:01:44,241 INFO com.vinsys.diam.core.LoggingRequestInterceptor [http-nio-9999-exec-2] Status text  : 
2022-04-05 15:01:44,242 INFO com.vinsys.diam.core.LoggingRequestInterceptor [http-nio-9999-exec-2] Headers      : [Content-Type:"application/xml;charset=UTF-8", Content-Length:"950", Date:"Tue, 05 Apr 2022 09:31:44 GMT", Keep-Alive:"timeout=60", Connection:"keep-alive"]
2022-04-05 15:01:44,242 INFO com.vinsys.diam.core.LoggingRequestInterceptor [http-nio-9999-exec-2] Response body: <ResponseData>	<StatusCode>00</StatusCode>	<Status>SUCCESS</Status>	<EDData>		<ConsultantName>lamasat engineering consultancy</ConsultantName>		<ConsultantEmail>lamasat engineering consultancy</ConsultantEmail>		<Type>Company</Type>		<CustomerType>Owner</CustomerType>		<OwnerName>TAMIM RASHID ALI AL TAMIMI</OwnerName>		<BuildingPermit>504/2022</BuildingPermit>		<Area>al atkiya</Area>		<Wilayat>Amrat</Wilayat>		<PremiseType>Amrat</PremiseType>		<Telephone></Telephone>		<EMail>tamimrashid78@gmail.com</EMail>		<POBox></POBox>		<PC></PC>		<IDCardNo></IDCardNo>		<CP_NO></CP_NO>		<CR_NO>1408135</CR_NO>		<MOBILE_NO>95713990</MOBILE_NO>		<EXPECTED_DATE>2023-01-10</EXPECTED_DATE>		<APPLICATION_STATUS>Approved</APPLICATION_STATUS>		<KROOKI_NO></KROOKI_NO>		<NO_OF_UNIT>1</NO_OF_UNIT>		<N1>2588425.46</N1>		<N2>2588413.46</N2>		<E1>651876.90</E1>		<E2>651854.97</E2>	</EDData></ResponseData>
2022-04-05 15:01:44,242 INFO com.vinsys.diam.core.LoggingRequestInterceptor [http-nio-9999-exec-2] =======================response end=================================================
2022-04-05 15:01:44,622 INFO com.vinsys.diam.core.LoggingRequestInterceptor [http-nio-9999-exec-2] ===========================request begin================================================
2022-04-05 15:01:44,622 INFO com.vinsys.diam.core.LoggingRequestInterceptor [http-nio-9999-exec-2] URI         : http://localhost:9092/restapi/getsocialbenefitdata
2022-04-05 15:01:44,622 INFO com.vinsys.diam.core.LoggingRequestInterceptor [http-nio-9999-exec-2] Method      : POST
2022-04-05 15:01:44,623 INFO com.vinsys.diam.core.LoggingRequestInterceptor [http-nio-9999-exec-2] Headers     : [Accept:"text/plain, application/xml, text/xml, application/json, application/*+xml, application/*+json, */*", SOAPAction:"urn:getSocialBenefitData", Content-Type:"text/xml;charset=UTF-8", Authorization:"Basic RElBTSA6RElBTTgyMDE5", Content-Length:"338"]
2022-04-05 15:01:44,624 INFO com.vinsys.diam.core.LoggingRequestInterceptor [http-nio-9999-exec-2] Request body: <?xml version="1.0"?><soapenv:Envelope xmlns:soapenv="http://schemas.xmlsoap.org/soap/envelope/" xmlns:ws="http://ws.mosd"><soapenv:Header/><soapenv:Body><ws:getSocialBenefitData><ws:username>DIAM</ws:username><ws:password>DIAM82019</ws:password><ws:civilid>9460828</ws:civilid></ws:getSocialBenefitData></soapenv:Body></soapenv:Envelope>
2022-04-05 15:01:44,625 INFO com.vinsys.diam.core.LoggingRequestInterceptor [http-nio-9999-exec-2] ==========================request end================================================
2022-04-05 15:01:44,636 INFO com.vinsys.diam.core.LoggingRequestInterceptor [http-nio-9999-exec-2] ============================response begin==========================================
2022-04-05 15:01:44,638 INFO com.vinsys.diam.core.LoggingRequestInterceptor [http-nio-9999-exec-2] Status code  : 200 OK
2022-04-05 15:01:44,638 INFO com.vinsys.diam.core.LoggingRequestInterceptor [http-nio-9999-exec-2] Status text  : 
2022-04-05 15:01:44,638 INFO com.vinsys.diam.core.LoggingRequestInterceptor [http-nio-9999-exec-2] Headers      : [Content-Type:"application/xml;charset=UTF-8", Content-Length:"1046", Date:"Tue, 05 Apr 2022 09:31:44 GMT", Keep-Alive:"timeout=60", Connection:"keep-alive"]
2022-04-05 15:01:44,638 INFO com.vinsys.diam.core.LoggingRequestInterceptor [http-nio-9999-exec-2] Response body: <soapenv:Envelope	xmlns:soapenv="http://schemas.xmlsoap.org/soap/envelope/">	<soapenv:Body>		<ns:getSocialBenefitDataResponse			xmlns:ns="http://ws.mosd">			<ns:return>				<![CDATA[				<?xml version="1.0" encoding="UTF-8" standalone="no"?><MY_RESPONSE><Social_Benefit_Data><CIVIL_ID>-</CIVIL_ID><FILE_RECID>-</FILE_RECID><DEPT_NAME>-</DEPT_NAME><SOCIAL_GROUP_NAME>-</SOCIAL_GROUP_NAME><FIRST_NAME>-</FIRST_NAME><SECOND_NAME>-</SECOND_NAME><THIRD_NAME>-</THIRD_NAME><FOURTH_NAME>-</FOURTH_NAME><BIRTH_DATE>-</BIRTH_DATE><PAYMENT_START_DATE>-</PAYMENT_START_DATE><GENDER>-</GENDER><FAMILY_COUNT>-</FAMILY_COUNT><NET_AMT>-</NET_AMT><STATUS>-</STATUS><EDUCATION_STATUS>-</EDUCATION_STATUS><MARRIAGE_STATUS>-</MARRIAGE_STATUS><DISEASE_NY>-</DISEASE_NY><DISEASE_TYPE>-</DISEASE_TYPE><HANDICAPPED_NY>-</HANDICAPPED_NY><HANDICAPE_TYPE>-</HANDICAPE_TYPE><HANDICAPE_DESC>-</HANDICAPE_DESC></Social_Benefit_Data></MY_RESPONSE>]]>			</ns:return>		</ns:getSocialBenefitDataResponse>	</soapenv:Body></soapenv:Envelope>
2022-04-05 15:01:44,638 INFO com.vinsys.diam.core.LoggingRequestInterceptor [http-nio-9999-exec-2] =======================response end=================================================
2022-04-05 15:13:44,227 INFO com.vinsys.diam.core.LoggingRequestInterceptor [http-nio-9999-exec-2] ===========================request begin================================================
2022-04-05 15:13:44,227 INFO com.vinsys.diam.core.LoggingRequestInterceptor [http-nio-9999-exec-2] URI         : http://localhost:9092/restapi/GetEDData
2022-04-05 15:13:44,227 INFO com.vinsys.diam.core.LoggingRequestInterceptor [http-nio-9999-exec-2] Method      : POST
2022-04-05 15:13:44,228 INFO com.vinsys.diam.core.LoggingRequestInterceptor [http-nio-9999-exec-2] Headers     : [Accept:"text/plain, application/xml, text/xml, application/json, application/*+xml, application/*+json, */*", Content-Type:"text/xml;charset=UTF-8", Content-Length:"191"]
2022-04-05 15:13:44,229 INFO com.vinsys.diam.core.LoggingRequestInterceptor [http-nio-9999-exec-2] Request body: <?xml version="1.0"?><RequestData><RequestDetails><![CDATA[<RequestData><UserName></UserName><Password></Password><BPNumber>128/2021</BPNumber></RequestData>]]></RequestDetails></RequestData>
2022-04-05 15:13:44,230 INFO com.vinsys.diam.core.LoggingRequestInterceptor [http-nio-9999-exec-2] ==========================request end================================================
2022-04-05 15:13:44,282 INFO com.vinsys.diam.core.LoggingRequestInterceptor [http-nio-9999-exec-2] ============================response begin==========================================
2022-04-05 15:13:44,283 INFO com.vinsys.diam.core.LoggingRequestInterceptor [http-nio-9999-exec-2] Status code  : 200 OK
2022-04-05 15:13:44,284 INFO com.vinsys.diam.core.LoggingRequestInterceptor [http-nio-9999-exec-2] Status text  : 
2022-04-05 15:13:44,284 INFO com.vinsys.diam.core.LoggingRequestInterceptor [http-nio-9999-exec-2] Headers      : [Content-Type:"application/xml;charset=UTF-8", Content-Length:"950", Date:"Tue, 05 Apr 2022 09:43:44 GMT", Keep-Alive:"timeout=60", Connection:"keep-alive"]
2022-04-05 15:13:44,285 INFO com.vinsys.diam.core.LoggingRequestInterceptor [http-nio-9999-exec-2] Response body: <ResponseData>	<StatusCode>00</StatusCode>	<Status>SUCCESS</Status>	<EDData>		<ConsultantName>lamasat engineering consultancy</ConsultantName>		<ConsultantEmail>lamasat engineering consultancy</ConsultantEmail>		<Type>Company</Type>		<CustomerType>Owner</CustomerType>		<OwnerName>TAMIM RASHID ALI AL TAMIMI</OwnerName>		<BuildingPermit>504/2022</BuildingPermit>		<Area>al atkiya</Area>		<Wilayat>Amrat</Wilayat>		<PremiseType>Amrat</PremiseType>		<Telephone></Telephone>		<EMail>tamimrashid78@gmail.com</EMail>		<POBox></POBox>		<PC></PC>		<IDCardNo></IDCardNo>		<CP_NO></CP_NO>		<CR_NO>1408135</CR_NO>		<MOBILE_NO>95713990</MOBILE_NO>		<EXPECTED_DATE>2023-01-10</EXPECTED_DATE>		<APPLICATION_STATUS>Approved</APPLICATION_STATUS>		<KROOKI_NO></KROOKI_NO>		<NO_OF_UNIT>1</NO_OF_UNIT>		<N1>2588425.46</N1>		<N2>2588413.46</N2>		<E1>651876.90</E1>		<E2>651854.97</E2>	</EDData></ResponseData>
2022-04-05 15:13:44,285 INFO com.vinsys.diam.core.LoggingRequestInterceptor [http-nio-9999-exec-2] =======================response end=================================================
2022-04-05 15:13:44,695 INFO com.vinsys.diam.core.LoggingRequestInterceptor [http-nio-9999-exec-2] ===========================request begin================================================
2022-04-05 15:13:44,696 INFO com.vinsys.diam.core.LoggingRequestInterceptor [http-nio-9999-exec-2] URI         : http://localhost:9092/restapi/getsocialbenefitdata
2022-04-05 15:13:44,697 INFO com.vinsys.diam.core.LoggingRequestInterceptor [http-nio-9999-exec-2] Method      : POST
2022-04-05 15:13:44,697 INFO com.vinsys.diam.core.LoggingRequestInterceptor [http-nio-9999-exec-2] Headers     : [Accept:"text/plain, application/xml, text/xml, application/json, application/*+xml, application/*+json, */*", SOAPAction:"urn:getSocialBenefitData", Content-Type:"text/xml;charset=UTF-8", Authorization:"Basic RElBTSA6RElBTTgyMDE5", Content-Length:"338"]
2022-04-05 15:13:44,697 INFO com.vinsys.diam.core.LoggingRequestInterceptor [http-nio-9999-exec-2] Request body: <?xml version="1.0"?><soapenv:Envelope xmlns:soapenv="http://schemas.xmlsoap.org/soap/envelope/" xmlns:ws="http://ws.mosd"><soapenv:Header/><soapenv:Body><ws:getSocialBenefitData><ws:username>DIAM</ws:username><ws:password>DIAM82019</ws:password><ws:civilid>9460828</ws:civilid></ws:getSocialBenefitData></soapenv:Body></soapenv:Envelope>
2022-04-05 15:13:44,698 INFO com.vinsys.diam.core.LoggingRequestInterceptor [http-nio-9999-exec-2] ==========================request end================================================
2022-04-05 15:13:44,707 INFO com.vinsys.diam.core.LoggingRequestInterceptor [http-nio-9999-exec-2] ============================response begin==========================================
2022-04-05 15:13:44,707 INFO com.vinsys.diam.core.LoggingRequestInterceptor [http-nio-9999-exec-2] Status code  : 200 OK
2022-04-05 15:13:44,707 INFO com.vinsys.diam.core.LoggingRequestInterceptor [http-nio-9999-exec-2] Status text  : 
2022-04-05 15:13:44,708 INFO com.vinsys.diam.core.LoggingRequestInterceptor [http-nio-9999-exec-2] Headers      : [Content-Type:"application/xml;charset=UTF-8", Content-Length:"1046", Date:"Tue, 05 Apr 2022 09:43:44 GMT", Keep-Alive:"timeout=60", Connection:"keep-alive"]
2022-04-05 15:13:44,708 INFO com.vinsys.diam.core.LoggingRequestInterceptor [http-nio-9999-exec-2] Response body: <soapenv:Envelope	xmlns:soapenv="http://schemas.xmlsoap.org/soap/envelope/">	<soapenv:Body>		<ns:getSocialBenefitDataResponse			xmlns:ns="http://ws.mosd">			<ns:return>				<![CDATA[				<?xml version="1.0" encoding="UTF-8" standalone="no"?><MY_RESPONSE><Social_Benefit_Data><CIVIL_ID>-</CIVIL_ID><FILE_RECID>-</FILE_RECID><DEPT_NAME>-</DEPT_NAME><SOCIAL_GROUP_NAME>-</SOCIAL_GROUP_NAME><FIRST_NAME>-</FIRST_NAME><SECOND_NAME>-</SECOND_NAME><THIRD_NAME>-</THIRD_NAME><FOURTH_NAME>-</FOURTH_NAME><BIRTH_DATE>-</BIRTH_DATE><PAYMENT_START_DATE>-</PAYMENT_START_DATE><GENDER>-</GENDER><FAMILY_COUNT>-</FAMILY_COUNT><NET_AMT>-</NET_AMT><STATUS>-</STATUS><EDUCATION_STATUS>-</EDUCATION_STATUS><MARRIAGE_STATUS>-</MARRIAGE_STATUS><DISEASE_NY>-</DISEASE_NY><DISEASE_TYPE>-</DISEASE_TYPE><HANDICAPPED_NY>-</HANDICAPPED_NY><HANDICAPE_TYPE>-</HANDICAPE_TYPE><HANDICAPE_DESC>-</HANDICAPE_DESC></Social_Benefit_Data></MY_RESPONSE>]]>			</ns:return>		</ns:getSocialBenefitDataResponse>	</soapenv:Body></soapenv:Envelope>
2022-04-05 15:13:44,709 INFO com.vinsys.diam.core.LoggingRequestInterceptor [http-nio-9999-exec-2] =======================response end=================================================
2022-04-05 15:21:53,084 INFO com.vinsys.diam.core.LoggingRequestInterceptor [http-nio-9999-exec-2] ===========================request begin================================================
2022-04-05 15:21:53,085 INFO com.vinsys.diam.core.LoggingRequestInterceptor [http-nio-9999-exec-2] URI         : http://localhost:9092/restapi/GetEDData
2022-04-05 15:21:53,085 INFO com.vinsys.diam.core.LoggingRequestInterceptor [http-nio-9999-exec-2] Method      : POST
2022-04-05 15:21:53,086 INFO com.vinsys.diam.core.LoggingRequestInterceptor [http-nio-9999-exec-2] Headers     : [Accept:"text/plain, application/xml, text/xml, application/json, application/*+xml, application/*+json, */*", Content-Type:"text/xml;charset=UTF-8", Content-Length:"191"]
2022-04-05 15:21:53,087 INFO com.vinsys.diam.core.LoggingRequestInterceptor [http-nio-9999-exec-2] Request body: <?xml version="1.0"?><RequestData><RequestDetails><![CDATA[<RequestData><UserName></UserName><Password></Password><BPNumber>128/2021</BPNumber></RequestData>]]></RequestDetails></RequestData>
2022-04-05 15:21:53,087 INFO com.vinsys.diam.core.LoggingRequestInterceptor [http-nio-9999-exec-2] ==========================request end================================================
2022-04-05 15:21:53,371 INFO com.vinsys.diam.core.LoggingRequestInterceptor [http-nio-9999-exec-2] ============================response begin==========================================
2022-04-05 15:21:53,371 INFO com.vinsys.diam.core.LoggingRequestInterceptor [http-nio-9999-exec-2] Status code  : 200 OK
2022-04-05 15:21:53,371 INFO com.vinsys.diam.core.LoggingRequestInterceptor [http-nio-9999-exec-2] Status text  : 
2022-04-05 15:21:53,372 INFO com.vinsys.diam.core.LoggingRequestInterceptor [http-nio-9999-exec-2] Headers      : [Content-Type:"application/xml;charset=UTF-8", Content-Length:"950", Date:"Tue, 05 Apr 2022 09:51:53 GMT", Keep-Alive:"timeout=60", Connection:"keep-alive"]
2022-04-05 15:21:53,372 INFO com.vinsys.diam.core.LoggingRequestInterceptor [http-nio-9999-exec-2] Response body: <ResponseData>	<StatusCode>00</StatusCode>	<Status>SUCCESS</Status>	<EDData>		<ConsultantName>lamasat engineering consultancy</ConsultantName>		<ConsultantEmail>lamasat engineering consultancy</ConsultantEmail>		<Type>Company</Type>		<CustomerType>Owner</CustomerType>		<OwnerName>TAMIM RASHID ALI AL TAMIMI</OwnerName>		<BuildingPermit>504/2022</BuildingPermit>		<Area>al atkiya</Area>		<Wilayat>Amrat</Wilayat>		<PremiseType>Amrat</PremiseType>		<Telephone></Telephone>		<EMail>tamimrashid78@gmail.com</EMail>		<POBox></POBox>		<PC></PC>		<IDCardNo></IDCardNo>		<CP_NO></CP_NO>		<CR_NO>1408135</CR_NO>		<MOBILE_NO>95713990</MOBILE_NO>		<EXPECTED_DATE>2023-01-10</EXPECTED_DATE>		<APPLICATION_STATUS>Approved</APPLICATION_STATUS>		<KROOKI_NO></KROOKI_NO>		<NO_OF_UNIT>1</NO_OF_UNIT>		<N1>2588425.46</N1>		<N2>2588413.46</N2>		<E1>651876.90</E1>		<E2>651854.97</E2>	</EDData></ResponseData>
2022-04-05 15:21:53,372 INFO com.vinsys.diam.core.LoggingRequestInterceptor [http-nio-9999-exec-2] =======================response end=================================================
2022-04-05 15:21:53,690 INFO com.vinsys.diam.core.LoggingRequestInterceptor [http-nio-9999-exec-2] ===========================request begin================================================
2022-04-05 15:21:53,691 INFO com.vinsys.diam.core.LoggingRequestInterceptor [http-nio-9999-exec-2] URI         : http://localhost:9092/restapi/getsocialbenefitdata
2022-04-05 15:21:53,691 INFO com.vinsys.diam.core.LoggingRequestInterceptor [http-nio-9999-exec-2] Method      : POST
2022-04-05 15:21:53,691 INFO com.vinsys.diam.core.LoggingRequestInterceptor [http-nio-9999-exec-2] Headers     : [Accept:"text/plain, application/xml, text/xml, application/json, application/*+xml, application/*+json, */*", SOAPAction:"urn:getSocialBenefitData", Content-Type:"text/xml;charset=UTF-8", Authorization:"Basic RElBTSA6RElBTTgyMDE5", Content-Length:"338"]
2022-04-05 15:21:53,692 INFO com.vinsys.diam.core.LoggingRequestInterceptor [http-nio-9999-exec-2] Request body: <?xml version="1.0"?><soapenv:Envelope xmlns:soapenv="http://schemas.xmlsoap.org/soap/envelope/" xmlns:ws="http://ws.mosd"><soapenv:Header/><soapenv:Body><ws:getSocialBenefitData><ws:username>DIAM</ws:username><ws:password>DIAM82019</ws:password><ws:civilid>9460828</ws:civilid></ws:getSocialBenefitData></soapenv:Body></soapenv:Envelope>
2022-04-05 15:21:53,692 INFO com.vinsys.diam.core.LoggingRequestInterceptor [http-nio-9999-exec-2] ==========================request end================================================
2022-04-05 15:21:53,847 INFO com.vinsys.diam.core.LoggingRequestInterceptor [http-nio-9999-exec-2] No Response Not Found Cannot Trace 
2022-04-05 17:35:37,251 INFO com.vinsys.diam.core.LoggingRequestInterceptor [http-nio-9999-exec-2] ===========================request begin================================================
2022-04-05 17:35:37,251 INFO com.vinsys.diam.core.LoggingRequestInterceptor [http-nio-9999-exec-2] URI         : http://localhost:9092/restapi/Getmmdata
2022-04-05 17:35:37,252 INFO com.vinsys.diam.core.LoggingRequestInterceptor [http-nio-9999-exec-2] Method      : POST
2022-04-05 17:35:37,252 INFO com.vinsys.diam.core.LoggingRequestInterceptor [http-nio-9999-exec-2] Headers     : [Accept:"text/plain, application/xml, text/xml, application/json, application/*+xml, application/*+json, */*", SOAPAction:"urn:buildingPermitInquiryByPermitNumber", Content-Type:"text/xml;charset=UTF-8", Content-Length:"492"]
2022-04-05 17:35:37,252 INFO com.vinsys.diam.core.LoggingRequestInterceptor [http-nio-9999-exec-2] Request body: <soapenv:Envelope
	xmlns:soapenv="http://schemas.xmlsoap.org/soap/envelope/"
	xmlns:proc="http://process">
	<soapenv:Header/>
	<soapenv:Body>
		<proc:buildingPermitInquiryByPermitNumber>
			<!--Optional:-->
			<proc:username>DIAM</proc:username>
			<!--Optional:-->
			<proc:password>Mm4DiAm</proc:password>
			<!--Optional:-->
			<proc:buildingPermitNumber>2019/2020</proc:buildingPermitNumber>
		</proc:buildingPermitInquiryByPermitNumber>
	</soapenv:Body>
</soapenv:Envelope>
2022-04-05 17:35:37,252 INFO com.vinsys.diam.core.LoggingRequestInterceptor [http-nio-9999-exec-2] ==========================request end================================================
2022-04-05 17:35:37,427 INFO com.vinsys.diam.core.LoggingRequestInterceptor [http-nio-9999-exec-2] ============================response begin==========================================
2022-04-05 17:35:37,429 INFO com.vinsys.diam.core.LoggingRequestInterceptor [http-nio-9999-exec-2] Status code  : 200 OK
2022-04-05 17:35:37,429 INFO com.vinsys.diam.core.LoggingRequestInterceptor [http-nio-9999-exec-2] Status text  : 
2022-04-05 17:35:37,430 INFO com.vinsys.diam.core.LoggingRequestInterceptor [http-nio-9999-exec-2] Headers      : [Content-Type:"application/xml;charset=UTF-8", Content-Length:"796", Date:"Tue, 05 Apr 2022 12:05:37 GMT", Keep-Alive:"timeout=60", Connection:"keep-alive"]
2022-04-05 17:35:37,431 INFO com.vinsys.diam.core.LoggingRequestInterceptor [http-nio-9999-exec-2] Response body: <?xml version="1.0" encoding="UTF-8" standalone="no"?><MM_RESPONSE>	<MM_RETURN_STATUS>S</MM_RETURN_STATUS>	<BUILDING_PERMIT_LIST>		<BUILDING_PERMIT>			<BUILDING_PRMIT_NUMBER>4622/2015</BUILDING_PRMIT_NUMBER>			<PARTY_NUMBER>CV00158706</PARTY_NUMBER>			<PARTY_NAME>محمد بن سعيد بن الصغير البداعي</PARTY_NAME>			<AREA>1799</AREA>			<BLOCK>34083</BLOCK>			<PLOT_NUMBER>161</PLOT_NUMBER>			<KROOKIE>1/35/066/13/161</KROOKIE>			<TYPE_OF_USE>RES</TYPE_OF_USE>			<ISSUE_DATE>2018-04-12 00:00:00.0</ISSUE_DATE>			<EXPIRY_DATE>2020-04-11 00:00:00.0</EXPIRY_DATE>			<PLOT_SIZE>600</PLOT_SIZE>			<ALLOWED_PERCENTAGE_AREA>40</ALLOWED_PERCENTAGE_AREA>			<FLOOR_ALLOWED>2</FLOOR_ALLOWED>		</BUILDING_PERMIT>	</BUILDING_PERMIT_LIST></MM_RESPONSE>
2022-04-05 17:35:37,432 INFO com.vinsys.diam.core.LoggingRequestInterceptor [http-nio-9999-exec-2] =======================response end=================================================
2022-04-05 18:14:39,772 INFO com.vinsys.diam.core.LoggingRequestInterceptor [http-nio-9999-exec-2] ===========================request begin================================================
2022-04-05 18:14:39,773 INFO com.vinsys.diam.core.LoggingRequestInterceptor [http-nio-9999-exec-2] URI         : http://localhost:9092/restapi/GetEDData
2022-04-05 18:14:39,773 INFO com.vinsys.diam.core.LoggingRequestInterceptor [http-nio-9999-exec-2] Method      : POST
2022-04-05 18:14:39,773 INFO com.vinsys.diam.core.LoggingRequestInterceptor [http-nio-9999-exec-2] Headers     : [Accept:"text/plain, application/xml, text/xml, application/json, application/*+xml, application/*+json, */*", Content-Type:"text/xml;charset=UTF-8", Content-Length:"191"]
2022-04-05 18:14:39,774 INFO com.vinsys.diam.core.LoggingRequestInterceptor [http-nio-9999-exec-2] Request body: <?xml version="1.0"?><RequestData><RequestDetails><![CDATA[<RequestData><UserName></UserName><Password></Password><BPNumber>128/2021</BPNumber></RequestData>]]></RequestDetails></RequestData>
2022-04-05 18:14:39,774 INFO com.vinsys.diam.core.LoggingRequestInterceptor [http-nio-9999-exec-2] ==========================request end================================================
2022-04-05 18:14:39,806 INFO com.vinsys.diam.core.LoggingRequestInterceptor [http-nio-9999-exec-2] ============================response begin==========================================
2022-04-05 18:14:39,807 INFO com.vinsys.diam.core.LoggingRequestInterceptor [http-nio-9999-exec-2] Status code  : 200 OK
2022-04-05 18:14:39,808 INFO com.vinsys.diam.core.LoggingRequestInterceptor [http-nio-9999-exec-2] Status text  : 
2022-04-05 18:14:39,808 INFO com.vinsys.diam.core.LoggingRequestInterceptor [http-nio-9999-exec-2] Headers      : [Content-Type:"application/xml;charset=UTF-8", Content-Length:"950", Date:"Tue, 05 Apr 2022 12:44:39 GMT", Keep-Alive:"timeout=60", Connection:"keep-alive"]
2022-04-05 18:14:39,809 INFO com.vinsys.diam.core.LoggingRequestInterceptor [http-nio-9999-exec-2] Response body: <ResponseData>	<StatusCode>00</StatusCode>	<Status>SUCCESS</Status>	<EDData>		<ConsultantName>lamasat engineering consultancy</ConsultantName>		<ConsultantEmail>lamasat engineering consultancy</ConsultantEmail>		<Type>Company</Type>		<CustomerType>Owner</CustomerType>		<OwnerName>TAMIM RASHID ALI AL TAMIMI</OwnerName>		<BuildingPermit>504/2022</BuildingPermit>		<Area>al atkiya</Area>		<Wilayat>Amrat</Wilayat>		<PremiseType>Amrat</PremiseType>		<Telephone></Telephone>		<EMail>tamimrashid78@gmail.com</EMail>		<POBox></POBox>		<PC></PC>		<IDCardNo></IDCardNo>		<CP_NO></CP_NO>		<CR_NO>1408135</CR_NO>		<MOBILE_NO>95713990</MOBILE_NO>		<EXPECTED_DATE>2023-01-10</EXPECTED_DATE>		<APPLICATION_STATUS>Approved</APPLICATION_STATUS>		<KROOKI_NO></KROOKI_NO>		<NO_OF_UNIT>1</NO_OF_UNIT>		<N1>2588425.46</N1>		<N2>2588413.46</N2>		<E1>651876.90</E1>		<E2>651854.97</E2>	</EDData></ResponseData>
2022-04-05 18:14:39,809 INFO com.vinsys.diam.core.LoggingRequestInterceptor [http-nio-9999-exec-2] =======================response end=================================================
2022-04-05 18:14:40,031 INFO com.vinsys.diam.core.LoggingRequestInterceptor [http-nio-9999-exec-2] ===========================request begin================================================
2022-04-05 18:14:40,031 INFO com.vinsys.diam.core.LoggingRequestInterceptor [http-nio-9999-exec-2] URI         : http://localhost:9092/restapi/getsocialbenefitdata
2022-04-05 18:14:40,032 INFO com.vinsys.diam.core.LoggingRequestInterceptor [http-nio-9999-exec-2] Method      : POST
2022-04-05 18:14:40,032 INFO com.vinsys.diam.core.LoggingRequestInterceptor [http-nio-9999-exec-2] Headers     : [Accept:"text/plain, application/xml, text/xml, application/json, application/*+xml, application/*+json, */*", SOAPAction:"urn:getSocialBenefitData", Content-Type:"text/xml;charset=UTF-8", Authorization:"Basic RElBTSA6RElBTTgyMDE5", Content-Length:"338"]
2022-04-05 18:14:40,032 INFO com.vinsys.diam.core.LoggingRequestInterceptor [http-nio-9999-exec-2] Request body: <?xml version="1.0"?><soapenv:Envelope xmlns:soapenv="http://schemas.xmlsoap.org/soap/envelope/" xmlns:ws="http://ws.mosd"><soapenv:Header/><soapenv:Body><ws:getSocialBenefitData><ws:username>DIAM</ws:username><ws:password>DIAM82019</ws:password><ws:civilid>9460828</ws:civilid></ws:getSocialBenefitData></soapenv:Body></soapenv:Envelope>
2022-04-05 18:14:40,032 INFO com.vinsys.diam.core.LoggingRequestInterceptor [http-nio-9999-exec-2] ==========================request end================================================
2022-04-05 18:14:40,038 INFO com.vinsys.diam.core.LoggingRequestInterceptor [http-nio-9999-exec-2] ============================response begin==========================================
2022-04-05 18:14:40,038 INFO com.vinsys.diam.core.LoggingRequestInterceptor [http-nio-9999-exec-2] Status code  : 200 OK
2022-04-05 18:14:40,039 INFO com.vinsys.diam.core.LoggingRequestInterceptor [http-nio-9999-exec-2] Status text  : 
2022-04-05 18:14:40,039 INFO com.vinsys.diam.core.LoggingRequestInterceptor [http-nio-9999-exec-2] Headers      : [Content-Type:"application/xml;charset=UTF-8", Content-Length:"1046", Date:"Tue, 05 Apr 2022 12:44:39 GMT", Keep-Alive:"timeout=60", Connection:"keep-alive"]
2022-04-05 18:14:40,040 INFO com.vinsys.diam.core.LoggingRequestInterceptor [http-nio-9999-exec-2] Response body: <soapenv:Envelope	xmlns:soapenv="http://schemas.xmlsoap.org/soap/envelope/">	<soapenv:Body>		<ns:getSocialBenefitDataResponse			xmlns:ns="http://ws.mosd">			<ns:return>				<![CDATA[				<?xml version="1.0" encoding="UTF-8" standalone="no"?><MY_RESPONSE><Social_Benefit_Data><CIVIL_ID>-</CIVIL_ID><FILE_RECID>-</FILE_RECID><DEPT_NAME>-</DEPT_NAME><SOCIAL_GROUP_NAME>-</SOCIAL_GROUP_NAME><FIRST_NAME>-</FIRST_NAME><SECOND_NAME>-</SECOND_NAME><THIRD_NAME>-</THIRD_NAME><FOURTH_NAME>-</FOURTH_NAME><BIRTH_DATE>-</BIRTH_DATE><PAYMENT_START_DATE>-</PAYMENT_START_DATE><GENDER>-</GENDER><FAMILY_COUNT>-</FAMILY_COUNT><NET_AMT>-</NET_AMT><STATUS>-</STATUS><EDUCATION_STATUS>-</EDUCATION_STATUS><MARRIAGE_STATUS>-</MARRIAGE_STATUS><DISEASE_NY>-</DISEASE_NY><DISEASE_TYPE>-</DISEASE_TYPE><HANDICAPPED_NY>-</HANDICAPPED_NY><HANDICAPE_TYPE>-</HANDICAPE_TYPE><HANDICAPE_DESC>-</HANDICAPE_DESC></Social_Benefit_Data></MY_RESPONSE>]]>			</ns:return>		</ns:getSocialBenefitDataResponse>	</soapenv:Body></soapenv:Envelope>
2022-04-05 18:14:40,040 INFO com.vinsys.diam.core.LoggingRequestInterceptor [http-nio-9999-exec-2] =======================response end=================================================
