2023-05-22 10:25:05,066 INFO com.vinsys.diam.core.LoggingRequestInterceptor [scheduling-1] ===========================request begin================================================
2023-05-22 10:25:05,069 INFO com.vinsys.diam.core.LoggingRequestInterceptor [scheduling-1] URI         : http://localhost:9092/restapi/getdata
2023-05-22 10:25:05,069 INFO com.vinsys.diam.core.LoggingRequestInterceptor [scheduling-1] Method      : POST
2023-05-22 10:25:05,070 INFO com.vinsys.diam.core.LoggingRequestInterceptor [scheduling-1] Headers     : [Accept:"text/plain, application/xml, text/xml, application/json, application/*+xml, application/*+json, */*", SOAPAction:"urn:getConstructionPermitBySRCreationDate", Content-Type:"text/xml;charset=UTF-8", Content-Length:"401"]
2023-05-22 10:25:05,075 INFO com.vinsys.diam.core.LoggingRequestInterceptor [scheduling-1] Request body: <?xml version="1.0"?><soapenv:Envelope xmlns:soapenv="http://schemas.xmlsoap.org/soap/envelope/" xmlns:proc="http://process"><soapenv:Header/><soapenv:Body><proc:buildingPermitInquiryByPermitNumber><proc:username>DIAM</proc:username><proc:password>Mm4DiAm</proc:password><proc:srCreationDate>21/05/2023</proc:srCreationDate></proc:buildingPermitInquiryByPermitNumber></soapenv:Body></soapenv:Envelope>
2023-05-22 10:25:05,076 INFO com.vinsys.diam.core.LoggingRequestInterceptor [scheduling-1] ==========================request end================================================
2023-05-22 11:18:05,363 INFO com.vinsys.diam.core.LoggingRequestInterceptor [scheduling-1] ===========================request begin================================================
2023-05-22 11:18:05,363 INFO com.vinsys.diam.core.LoggingRequestInterceptor [scheduling-1] URI         : http://localhost:9092/restapi/getdata
2023-05-22 11:18:05,364 INFO com.vinsys.diam.core.LoggingRequestInterceptor [scheduling-1] Method      : POST
2023-05-22 11:18:05,364 INFO com.vinsys.diam.core.LoggingRequestInterceptor [scheduling-1] Headers     : [Accept:"text/plain, application/xml, text/xml, application/json, application/*+xml, application/*+json, */*", SOAPAction:"urn:getConstructionPermitBySRCreationDate", Content-Type:"text/xml;charset=UTF-8", Content-Length:"401"]
2023-05-22 11:18:05,365 INFO com.vinsys.diam.core.LoggingRequestInterceptor [scheduling-1] Request body: <?xml version="1.0"?><soapenv:Envelope xmlns:soapenv="http://schemas.xmlsoap.org/soap/envelope/" xmlns:proc="http://process"><soapenv:Header/><soapenv:Body><proc:buildingPermitInquiryByPermitNumber><proc:username>DIAM</proc:username><proc:password>Mm4DiAm</proc:password><proc:srCreationDate>21/05/2023</proc:srCreationDate></proc:buildingPermitInquiryByPermitNumber></soapenv:Body></soapenv:Envelope>
2023-05-22 11:18:05,365 INFO com.vinsys.diam.core.LoggingRequestInterceptor [scheduling-1] ==========================request end================================================
2023-05-22 11:28:05,115 INFO com.vinsys.diam.core.LoggingRequestInterceptor [scheduling-1] ===========================request begin================================================
2023-05-22 11:28:05,116 INFO com.vinsys.diam.core.LoggingRequestInterceptor [scheduling-1] URI         : http://localhost:9092/restapi/getdata
2023-05-22 11:28:05,116 INFO com.vinsys.diam.core.LoggingRequestInterceptor [scheduling-1] Method      : POST
2023-05-22 11:28:05,116 INFO com.vinsys.diam.core.LoggingRequestInterceptor [scheduling-1] Headers     : [Accept:"text/plain, application/xml, text/xml, application/json, application/*+xml, application/*+json, */*", SOAPAction:"urn:getConstructionPermitBySRCreationDate", Content-Type:"text/xml;charset=UTF-8", Content-Length:"401"]
2023-05-22 11:28:05,117 INFO com.vinsys.diam.core.LoggingRequestInterceptor [scheduling-1] Request body: <?xml version="1.0"?><soapenv:Envelope xmlns:soapenv="http://schemas.xmlsoap.org/soap/envelope/" xmlns:proc="http://process"><soapenv:Header/><soapenv:Body><proc:buildingPermitInquiryByPermitNumber><proc:username>DIAM</proc:username><proc:password>Mm4DiAm</proc:password><proc:srCreationDate>21/05/2023</proc:srCreationDate></proc:buildingPermitInquiryByPermitNumber></soapenv:Body></soapenv:Envelope>
2023-05-22 11:28:05,118 INFO com.vinsys.diam.core.LoggingRequestInterceptor [scheduling-1] ==========================request end================================================
2023-05-22 11:32:05,017 INFO com.vinsys.diam.core.LoggingRequestInterceptor [scheduling-1] ===========================request begin================================================
2023-05-22 11:32:05,018 INFO com.vinsys.diam.core.LoggingRequestInterceptor [scheduling-1] URI         : http://localhost:9092/restapi/getdata
2023-05-22 11:32:05,018 INFO com.vinsys.diam.core.LoggingRequestInterceptor [scheduling-1] Method      : POST
2023-05-22 11:32:05,018 INFO com.vinsys.diam.core.LoggingRequestInterceptor [scheduling-1] Headers     : [Accept:"text/plain, application/xml, text/xml, application/json, application/*+xml, application/*+json, */*", SOAPAction:"urn:getConstructionPermitBySRCreationDate", Content-Type:"text/xml;charset=UTF-8", Content-Length:"401"]
2023-05-22 11:32:05,018 INFO com.vinsys.diam.core.LoggingRequestInterceptor [scheduling-1] Request body: <?xml version="1.0"?><soapenv:Envelope xmlns:soapenv="http://schemas.xmlsoap.org/soap/envelope/" xmlns:proc="http://process"><soapenv:Header/><soapenv:Body><proc:buildingPermitInquiryByPermitNumber><proc:username>DIAM</proc:username><proc:password>Mm4DiAm</proc:password><proc:srCreationDate>21/05/2023</proc:srCreationDate></proc:buildingPermitInquiryByPermitNumber></soapenv:Body></soapenv:Envelope>
2023-05-22 11:32:05,018 INFO com.vinsys.diam.core.LoggingRequestInterceptor [scheduling-1] ==========================request end================================================
2023-05-22 11:33:05,059 INFO com.vinsys.diam.core.LoggingRequestInterceptor [scheduling-1] ===========================request begin================================================
2023-05-22 11:33:05,060 INFO com.vinsys.diam.core.LoggingRequestInterceptor [scheduling-1] URI         : http://localhost:9092/restapi/getdata
2023-05-22 11:33:05,060 INFO com.vinsys.diam.core.LoggingRequestInterceptor [scheduling-1] Method      : POST
2023-05-22 11:33:05,060 INFO com.vinsys.diam.core.LoggingRequestInterceptor [scheduling-1] Headers     : [Accept:"text/plain, application/xml, text/xml, application/json, application/*+xml, application/*+json, */*", SOAPAction:"urn:getConstructionPermitBySRCreationDate", Content-Type:"text/xml;charset=UTF-8", Content-Length:"401"]
2023-05-22 11:33:05,061 INFO com.vinsys.diam.core.LoggingRequestInterceptor [scheduling-1] Request body: <?xml version="1.0"?><soapenv:Envelope xmlns:soapenv="http://schemas.xmlsoap.org/soap/envelope/" xmlns:proc="http://process"><soapenv:Header/><soapenv:Body><proc:buildingPermitInquiryByPermitNumber><proc:username>DIAM</proc:username><proc:password>Mm4DiAm</proc:password><proc:srCreationDate>21/05/2023</proc:srCreationDate></proc:buildingPermitInquiryByPermitNumber></soapenv:Body></soapenv:Envelope>
2023-05-22 11:33:05,061 INFO com.vinsys.diam.core.LoggingRequestInterceptor [scheduling-1] ==========================request end================================================
2023-05-22 11:39:05,119 INFO com.vinsys.diam.core.LoggingRequestInterceptor [scheduling-1] ===========================request begin================================================
2023-05-22 11:39:05,120 INFO com.vinsys.diam.core.LoggingRequestInterceptor [scheduling-1] URI         : http://localhost:9092/restapi/getdata
2023-05-22 11:39:05,121 INFO com.vinsys.diam.core.LoggingRequestInterceptor [scheduling-1] Method      : POST
2023-05-22 11:39:05,121 INFO com.vinsys.diam.core.LoggingRequestInterceptor [scheduling-1] Headers     : [Accept:"text/plain, application/xml, text/xml, application/json, application/*+xml, application/*+json, */*", SOAPAction:"urn:getConstructionPermitBySRCreationDate", Content-Type:"text/xml;charset=UTF-8", Content-Length:"401"]
2023-05-22 11:39:05,122 INFO com.vinsys.diam.core.LoggingRequestInterceptor [scheduling-1] Request body: <?xml version="1.0"?><soapenv:Envelope xmlns:soapenv="http://schemas.xmlsoap.org/soap/envelope/" xmlns:proc="http://process"><soapenv:Header/><soapenv:Body><proc:buildingPermitInquiryByPermitNumber><proc:username>DIAM</proc:username><proc:password>Mm4DiAm</proc:password><proc:srCreationDate>21/05/2023</proc:srCreationDate></proc:buildingPermitInquiryByPermitNumber></soapenv:Body></soapenv:Envelope>
2023-05-22 11:39:05,122 INFO com.vinsys.diam.core.LoggingRequestInterceptor [scheduling-1] ==========================request end================================================
2023-05-22 11:43:06,207 INFO com.vinsys.diam.core.LoggingRequestInterceptor [scheduling-1] ===========================request begin================================================
2023-05-22 11:43:06,208 INFO com.vinsys.diam.core.LoggingRequestInterceptor [scheduling-1] URI         : http://localhost:9092/restapi/getdata
2023-05-22 11:43:06,208 INFO com.vinsys.diam.core.LoggingRequestInterceptor [scheduling-1] Method      : POST
2023-05-22 11:43:06,208 INFO com.vinsys.diam.core.LoggingRequestInterceptor [scheduling-1] Headers     : [Accept:"text/plain, application/xml, text/xml, application/json, application/*+xml, application/*+json, */*", SOAPAction:"urn:getConstructionPermitBySRCreationDate", Content-Type:"text/xml;charset=UTF-8", Content-Length:"401"]
2023-05-22 11:43:06,209 INFO com.vinsys.diam.core.LoggingRequestInterceptor [scheduling-1] Request body: <?xml version="1.0"?><soapenv:Envelope xmlns:soapenv="http://schemas.xmlsoap.org/soap/envelope/" xmlns:proc="http://process"><soapenv:Header/><soapenv:Body><proc:buildingPermitInquiryByPermitNumber><proc:username>DIAM</proc:username><proc:password>Mm4DiAm</proc:password><proc:srCreationDate>21/05/2023</proc:srCreationDate></proc:buildingPermitInquiryByPermitNumber></soapenv:Body></soapenv:Envelope>
2023-05-22 11:43:06,209 INFO com.vinsys.diam.core.LoggingRequestInterceptor [scheduling-1] ==========================request end================================================
2023-05-22 11:51:05,080 INFO com.vinsys.diam.core.LoggingRequestInterceptor [scheduling-1] ===========================request begin================================================
2023-05-22 11:51:05,080 INFO com.vinsys.diam.core.LoggingRequestInterceptor [scheduling-1] URI         : http://localhost:9092/restapi/getdata
2023-05-22 11:51:05,080 INFO com.vinsys.diam.core.LoggingRequestInterceptor [scheduling-1] Method      : POST
2023-05-22 11:51:05,081 INFO com.vinsys.diam.core.LoggingRequestInterceptor [scheduling-1] Headers     : [Accept:"text/plain, application/xml, text/xml, application/json, application/*+xml, application/*+json, */*", SOAPAction:"urn:getConstructionPermitBySRCreationDate", Content-Type:"text/xml;charset=UTF-8", Content-Length:"401"]
2023-05-22 11:51:05,082 INFO com.vinsys.diam.core.LoggingRequestInterceptor [scheduling-1] Request body: <?xml version="1.0"?><soapenv:Envelope xmlns:soapenv="http://schemas.xmlsoap.org/soap/envelope/" xmlns:proc="http://process"><soapenv:Header/><soapenv:Body><proc:buildingPermitInquiryByPermitNumber><proc:username>DIAM</proc:username><proc:password>Mm4DiAm</proc:password><proc:srCreationDate>21/05/2023</proc:srCreationDate></proc:buildingPermitInquiryByPermitNumber></soapenv:Body></soapenv:Envelope>
2023-05-22 11:51:05,083 INFO com.vinsys.diam.core.LoggingRequestInterceptor [scheduling-1] ==========================request end================================================
2023-05-22 11:53:05,092 INFO com.vinsys.diam.core.LoggingRequestInterceptor [scheduling-1] ===========================request begin================================================
2023-05-22 11:53:05,096 INFO com.vinsys.diam.core.LoggingRequestInterceptor [scheduling-1] URI         : http://localhost:9092/restapi/getdata
2023-05-22 11:53:05,097 INFO com.vinsys.diam.core.LoggingRequestInterceptor [scheduling-1] Method      : POST
2023-05-22 11:53:05,097 INFO com.vinsys.diam.core.LoggingRequestInterceptor [scheduling-1] Headers     : [Accept:"text/plain, application/xml, text/xml, application/json, application/*+xml, application/*+json, */*", SOAPAction:"urn:getConstructionPermitBySRCreationDate", Content-Type:"text/xml;charset=UTF-8", Content-Length:"401"]
2023-05-22 11:53:05,098 INFO com.vinsys.diam.core.LoggingRequestInterceptor [scheduling-1] Request body: <?xml version="1.0"?><soapenv:Envelope xmlns:soapenv="http://schemas.xmlsoap.org/soap/envelope/" xmlns:proc="http://process"><soapenv:Header/><soapenv:Body><proc:buildingPermitInquiryByPermitNumber><proc:username>DIAM</proc:username><proc:password>Mm4DiAm</proc:password><proc:srCreationDate>21/05/2023</proc:srCreationDate></proc:buildingPermitInquiryByPermitNumber></soapenv:Body></soapenv:Envelope>
2023-05-22 11:53:05,099 INFO com.vinsys.diam.core.LoggingRequestInterceptor [scheduling-1] ==========================request end================================================
2023-05-22 11:59:05,114 INFO com.vinsys.diam.core.LoggingRequestInterceptor [scheduling-1] ===========================request begin================================================
2023-05-22 11:59:05,115 INFO com.vinsys.diam.core.LoggingRequestInterceptor [scheduling-1] URI         : http://localhost:9092/restapi/getdata
2023-05-22 11:59:05,115 INFO com.vinsys.diam.core.LoggingRequestInterceptor [scheduling-1] Method      : POST
2023-05-22 11:59:05,115 INFO com.vinsys.diam.core.LoggingRequestInterceptor [scheduling-1] Headers     : [Accept:"text/plain, application/xml, text/xml, application/json, application/*+xml, application/*+json, */*", SOAPAction:"urn:getConstructionPermitBySRCreationDate", Content-Type:"text/xml;charset=UTF-8", Content-Length:"401"]
2023-05-22 11:59:05,116 INFO com.vinsys.diam.core.LoggingRequestInterceptor [scheduling-1] Request body: <?xml version="1.0"?><soapenv:Envelope xmlns:soapenv="http://schemas.xmlsoap.org/soap/envelope/" xmlns:proc="http://process"><soapenv:Header/><soapenv:Body><proc:buildingPermitInquiryByPermitNumber><proc:username>DIAM</proc:username><proc:password>Mm4DiAm</proc:password><proc:srCreationDate>21/05/2023</proc:srCreationDate></proc:buildingPermitInquiryByPermitNumber></soapenv:Body></soapenv:Envelope>
2023-05-22 11:59:05,116 INFO com.vinsys.diam.core.LoggingRequestInterceptor [scheduling-1] ==========================request end================================================
2023-05-22 12:39:05,104 INFO com.vinsys.diam.core.LoggingRequestInterceptor [scheduling-1] ===========================request begin================================================
2023-05-22 12:39:05,105 INFO com.vinsys.diam.core.LoggingRequestInterceptor [scheduling-1] URI         : http://localhost:9092/restapi/getdata
2023-05-22 12:39:05,105 INFO com.vinsys.diam.core.LoggingRequestInterceptor [scheduling-1] Method      : POST
2023-05-22 12:39:05,105 INFO com.vinsys.diam.core.LoggingRequestInterceptor [scheduling-1] Headers     : [Accept:"text/plain, application/xml, text/xml, application/json, application/*+xml, application/*+json, */*", SOAPAction:"urn:getConstructionPermitBySRCreationDate", Content-Type:"text/xml;charset=UTF-8", Content-Length:"401"]
2023-05-22 12:39:05,106 INFO com.vinsys.diam.core.LoggingRequestInterceptor [scheduling-1] Request body: <?xml version="1.0"?><soapenv:Envelope xmlns:soapenv="http://schemas.xmlsoap.org/soap/envelope/" xmlns:proc="http://process"><soapenv:Header/><soapenv:Body><proc:buildingPermitInquiryByPermitNumber><proc:username>DIAM</proc:username><proc:password>Mm4DiAm</proc:password><proc:srCreationDate>21/05/2023</proc:srCreationDate></proc:buildingPermitInquiryByPermitNumber></soapenv:Body></soapenv:Envelope>
2023-05-22 12:39:05,106 INFO com.vinsys.diam.core.LoggingRequestInterceptor [scheduling-1] ==========================request end================================================
2023-05-22 12:43:05,070 INFO com.vinsys.diam.core.LoggingRequestInterceptor [scheduling-1] ===========================request begin================================================
2023-05-22 12:43:05,070 INFO com.vinsys.diam.core.LoggingRequestInterceptor [scheduling-1] URI         : http://localhost:9092/restapi/getdata
2023-05-22 12:43:05,072 INFO com.vinsys.diam.core.LoggingRequestInterceptor [scheduling-1] Method      : POST
2023-05-22 12:43:05,073 INFO com.vinsys.diam.core.LoggingRequestInterceptor [scheduling-1] Headers     : [Accept:"text/plain, application/xml, text/xml, application/json, application/*+xml, application/*+json, */*", SOAPAction:"urn:getConstructionPermitBySRCreationDate", Content-Type:"text/xml;charset=UTF-8", Content-Length:"401"]
2023-05-22 12:43:05,074 INFO com.vinsys.diam.core.LoggingRequestInterceptor [scheduling-1] Request body: <?xml version="1.0"?><soapenv:Envelope xmlns:soapenv="http://schemas.xmlsoap.org/soap/envelope/" xmlns:proc="http://process"><soapenv:Header/><soapenv:Body><proc:buildingPermitInquiryByPermitNumber><proc:username>DIAM</proc:username><proc:password>Mm4DiAm</proc:password><proc:srCreationDate>21/05/2023</proc:srCreationDate></proc:buildingPermitInquiryByPermitNumber></soapenv:Body></soapenv:Envelope>
2023-05-22 12:43:05,074 INFO com.vinsys.diam.core.LoggingRequestInterceptor [scheduling-1] ==========================request end================================================
2023-05-22 12:50:05,072 INFO com.vinsys.diam.core.LoggingRequestInterceptor [scheduling-1] ===========================request begin================================================
2023-05-22 12:50:05,073 INFO com.vinsys.diam.core.LoggingRequestInterceptor [scheduling-1] URI         : http://localhost:9092/restapi/getdata
2023-05-22 12:50:05,075 INFO com.vinsys.diam.core.LoggingRequestInterceptor [scheduling-1] Method      : POST
2023-05-22 12:50:05,076 INFO com.vinsys.diam.core.LoggingRequestInterceptor [scheduling-1] Headers     : [Accept:"text/plain, application/xml, text/xml, application/json, application/*+xml, application/*+json, */*", SOAPAction:"urn:getConstructionPermitBySRCreationDate", Content-Type:"text/xml;charset=UTF-8", Content-Length:"401"]
2023-05-22 12:50:05,077 INFO com.vinsys.diam.core.LoggingRequestInterceptor [scheduling-1] Request body: <?xml version="1.0"?><soapenv:Envelope xmlns:soapenv="http://schemas.xmlsoap.org/soap/envelope/" xmlns:proc="http://process"><soapenv:Header/><soapenv:Body><proc:buildingPermitInquiryByPermitNumber><proc:username>DIAM</proc:username><proc:password>Mm4DiAm</proc:password><proc:srCreationDate>21/05/2023</proc:srCreationDate></proc:buildingPermitInquiryByPermitNumber></soapenv:Body></soapenv:Envelope>
2023-05-22 12:50:05,077 INFO com.vinsys.diam.core.LoggingRequestInterceptor [scheduling-1] ==========================request end================================================
2023-05-22 12:54:05,089 INFO com.vinsys.diam.core.LoggingRequestInterceptor [scheduling-1] ===========================request begin================================================
2023-05-22 12:54:05,090 INFO com.vinsys.diam.core.LoggingRequestInterceptor [scheduling-1] URI         : http://localhost:9092/restapi/getdata
2023-05-22 12:54:05,095 INFO com.vinsys.diam.core.LoggingRequestInterceptor [scheduling-1] Method      : POST
2023-05-22 12:54:05,095 INFO com.vinsys.diam.core.LoggingRequestInterceptor [scheduling-1] Headers     : [Accept:"text/plain, application/xml, text/xml, application/json, application/*+xml, application/*+json, */*", SOAPAction:"urn:getConstructionPermitBySRCreationDate", Content-Type:"text/xml;charset=UTF-8", Content-Length:"401"]
2023-05-22 12:54:05,096 INFO com.vinsys.diam.core.LoggingRequestInterceptor [scheduling-1] Request body: <?xml version="1.0"?><soapenv:Envelope xmlns:soapenv="http://schemas.xmlsoap.org/soap/envelope/" xmlns:proc="http://process"><soapenv:Header/><soapenv:Body><proc:buildingPermitInquiryByPermitNumber><proc:username>DIAM</proc:username><proc:password>Mm4DiAm</proc:password><proc:srCreationDate>21/05/2023</proc:srCreationDate></proc:buildingPermitInquiryByPermitNumber></soapenv:Body></soapenv:Envelope>
2023-05-22 12:54:05,097 INFO com.vinsys.diam.core.LoggingRequestInterceptor [scheduling-1] ==========================request end================================================
2023-05-22 12:58:05,064 INFO com.vinsys.diam.core.LoggingRequestInterceptor [scheduling-1] ===========================request begin================================================
2023-05-22 12:58:05,064 INFO com.vinsys.diam.core.LoggingRequestInterceptor [scheduling-1] URI         : http://localhost:9092/restapi/getdata
2023-05-22 12:58:05,064 INFO com.vinsys.diam.core.LoggingRequestInterceptor [scheduling-1] Method      : POST
2023-05-22 12:58:05,064 INFO com.vinsys.diam.core.LoggingRequestInterceptor [scheduling-1] Headers     : [Accept:"text/plain, application/xml, text/xml, application/json, application/*+xml, application/*+json, */*", SOAPAction:"urn:getConstructionPermitBySRCreationDate", Content-Type:"text/xml;charset=UTF-8", Content-Length:"401"]
2023-05-22 12:58:05,065 INFO com.vinsys.diam.core.LoggingRequestInterceptor [scheduling-1] Request body: <?xml version="1.0"?><soapenv:Envelope xmlns:soapenv="http://schemas.xmlsoap.org/soap/envelope/" xmlns:proc="http://process"><soapenv:Header/><soapenv:Body><proc:buildingPermitInquiryByPermitNumber><proc:username>DIAM</proc:username><proc:password>Mm4DiAm</proc:password><proc:srCreationDate>21/05/2023</proc:srCreationDate></proc:buildingPermitInquiryByPermitNumber></soapenv:Body></soapenv:Envelope>
2023-05-22 12:58:05,065 INFO com.vinsys.diam.core.LoggingRequestInterceptor [scheduling-1] ==========================request end================================================
2023-05-22 13:36:05,137 INFO com.vinsys.diam.core.LoggingRequestInterceptor [scheduling-1] ===========================request begin================================================
2023-05-22 13:36:05,139 INFO com.vinsys.diam.core.LoggingRequestInterceptor [scheduling-1] URI         : http://localhost:9092/restapi/getdata
2023-05-22 13:36:05,139 INFO com.vinsys.diam.core.LoggingRequestInterceptor [scheduling-1] Method      : POST
2023-05-22 13:36:05,140 INFO com.vinsys.diam.core.LoggingRequestInterceptor [scheduling-1] Headers     : [Accept:"text/plain, application/xml, text/xml, application/json, application/*+xml, application/*+json, */*", SOAPAction:"urn:getConstructionPermitBySRCreationDate", Content-Type:"text/xml;charset=UTF-8", Content-Length:"401"]
2023-05-22 13:36:05,141 INFO com.vinsys.diam.core.LoggingRequestInterceptor [scheduling-1] Request body: <?xml version="1.0"?><soapenv:Envelope xmlns:soapenv="http://schemas.xmlsoap.org/soap/envelope/" xmlns:proc="http://process"><soapenv:Header/><soapenv:Body><proc:buildingPermitInquiryByPermitNumber><proc:username>DIAM</proc:username><proc:password>Mm4DiAm</proc:password><proc:srCreationDate>21/05/2023</proc:srCreationDate></proc:buildingPermitInquiryByPermitNumber></soapenv:Body></soapenv:Envelope>
2023-05-22 13:36:05,141 INFO com.vinsys.diam.core.LoggingRequestInterceptor [scheduling-1] ==========================request end================================================
2023-05-22 14:04:05,067 INFO com.vinsys.diam.core.LoggingRequestInterceptor [scheduling-1] ===========================request begin================================================
2023-05-22 14:04:05,067 INFO com.vinsys.diam.core.LoggingRequestInterceptor [scheduling-1] URI         : http://localhost:9092/restapi/getdata
2023-05-22 14:04:05,068 INFO com.vinsys.diam.core.LoggingRequestInterceptor [scheduling-1] Method      : POST
2023-05-22 14:04:05,068 INFO com.vinsys.diam.core.LoggingRequestInterceptor [scheduling-1] Headers     : [Accept:"text/plain, application/xml, text/xml, application/json, application/*+xml, application/*+json, */*", SOAPAction:"urn:getConstructionPermitBySRCreationDate", Content-Type:"text/xml;charset=UTF-8", Content-Length:"401"]
2023-05-22 14:04:05,068 INFO com.vinsys.diam.core.LoggingRequestInterceptor [scheduling-1] Request body: <?xml version="1.0"?><soapenv:Envelope xmlns:soapenv="http://schemas.xmlsoap.org/soap/envelope/" xmlns:proc="http://process"><soapenv:Header/><soapenv:Body><proc:buildingPermitInquiryByPermitNumber><proc:username>DIAM</proc:username><proc:password>Mm4DiAm</proc:password><proc:srCreationDate>21/05/2023</proc:srCreationDate></proc:buildingPermitInquiryByPermitNumber></soapenv:Body></soapenv:Envelope>
2023-05-22 14:04:05,069 INFO com.vinsys.diam.core.LoggingRequestInterceptor [scheduling-1] ==========================request end================================================
2023-05-22 17:35:05,090 INFO com.vinsys.diam.core.LoggingRequestInterceptor [scheduling-1] ===========================request begin================================================
2023-05-22 17:35:05,091 INFO com.vinsys.diam.core.LoggingRequestInterceptor [scheduling-1] URI         : http://localhost:9092/restapi/getdata
2023-05-22 17:35:05,091 INFO com.vinsys.diam.core.LoggingRequestInterceptor [scheduling-1] Method      : POST
2023-05-22 17:35:05,091 INFO com.vinsys.diam.core.LoggingRequestInterceptor [scheduling-1] Headers     : [Accept:"text/plain, application/xml, text/xml, application/json, application/*+xml, application/*+json, */*", SOAPAction:"urn:getConstructionPermitBySRCreationDate", Content-Type:"text/xml;charset=UTF-8", Content-Length:"401"]
2023-05-22 17:35:05,092 INFO com.vinsys.diam.core.LoggingRequestInterceptor [scheduling-1] Request body: <?xml version="1.0"?><soapenv:Envelope xmlns:soapenv="http://schemas.xmlsoap.org/soap/envelope/" xmlns:proc="http://process"><soapenv:Header/><soapenv:Body><proc:buildingPermitInquiryByPermitNumber><proc:username>DIAM</proc:username><proc:password>Mm4DiAm</proc:password><proc:srCreationDate>21/05/2023</proc:srCreationDate></proc:buildingPermitInquiryByPermitNumber></soapenv:Body></soapenv:Envelope>
2023-05-22 17:35:05,092 INFO com.vinsys.diam.core.LoggingRequestInterceptor [scheduling-1] ==========================request end================================================
2023-05-22 17:39:05,060 INFO com.vinsys.diam.core.LoggingRequestInterceptor [scheduling-1] ===========================request begin================================================
2023-05-22 17:39:05,061 INFO com.vinsys.diam.core.LoggingRequestInterceptor [scheduling-1] URI         : http://localhost:9092/restapi/getdata
2023-05-22 17:39:05,061 INFO com.vinsys.diam.core.LoggingRequestInterceptor [scheduling-1] Method      : POST
2023-05-22 17:39:05,061 INFO com.vinsys.diam.core.LoggingRequestInterceptor [scheduling-1] Headers     : [Accept:"text/plain, application/xml, text/xml, application/json, application/*+xml, application/*+json, */*", SOAPAction:"urn:getConstructionPermitBySRCreationDate", Content-Type:"text/xml;charset=UTF-8", Content-Length:"401"]
2023-05-22 17:39:05,062 INFO com.vinsys.diam.core.LoggingRequestInterceptor [scheduling-1] Request body: <?xml version="1.0"?><soapenv:Envelope xmlns:soapenv="http://schemas.xmlsoap.org/soap/envelope/" xmlns:proc="http://process"><soapenv:Header/><soapenv:Body><proc:buildingPermitInquiryByPermitNumber><proc:username>DIAM</proc:username><proc:password>Mm4DiAm</proc:password><proc:srCreationDate>21/05/2023</proc:srCreationDate></proc:buildingPermitInquiryByPermitNumber></soapenv:Body></soapenv:Envelope>
2023-05-22 17:39:05,062 INFO com.vinsys.diam.core.LoggingRequestInterceptor [scheduling-1] ==========================request end================================================
2023-05-22 17:44:05,073 INFO com.vinsys.diam.core.LoggingRequestInterceptor [scheduling-1] ===========================request begin================================================
2023-05-22 17:44:05,073 INFO com.vinsys.diam.core.LoggingRequestInterceptor [scheduling-1] URI         : http://localhost:9092/restapi/getdata
2023-05-22 17:44:05,073 INFO com.vinsys.diam.core.LoggingRequestInterceptor [scheduling-1] Method      : POST
2023-05-22 17:44:05,073 INFO com.vinsys.diam.core.LoggingRequestInterceptor [scheduling-1] Headers     : [Accept:"text/plain, application/xml, text/xml, application/json, application/*+xml, application/*+json, */*", SOAPAction:"urn:getConstructionPermitBySRCreationDate", Content-Type:"text/xml;charset=UTF-8", Content-Length:"401"]
2023-05-22 17:44:05,074 INFO com.vinsys.diam.core.LoggingRequestInterceptor [scheduling-1] Request body: <?xml version="1.0"?><soapenv:Envelope xmlns:soapenv="http://schemas.xmlsoap.org/soap/envelope/" xmlns:proc="http://process"><soapenv:Header/><soapenv:Body><proc:buildingPermitInquiryByPermitNumber><proc:username>DIAM</proc:username><proc:password>Mm4DiAm</proc:password><proc:srCreationDate>21/05/2023</proc:srCreationDate></proc:buildingPermitInquiryByPermitNumber></soapenv:Body></soapenv:Envelope>
2023-05-22 17:44:05,074 INFO com.vinsys.diam.core.LoggingRequestInterceptor [scheduling-1] ==========================request end================================================
2023-05-22 17:48:05,022 INFO com.vinsys.diam.core.LoggingRequestInterceptor [scheduling-1] ===========================request begin================================================
2023-05-22 17:48:05,022 INFO com.vinsys.diam.core.LoggingRequestInterceptor [scheduling-1] URI         : http://localhost:9092/restapi/getdata
2023-05-22 17:48:05,022 INFO com.vinsys.diam.core.LoggingRequestInterceptor [scheduling-1] Method      : POST
2023-05-22 17:48:05,022 INFO com.vinsys.diam.core.LoggingRequestInterceptor [scheduling-1] Headers     : [Accept:"text/plain, application/xml, text/xml, application/json, application/*+xml, application/*+json, */*", SOAPAction:"urn:getConstructionPermitBySRCreationDate", Content-Type:"text/xml;charset=UTF-8", Content-Length:"401"]
2023-05-22 17:48:05,022 INFO com.vinsys.diam.core.LoggingRequestInterceptor [scheduling-1] Request body: <?xml version="1.0"?><soapenv:Envelope xmlns:soapenv="http://schemas.xmlsoap.org/soap/envelope/" xmlns:proc="http://process"><soapenv:Header/><soapenv:Body><proc:buildingPermitInquiryByPermitNumber><proc:username>DIAM</proc:username><proc:password>Mm4DiAm</proc:password><proc:srCreationDate>21/05/2023</proc:srCreationDate></proc:buildingPermitInquiryByPermitNumber></soapenv:Body></soapenv:Envelope>
2023-05-22 17:48:05,023 INFO com.vinsys.diam.core.LoggingRequestInterceptor [scheduling-1] ==========================request end================================================
2023-05-22 17:52:05,015 INFO com.vinsys.diam.core.LoggingRequestInterceptor [scheduling-1] ===========================request begin================================================
2023-05-22 17:52:05,016 INFO com.vinsys.diam.core.LoggingRequestInterceptor [scheduling-1] URI         : http://localhost:9092/restapi/getdata
2023-05-22 17:52:05,017 INFO com.vinsys.diam.core.LoggingRequestInterceptor [scheduling-1] Method      : POST
2023-05-22 17:52:05,017 INFO com.vinsys.diam.core.LoggingRequestInterceptor [scheduling-1] Headers     : [Accept:"text/plain, application/xml, text/xml, application/json, application/*+xml, application/*+json, */*", SOAPAction:"urn:getConstructionPermitBySRCreationDate", Content-Type:"text/xml;charset=UTF-8", Content-Length:"401"]
2023-05-22 17:52:05,017 INFO com.vinsys.diam.core.LoggingRequestInterceptor [scheduling-1] Request body: <?xml version="1.0"?><soapenv:Envelope xmlns:soapenv="http://schemas.xmlsoap.org/soap/envelope/" xmlns:proc="http://process"><soapenv:Header/><soapenv:Body><proc:buildingPermitInquiryByPermitNumber><proc:username>DIAM</proc:username><proc:password>Mm4DiAm</proc:password><proc:srCreationDate>21/05/2023</proc:srCreationDate></proc:buildingPermitInquiryByPermitNumber></soapenv:Body></soapenv:Envelope>
2023-05-22 17:52:05,017 INFO com.vinsys.diam.core.LoggingRequestInterceptor [scheduling-1] ==========================request end================================================
2023-05-22 17:56:05,016 INFO com.vinsys.diam.core.LoggingRequestInterceptor [scheduling-1] ===========================request begin================================================
2023-05-22 17:56:05,016 INFO com.vinsys.diam.core.LoggingRequestInterceptor [scheduling-1] URI         : http://localhost:9092/restapi/getdata
2023-05-22 17:56:05,016 INFO com.vinsys.diam.core.LoggingRequestInterceptor [scheduling-1] Method      : POST
2023-05-22 17:56:05,017 INFO com.vinsys.diam.core.LoggingRequestInterceptor [scheduling-1] Headers     : [Accept:"text/plain, application/xml, text/xml, application/json, application/*+xml, application/*+json, */*", SOAPAction:"urn:getConstructionPermitBySRCreationDate", Content-Type:"text/xml;charset=UTF-8", Content-Length:"401"]
2023-05-22 17:56:05,017 INFO com.vinsys.diam.core.LoggingRequestInterceptor [scheduling-1] Request body: <?xml version="1.0"?><soapenv:Envelope xmlns:soapenv="http://schemas.xmlsoap.org/soap/envelope/" xmlns:proc="http://process"><soapenv:Header/><soapenv:Body><proc:buildingPermitInquiryByPermitNumber><proc:username>DIAM</proc:username><proc:password>Mm4DiAm</proc:password><proc:srCreationDate>21/05/2023</proc:srCreationDate></proc:buildingPermitInquiryByPermitNumber></soapenv:Body></soapenv:Envelope>
2023-05-22 17:56:05,017 INFO com.vinsys.diam.core.LoggingRequestInterceptor [scheduling-1] ==========================request end================================================
2023-05-22 18:00:05,014 INFO com.vinsys.diam.core.LoggingRequestInterceptor [scheduling-1] ===========================request begin================================================
2023-05-22 18:00:05,014 INFO com.vinsys.diam.core.LoggingRequestInterceptor [scheduling-1] URI         : http://localhost:9092/restapi/getdata
2023-05-22 18:00:05,014 INFO com.vinsys.diam.core.LoggingRequestInterceptor [scheduling-1] Method      : POST
2023-05-22 18:00:05,014 INFO com.vinsys.diam.core.LoggingRequestInterceptor [scheduling-1] Headers     : [Accept:"text/plain, application/xml, text/xml, application/json, application/*+xml, application/*+json, */*", SOAPAction:"urn:getConstructionPermitBySRCreationDate", Content-Type:"text/xml;charset=UTF-8", Content-Length:"401"]
2023-05-22 18:00:05,015 INFO com.vinsys.diam.core.LoggingRequestInterceptor [scheduling-1] Request body: <?xml version="1.0"?><soapenv:Envelope xmlns:soapenv="http://schemas.xmlsoap.org/soap/envelope/" xmlns:proc="http://process"><soapenv:Header/><soapenv:Body><proc:buildingPermitInquiryByPermitNumber><proc:username>DIAM</proc:username><proc:password>Mm4DiAm</proc:password><proc:srCreationDate>21/05/2023</proc:srCreationDate></proc:buildingPermitInquiryByPermitNumber></soapenv:Body></soapenv:Envelope>
2023-05-22 18:00:05,015 INFO com.vinsys.diam.core.LoggingRequestInterceptor [scheduling-1] ==========================request end================================================
2023-05-22 18:04:05,014 INFO com.vinsys.diam.core.LoggingRequestInterceptor [scheduling-1] ===========================request begin================================================
2023-05-22 18:04:05,014 INFO com.vinsys.diam.core.LoggingRequestInterceptor [scheduling-1] URI         : http://localhost:9092/restapi/getdata
2023-05-22 18:04:05,015 INFO com.vinsys.diam.core.LoggingRequestInterceptor [scheduling-1] Method      : POST
2023-05-22 18:04:05,015 INFO com.vinsys.diam.core.LoggingRequestInterceptor [scheduling-1] Headers     : [Accept:"text/plain, application/xml, text/xml, application/json, application/*+xml, application/*+json, */*", SOAPAction:"urn:getConstructionPermitBySRCreationDate", Content-Type:"text/xml;charset=UTF-8", Content-Length:"401"]
2023-05-22 18:04:05,015 INFO com.vinsys.diam.core.LoggingRequestInterceptor [scheduling-1] Request body: <?xml version="1.0"?><soapenv:Envelope xmlns:soapenv="http://schemas.xmlsoap.org/soap/envelope/" xmlns:proc="http://process"><soapenv:Header/><soapenv:Body><proc:buildingPermitInquiryByPermitNumber><proc:username>DIAM</proc:username><proc:password>Mm4DiAm</proc:password><proc:srCreationDate>21/05/2023</proc:srCreationDate></proc:buildingPermitInquiryByPermitNumber></soapenv:Body></soapenv:Envelope>
2023-05-22 18:04:05,015 INFO com.vinsys.diam.core.LoggingRequestInterceptor [scheduling-1] ==========================request end================================================
2023-05-22 18:08:05,014 INFO com.vinsys.diam.core.LoggingRequestInterceptor [scheduling-1] ===========================request begin================================================
2023-05-22 18:08:05,014 INFO com.vinsys.diam.core.LoggingRequestInterceptor [scheduling-1] URI         : http://localhost:9092/restapi/getdata
2023-05-22 18:08:05,015 INFO com.vinsys.diam.core.LoggingRequestInterceptor [scheduling-1] Method      : POST
2023-05-22 18:08:05,015 INFO com.vinsys.diam.core.LoggingRequestInterceptor [scheduling-1] Headers     : [Accept:"text/plain, application/xml, text/xml, application/json, application/*+xml, application/*+json, */*", SOAPAction:"urn:getConstructionPermitBySRCreationDate", Content-Type:"text/xml;charset=UTF-8", Content-Length:"401"]
2023-05-22 18:08:05,015 INFO com.vinsys.diam.core.LoggingRequestInterceptor [scheduling-1] Request body: <?xml version="1.0"?><soapenv:Envelope xmlns:soapenv="http://schemas.xmlsoap.org/soap/envelope/" xmlns:proc="http://process"><soapenv:Header/><soapenv:Body><proc:buildingPermitInquiryByPermitNumber><proc:username>DIAM</proc:username><proc:password>Mm4DiAm</proc:password><proc:srCreationDate>21/05/2023</proc:srCreationDate></proc:buildingPermitInquiryByPermitNumber></soapenv:Body></soapenv:Envelope>
2023-05-22 18:08:05,015 INFO com.vinsys.diam.core.LoggingRequestInterceptor [scheduling-1] ==========================request end================================================
2023-05-22 18:27:05,070 INFO com.vinsys.diam.core.LoggingRequestInterceptor [scheduling-1] ===========================request begin================================================
2023-05-22 18:27:05,070 INFO com.vinsys.diam.core.LoggingRequestInterceptor [scheduling-1] URI         : http://localhost:9092/restapi/getdata
2023-05-22 18:27:05,071 INFO com.vinsys.diam.core.LoggingRequestInterceptor [scheduling-1] Method      : POST
2023-05-22 18:27:05,071 INFO com.vinsys.diam.core.LoggingRequestInterceptor [scheduling-1] Headers     : [Accept:"text/plain, application/xml, text/xml, application/json, application/*+xml, application/*+json, */*", SOAPAction:"urn:getConstructionPermitBySRCreationDate", Content-Type:"text/xml;charset=UTF-8", Content-Length:"401"]
2023-05-22 18:27:05,072 INFO com.vinsys.diam.core.LoggingRequestInterceptor [scheduling-1] Request body: <?xml version="1.0"?><soapenv:Envelope xmlns:soapenv="http://schemas.xmlsoap.org/soap/envelope/" xmlns:proc="http://process"><soapenv:Header/><soapenv:Body><proc:buildingPermitInquiryByPermitNumber><proc:username>DIAM</proc:username><proc:password>Mm4DiAm</proc:password><proc:srCreationDate>21/05/2023</proc:srCreationDate></proc:buildingPermitInquiryByPermitNumber></soapenv:Body></soapenv:Envelope>
2023-05-22 18:27:05,072 INFO com.vinsys.diam.core.LoggingRequestInterceptor [scheduling-1] ==========================request end================================================
2023-05-22 18:52:05,055 INFO com.vinsys.diam.core.LoggingRequestInterceptor [scheduling-1] ===========================request begin================================================
2023-05-22 18:52:05,055 INFO com.vinsys.diam.core.LoggingRequestInterceptor [scheduling-1] URI         : http://localhost:9092/restapi/getdata
2023-05-22 18:52:05,056 INFO com.vinsys.diam.core.LoggingRequestInterceptor [scheduling-1] Method      : POST
2023-05-22 18:52:05,056 INFO com.vinsys.diam.core.LoggingRequestInterceptor [scheduling-1] Headers     : [Accept:"text/plain, application/xml, text/xml, application/json, application/*+xml, application/*+json, */*", SOAPAction:"urn:getConstructionPermitBySRCreationDate", Content-Type:"text/xml;charset=UTF-8", Content-Length:"401"]
2023-05-22 18:52:05,056 INFO com.vinsys.diam.core.LoggingRequestInterceptor [scheduling-1] Request body: <?xml version="1.0"?><soapenv:Envelope xmlns:soapenv="http://schemas.xmlsoap.org/soap/envelope/" xmlns:proc="http://process"><soapenv:Header/><soapenv:Body><proc:buildingPermitInquiryByPermitNumber><proc:username>DIAM</proc:username><proc:password>Mm4DiAm</proc:password><proc:srCreationDate>21/05/2023</proc:srCreationDate></proc:buildingPermitInquiryByPermitNumber></soapenv:Body></soapenv:Envelope>
2023-05-22 18:52:05,056 INFO com.vinsys.diam.core.LoggingRequestInterceptor [scheduling-1] ==========================request end================================================
