2022-05-10 14:58:12,888 INFO org.springframework.boot.StartupInfoLogger [main] Starting DemoApplication using Java 16.0.1 on VINSYSLT0182 with PID 15864 (D:\PAW\updated_PAW_ESB\paw-esb-services\target\classes started by admin in D:\PAW\updated_PAW_ESB\paw-esb-services)
2022-05-10 14:58:12,893 INFO org.springframework.boot.SpringApplication [main] No active profile set, falling back to default profiles: default
2022-05-10 14:58:17,939 INFO org.springframework.context.support.PostProcessorRegistrationDelegate$BeanPostProcessorChecker [main] Bean 'org.springframework.ws.config.annotation.DelegatingWsConfiguration' of type [org.springframework.ws.config.annotation.DelegatingWsConfiguration$$EnhancerBySpringCGLIB$$764f418e] is not eligible for getting processed by all BeanPostProcessors (for example: not eligible for auto-proxying)
2022-05-10 14:58:17,972 INFO org.springframework.ws.soap.addressing.server.AbstractAddressingEndpointMapping [main] Supporting [WS-Addressing August 2004, WS-Addressing 1.0]
2022-05-10 14:58:18,233 INFO org.springframework.boot.web.embedded.tomcat.TomcatWebServer [main] Tomcat initialized with port(s): 9999 (http)
2022-05-10 14:58:18,248 INFO org.apache.juli.logging.DirectJDKLog [main] Initializing ProtocolHandler ["http-nio-9999"]
2022-05-10 14:58:18,249 INFO org.apache.juli.logging.DirectJDKLog [main] Starting service [Tomcat]
2022-05-10 14:58:18,249 INFO org.apache.juli.logging.DirectJDKLog [main] Starting Servlet engine: [Apache Tomcat/9.0.45]
2022-05-10 14:58:18,400 INFO org.apache.juli.logging.DirectJDKLog [main] Initializing Spring embedded WebApplicationContext
2022-05-10 14:58:18,401 INFO org.springframework.boot.web.servlet.context.ServletWebServerApplicationContext [main] Root WebApplicationContext: initialization completed in 5436 ms
2022-05-10 14:58:18,859 INFO org.springframework.ws.soap.saaj.SaajSoapMessageFactory [main] Creating SAAJ 1.3 MessageFactory with SOAP 1.1 Protocol
2022-05-10 14:58:18,972 INFO org.springframework.scheduling.concurrent.ExecutorConfigurationSupport [main] Initializing ExecutorService 'applicationTaskExecutor'
2022-05-10 14:58:19,333 INFO org.springframework.scheduling.concurrent.ExecutorConfigurationSupport [main] Initializing ExecutorService 'taskScheduler'
2022-05-10 14:58:19,356 INFO org.springframework.boot.actuate.endpoint.web.EndpointLinksResolver [main] Exposing 2 endpoint(s) beneath base path '/actuator'
2022-05-10 14:58:19,376 INFO org.apache.juli.logging.DirectJDKLog [main] Starting ProtocolHandler ["http-nio-9999"]
2022-05-10 14:58:19,418 INFO org.springframework.boot.web.embedded.tomcat.TomcatWebServer [main] Tomcat started on port(s): 9999 (http) with context path ''
2022-05-10 14:58:19,434 INFO org.springframework.boot.StartupInfoLogger [main] Started DemoApplication in 6.936 seconds (JVM running for 8.538)
2022-05-10 14:58:19,695 INFO org.apache.juli.logging.DirectJDKLog [RMI TCP Connection(4)-127.0.0.1] Initializing Spring DispatcherServlet 'dispatcherServlet'
2022-05-10 14:58:19,695 INFO org.springframework.web.servlet.FrameworkServlet [RMI TCP Connection(4)-127.0.0.1] Initializing Servlet 'dispatcherServlet'
2022-05-10 14:58:19,696 INFO org.springframework.web.servlet.FrameworkServlet [RMI TCP Connection(4)-127.0.0.1] Completed initialization in 1 ms
2022-05-10 14:59:05,021 INFO com.vinsys.diam.controllers.PAWESBServices [scheduling-1] Entered::AbstractEmailDelivery::getRestTemplate()
2022-05-10 14:59:05,831 INFO com.vinsys.diam.processors.InsertionHelper [scheduling-1] Auditing into requests table
2022-05-10 14:59:05,925 INFO com.vinsys.diam.processors.InsertionHelper [scheduling-1] Before Execute Update
2022-05-10 14:59:05,998 INFO com.vinsys.diam.processors.InsertionHelper [scheduling-1] Execute Update Executed 1 
2022-05-10 14:59:05,998 INFO com.vinsys.diam.processors.InsertionHelper [scheduling-1] Query is INSERT INTO REQUESTS(REQUEST_ID,ACTUAL_PULL_DATE,CONSTRUCTION_PERMIT_NUMBER,OWNER_ID,OWNER_EN_NAME,OWNER_AR_NAME,PHONE,CR_NUMBER,WORK_START_ID,WORK_START_DATE_ISSUED,WILLAYATH,AREA,AREA_WAY,WAY_NAME,AREA_SIZE,BLOCK_NAME,PLOT_NUMBER,PLOT_TYPE,PREMISE_TYPE,SOCIAL_BENEFIT_NO,SOCIAL_BENEFIT_ISSUED_DATE,WATER_NETWORK,NO_OF_FAMILY_MEMBERS,OWNER_TYPE,NEAREST_WATER_CONNECTION,BUILDING_PERMIT_NUMBER,BUILDING_NUMBER,GOVERNORATE,OWNER_CLASS,PHONE_TYPE,PRIMARY_VAL,RECEIVE_BILL,REGION,RELATIONSHIP_TYPE,REQUEST_TYPE,SP_TYPE,SUB_AREA,TRNS_FRM_PREVIOUS_PRIVATE_NTK,WORK_COMPLETION_DATE_ISSUED,CS_REQTY,WORK_COMPLETION_ID,MM_SERV_TYPE,PARENT) values(?,?,?,?,?,?,?,?,?,?,?,?,?,?,?,?,?,?,?,?,?,?,?,?,?,?,?,?,?,?,?,?,?,?,?,?,?,?,?,?,?,?,?)
2022-05-10 14:59:06,676 INFO com.vinsys.diam.processors.InsertionHelper [scheduling-1] Auditing into requests table
2022-05-10 14:59:06,680 INFO com.vinsys.diam.processors.InsertionHelper [scheduling-1] Before Execute Update
2022-05-10 14:59:07,326 INFO com.vinsys.diam.processors.InsertionHelper [scheduling-1] Auditing into requests table
2022-05-10 14:59:07,326 INFO com.vinsys.diam.processors.InsertionHelper [scheduling-1] Before Execute Update
2022-05-10 14:59:07,342 INFO com.vinsys.diam.processors.InsertionHelper [scheduling-1] Execute Update Executed 1 
2022-05-10 14:59:07,342 INFO com.vinsys.diam.processors.InsertionHelper [scheduling-1] Query is INSERT INTO REQUESTS(REQUEST_ID,ACTUAL_PULL_DATE,CONSTRUCTION_PERMIT_NUMBER,OWNER_ID,OWNER_EN_NAME,OWNER_AR_NAME,PHONE,CR_NUMBER,WORK_START_ID,WORK_START_DATE_ISSUED,WILLAYATH,AREA,AREA_WAY,WAY_NAME,AREA_SIZE,BLOCK_NAME,PLOT_NUMBER,PLOT_TYPE,PREMISE_TYPE,SOCIAL_BENEFIT_NO,SOCIAL_BENEFIT_ISSUED_DATE,WATER_NETWORK,NO_OF_FAMILY_MEMBERS,OWNER_TYPE,NEAREST_WATER_CONNECTION,BUILDING_PERMIT_NUMBER,BUILDING_NUMBER,GOVERNORATE,OWNER_CLASS,PHONE_TYPE,PRIMARY_VAL,RECEIVE_BILL,REGION,RELATIONSHIP_TYPE,REQUEST_TYPE,SP_TYPE,SUB_AREA,TRNS_FRM_PREVIOUS_PRIVATE_NTK,WORK_COMPLETION_DATE_ISSUED,CS_REQTY,WORK_COMPLETION_ID,MM_SERV_TYPE,PARENT) values(?,?,?,?,?,?,?,?,?,?,?,?,?,?,?,?,?,?,?,?,?,?,?,?,?,?,?,?,?,?,?,?,?,?,?,?,?,?,?,?,?,?,?)
2022-05-10 14:59:07,527 INFO com.vinsys.diam.processors.InsertionHelper [scheduling-1] Auditing into requests table
2022-05-10 14:59:07,527 INFO com.vinsys.diam.processors.InsertionHelper [scheduling-1] Before Execute Update
2022-05-10 14:59:07,538 INFO com.vinsys.diam.processors.InsertionHelper [scheduling-1] Execute Update Executed 1 
2022-05-10 14:59:07,538 INFO com.vinsys.diam.processors.InsertionHelper [scheduling-1] Query is INSERT INTO REQUESTS(REQUEST_ID,ACTUAL_PULL_DATE,CONSTRUCTION_PERMIT_NUMBER,OWNER_ID,OWNER_EN_NAME,OWNER_AR_NAME,PHONE,CR_NUMBER,WORK_START_ID,WORK_START_DATE_ISSUED,WILLAYATH,AREA,AREA_WAY,WAY_NAME,AREA_SIZE,BLOCK_NAME,PLOT_NUMBER,PLOT_TYPE,PREMISE_TYPE,SOCIAL_BENEFIT_NO,SOCIAL_BENEFIT_ISSUED_DATE,WATER_NETWORK,NO_OF_FAMILY_MEMBERS,OWNER_TYPE,NEAREST_WATER_CONNECTION,BUILDING_PERMIT_NUMBER,BUILDING_NUMBER,GOVERNORATE,OWNER_CLASS,PHONE_TYPE,PRIMARY_VAL,RECEIVE_BILL,REGION,RELATIONSHIP_TYPE,REQUEST_TYPE,SP_TYPE,SUB_AREA,TRNS_FRM_PREVIOUS_PRIVATE_NTK,WORK_COMPLETION_DATE_ISSUED,CS_REQTY,WORK_COMPLETION_ID,MM_SERV_TYPE,PARENT) values(?,?,?,?,?,?,?,?,?,?,?,?,?,?,?,?,?,?,?,?,?,?,?,?,?,?,?,?,?,?,?,?,?,?,?,?,?,?,?,?,?,?,?)
2022-05-10 14:59:07,905 INFO com.vinsys.diam.processors.InsertionHelper [scheduling-1] Auditing into requests table
2022-05-10 14:59:07,906 INFO com.vinsys.diam.processors.InsertionHelper [scheduling-1] Before Execute Update
2022-05-10 14:59:07,913 INFO com.vinsys.diam.processors.InsertionHelper [scheduling-1] Execute Update Executed 1 
2022-05-10 14:59:07,913 INFO com.vinsys.diam.processors.InsertionHelper [scheduling-1] Query is INSERT INTO REQUESTS(REQUEST_ID,ACTUAL_PULL_DATE,CONSTRUCTION_PERMIT_NUMBER,OWNER_ID,OWNER_EN_NAME,OWNER_AR_NAME,PHONE,CR_NUMBER,WORK_START_ID,WORK_START_DATE_ISSUED,WILLAYATH,AREA,AREA_WAY,WAY_NAME,AREA_SIZE,BLOCK_NAME,PLOT_NUMBER,PLOT_TYPE,PREMISE_TYPE,SOCIAL_BENEFIT_NO,SOCIAL_BENEFIT_ISSUED_DATE,WATER_NETWORK,NO_OF_FAMILY_MEMBERS,OWNER_TYPE,NEAREST_WATER_CONNECTION,BUILDING_PERMIT_NUMBER,BUILDING_NUMBER,GOVERNORATE,OWNER_CLASS,PHONE_TYPE,PRIMARY_VAL,RECEIVE_BILL,REGION,RELATIONSHIP_TYPE,REQUEST_TYPE,SP_TYPE,SUB_AREA,TRNS_FRM_PREVIOUS_PRIVATE_NTK,WORK_COMPLETION_DATE_ISSUED,CS_REQTY,WORK_COMPLETION_ID,MM_SERV_TYPE,PARENT) values(?,?,?,?,?,?,?,?,?,?,?,?,?,?,?,?,?,?,?,?,?,?,?,?,?,?,?,?,?,?,?,?,?,?,?,?,?,?,?,?,?,?,?)
2022-05-10 14:59:08,795 INFO com.vinsys.diam.processors.InsertionHelper [scheduling-1] Auditing into requests table
2022-05-10 14:59:08,796 INFO com.vinsys.diam.processors.InsertionHelper [scheduling-1] Before Execute Update
2022-05-10 14:59:08,925 INFO com.vinsys.diam.processors.InsertionHelper [scheduling-1] Execute Update Executed 1 
2022-05-10 14:59:08,925 INFO com.vinsys.diam.processors.InsertionHelper [scheduling-1] Query is INSERT INTO REQUESTS(REQUEST_ID,ACTUAL_PULL_DATE,CONSTRUCTION_PERMIT_NUMBER,OWNER_ID,OWNER_EN_NAME,OWNER_AR_NAME,PHONE,CR_NUMBER,WORK_START_ID,WORK_START_DATE_ISSUED,WILLAYATH,AREA,AREA_WAY,WAY_NAME,AREA_SIZE,BLOCK_NAME,PLOT_NUMBER,PLOT_TYPE,PREMISE_TYPE,SOCIAL_BENEFIT_NO,SOCIAL_BENEFIT_ISSUED_DATE,WATER_NETWORK,NO_OF_FAMILY_MEMBERS,OWNER_TYPE,NEAREST_WATER_CONNECTION,BUILDING_PERMIT_NUMBER,BUILDING_NUMBER,GOVERNORATE,OWNER_CLASS,PHONE_TYPE,PRIMARY_VAL,RECEIVE_BILL,REGION,RELATIONSHIP_TYPE,REQUEST_TYPE,SP_TYPE,SUB_AREA,TRNS_FRM_PREVIOUS_PRIVATE_NTK,WORK_COMPLETION_DATE_ISSUED,CS_REQTY,WORK_COMPLETION_ID,MM_SERV_TYPE,PARENT) values(?,?,?,?,?,?,?,?,?,?,?,?,?,?,?,?,?,?,?,?,?,?,?,?,?,?,?,?,?,?,?,?,?,?,?,?,?,?,?,?,?,?,?)
2022-05-10 14:59:09,376 INFO com.vinsys.diam.processors.InsertionHelper [scheduling-1] Auditing into requests table
2022-05-10 14:59:09,376 INFO com.vinsys.diam.processors.InsertionHelper [scheduling-1] Before Execute Update
2022-05-10 14:59:09,395 INFO com.vinsys.diam.processors.InsertionHelper [scheduling-1] Execute Update Executed 1 
2022-05-10 14:59:09,395 INFO com.vinsys.diam.processors.InsertionHelper [scheduling-1] Query is INSERT INTO REQUESTS(REQUEST_ID,ACTUAL_PULL_DATE,CONSTRUCTION_PERMIT_NUMBER,OWNER_ID,OWNER_EN_NAME,OWNER_AR_NAME,PHONE,CR_NUMBER,WORK_START_ID,WORK_START_DATE_ISSUED,WILLAYATH,AREA,AREA_WAY,WAY_NAME,AREA_SIZE,BLOCK_NAME,PLOT_NUMBER,PLOT_TYPE,PREMISE_TYPE,SOCIAL_BENEFIT_NO,SOCIAL_BENEFIT_ISSUED_DATE,WATER_NETWORK,NO_OF_FAMILY_MEMBERS,OWNER_TYPE,NEAREST_WATER_CONNECTION,BUILDING_PERMIT_NUMBER,BUILDING_NUMBER,GOVERNORATE,OWNER_CLASS,PHONE_TYPE,PRIMARY_VAL,RECEIVE_BILL,REGION,RELATIONSHIP_TYPE,REQUEST_TYPE,SP_TYPE,SUB_AREA,TRNS_FRM_PREVIOUS_PRIVATE_NTK,WORK_COMPLETION_DATE_ISSUED,CS_REQTY,WORK_COMPLETION_ID,MM_SERV_TYPE,PARENT) values(?,?,?,?,?,?,?,?,?,?,?,?,?,?,?,?,?,?,?,?,?,?,?,?,?,?,?,?,?,?,?,?,?,?,?,?,?,?,?,?,?,?,?)
2022-05-10 14:59:09,668 INFO com.vinsys.diam.processors.InsertionHelper [scheduling-1] Auditing into requests table
2022-05-10 14:59:09,670 INFO com.vinsys.diam.processors.InsertionHelper [scheduling-1] Before Execute Update
2022-05-10 14:59:09,687 INFO com.vinsys.diam.processors.InsertionHelper [scheduling-1] Execute Update Executed 1 
2022-05-10 14:59:09,688 INFO com.vinsys.diam.processors.InsertionHelper [scheduling-1] Query is INSERT INTO REQUESTS(REQUEST_ID,ACTUAL_PULL_DATE,CONSTRUCTION_PERMIT_NUMBER,OWNER_ID,OWNER_EN_NAME,OWNER_AR_NAME,PHONE,CR_NUMBER,WORK_START_ID,WORK_START_DATE_ISSUED,WILLAYATH,AREA,AREA_WAY,WAY_NAME,AREA_SIZE,BLOCK_NAME,PLOT_NUMBER,PLOT_TYPE,PREMISE_TYPE,SOCIAL_BENEFIT_NO,SOCIAL_BENEFIT_ISSUED_DATE,WATER_NETWORK,NO_OF_FAMILY_MEMBERS,OWNER_TYPE,NEAREST_WATER_CONNECTION,BUILDING_PERMIT_NUMBER,BUILDING_NUMBER,GOVERNORATE,OWNER_CLASS,PHONE_TYPE,PRIMARY_VAL,RECEIVE_BILL,REGION,RELATIONSHIP_TYPE,REQUEST_TYPE,SP_TYPE,SUB_AREA,TRNS_FRM_PREVIOUS_PRIVATE_NTK,WORK_COMPLETION_DATE_ISSUED,CS_REQTY,WORK_COMPLETION_ID,MM_SERV_TYPE,PARENT) values(?,?,?,?,?,?,?,?,?,?,?,?,?,?,?,?,?,?,?,?,?,?,?,?,?,?,?,?,?,?,?,?,?,?,?,?,?,?,?,?,?,?,?)
2022-05-10 14:59:10,018 INFO com.vinsys.diam.processors.InsertionHelper [scheduling-1] Auditing into requests table
2022-05-10 14:59:10,019 INFO com.vinsys.diam.processors.InsertionHelper [scheduling-1] Before Execute Update
2022-05-10 14:59:10,027 INFO com.vinsys.diam.processors.InsertionHelper [scheduling-1] Execute Update Executed 1 
2022-05-10 14:59:10,027 INFO com.vinsys.diam.processors.InsertionHelper [scheduling-1] Query is INSERT INTO REQUESTS(REQUEST_ID,ACTUAL_PULL_DATE,CONSTRUCTION_PERMIT_NUMBER,OWNER_ID,OWNER_EN_NAME,OWNER_AR_NAME,PHONE,CR_NUMBER,WORK_START_ID,WORK_START_DATE_ISSUED,WILLAYATH,AREA,AREA_WAY,WAY_NAME,AREA_SIZE,BLOCK_NAME,PLOT_NUMBER,PLOT_TYPE,PREMISE_TYPE,SOCIAL_BENEFIT_NO,SOCIAL_BENEFIT_ISSUED_DATE,WATER_NETWORK,NO_OF_FAMILY_MEMBERS,OWNER_TYPE,NEAREST_WATER_CONNECTION,BUILDING_PERMIT_NUMBER,BUILDING_NUMBER,GOVERNORATE,OWNER_CLASS,PHONE_TYPE,PRIMARY_VAL,RECEIVE_BILL,REGION,RELATIONSHIP_TYPE,REQUEST_TYPE,SP_TYPE,SUB_AREA,TRNS_FRM_PREVIOUS_PRIVATE_NTK,WORK_COMPLETION_DATE_ISSUED,CS_REQTY,WORK_COMPLETION_ID,MM_SERV_TYPE,PARENT) values(?,?,?,?,?,?,?,?,?,?,?,?,?,?,?,?,?,?,?,?,?,?,?,?,?,?,?,?,?,?,?,?,?,?,?,?,?,?,?,?,?,?,?)
2022-05-10 14:59:10,322 INFO com.vinsys.diam.processors.InsertionHelper [scheduling-1] Auditing into requests table
2022-05-10 14:59:10,324 INFO com.vinsys.diam.processors.InsertionHelper [scheduling-1] Before Execute Update
2022-05-10 14:59:10,338 INFO com.vinsys.diam.processors.InsertionHelper [scheduling-1] Execute Update Executed 1 
2022-05-10 14:59:10,340 INFO com.vinsys.diam.processors.InsertionHelper [scheduling-1] Query is INSERT INTO REQUESTS(REQUEST_ID,ACTUAL_PULL_DATE,CONSTRUCTION_PERMIT_NUMBER,OWNER_ID,OWNER_EN_NAME,OWNER_AR_NAME,PHONE,CR_NUMBER,WORK_START_ID,WORK_START_DATE_ISSUED,WILLAYATH,AREA,AREA_WAY,WAY_NAME,AREA_SIZE,BLOCK_NAME,PLOT_NUMBER,PLOT_TYPE,PREMISE_TYPE,SOCIAL_BENEFIT_NO,SOCIAL_BENEFIT_ISSUED_DATE,WATER_NETWORK,NO_OF_FAMILY_MEMBERS,OWNER_TYPE,NEAREST_WATER_CONNECTION,BUILDING_PERMIT_NUMBER,BUILDING_NUMBER,GOVERNORATE,OWNER_CLASS,PHONE_TYPE,PRIMARY_VAL,RECEIVE_BILL,REGION,RELATIONSHIP_TYPE,REQUEST_TYPE,SP_TYPE,SUB_AREA,TRNS_FRM_PREVIOUS_PRIVATE_NTK,WORK_COMPLETION_DATE_ISSUED,CS_REQTY,WORK_COMPLETION_ID,MM_SERV_TYPE,PARENT) values(?,?,?,?,?,?,?,?,?,?,?,?,?,?,?,?,?,?,?,?,?,?,?,?,?,?,?,?,?,?,?,?,?,?,?,?,?,?,?,?,?,?,?)
2022-05-10 14:59:10,678 INFO com.vinsys.diam.processors.InsertionHelper [scheduling-1] Auditing into requests table
2022-05-10 14:59:10,678 INFO com.vinsys.diam.processors.InsertionHelper [scheduling-1] Before Execute Update
2022-05-10 14:59:10,700 INFO com.vinsys.diam.processors.InsertionHelper [scheduling-1] Execute Update Executed 1 
2022-05-10 14:59:10,700 INFO com.vinsys.diam.processors.InsertionHelper [scheduling-1] Query is INSERT INTO REQUESTS(REQUEST_ID,ACTUAL_PULL_DATE,CONSTRUCTION_PERMIT_NUMBER,OWNER_ID,OWNER_EN_NAME,OWNER_AR_NAME,PHONE,CR_NUMBER,WORK_START_ID,WORK_START_DATE_ISSUED,WILLAYATH,AREA,AREA_WAY,WAY_NAME,AREA_SIZE,BLOCK_NAME,PLOT_NUMBER,PLOT_TYPE,PREMISE_TYPE,SOCIAL_BENEFIT_NO,SOCIAL_BENEFIT_ISSUED_DATE,WATER_NETWORK,NO_OF_FAMILY_MEMBERS,OWNER_TYPE,NEAREST_WATER_CONNECTION,BUILDING_PERMIT_NUMBER,BUILDING_NUMBER,GOVERNORATE,OWNER_CLASS,PHONE_TYPE,PRIMARY_VAL,RECEIVE_BILL,REGION,RELATIONSHIP_TYPE,REQUEST_TYPE,SP_TYPE,SUB_AREA,TRNS_FRM_PREVIOUS_PRIVATE_NTK,WORK_COMPLETION_DATE_ISSUED,CS_REQTY,WORK_COMPLETION_ID,MM_SERV_TYPE,PARENT) values(?,?,?,?,?,?,?,?,?,?,?,?,?,?,?,?,?,?,?,?,?,?,?,?,?,?,?,?,?,?,?,?,?,?,?,?,?,?,?,?,?,?,?)
2022-05-10 14:59:10,707 INFO com.vinsys.diam.processors.AuditLogProcessor [scheduling-1] Auditing records in AuditDataProcessor.
2022-05-10 14:59:11,038 INFO com.vinsys.diam.processors.AuditLogProcessor [pool-2-thread-1] Auditing in database.
2022-05-10 14:59:11,079 INFO com.vinsys.diam.controllers.PAWESBServices [scheduling-1] Entered::AbstractEmailDelivery::getRestTemplate()
2022-05-10 14:59:11,090 INFO com.vinsys.diam.processors.ExceptionProcessor [scheduling-1] Auditing records in AuditDataProcessor.
2022-05-10 14:59:11,323 INFO com.vinsys.diam.processors.ExceptionProcessor [pool-3-thread-1] Auditing in database.
2022-05-10 14:59:11,330 INFO com.vinsys.diam.controllers.PAWESBServices [scheduling-1] Entered::AbstractEmailDelivery::getRestTemplate()
2022-05-10 14:59:11,362 INFO com.vinsys.diam.processors.ExceptionProcessor [scheduling-1] Auditing records in AuditDataProcessor.
2022-05-10 14:59:11,606 INFO com.vinsys.diam.processors.ExceptionProcessor [pool-4-thread-1] Auditing in database.
2022-05-10 14:59:11,662 INFO com.vinsys.diam.controllers.PAWESBServices [scheduling-1] Entered::AbstractEmailDelivery::getRestTemplate()
2022-05-10 14:59:11,674 INFO com.vinsys.diam.processors.ExceptionProcessor [scheduling-1] Auditing records in AuditDataProcessor.
2022-05-10 14:59:11,884 INFO com.vinsys.diam.processors.ExceptionProcessor [pool-5-thread-1] Auditing in database.
2022-05-10 14:59:11,892 INFO com.vinsys.diam.controllers.PAWESBServices [scheduling-1] Entered::AbstractEmailDelivery::getRestTemplate()
2022-05-10 14:59:11,906 INFO com.vinsys.diam.processors.ExceptionProcessor [scheduling-1] Auditing records in AuditDataProcessor.
2022-05-10 14:59:12,210 INFO com.vinsys.diam.processors.ExceptionProcessor [pool-6-thread-1] Auditing in database.
2022-05-10 14:59:12,245 INFO com.vinsys.diam.controllers.PAWESBServices [scheduling-1] Entered::AbstractEmailDelivery::getRestTemplate()
2022-05-10 14:59:12,271 INFO com.vinsys.diam.processors.ExceptionProcessor [scheduling-1] Auditing records in AuditDataProcessor.
2022-05-10 14:59:12,622 INFO com.vinsys.diam.processors.ExceptionProcessor [pool-7-thread-1] Auditing in database.
2022-05-10 14:59:12,642 INFO com.vinsys.diam.controllers.PAWESBServices [scheduling-1] Entered::AbstractEmailDelivery::getRestTemplate()
2022-05-10 14:59:12,652 INFO com.vinsys.diam.processors.ExceptionProcessor [scheduling-1] Auditing records in AuditDataProcessor.
2022-05-10 14:59:12,964 INFO com.vinsys.diam.processors.ExceptionProcessor [pool-8-thread-1] Auditing in database.
2022-05-10 14:59:12,969 INFO com.vinsys.diam.controllers.PAWESBServices [scheduling-1] Entered::AbstractEmailDelivery::getRestTemplate()
2022-05-10 14:59:12,978 INFO com.vinsys.diam.processors.ExceptionProcessor [scheduling-1] Auditing records in AuditDataProcessor.
2022-05-10 14:59:13,415 INFO com.vinsys.diam.processors.ExceptionProcessor [pool-9-thread-1] Auditing in database.
2022-05-10 14:59:13,431 INFO com.vinsys.diam.controllers.PAWESBServices [scheduling-1] Entered::AbstractEmailDelivery::getRestTemplate()
2022-05-10 14:59:13,455 INFO com.vinsys.diam.processors.ExceptionProcessor [scheduling-1] Auditing records in AuditDataProcessor.
2022-05-10 14:59:13,778 INFO com.vinsys.diam.processors.ExceptionProcessor [pool-10-thread-1] Auditing in database.
2022-05-10 14:59:13,791 INFO com.vinsys.diam.controllers.PAWESBServices [scheduling-1] Entered::AbstractEmailDelivery::getRestTemplate()
2022-05-10 14:59:13,802 INFO com.vinsys.diam.processors.ExceptionProcessor [scheduling-1] Auditing records in AuditDataProcessor.
2022-05-10 14:59:13,998 INFO com.vinsys.diam.processors.ExceptionProcessor [pool-11-thread-1] Auditing in database.
2022-05-10 14:59:14,008 INFO com.vinsys.diam.controllers.PAWESBServices [scheduling-1] Entered::AbstractEmailDelivery::getRestTemplate()
2022-05-10 14:59:14,017 INFO com.vinsys.diam.processors.ExceptionProcessor [scheduling-1] Auditing records in AuditDataProcessor.
2022-05-10 14:59:14,218 INFO com.vinsys.diam.processors.ExceptionProcessor [pool-12-thread-1] Auditing in database.
2022-05-10 14:59:14,224 INFO com.vinsys.diam.controllers.PAWESBServices [scheduling-1] Entered::AbstractEmailDelivery::getRestTemplate()
2022-05-10 14:59:14,235 INFO com.vinsys.diam.processors.ExceptionProcessor [scheduling-1] Auditing records in AuditDataProcessor.
2022-05-10 14:59:14,482 INFO com.vinsys.diam.processors.ExceptionProcessor [pool-13-thread-1] Auditing in database.
2022-05-10 14:59:14,536 INFO com.vinsys.diam.filters.GetDetails [scheduling-1] Inside getAggragation status.. for service code schedular
2022-05-10 14:59:14,787 INFO com.vinsys.diam.processors.ExceptionProcessor [scheduling-1] Auditing records in AuditDataProcessor.
2022-05-10 14:59:15,008 INFO com.vinsys.diam.processors.ExceptionProcessor [pool-14-thread-1] Auditing in database.
2022-05-10 14:59:24,219 INFO org.springframework.boot.admin.SpringApplicationAdminMXBeanRegistrar$SpringApplicationAdmin [RMI TCP Connection(5)-127.0.0.1] Application shutdown requested.
2022-05-10 14:59:24,247 INFO org.springframework.scheduling.concurrent.ExecutorConfigurationSupport [RMI TCP Connection(5)-127.0.0.1] Shutting down ExecutorService 'taskScheduler'
2022-05-10 14:59:24,249 INFO org.springframework.scheduling.concurrent.ExecutorConfigurationSupport [RMI TCP Connection(5)-127.0.0.1] Shutting down ExecutorService 'applicationTaskExecutor'
2022-05-10 15:00:44,043 INFO org.springframework.boot.StartupInfoLogger [main] Starting DemoApplication using Java 16.0.1 on VINSYSLT0182 with PID 18040 (D:\PAW\updated_PAW_ESB\paw-esb-services\target\classes started by admin in D:\PAW\updated_PAW_ESB\paw-esb-services)
2022-05-10 15:00:44,045 INFO org.springframework.boot.SpringApplication [main] No active profile set, falling back to default profiles: default
2022-05-10 15:00:48,211 INFO org.springframework.context.support.PostProcessorRegistrationDelegate$BeanPostProcessorChecker [main] Bean 'org.springframework.ws.config.annotation.DelegatingWsConfiguration' of type [org.springframework.ws.config.annotation.DelegatingWsConfiguration$$EnhancerBySpringCGLIB$$14383d78] is not eligible for getting processed by all BeanPostProcessors (for example: not eligible for auto-proxying)
2022-05-10 15:00:48,244 INFO org.springframework.ws.soap.addressing.server.AbstractAddressingEndpointMapping [main] Supporting [WS-Addressing August 2004, WS-Addressing 1.0]
2022-05-10 15:00:48,465 INFO org.springframework.boot.web.embedded.tomcat.TomcatWebServer [main] Tomcat initialized with port(s): 9999 (http)
2022-05-10 15:00:48,473 INFO org.apache.juli.logging.DirectJDKLog [main] Initializing ProtocolHandler ["http-nio-9999"]
2022-05-10 15:00:48,473 INFO org.apache.juli.logging.DirectJDKLog [main] Starting service [Tomcat]
2022-05-10 15:00:48,474 INFO org.apache.juli.logging.DirectJDKLog [main] Starting Servlet engine: [Apache Tomcat/9.0.45]
2022-05-10 15:00:48,572 INFO org.apache.juli.logging.DirectJDKLog [main] Initializing Spring embedded WebApplicationContext
2022-05-10 15:00:48,572 INFO org.springframework.boot.web.servlet.context.ServletWebServerApplicationContext [main] Root WebApplicationContext: initialization completed in 4478 ms
2022-05-10 15:00:48,939 INFO org.springframework.ws.soap.saaj.SaajSoapMessageFactory [main] Creating SAAJ 1.3 MessageFactory with SOAP 1.1 Protocol
2022-05-10 15:00:49,045 INFO org.springframework.scheduling.concurrent.ExecutorConfigurationSupport [main] Initializing ExecutorService 'applicationTaskExecutor'
2022-05-10 15:00:49,386 INFO org.springframework.scheduling.concurrent.ExecutorConfigurationSupport [main] Initializing ExecutorService 'taskScheduler'
2022-05-10 15:00:49,410 INFO org.springframework.boot.actuate.endpoint.web.EndpointLinksResolver [main] Exposing 2 endpoint(s) beneath base path '/actuator'
2022-05-10 15:00:49,431 INFO org.apache.juli.logging.DirectJDKLog [main] Starting ProtocolHandler ["http-nio-9999"]
2022-05-10 15:00:49,465 INFO org.springframework.boot.web.embedded.tomcat.TomcatWebServer [main] Tomcat started on port(s): 9999 (http) with context path ''
2022-05-10 15:00:49,482 INFO org.springframework.boot.StartupInfoLogger [main] Started DemoApplication in 5.755 seconds (JVM running for 6.881)
2022-05-10 15:00:51,379 INFO org.apache.juli.logging.DirectJDKLog [RMI TCP Connection(3)-127.0.0.1] Initializing Spring DispatcherServlet 'dispatcherServlet'
2022-05-10 15:00:51,379 INFO org.springframework.web.servlet.FrameworkServlet [RMI TCP Connection(3)-127.0.0.1] Initializing Servlet 'dispatcherServlet'
2022-05-10 15:00:51,380 INFO org.springframework.web.servlet.FrameworkServlet [RMI TCP Connection(3)-127.0.0.1] Completed initialization in 1 ms
2022-05-10 15:01:05,005 INFO com.vinsys.diam.controllers.PAWESBServices [scheduling-1] Entered::AbstractEmailDelivery::getRestTemplate()
2022-05-10 15:01:05,738 INFO com.vinsys.diam.processors.InsertionHelper [scheduling-1] Auditing into requests table
2022-05-10 15:01:05,811 INFO com.vinsys.diam.processors.InsertionHelper [scheduling-1] Before Execute Update
2022-05-10 15:01:05,832 INFO com.vinsys.diam.processors.InsertionHelper [scheduling-1] Execute Update Executed 1 
2022-05-10 15:01:05,832 INFO com.vinsys.diam.processors.InsertionHelper [scheduling-1] Query is INSERT INTO REQUESTS(REQUEST_ID,ACTUAL_PULL_DATE,CONSTRUCTION_PERMIT_NUMBER,OWNER_ID,OWNER_EN_NAME,OWNER_AR_NAME,PHONE,CR_NUMBER,WORK_START_ID,WORK_START_DATE_ISSUED,WILLAYATH,AREA,AREA_WAY,WAY_NAME,AREA_SIZE,BLOCK_NAME,PLOT_NUMBER,PLOT_TYPE,PREMISE_TYPE,SOCIAL_BENEFIT_NO,SOCIAL_BENEFIT_ISSUED_DATE,WATER_NETWORK,NO_OF_FAMILY_MEMBERS,OWNER_TYPE,NEAREST_WATER_CONNECTION,BUILDING_PERMIT_NUMBER,BUILDING_NUMBER,GOVERNORATE,OWNER_CLASS,PHONE_TYPE,PRIMARY_VAL,RECEIVE_BILL,REGION,RELATIONSHIP_TYPE,REQUEST_TYPE,SP_TYPE,SUB_AREA,TRNS_FRM_PREVIOUS_PRIVATE_NTK,WORK_COMPLETION_DATE_ISSUED,CS_REQTY,WORK_COMPLETION_ID,MM_SERV_TYPE,PARENT) values(?,?,?,?,?,?,?,?,?,?,?,?,?,?,?,?,?,?,?,?,?,?,?,?,?,?,?,?,?,?,?,?,?,?,?,?,?,?,?,?,?,?,?)
2022-05-10 15:01:06,140 INFO com.vinsys.diam.processors.InsertionHelper [scheduling-1] Auditing into requests table
2022-05-10 15:01:06,143 INFO com.vinsys.diam.processors.InsertionHelper [scheduling-1] Before Execute Update
2022-05-10 15:01:06,619 INFO com.vinsys.diam.processors.InsertionHelper [scheduling-1] Auditing into requests table
2022-05-10 15:01:06,619 INFO com.vinsys.diam.processors.InsertionHelper [scheduling-1] Before Execute Update
2022-05-10 15:01:06,631 INFO com.vinsys.diam.processors.InsertionHelper [scheduling-1] Execute Update Executed 1 
2022-05-10 15:01:06,631 INFO com.vinsys.diam.processors.InsertionHelper [scheduling-1] Query is INSERT INTO REQUESTS(REQUEST_ID,ACTUAL_PULL_DATE,CONSTRUCTION_PERMIT_NUMBER,OWNER_ID,OWNER_EN_NAME,OWNER_AR_NAME,PHONE,CR_NUMBER,WORK_START_ID,WORK_START_DATE_ISSUED,WILLAYATH,AREA,AREA_WAY,WAY_NAME,AREA_SIZE,BLOCK_NAME,PLOT_NUMBER,PLOT_TYPE,PREMISE_TYPE,SOCIAL_BENEFIT_NO,SOCIAL_BENEFIT_ISSUED_DATE,WATER_NETWORK,NO_OF_FAMILY_MEMBERS,OWNER_TYPE,NEAREST_WATER_CONNECTION,BUILDING_PERMIT_NUMBER,BUILDING_NUMBER,GOVERNORATE,OWNER_CLASS,PHONE_TYPE,PRIMARY_VAL,RECEIVE_BILL,REGION,RELATIONSHIP_TYPE,REQUEST_TYPE,SP_TYPE,SUB_AREA,TRNS_FRM_PREVIOUS_PRIVATE_NTK,WORK_COMPLETION_DATE_ISSUED,CS_REQTY,WORK_COMPLETION_ID,MM_SERV_TYPE,PARENT) values(?,?,?,?,?,?,?,?,?,?,?,?,?,?,?,?,?,?,?,?,?,?,?,?,?,?,?,?,?,?,?,?,?,?,?,?,?,?,?,?,?,?,?)
2022-05-10 15:01:06,999 INFO com.vinsys.diam.processors.InsertionHelper [scheduling-1] Auditing into requests table
2022-05-10 15:01:07,001 INFO com.vinsys.diam.processors.InsertionHelper [scheduling-1] Before Execute Update
2022-05-10 15:01:07,011 INFO com.vinsys.diam.processors.InsertionHelper [scheduling-1] Execute Update Executed 1 
2022-05-10 15:01:07,012 INFO com.vinsys.diam.processors.InsertionHelper [scheduling-1] Query is INSERT INTO REQUESTS(REQUEST_ID,ACTUAL_PULL_DATE,CONSTRUCTION_PERMIT_NUMBER,OWNER_ID,OWNER_EN_NAME,OWNER_AR_NAME,PHONE,CR_NUMBER,WORK_START_ID,WORK_START_DATE_ISSUED,WILLAYATH,AREA,AREA_WAY,WAY_NAME,AREA_SIZE,BLOCK_NAME,PLOT_NUMBER,PLOT_TYPE,PREMISE_TYPE,SOCIAL_BENEFIT_NO,SOCIAL_BENEFIT_ISSUED_DATE,WATER_NETWORK,NO_OF_FAMILY_MEMBERS,OWNER_TYPE,NEAREST_WATER_CONNECTION,BUILDING_PERMIT_NUMBER,BUILDING_NUMBER,GOVERNORATE,OWNER_CLASS,PHONE_TYPE,PRIMARY_VAL,RECEIVE_BILL,REGION,RELATIONSHIP_TYPE,REQUEST_TYPE,SP_TYPE,SUB_AREA,TRNS_FRM_PREVIOUS_PRIVATE_NTK,WORK_COMPLETION_DATE_ISSUED,CS_REQTY,WORK_COMPLETION_ID,MM_SERV_TYPE,PARENT) values(?,?,?,?,?,?,?,?,?,?,?,?,?,?,?,?,?,?,?,?,?,?,?,?,?,?,?,?,?,?,?,?,?,?,?,?,?,?,?,?,?,?,?)
2022-05-10 15:01:07,433 INFO com.vinsys.diam.processors.InsertionHelper [scheduling-1] Auditing into requests table
2022-05-10 15:01:07,436 INFO com.vinsys.diam.processors.InsertionHelper [scheduling-1] Before Execute Update
2022-05-10 15:01:07,457 INFO com.vinsys.diam.processors.InsertionHelper [scheduling-1] Execute Update Executed 1 
2022-05-10 15:01:07,458 INFO com.vinsys.diam.processors.InsertionHelper [scheduling-1] Query is INSERT INTO REQUESTS(REQUEST_ID,ACTUAL_PULL_DATE,CONSTRUCTION_PERMIT_NUMBER,OWNER_ID,OWNER_EN_NAME,OWNER_AR_NAME,PHONE,CR_NUMBER,WORK_START_ID,WORK_START_DATE_ISSUED,WILLAYATH,AREA,AREA_WAY,WAY_NAME,AREA_SIZE,BLOCK_NAME,PLOT_NUMBER,PLOT_TYPE,PREMISE_TYPE,SOCIAL_BENEFIT_NO,SOCIAL_BENEFIT_ISSUED_DATE,WATER_NETWORK,NO_OF_FAMILY_MEMBERS,OWNER_TYPE,NEAREST_WATER_CONNECTION,BUILDING_PERMIT_NUMBER,BUILDING_NUMBER,GOVERNORATE,OWNER_CLASS,PHONE_TYPE,PRIMARY_VAL,RECEIVE_BILL,REGION,RELATIONSHIP_TYPE,REQUEST_TYPE,SP_TYPE,SUB_AREA,TRNS_FRM_PREVIOUS_PRIVATE_NTK,WORK_COMPLETION_DATE_ISSUED,CS_REQTY,WORK_COMPLETION_ID,MM_SERV_TYPE,PARENT) values(?,?,?,?,?,?,?,?,?,?,?,?,?,?,?,?,?,?,?,?,?,?,?,?,?,?,?,?,?,?,?,?,?,?,?,?,?,?,?,?,?,?,?)
2022-05-10 15:01:07,877 INFO com.vinsys.diam.processors.InsertionHelper [scheduling-1] Auditing into requests table
2022-05-10 15:01:07,877 INFO com.vinsys.diam.processors.InsertionHelper [scheduling-1] Before Execute Update
2022-05-10 15:01:07,938 INFO com.vinsys.diam.processors.InsertionHelper [scheduling-1] Execute Update Executed 1 
2022-05-10 15:01:07,939 INFO com.vinsys.diam.processors.InsertionHelper [scheduling-1] Query is INSERT INTO REQUESTS(REQUEST_ID,ACTUAL_PULL_DATE,CONSTRUCTION_PERMIT_NUMBER,OWNER_ID,OWNER_EN_NAME,OWNER_AR_NAME,PHONE,CR_NUMBER,WORK_START_ID,WORK_START_DATE_ISSUED,WILLAYATH,AREA,AREA_WAY,WAY_NAME,AREA_SIZE,BLOCK_NAME,PLOT_NUMBER,PLOT_TYPE,PREMISE_TYPE,SOCIAL_BENEFIT_NO,SOCIAL_BENEFIT_ISSUED_DATE,WATER_NETWORK,NO_OF_FAMILY_MEMBERS,OWNER_TYPE,NEAREST_WATER_CONNECTION,BUILDING_PERMIT_NUMBER,BUILDING_NUMBER,GOVERNORATE,OWNER_CLASS,PHONE_TYPE,PRIMARY_VAL,RECEIVE_BILL,REGION,RELATIONSHIP_TYPE,REQUEST_TYPE,SP_TYPE,SUB_AREA,TRNS_FRM_PREVIOUS_PRIVATE_NTK,WORK_COMPLETION_DATE_ISSUED,CS_REQTY,WORK_COMPLETION_ID,MM_SERV_TYPE,PARENT) values(?,?,?,?,?,?,?,?,?,?,?,?,?,?,?,?,?,?,?,?,?,?,?,?,?,?,?,?,?,?,?,?,?,?,?,?,?,?,?,?,?,?,?)
2022-05-10 15:01:08,480 INFO com.vinsys.diam.processors.InsertionHelper [scheduling-1] Auditing into requests table
2022-05-10 15:01:08,483 INFO com.vinsys.diam.processors.InsertionHelper [scheduling-1] Before Execute Update
2022-05-10 15:01:08,491 INFO com.vinsys.diam.processors.InsertionHelper [scheduling-1] Execute Update Executed 1 
2022-05-10 15:01:08,491 INFO com.vinsys.diam.processors.InsertionHelper [scheduling-1] Query is INSERT INTO REQUESTS(REQUEST_ID,ACTUAL_PULL_DATE,CONSTRUCTION_PERMIT_NUMBER,OWNER_ID,OWNER_EN_NAME,OWNER_AR_NAME,PHONE,CR_NUMBER,WORK_START_ID,WORK_START_DATE_ISSUED,WILLAYATH,AREA,AREA_WAY,WAY_NAME,AREA_SIZE,BLOCK_NAME,PLOT_NUMBER,PLOT_TYPE,PREMISE_TYPE,SOCIAL_BENEFIT_NO,SOCIAL_BENEFIT_ISSUED_DATE,WATER_NETWORK,NO_OF_FAMILY_MEMBERS,OWNER_TYPE,NEAREST_WATER_CONNECTION,BUILDING_PERMIT_NUMBER,BUILDING_NUMBER,GOVERNORATE,OWNER_CLASS,PHONE_TYPE,PRIMARY_VAL,RECEIVE_BILL,REGION,RELATIONSHIP_TYPE,REQUEST_TYPE,SP_TYPE,SUB_AREA,TRNS_FRM_PREVIOUS_PRIVATE_NTK,WORK_COMPLETION_DATE_ISSUED,CS_REQTY,WORK_COMPLETION_ID,MM_SERV_TYPE,PARENT) values(?,?,?,?,?,?,?,?,?,?,?,?,?,?,?,?,?,?,?,?,?,?,?,?,?,?,?,?,?,?,?,?,?,?,?,?,?,?,?,?,?,?,?)
2022-05-10 15:01:08,872 INFO com.vinsys.diam.processors.InsertionHelper [scheduling-1] Auditing into requests table
2022-05-10 15:01:08,873 INFO com.vinsys.diam.processors.InsertionHelper [scheduling-1] Before Execute Update
2022-05-10 15:01:08,902 INFO com.vinsys.diam.processors.InsertionHelper [scheduling-1] Execute Update Executed 1 
2022-05-10 15:01:08,902 INFO com.vinsys.diam.processors.InsertionHelper [scheduling-1] Query is INSERT INTO REQUESTS(REQUEST_ID,ACTUAL_PULL_DATE,CONSTRUCTION_PERMIT_NUMBER,OWNER_ID,OWNER_EN_NAME,OWNER_AR_NAME,PHONE,CR_NUMBER,WORK_START_ID,WORK_START_DATE_ISSUED,WILLAYATH,AREA,AREA_WAY,WAY_NAME,AREA_SIZE,BLOCK_NAME,PLOT_NUMBER,PLOT_TYPE,PREMISE_TYPE,SOCIAL_BENEFIT_NO,SOCIAL_BENEFIT_ISSUED_DATE,WATER_NETWORK,NO_OF_FAMILY_MEMBERS,OWNER_TYPE,NEAREST_WATER_CONNECTION,BUILDING_PERMIT_NUMBER,BUILDING_NUMBER,GOVERNORATE,OWNER_CLASS,PHONE_TYPE,PRIMARY_VAL,RECEIVE_BILL,REGION,RELATIONSHIP_TYPE,REQUEST_TYPE,SP_TYPE,SUB_AREA,TRNS_FRM_PREVIOUS_PRIVATE_NTK,WORK_COMPLETION_DATE_ISSUED,CS_REQTY,WORK_COMPLETION_ID,MM_SERV_TYPE,PARENT) values(?,?,?,?,?,?,?,?,?,?,?,?,?,?,?,?,?,?,?,?,?,?,?,?,?,?,?,?,?,?,?,?,?,?,?,?,?,?,?,?,?,?,?)
2022-05-10 15:01:09,248 INFO com.vinsys.diam.processors.InsertionHelper [scheduling-1] Auditing into requests table
2022-05-10 15:01:09,249 INFO com.vinsys.diam.processors.InsertionHelper [scheduling-1] Before Execute Update
2022-05-10 15:01:09,294 INFO com.vinsys.diam.processors.InsertionHelper [scheduling-1] Execute Update Executed 1 
2022-05-10 15:01:09,294 INFO com.vinsys.diam.processors.InsertionHelper [scheduling-1] Query is INSERT INTO REQUESTS(REQUEST_ID,ACTUAL_PULL_DATE,CONSTRUCTION_PERMIT_NUMBER,OWNER_ID,OWNER_EN_NAME,OWNER_AR_NAME,PHONE,CR_NUMBER,WORK_START_ID,WORK_START_DATE_ISSUED,WILLAYATH,AREA,AREA_WAY,WAY_NAME,AREA_SIZE,BLOCK_NAME,PLOT_NUMBER,PLOT_TYPE,PREMISE_TYPE,SOCIAL_BENEFIT_NO,SOCIAL_BENEFIT_ISSUED_DATE,WATER_NETWORK,NO_OF_FAMILY_MEMBERS,OWNER_TYPE,NEAREST_WATER_CONNECTION,BUILDING_PERMIT_NUMBER,BUILDING_NUMBER,GOVERNORATE,OWNER_CLASS,PHONE_TYPE,PRIMARY_VAL,RECEIVE_BILL,REGION,RELATIONSHIP_TYPE,REQUEST_TYPE,SP_TYPE,SUB_AREA,TRNS_FRM_PREVIOUS_PRIVATE_NTK,WORK_COMPLETION_DATE_ISSUED,CS_REQTY,WORK_COMPLETION_ID,MM_SERV_TYPE,PARENT) values(?,?,?,?,?,?,?,?,?,?,?,?,?,?,?,?,?,?,?,?,?,?,?,?,?,?,?,?,?,?,?,?,?,?,?,?,?,?,?,?,?,?,?)
2022-05-10 15:01:09,643 INFO com.vinsys.diam.processors.InsertionHelper [scheduling-1] Auditing into requests table
2022-05-10 15:01:09,644 INFO com.vinsys.diam.processors.InsertionHelper [scheduling-1] Before Execute Update
2022-05-10 15:01:09,655 INFO com.vinsys.diam.processors.InsertionHelper [scheduling-1] Execute Update Executed 1 
2022-05-10 15:01:09,655 INFO com.vinsys.diam.processors.InsertionHelper [scheduling-1] Query is INSERT INTO REQUESTS(REQUEST_ID,ACTUAL_PULL_DATE,CONSTRUCTION_PERMIT_NUMBER,OWNER_ID,OWNER_EN_NAME,OWNER_AR_NAME,PHONE,CR_NUMBER,WORK_START_ID,WORK_START_DATE_ISSUED,WILLAYATH,AREA,AREA_WAY,WAY_NAME,AREA_SIZE,BLOCK_NAME,PLOT_NUMBER,PLOT_TYPE,PREMISE_TYPE,SOCIAL_BENEFIT_NO,SOCIAL_BENEFIT_ISSUED_DATE,WATER_NETWORK,NO_OF_FAMILY_MEMBERS,OWNER_TYPE,NEAREST_WATER_CONNECTION,BUILDING_PERMIT_NUMBER,BUILDING_NUMBER,GOVERNORATE,OWNER_CLASS,PHONE_TYPE,PRIMARY_VAL,RECEIVE_BILL,REGION,RELATIONSHIP_TYPE,REQUEST_TYPE,SP_TYPE,SUB_AREA,TRNS_FRM_PREVIOUS_PRIVATE_NTK,WORK_COMPLETION_DATE_ISSUED,CS_REQTY,WORK_COMPLETION_ID,MM_SERV_TYPE,PARENT) values(?,?,?,?,?,?,?,?,?,?,?,?,?,?,?,?,?,?,?,?,?,?,?,?,?,?,?,?,?,?,?,?,?,?,?,?,?,?,?,?,?,?,?)
2022-05-10 15:01:09,659 INFO com.vinsys.diam.processors.AuditLogProcessor [scheduling-1] Auditing records in AuditDataProcessor.
2022-05-10 15:01:09,937 INFO com.vinsys.diam.processors.AuditLogProcessor [pool-2-thread-1] Auditing in database.
2022-05-10 15:01:09,956 INFO com.vinsys.diam.controllers.PAWESBServices [scheduling-1] Entered::AbstractEmailDelivery::getRestTemplate()
2022-05-10 15:01:09,970 INFO com.vinsys.diam.processors.ExceptionProcessor [scheduling-1] Auditing records in AuditDataProcessor.
2022-05-10 15:01:10,579 INFO com.vinsys.diam.processors.ExceptionProcessor [pool-3-thread-1] Auditing in database.
2022-05-10 15:01:10,600 INFO com.vinsys.diam.controllers.PAWESBServices [scheduling-1] Entered::AbstractEmailDelivery::getRestTemplate()
2022-05-10 15:01:10,628 INFO com.vinsys.diam.processors.ExceptionProcessor [scheduling-1] Auditing records in AuditDataProcessor.
2022-05-10 15:01:10,938 INFO com.vinsys.diam.processors.ExceptionProcessor [pool-4-thread-1] Auditing in database.
2022-05-10 15:01:10,966 INFO com.vinsys.diam.controllers.PAWESBServices [scheduling-1] Entered::AbstractEmailDelivery::getRestTemplate()
2022-05-10 15:01:10,988 INFO com.vinsys.diam.processors.ExceptionProcessor [scheduling-1] Auditing records in AuditDataProcessor.
2022-05-10 15:01:11,566 INFO com.vinsys.diam.processors.ExceptionProcessor [pool-5-thread-1] Auditing in database.
2022-05-10 15:01:11,574 INFO com.vinsys.diam.controllers.PAWESBServices [scheduling-1] Entered::AbstractEmailDelivery::getRestTemplate()
2022-05-10 15:01:11,585 INFO com.vinsys.diam.processors.ExceptionProcessor [scheduling-1] Auditing records in AuditDataProcessor.
2022-05-10 15:01:11,880 INFO com.vinsys.diam.processors.ExceptionProcessor [pool-6-thread-1] Auditing in database.
2022-05-10 15:01:11,892 INFO com.vinsys.diam.controllers.PAWESBServices [scheduling-1] Entered::AbstractEmailDelivery::getRestTemplate()
2022-05-10 15:01:11,904 INFO com.vinsys.diam.processors.ExceptionProcessor [scheduling-1] Auditing records in AuditDataProcessor.
2022-05-10 15:01:12,029 INFO com.vinsys.diam.processors.ExceptionProcessor [pool-7-thread-1] Auditing in database.
2022-05-10 15:01:12,042 INFO com.vinsys.diam.controllers.PAWESBServices [scheduling-1] Entered::AbstractEmailDelivery::getRestTemplate()
2022-05-10 15:01:12,051 INFO com.vinsys.diam.processors.ExceptionProcessor [scheduling-1] Auditing records in AuditDataProcessor.
2022-05-10 15:01:12,266 INFO com.vinsys.diam.processors.ExceptionProcessor [pool-8-thread-1] Auditing in database.
2022-05-10 15:01:12,273 INFO com.vinsys.diam.controllers.PAWESBServices [scheduling-1] Entered::AbstractEmailDelivery::getRestTemplate()
2022-05-10 15:01:12,299 INFO com.vinsys.diam.processors.ExceptionProcessor [scheduling-1] Auditing records in AuditDataProcessor.
2022-05-10 15:01:12,504 INFO com.vinsys.diam.processors.ExceptionProcessor [pool-9-thread-1] Auditing in database.
2022-05-10 15:01:12,509 INFO com.vinsys.diam.controllers.PAWESBServices [scheduling-1] Entered::AbstractEmailDelivery::getRestTemplate()
2022-05-10 15:01:12,527 INFO com.vinsys.diam.processors.ExceptionProcessor [scheduling-1] Auditing records in AuditDataProcessor.
2022-05-10 15:01:12,900 INFO com.vinsys.diam.processors.ExceptionProcessor [pool-10-thread-1] Auditing in database.
2022-05-10 15:01:12,906 INFO com.vinsys.diam.controllers.PAWESBServices [scheduling-1] Entered::AbstractEmailDelivery::getRestTemplate()
2022-05-10 15:01:12,932 INFO com.vinsys.diam.processors.ExceptionProcessor [scheduling-1] Auditing records in AuditDataProcessor.
2022-05-10 15:01:13,117 INFO com.vinsys.diam.processors.ExceptionProcessor [pool-11-thread-1] Auditing in database.
2022-05-10 15:01:13,130 INFO com.vinsys.diam.controllers.PAWESBServices [scheduling-1] Entered::AbstractEmailDelivery::getRestTemplate()
2022-05-10 15:01:13,145 INFO com.vinsys.diam.processors.ExceptionProcessor [scheduling-1] Auditing records in AuditDataProcessor.
2022-05-10 15:01:13,453 INFO com.vinsys.diam.processors.ExceptionProcessor [pool-12-thread-1] Auditing in database.
2022-05-10 15:01:13,456 INFO com.vinsys.diam.filters.GetDetails [scheduling-1] Inside getAggragation status.. for service code schedular
2022-05-10 15:01:13,716 INFO com.vinsys.diam.processors.ExceptionProcessor [scheduling-1] Auditing records in AuditDataProcessor.
2022-05-10 15:01:13,879 INFO com.vinsys.diam.processors.ExceptionProcessor [pool-13-thread-1] Auditing in database.
2022-05-10 15:01:16,277 INFO org.springframework.boot.admin.SpringApplicationAdminMXBeanRegistrar$SpringApplicationAdmin [RMI TCP Connection(5)-127.0.0.1] Application shutdown requested.
2022-05-10 15:01:16,306 INFO org.springframework.scheduling.concurrent.ExecutorConfigurationSupport [RMI TCP Connection(5)-127.0.0.1] Shutting down ExecutorService 'taskScheduler'
2022-05-10 15:01:16,308 INFO org.springframework.scheduling.concurrent.ExecutorConfigurationSupport [RMI TCP Connection(5)-127.0.0.1] Shutting down ExecutorService 'applicationTaskExecutor'
2022-05-10 17:06:12,634 INFO org.springframework.boot.StartupInfoLogger [main] Starting DemoApplication using Java 16.0.1 on VINSYSLT0182 with PID 7408 (D:\PAW\updated_PAW_ESB\paw-esb-services\target\classes started by admin in D:\PAW\updated_PAW_ESB\paw-esb-services)
2022-05-10 17:06:12,638 INFO org.springframework.boot.SpringApplication [main] No active profile set, falling back to default profiles: default
2022-05-10 17:06:18,588 INFO org.springframework.context.support.PostProcessorRegistrationDelegate$BeanPostProcessorChecker [main] Bean 'org.springframework.ws.config.annotation.DelegatingWsConfiguration' of type [org.springframework.ws.config.annotation.DelegatingWsConfiguration$$EnhancerBySpringCGLIB$$6bb73636] is not eligible for getting processed by all BeanPostProcessors (for example: not eligible for auto-proxying)
2022-05-10 17:06:18,626 INFO org.springframework.ws.soap.addressing.server.AbstractAddressingEndpointMapping [main] Supporting [WS-Addressing August 2004, WS-Addressing 1.0]
2022-05-10 17:06:18,899 INFO org.springframework.boot.web.embedded.tomcat.TomcatWebServer [main] Tomcat initialized with port(s): 9999 (http)
2022-05-10 17:06:18,912 INFO org.apache.juli.logging.DirectJDKLog [main] Initializing ProtocolHandler ["http-nio-9999"]
2022-05-10 17:06:18,913 INFO org.apache.juli.logging.DirectJDKLog [main] Starting service [Tomcat]
2022-05-10 17:06:18,914 INFO org.apache.juli.logging.DirectJDKLog [main] Starting Servlet engine: [Apache Tomcat/9.0.45]
2022-05-10 17:06:19,030 INFO org.apache.juli.logging.DirectJDKLog [main] Initializing Spring embedded WebApplicationContext
2022-05-10 17:06:19,031 INFO org.springframework.boot.web.servlet.context.ServletWebServerApplicationContext [main] Root WebApplicationContext: initialization completed in 6326 ms
2022-05-10 17:06:19,284 WARN org.springframework.context.support.AbstractApplicationContext [main] Exception encountered during context initialization - cancelling refresh attempt: org.springframework.beans.factory.BeanCreationException: Error creating bean with name 'PAWESBServices' defined in file [D:\PAW\updated_PAW_ESB\paw-esb-services\target\classes\com\vinsys\diam\controllers\PAWESBServices.class]: Initialization of bean failed; nested exception is java.lang.IllegalStateException: Encountered invalid @Scheduled method 'getData': Could not resolve placeholder 'getdata.cron.schedule' in value "${getdata.cron.schedule}"
2022-05-10 17:06:19,288 INFO org.apache.juli.logging.DirectJDKLog [main] Stopping service [Tomcat]
2022-05-10 17:06:19,393 INFO org.springframework.boot.autoconfigure.logging.ConditionEvaluationReportLoggingListener [main] 

Error starting ApplicationContext. To display the conditions report re-run your application with 'debug' enabled.
2022-05-10 17:06:19,418 ERROR org.springframework.boot.SpringApplication [main] Application run failed
org.springframework.beans.factory.BeanCreationException: Error creating bean with name 'PAWESBServices' defined in file [D:\PAW\updated_PAW_ESB\paw-esb-services\target\classes\com\vinsys\diam\controllers\PAWESBServices.class]: Initialization of bean failed; nested exception is java.lang.IllegalStateException: Encountered invalid @Scheduled method 'getData': Could not resolve placeholder 'getdata.cron.schedule' in value "${getdata.cron.schedule}"
	at org.springframework.beans.factory.support.AbstractAutowireCapableBeanFactory.doCreateBean(AbstractAutowireCapableBeanFactory.java:610)
	at org.springframework.beans.factory.support.AbstractAutowireCapableBeanFactory.createBean(AbstractAutowireCapableBeanFactory.java:524)
	at org.springframework.beans.factory.support.AbstractBeanFactory.lambda$doGetBean$0(AbstractBeanFactory.java:335)
	at org.springframework.beans.factory.support.DefaultSingletonBeanRegistry.getSingleton(DefaultSingletonBeanRegistry.java:234)
	at org.springframework.beans.factory.support.AbstractBeanFactory.doGetBean(AbstractBeanFactory.java:333)
	at org.springframework.beans.factory.support.AbstractBeanFactory.getBean(AbstractBeanFactory.java:208)
	at org.springframework.beans.factory.support.DefaultListableBeanFactory.preInstantiateSingletons(DefaultListableBeanFactory.java:944)
	at org.springframework.context.support.AbstractApplicationContext.finishBeanFactoryInitialization(AbstractApplicationContext.java:918)
	at org.springframework.context.support.AbstractApplicationContext.refresh(AbstractApplicationContext.java:583)
	at org.springframework.boot.web.servlet.context.ServletWebServerApplicationContext.refresh(ServletWebServerApplicationContext.java:144)
	at org.springframework.boot.SpringApplication.refresh(SpringApplication.java:782)
	at org.springframework.boot.SpringApplication.refresh(SpringApplication.java:774)
	at org.springframework.boot.SpringApplication.refreshContext(SpringApplication.java:439)
	at org.springframework.boot.SpringApplication.run(SpringApplication.java:339)
	at org.springframework.boot.SpringApplication.run(SpringApplication.java:1340)
	at org.springframework.boot.SpringApplication.run(SpringApplication.java:1329)
	at com.vinsys.diam.esb.DemoApplication.main(DemoApplication.java:16)
Caused by: java.lang.IllegalStateException: Encountered invalid @Scheduled method 'getData': Could not resolve placeholder 'getdata.cron.schedule' in value "${getdata.cron.schedule}"
	at org.springframework.scheduling.annotation.ScheduledAnnotationBeanPostProcessor.processScheduled(ScheduledAnnotationBeanPostProcessor.java:511)
	at org.springframework.scheduling.annotation.ScheduledAnnotationBeanPostProcessor.lambda$null$1(ScheduledAnnotationBeanPostProcessor.java:374)
	at java.base/java.lang.Iterable.forEach(Iterable.java:75)
	at org.springframework.scheduling.annotation.ScheduledAnnotationBeanPostProcessor.lambda$postProcessAfterInitialization$2(ScheduledAnnotationBeanPostProcessor.java:374)
	at java.base/java.util.LinkedHashMap.forEach(LinkedHashMap.java:723)
	at org.springframework.scheduling.annotation.ScheduledAnnotationBeanPostProcessor.postProcessAfterInitialization(ScheduledAnnotationBeanPostProcessor.java:373)
	at org.springframework.beans.factory.support.AbstractAutowireCapableBeanFactory.applyBeanPostProcessorsAfterInitialization(AbstractAutowireCapableBeanFactory.java:437)
	at org.springframework.beans.factory.support.AbstractAutowireCapableBeanFactory.initializeBean(AbstractAutowireCapableBeanFactory.java:1790)
	at org.springframework.beans.factory.support.AbstractAutowireCapableBeanFactory.doCreateBean(AbstractAutowireCapableBeanFactory.java:602)
	... 16 common frames omitted
2022-05-10 17:07:04,657 INFO org.springframework.boot.StartupInfoLogger [main] Starting DemoApplication using Java 16.0.1 on VINSYSLT0182 with PID 16224 (D:\PAW\updated_PAW_ESB\paw-esb-services\target\classes started by admin in D:\PAW\updated_PAW_ESB\paw-esb-services)
2022-05-10 17:07:04,661 INFO org.springframework.boot.SpringApplication [main] No active profile set, falling back to default profiles: default
2022-05-10 17:07:10,775 INFO org.springframework.context.support.PostProcessorRegistrationDelegate$BeanPostProcessorChecker [main] Bean 'org.springframework.ws.config.annotation.DelegatingWsConfiguration' of type [org.springframework.ws.config.annotation.DelegatingWsConfiguration$$EnhancerBySpringCGLIB$$6771e766] is not eligible for getting processed by all BeanPostProcessors (for example: not eligible for auto-proxying)
2022-05-10 17:07:10,822 INFO org.springframework.ws.soap.addressing.server.AbstractAddressingEndpointMapping [main] Supporting [WS-Addressing August 2004, WS-Addressing 1.0]
2022-05-10 17:07:11,116 INFO org.springframework.boot.web.embedded.tomcat.TomcatWebServer [main] Tomcat initialized with port(s): 9999 (http)
2022-05-10 17:07:11,131 INFO org.apache.juli.logging.DirectJDKLog [main] Initializing ProtocolHandler ["http-nio-9999"]
2022-05-10 17:07:11,131 INFO org.apache.juli.logging.DirectJDKLog [main] Starting service [Tomcat]
2022-05-10 17:07:11,132 INFO org.apache.juli.logging.DirectJDKLog [main] Starting Servlet engine: [Apache Tomcat/9.0.45]
2022-05-10 17:07:11,254 INFO org.apache.juli.logging.DirectJDKLog [main] Initializing Spring embedded WebApplicationContext
2022-05-10 17:07:11,255 INFO org.springframework.boot.web.servlet.context.ServletWebServerApplicationContext [main] Root WebApplicationContext: initialization completed in 6495 ms
2022-05-10 17:07:11,732 INFO org.springframework.ws.soap.saaj.SaajSoapMessageFactory [main] Creating SAAJ 1.3 MessageFactory with SOAP 1.1 Protocol
2022-05-10 17:07:11,987 INFO org.springframework.scheduling.concurrent.ExecutorConfigurationSupport [main] Initializing ExecutorService 'applicationTaskExecutor'
2022-05-10 17:07:12,503 INFO org.springframework.scheduling.concurrent.ExecutorConfigurationSupport [main] Initializing ExecutorService 'taskScheduler'
2022-05-10 17:07:12,529 INFO org.springframework.boot.actuate.endpoint.web.EndpointLinksResolver [main] Exposing 2 endpoint(s) beneath base path '/actuator'
2022-05-10 17:07:12,555 INFO org.apache.juli.logging.DirectJDKLog [main] Starting ProtocolHandler ["http-nio-9999"]
2022-05-10 17:07:12,600 INFO org.springframework.boot.web.embedded.tomcat.TomcatWebServer [main] Tomcat started on port(s): 9999 (http) with context path ''
2022-05-10 17:07:12,620 INFO org.springframework.boot.StartupInfoLogger [main] Started DemoApplication in 8.453 seconds (JVM running for 9.793)
2022-05-10 17:07:14,317 INFO org.apache.juli.logging.DirectJDKLog [RMI TCP Connection(3)-127.0.0.1] Initializing Spring DispatcherServlet 'dispatcherServlet'
2022-05-10 17:07:14,319 INFO org.springframework.web.servlet.FrameworkServlet [RMI TCP Connection(3)-127.0.0.1] Initializing Servlet 'dispatcherServlet'
2022-05-10 17:07:14,321 INFO org.springframework.web.servlet.FrameworkServlet [RMI TCP Connection(3)-127.0.0.1] Completed initialization in 2 ms
2022-05-10 17:07:24,056 INFO com.vinsys.diam.interceptor.BaseInterceptor [http-nio-9999-exec-2] Inside prehandle
2022-05-10 17:07:24,061 INFO com.vinsys.diam.interceptor.BaseInterceptor [http-nio-9999-exec-2] ############Request Processing started for request-id AMR-INT223451232 and esbURL is /api/v1/getmmdata
2022-05-10 17:07:24,067 INFO com.vinsys.diam.filters.GetDetails [http-nio-9999-exec-2] Inside getEncryption status.. for service code getmmdata
2022-05-10 17:07:25,566 INFO com.vinsys.diam.interceptor.BaseInterceptor [http-nio-9999-exec-2] Inside DDOS filtering
2022-05-10 17:07:25,567 INFO com.vinsys.diam.filters.GetDetails [http-nio-9999-exec-2] Inside get error codes.
2022-05-10 17:07:31,457 INFO com.vinsys.diam.filters.AuthenticationFilter [http-nio-9999-exec-2] inside request param validation
2022-05-10 17:07:31,458 INFO com.vinsys.diam.filters.AuthenticationFilter [http-nio-9999-exec-2] In Timestamp validation
2022-05-10 17:07:31,462 INFO com.vinsys.diam.filters.AuthenticationFilter [http-nio-9999-exec-2] The timestamp difference is--
2022-05-10 17:07:31,463 INFO com.vinsys.diam.filters.AuthenticationFilter [http-nio-9999-exec-2] Validating auth key for consumerCode AMR with auth key bbcf4432d0d34e029d8a5a170a0e730d
2022-05-10 17:07:31,464 INFO com.vinsys.diam.filters.AuthenticationFilter [http-nio-9999-exec-2] Inside getAuthKeyFromDB..
2022-05-10 17:07:33,740 INFO com.vinsys.diam.filters.AuthenticationFilter [http-nio-9999-exec-2] Auth Key from DB for Consumer code AMR is  bbcf4432d0d34e029d8a5a170a0e730d
2022-05-10 17:07:33,742 INFO com.vinsys.diam.filters.AuthenticationFilter [http-nio-9999-exec-2] Inside getAuthKeyFromDB..
2022-05-10 17:07:34,993 INFO com.vinsys.diam.filters.AuthenticationFilter [http-nio-9999-exec-2] Whitelisted
2022-05-10 17:07:34,994 INFO com.vinsys.diam.filters.AuthenticationFilter [http-nio-9999-exec-2] Inside is whiteListed
2022-05-10 17:07:35,289 INFO com.vinsys.diam.controllers.PAWESBServices [http-nio-9999-exec-2] Entered::AbstractEmailDelivery::getRestTemplate()
2022-05-10 17:07:35,736 INFO com.vinsys.diam.interceptor.BaseInterceptor [http-nio-9999-exec-2] In post handle
2022-05-10 17:07:35,738 INFO com.vinsys.diam.processors.AuditLogProcessor [http-nio-9999-exec-2] Auditing records in AuditDataProcessor.
2022-05-10 17:07:36,012 INFO com.vinsys.diam.processors.AuditLogProcessor [pool-3-thread-1] Auditing in database.
