2023-05-11 08:49:19,786 INFO org.springframework.boot.StartupInfoLogger [main] Starting DemoApplication using Java 11.0.10 on DIAM-ITAMIDWARE with PID 25912 (D:\Vinsys-owwsc\PAW-diamservice\diamservices\target\classes started by PAMIDMGMT in D:\Vinsys-owwsc\PAW-diamservice\diamservices)
2023-05-11 08:49:19,792 INFO org.springframework.boot.SpringApplication [main] No active profile set, falling back to default profiles: default
2023-05-11 08:49:19,802 INFO org.hibernate.validator.internal.util.Version [background-preinit] HV000001: Hibernate Validator 6.1.7.Final
2023-05-11 08:49:27,690 INFO org.springframework.context.support.PostProcessorRegistrationDelegate$BeanPostProcessorChecker [main] Bean 'org.springframework.ws.config.annotation.DelegatingWsConfiguration' of type [org.springframework.ws.config.annotation.DelegatingWsConfiguration$$EnhancerBySpringCGLIB$$9d49c58c] is not eligible for getting processed by all BeanPostProcessors (for example: not eligible for auto-proxying)
2023-05-11 08:49:27,733 INFO org.springframework.ws.soap.addressing.server.AbstractAddressingEndpointMapping [main] Supporting [WS-Addressing August 2004, WS-Addressing 1.0]
2023-05-11 08:49:28,026 INFO org.springframework.boot.web.embedded.tomcat.TomcatWebServer [main] Tomcat initialized with port(s): 9999 (http)
2023-05-11 08:49:28,045 INFO org.apache.juli.logging.DirectJDKLog [main] Initializing ProtocolHandler ["http-nio-9999"]
2023-05-11 08:49:28,046 INFO org.apache.juli.logging.DirectJDKLog [main] Starting service [Tomcat]
2023-05-11 08:49:28,047 INFO org.apache.juli.logging.DirectJDKLog [main] Starting Servlet engine: [Apache Tomcat/9.0.45]
2023-05-11 08:49:28,226 INFO org.apache.juli.logging.DirectJDKLog [main] Initializing Spring embedded WebApplicationContext
2023-05-11 08:49:28,226 INFO org.springframework.boot.web.servlet.context.ServletWebServerApplicationContext [main] Root WebApplicationContext: initialization completed in 8364 ms
2023-05-11 08:49:28,766 INFO org.springframework.ws.soap.saaj.SaajSoapMessageFactory [main] Creating SAAJ 1.3 MessageFactory with SOAP 1.1 Protocol
2023-05-11 08:49:28,956 INFO org.springframework.scheduling.concurrent.ExecutorConfigurationSupport [main] Initializing ExecutorService 'applicationTaskExecutor'
2023-05-11 08:49:29,535 INFO org.springframework.scheduling.concurrent.ExecutorConfigurationSupport [main] Initializing ExecutorService 'taskScheduler'
2023-05-11 08:49:29,591 INFO org.springframework.boot.actuate.endpoint.web.EndpointLinksResolver [main] Exposing 2 endpoint(s) beneath base path '/actuator'
2023-05-11 08:49:29,634 INFO org.apache.juli.logging.DirectJDKLog [main] Starting ProtocolHandler ["http-nio-9999"]
2023-05-11 08:49:29,663 INFO org.springframework.boot.web.embedded.tomcat.TomcatWebServer [main] Tomcat started on port(s): 9999 (http) with context path ''
2023-05-11 08:49:29,700 INFO org.springframework.boot.StartupInfoLogger [main] Started DemoApplication in 10.449 seconds (JVM running for 12.932)
2023-05-11 08:50:05,013 INFO com.vinsys.diam.controllers.PAWESBServices [scheduling-1] Entered::PAWESBServices::getRestTemplate()
2023-05-11 08:50:05,032 INFO com.vinsys.diam.controllers.PAWESBServices [scheduling-1] calling getData target for Insertion in Phase 1
2023-05-11 08:50:06,087 ERROR com.vinsys.diam.controllers.PAWESBServices [scheduling-1] error while executing MMIntegration phase 1 target
2023-05-11 08:50:06,087 INFO com.vinsys.diam.processors.ExceptionProcessor [scheduling-1] Auditing records in AuditDataProcessor.
2023-05-11 08:50:48,404 ERROR com.vinsys.diam.processors.ExceptionProcessor [pool-2-thread-1] Exception while Auditing records null
2023-05-11 08:50:48,406 INFO com.vinsys.diam.filters.GetDetails [scheduling-1] Inside getAggragation status.. for service code schedular
2023-05-11 08:51:30,431 ERROR com.vinsys.diam.filters.GetDetails [scheduling-1] Error while fetching aggregation status null
2023-05-11 08:51:30,433 INFO com.vinsys.diam.processors.AuditLogProcessor [scheduling-1] Auditing records in AuditDataProcessor.
2023-05-11 08:51:35,574 INFO org.springframework.boot.admin.SpringApplicationAdminMXBeanRegistrar$SpringApplicationAdmin [RMI TCP Connection(6)-127.0.0.1] Application shutdown requested.
2023-05-11 08:51:35,666 INFO org.springframework.scheduling.concurrent.ExecutorConfigurationSupport [RMI TCP Connection(6)-127.0.0.1] Shutting down ExecutorService 'taskScheduler'
2023-05-11 08:51:35,676 INFO org.springframework.scheduling.concurrent.ExecutorConfigurationSupport [RMI TCP Connection(6)-127.0.0.1] Shutting down ExecutorService 'applicationTaskExecutor'
2023-05-11 09:34:07,425 INFO org.springframework.boot.StartupInfoLogger [main] Starting DemoApplication using Java 11.0.10 on DIAM-ITAMIDWARE with PID 29376 (D:\Vinsys-owwsc\PAW-diamservice\diamservices\target\classes started by PAMIDMGMT in D:\Vinsys-owwsc\PAW-diamservice\diamservices)
2023-05-11 09:34:07,430 INFO org.springframework.boot.SpringApplication [main] No active profile set, falling back to default profiles: default
2023-05-11 09:34:07,754 INFO org.hibernate.validator.internal.util.Version [background-preinit] HV000001: Hibernate Validator 6.1.7.Final
2023-05-11 09:34:15,508 INFO org.springframework.context.support.PostProcessorRegistrationDelegate$BeanPostProcessorChecker [main] Bean 'org.springframework.ws.config.annotation.DelegatingWsConfiguration' of type [org.springframework.ws.config.annotation.DelegatingWsConfiguration$$EnhancerBySpringCGLIB$$6bc30570] is not eligible for getting processed by all BeanPostProcessors (for example: not eligible for auto-proxying)
2023-05-11 09:34:15,548 INFO org.springframework.ws.soap.addressing.server.AbstractAddressingEndpointMapping [main] Supporting [WS-Addressing August 2004, WS-Addressing 1.0]
2023-05-11 09:34:15,833 INFO org.springframework.boot.web.embedded.tomcat.TomcatWebServer [main] Tomcat initialized with port(s): 9999 (http)
2023-05-11 09:34:15,851 INFO org.apache.juli.logging.DirectJDKLog [main] Initializing ProtocolHandler ["http-nio-9999"]
2023-05-11 09:34:15,858 INFO org.apache.juli.logging.DirectJDKLog [main] Starting service [Tomcat]
2023-05-11 09:34:15,862 INFO org.apache.juli.logging.DirectJDKLog [main] Starting Servlet engine: [Apache Tomcat/9.0.45]
2023-05-11 09:34:16,069 INFO org.apache.juli.logging.DirectJDKLog [main] Initializing Spring embedded WebApplicationContext
2023-05-11 09:34:16,069 INFO org.springframework.boot.web.servlet.context.ServletWebServerApplicationContext [main] Root WebApplicationContext: initialization completed in 8552 ms
2023-05-11 09:34:16,628 INFO org.springframework.ws.soap.saaj.SaajSoapMessageFactory [main] Creating SAAJ 1.3 MessageFactory with SOAP 1.1 Protocol
2023-05-11 09:34:16,816 INFO org.springframework.scheduling.concurrent.ExecutorConfigurationSupport [main] Initializing ExecutorService 'applicationTaskExecutor'
2023-05-11 09:34:17,432 INFO org.springframework.scheduling.concurrent.ExecutorConfigurationSupport [main] Initializing ExecutorService 'taskScheduler'
2023-05-11 09:34:17,470 INFO org.springframework.boot.actuate.endpoint.web.EndpointLinksResolver [main] Exposing 2 endpoint(s) beneath base path '/actuator'
2023-05-11 09:34:17,502 INFO org.apache.juli.logging.DirectJDKLog [main] Starting ProtocolHandler ["http-nio-9999"]
2023-05-11 09:34:17,558 INFO org.springframework.boot.web.embedded.tomcat.TomcatWebServer [main] Tomcat started on port(s): 9999 (http) with context path ''
2023-05-11 09:34:17,609 INFO org.springframework.boot.StartupInfoLogger [main] Started DemoApplication in 11.004 seconds (JVM running for 12.732)
2023-05-11 09:34:20,785 INFO org.springframework.boot.admin.SpringApplicationAdminMXBeanRegistrar$SpringApplicationAdmin [RMI TCP Connection(2)-127.0.0.1] Application shutdown requested.
2023-05-11 09:34:20,993 INFO org.springframework.scheduling.concurrent.ExecutorConfigurationSupport [RMI TCP Connection(2)-127.0.0.1] Shutting down ExecutorService 'taskScheduler'
2023-05-11 09:34:20,998 INFO org.springframework.scheduling.concurrent.ExecutorConfigurationSupport [RMI TCP Connection(2)-127.0.0.1] Shutting down ExecutorService 'applicationTaskExecutor'
2023-05-11 09:57:32,815 INFO org.springframework.boot.StartupInfoLogger [main] Starting DemoApplication using Java 11.0.10 on DIAM-ITAMIDWARE with PID 25076 (D:\Vinsys-owwsc\PAW-diamservice\diamservices\target\classes started by PAMIDMGMT in D:\Vinsys-owwsc\PAW-diamservice\diamservices)
2023-05-11 09:57:32,819 INFO org.springframework.boot.SpringApplication [main] No active profile set, falling back to default profiles: default
2023-05-11 09:57:32,821 INFO org.hibernate.validator.internal.util.Version [background-preinit] HV000001: Hibernate Validator 6.1.7.Final
2023-05-11 09:57:40,430 INFO org.springframework.context.support.PostProcessorRegistrationDelegate$BeanPostProcessorChecker [main] Bean 'org.springframework.ws.config.annotation.DelegatingWsConfiguration' of type [org.springframework.ws.config.annotation.DelegatingWsConfiguration$$EnhancerBySpringCGLIB$$9d49c58c] is not eligible for getting processed by all BeanPostProcessors (for example: not eligible for auto-proxying)
2023-05-11 09:57:40,471 INFO org.springframework.ws.soap.addressing.server.AbstractAddressingEndpointMapping [main] Supporting [WS-Addressing August 2004, WS-Addressing 1.0]
2023-05-11 09:57:40,743 INFO org.springframework.boot.web.embedded.tomcat.TomcatWebServer [main] Tomcat initialized with port(s): 9999 (http)
2023-05-11 09:57:40,757 INFO org.apache.juli.logging.DirectJDKLog [main] Initializing ProtocolHandler ["http-nio-9999"]
2023-05-11 09:57:40,758 INFO org.apache.juli.logging.DirectJDKLog [main] Starting service [Tomcat]
2023-05-11 09:57:40,764 INFO org.apache.juli.logging.DirectJDKLog [main] Starting Servlet engine: [Apache Tomcat/9.0.45]
2023-05-11 09:57:40,968 INFO org.apache.juli.logging.DirectJDKLog [main] Initializing Spring embedded WebApplicationContext
2023-05-11 09:57:40,968 INFO org.springframework.boot.web.servlet.context.ServletWebServerApplicationContext [main] Root WebApplicationContext: initialization completed in 8061 ms
2023-05-11 09:57:41,511 INFO org.springframework.ws.soap.saaj.SaajSoapMessageFactory [main] Creating SAAJ 1.3 MessageFactory with SOAP 1.1 Protocol
2023-05-11 09:57:41,699 INFO org.springframework.scheduling.concurrent.ExecutorConfigurationSupport [main] Initializing ExecutorService 'applicationTaskExecutor'
2023-05-11 09:57:42,257 INFO org.springframework.scheduling.concurrent.ExecutorConfigurationSupport [main] Initializing ExecutorService 'taskScheduler'
2023-05-11 09:57:42,300 INFO org.springframework.boot.actuate.endpoint.web.EndpointLinksResolver [main] Exposing 2 endpoint(s) beneath base path '/actuator'
2023-05-11 09:57:42,337 INFO org.apache.juli.logging.DirectJDKLog [main] Starting ProtocolHandler ["http-nio-9999"]
2023-05-11 09:57:42,377 INFO org.springframework.boot.web.embedded.tomcat.TomcatWebServer [main] Tomcat started on port(s): 9999 (http) with context path ''
2023-05-11 09:57:42,405 INFO org.springframework.boot.StartupInfoLogger [main] Started DemoApplication in 10.074 seconds (JVM running for 11.723)
2023-05-11 09:58:05,012 INFO com.vinsys.diam.controllers.PAWESBServices [scheduling-1] Entered::PAWESBServices::getRestTemplate()
2023-05-11 09:58:05,034 INFO com.vinsys.diam.controllers.PAWESBServices [scheduling-1] calling getData target for Insertion in Phase 1
2023-05-11 09:58:06,079 ERROR com.vinsys.diam.controllers.PAWESBServices [scheduling-1] error while executing MMIntegration phase 1 target
2023-05-11 09:58:06,079 INFO com.vinsys.diam.processors.ExceptionProcessor [scheduling-1] Auditing records in AuditDataProcessor.
2023-05-11 09:58:35,445 INFO org.springframework.boot.admin.SpringApplicationAdminMXBeanRegistrar$SpringApplicationAdmin [RMI TCP Connection(3)-127.0.0.1] Application shutdown requested.
2023-05-11 09:58:35,603 INFO com.vinsys.diam.filters.GetDetails [scheduling-1] Inside getAggragation status.. for service code schedular
2023-05-11 09:58:35,613 INFO org.springframework.scheduling.concurrent.ExecutorConfigurationSupport [RMI TCP Connection(3)-127.0.0.1] Shutting down ExecutorService 'taskScheduler'
2023-05-11 09:58:35,620 INFO org.springframework.scheduling.concurrent.ExecutorConfigurationSupport [RMI TCP Connection(3)-127.0.0.1] Shutting down ExecutorService 'applicationTaskExecutor'
2023-05-11 09:58:48,458 ERROR com.vinsys.diam.processors.ExceptionProcessor [pool-2-thread-1] Exception while Auditing records null
