2022-03-10 13:04:46,453 INFO org.springframework.boot.StartupInfoLogger [main] Starting DemoApplication using Java 16.0.1 on VINSYSLT0182 with PID 9164 (D:\PAW\updated_PAW_ESB\paw-esb-services\target\classes started by admin in D:\PAW\updated_PAW_ESB\paw-esb-services)
2022-03-10 13:04:46,462 INFO org.springframework.boot.SpringApplication [main] No active profile set, falling back to default profiles: default
2022-03-10 13:04:51,397 INFO org.springframework.context.support.PostProcessorRegistrationDelegate$BeanPostProcessorChecker [main] Bean 'org.springframework.ws.config.annotation.DelegatingWsConfiguration' of type [org.springframework.ws.config.annotation.DelegatingWsConfiguration$$EnhancerBySpringCGLIB$$764f418e] is not eligible for getting processed by all BeanPostProcessors (for example: not eligible for auto-proxying)
2022-03-10 13:04:51,432 INFO org.springframework.ws.soap.addressing.server.AbstractAddressingEndpointMapping [main] Supporting [WS-Addressing August 2004, WS-Addressing 1.0]
2022-03-10 13:04:51,692 INFO org.springframework.boot.web.embedded.tomcat.TomcatWebServer [main] Tomcat initialized with port(s): 9999 (http)
2022-03-10 13:04:51,708 INFO org.apache.juli.logging.DirectJDKLog [main] Initializing ProtocolHandler ["http-nio-9999"]
2022-03-10 13:04:51,709 INFO org.apache.juli.logging.DirectJDKLog [main] Starting service [Tomcat]
2022-03-10 13:04:51,709 INFO org.apache.juli.logging.DirectJDKLog [main] Starting Servlet engine: [Apache Tomcat/9.0.45]
2022-03-10 13:04:51,839 INFO org.apache.juli.logging.DirectJDKLog [main] Initializing Spring embedded WebApplicationContext
2022-03-10 13:04:51,839 INFO org.springframework.boot.web.servlet.context.ServletWebServerApplicationContext [main] Root WebApplicationContext: initialization completed in 5313 ms
2022-03-10 13:04:52,308 INFO org.springframework.ws.soap.saaj.SaajSoapMessageFactory [main] Creating SAAJ 1.3 MessageFactory with SOAP 1.1 Protocol
2022-03-10 13:04:52,439 INFO org.springframework.scheduling.concurrent.ExecutorConfigurationSupport [main] Initializing ExecutorService 'applicationTaskExecutor'
2022-03-10 13:04:52,916 INFO org.springframework.boot.actuate.endpoint.web.EndpointLinksResolver [main] Exposing 2 endpoint(s) beneath base path '/actuator'
2022-03-10 13:04:52,937 INFO org.apache.juli.logging.DirectJDKLog [main] Starting ProtocolHandler ["http-nio-9999"]
2022-03-10 13:04:52,995 INFO org.springframework.boot.web.embedded.tomcat.TomcatWebServer [main] Tomcat started on port(s): 9999 (http) with context path ''
2022-03-10 13:04:53,008 INFO org.springframework.boot.StartupInfoLogger [main] Started DemoApplication in 6.927 seconds (JVM running for 8.097)
2022-03-10 13:04:53,567 INFO org.apache.juli.logging.DirectJDKLog [RMI TCP Connection(4)-127.0.0.1] Initializing Spring DispatcherServlet 'dispatcherServlet'
2022-03-10 13:04:53,567 INFO org.springframework.web.servlet.FrameworkServlet [RMI TCP Connection(4)-127.0.0.1] Initializing Servlet 'dispatcherServlet'
2022-03-10 13:04:53,568 INFO org.springframework.web.servlet.FrameworkServlet [RMI TCP Connection(4)-127.0.0.1] Completed initialization in 1 ms
2022-03-10 13:05:36,685 INFO com.vinsys.diam.interceptor.BaseInterceptor [http-nio-9999-exec-1] Inside prehandle
2022-03-10 13:05:36,690 INFO com.vinsys.diam.interceptor.BaseInterceptor [http-nio-9999-exec-1] ############Request Processing started for request-id AMR-INT223451232 and esbURL is /api/v1/getdata
2022-03-10 13:05:36,693 INFO com.vinsys.diam.filters.GetDetails [http-nio-9999-exec-1] Inside getEncryption status.. for service code getdata
2022-03-10 13:05:37,380 INFO com.vinsys.diam.interceptor.BaseInterceptor [http-nio-9999-exec-1] Inside DDOS filtering
2022-03-10 13:05:37,381 INFO com.vinsys.diam.filters.GetDetails [http-nio-9999-exec-1] Inside get error codes.
2022-03-10 13:05:37,611 INFO com.vinsys.diam.filters.AuthenticationFilter [http-nio-9999-exec-1] inside request param validation
2022-03-10 13:05:37,611 INFO com.vinsys.diam.filters.AuthenticationFilter [http-nio-9999-exec-1] In Timestamp validation
2022-03-10 13:05:37,612 INFO com.vinsys.diam.filters.AuthenticationFilter [http-nio-9999-exec-1] The timestamp difference is--
2022-03-10 13:05:37,612 INFO com.vinsys.diam.filters.AuthenticationFilter [http-nio-9999-exec-1] Validating auth key for consumerCode AMR with auth key bbcf4432d0d34e029d8a5a170a0e730d
2022-03-10 13:05:37,612 INFO com.vinsys.diam.filters.AuthenticationFilter [http-nio-9999-exec-1] Inside getAuthKeyFromDB..
2022-03-10 13:05:37,850 INFO com.vinsys.diam.filters.AuthenticationFilter [http-nio-9999-exec-1] Auth Key from DB for Consumer code AMR is  bbcf4432d0d34e029d8a5a170a0e730d
2022-03-10 13:05:37,850 INFO com.vinsys.diam.filters.AuthenticationFilter [http-nio-9999-exec-1] Inside getAuthKeyFromDB..
2022-03-10 13:05:38,059 INFO com.vinsys.diam.filters.AuthenticationFilter [http-nio-9999-exec-1] Whitelisted
2022-03-10 13:05:38,060 INFO com.vinsys.diam.filters.AuthenticationFilter [http-nio-9999-exec-1] Inside is whiteListed
2022-03-10 13:05:38,295 INFO com.vinsys.diam.controllers.PAWESBServices [http-nio-9999-exec-1] Entered::AbstractEmailDelivery::getRestTemplate()
2022-03-10 13:05:38,516 INFO com.vinsys.diam.interceptor.BaseInterceptor [http-nio-9999-exec-1] In post handle
2022-03-10 13:05:38,517 INFO com.vinsys.diam.processors.AuditLogProcessor [http-nio-9999-exec-1] Auditing records in AuditDataProcessor.
2022-03-10 13:05:38,860 INFO com.vinsys.diam.processors.AuditLogProcessor [pool-2-thread-1] Auditing in database.
2022-03-10 13:07:33,893 INFO com.vinsys.diam.interceptor.BaseInterceptor [http-nio-9999-exec-5] Inside prehandle
2022-03-10 13:07:33,894 INFO com.vinsys.diam.interceptor.BaseInterceptor [http-nio-9999-exec-5] ############Request Processing started for request-id AMR-INT223451232 and esbURL is /api/v1/getdata
2022-03-10 13:07:33,895 INFO com.vinsys.diam.filters.GetDetails [http-nio-9999-exec-5] Inside getEncryption status.. for service code getdata
2022-03-10 13:07:34,119 INFO com.vinsys.diam.interceptor.BaseInterceptor [http-nio-9999-exec-5] Inside DDOS filtering
2022-03-10 13:07:34,119 INFO com.vinsys.diam.filters.GetDetails [http-nio-9999-exec-5] Inside get error codes.
2022-03-10 13:07:34,354 INFO com.vinsys.diam.filters.AuthenticationFilter [http-nio-9999-exec-5] inside request param validation
2022-03-10 13:07:34,354 INFO com.vinsys.diam.filters.AuthenticationFilter [http-nio-9999-exec-5] In Timestamp validation
2022-03-10 13:07:34,355 INFO com.vinsys.diam.filters.AuthenticationFilter [http-nio-9999-exec-5] The timestamp difference is--
2022-03-10 13:07:34,355 INFO com.vinsys.diam.filters.AuthenticationFilter [http-nio-9999-exec-5] Validating auth key for consumerCode AMR with auth key bbcf4432d0d34e029d8a5a170a0e730d
2022-03-10 13:07:34,355 INFO com.vinsys.diam.filters.AuthenticationFilter [http-nio-9999-exec-5] Inside getAuthKeyFromDB..
2022-03-10 13:07:34,571 INFO com.vinsys.diam.filters.AuthenticationFilter [http-nio-9999-exec-5] Auth Key from DB for Consumer code AMR is  bbcf4432d0d34e029d8a5a170a0e730d
2022-03-10 13:07:34,571 INFO com.vinsys.diam.filters.AuthenticationFilter [http-nio-9999-exec-5] Inside getAuthKeyFromDB..
2022-03-10 13:07:34,769 INFO com.vinsys.diam.filters.AuthenticationFilter [http-nio-9999-exec-5] Whitelisted
2022-03-10 13:07:34,770 INFO com.vinsys.diam.filters.AuthenticationFilter [http-nio-9999-exec-5] Inside is whiteListed
2022-03-10 13:07:34,990 INFO com.vinsys.diam.controllers.PAWESBServices [http-nio-9999-exec-5] Entered::AbstractEmailDelivery::getRestTemplate()
2022-03-10 13:07:35,114 INFO com.vinsys.diam.interceptor.BaseInterceptor [http-nio-9999-exec-5] In post handle
2022-03-10 13:07:35,114 INFO com.vinsys.diam.processors.AuditLogProcessor [http-nio-9999-exec-5] Auditing records in AuditDataProcessor.
2022-03-10 13:07:35,503 INFO com.vinsys.diam.processors.AuditLogProcessor [pool-3-thread-1] Auditing in database.
2022-03-10 14:31:28,363 INFO com.vinsys.diam.interceptor.BaseInterceptor [http-nio-9999-exec-8] Inside prehandle
2022-03-10 14:31:28,364 INFO com.vinsys.diam.interceptor.BaseInterceptor [http-nio-9999-exec-8] ############Request Processing started for request-id AMR-INT223451232 and esbURL is /api/v1/getdata
2022-03-10 14:31:28,364 INFO com.vinsys.diam.filters.GetDetails [http-nio-9999-exec-8] Inside getEncryption status.. for service code getdata
2022-03-10 14:31:28,590 INFO com.vinsys.diam.interceptor.BaseInterceptor [http-nio-9999-exec-8] Inside DDOS filtering
2022-03-10 14:31:28,591 INFO com.vinsys.diam.filters.GetDetails [http-nio-9999-exec-8] Inside get error codes.
2022-03-10 14:31:28,862 INFO com.vinsys.diam.filters.AuthenticationFilter [http-nio-9999-exec-8] inside request param validation
2022-03-10 14:31:28,863 INFO com.vinsys.diam.filters.AuthenticationFilter [http-nio-9999-exec-8] In Timestamp validation
2022-03-10 14:31:28,864 INFO com.vinsys.diam.filters.AuthenticationFilter [http-nio-9999-exec-8] The timestamp difference is--
2022-03-10 14:31:28,864 INFO com.vinsys.diam.filters.AuthenticationFilter [http-nio-9999-exec-8] Validating auth key for consumerCode AMR with auth key bbcf4432d0d34e029d8a5a170a0e730d
2022-03-10 14:31:28,865 INFO com.vinsys.diam.filters.AuthenticationFilter [http-nio-9999-exec-8] Inside getAuthKeyFromDB..
2022-03-10 14:31:29,111 INFO com.vinsys.diam.filters.AuthenticationFilter [http-nio-9999-exec-8] Auth Key from DB for Consumer code AMR is  bbcf4432d0d34e029d8a5a170a0e730d
2022-03-10 14:31:29,111 INFO com.vinsys.diam.filters.AuthenticationFilter [http-nio-9999-exec-8] Inside getAuthKeyFromDB..
2022-03-10 14:31:29,372 INFO com.vinsys.diam.filters.AuthenticationFilter [http-nio-9999-exec-8] Whitelisted
2022-03-10 14:31:29,373 INFO com.vinsys.diam.filters.AuthenticationFilter [http-nio-9999-exec-8] Inside is whiteListed
2022-03-10 14:31:29,664 INFO com.vinsys.diam.controllers.PAWESBServices [http-nio-9999-exec-8] Entered::AbstractEmailDelivery::getRestTemplate()
2022-03-10 14:31:29,823 INFO com.vinsys.diam.interceptor.BaseInterceptor [http-nio-9999-exec-8] In post handle
2022-03-10 14:31:29,824 INFO com.vinsys.diam.processors.AuditLogProcessor [http-nio-9999-exec-8] Auditing records in AuditDataProcessor.
2022-03-10 14:31:30,386 INFO com.vinsys.diam.processors.AuditLogProcessor [pool-4-thread-1] Auditing in database.
2022-03-10 14:32:58,678 INFO com.vinsys.diam.interceptor.BaseInterceptor [http-nio-9999-exec-2] Inside prehandle
2022-03-10 14:32:58,678 INFO com.vinsys.diam.interceptor.BaseInterceptor [http-nio-9999-exec-2] ############Request Processing started for request-id AMR-INT223451232 and esbURL is /api/v1/getdata
2022-03-10 14:32:58,679 INFO com.vinsys.diam.filters.GetDetails [http-nio-9999-exec-2] Inside getEncryption status.. for service code getdata
2022-03-10 14:32:59,051 INFO com.vinsys.diam.interceptor.BaseInterceptor [http-nio-9999-exec-2] Inside DDOS filtering
2022-03-10 14:32:59,052 INFO com.vinsys.diam.filters.GetDetails [http-nio-9999-exec-2] Inside get error codes.
2022-03-10 14:32:59,311 INFO com.vinsys.diam.filters.AuthenticationFilter [http-nio-9999-exec-2] inside request param validation
2022-03-10 14:32:59,311 INFO com.vinsys.diam.filters.AuthenticationFilter [http-nio-9999-exec-2] In Timestamp validation
2022-03-10 14:32:59,312 INFO com.vinsys.diam.filters.AuthenticationFilter [http-nio-9999-exec-2] The timestamp difference is--
2022-03-10 14:32:59,312 INFO com.vinsys.diam.filters.AuthenticationFilter [http-nio-9999-exec-2] Validating auth key for consumerCode AMR with auth key bbcf4432d0d34e029d8a5a170a0e730d
2022-03-10 14:32:59,313 INFO com.vinsys.diam.filters.AuthenticationFilter [http-nio-9999-exec-2] Inside getAuthKeyFromDB..
2022-03-10 14:32:59,549 INFO com.vinsys.diam.filters.AuthenticationFilter [http-nio-9999-exec-2] Auth Key from DB for Consumer code AMR is  bbcf4432d0d34e029d8a5a170a0e730d
2022-03-10 14:32:59,549 INFO com.vinsys.diam.filters.AuthenticationFilter [http-nio-9999-exec-2] Inside getAuthKeyFromDB..
2022-03-10 14:32:59,740 INFO com.vinsys.diam.filters.AuthenticationFilter [http-nio-9999-exec-2] Whitelisted
2022-03-10 14:32:59,741 INFO com.vinsys.diam.filters.AuthenticationFilter [http-nio-9999-exec-2] Inside is whiteListed
2022-03-10 14:32:59,942 INFO com.vinsys.diam.controllers.PAWESBServices [http-nio-9999-exec-2] Entered::AbstractEmailDelivery::getRestTemplate()
2022-03-10 14:33:00,247 INFO com.vinsys.diam.interceptor.BaseInterceptor [http-nio-9999-exec-2] In post handle
2022-03-10 14:33:00,248 INFO com.vinsys.diam.processors.AuditLogProcessor [http-nio-9999-exec-2] Auditing records in AuditDataProcessor.
2022-03-10 14:33:00,717 INFO com.vinsys.diam.processors.AuditLogProcessor [pool-5-thread-1] Auditing in database.
2022-03-10 15:22:10,791 INFO org.springframework.boot.admin.SpringApplicationAdminMXBeanRegistrar$SpringApplicationAdmin [RMI TCP Connection(94)-127.0.0.1] Application shutdown requested.
2022-03-10 15:22:10,830 INFO org.springframework.scheduling.concurrent.ExecutorConfigurationSupport [RMI TCP Connection(94)-127.0.0.1] Shutting down ExecutorService 'applicationTaskExecutor'
2022-03-10 15:22:18,366 INFO org.springframework.boot.StartupInfoLogger [main] Starting DemoApplication using Java 16.0.1 on VINSYSLT0182 with PID 7828 (D:\PAW\updated_PAW_ESB\paw-esb-services\target\classes started by admin in D:\PAW\updated_PAW_ESB\paw-esb-services)
2022-03-10 15:22:18,371 INFO org.springframework.boot.SpringApplication [main] No active profile set, falling back to default profiles: default
2022-03-10 15:22:22,921 INFO org.springframework.context.support.PostProcessorRegistrationDelegate$BeanPostProcessorChecker [main] Bean 'org.springframework.ws.config.annotation.DelegatingWsConfiguration' of type [org.springframework.ws.config.annotation.DelegatingWsConfiguration$$EnhancerBySpringCGLIB$$29607091] is not eligible for getting processed by all BeanPostProcessors (for example: not eligible for auto-proxying)
2022-03-10 15:22:22,954 INFO org.springframework.ws.soap.addressing.server.AbstractAddressingEndpointMapping [main] Supporting [WS-Addressing August 2004, WS-Addressing 1.0]
2022-03-10 15:22:23,180 INFO org.springframework.boot.web.embedded.tomcat.TomcatWebServer [main] Tomcat initialized with port(s): 9999 (http)
2022-03-10 15:22:23,191 INFO org.apache.juli.logging.DirectJDKLog [main] Initializing ProtocolHandler ["http-nio-9999"]
2022-03-10 15:22:23,192 INFO org.apache.juli.logging.DirectJDKLog [main] Starting service [Tomcat]
2022-03-10 15:22:23,192 INFO org.apache.juli.logging.DirectJDKLog [main] Starting Servlet engine: [Apache Tomcat/9.0.45]
2022-03-10 15:22:23,306 INFO org.apache.juli.logging.DirectJDKLog [main] Initializing Spring embedded WebApplicationContext
2022-03-10 15:22:23,306 INFO org.springframework.boot.web.servlet.context.ServletWebServerApplicationContext [main] Root WebApplicationContext: initialization completed in 4841 ms
2022-03-10 15:22:23,674 INFO org.springframework.ws.soap.saaj.SaajSoapMessageFactory [main] Creating SAAJ 1.3 MessageFactory with SOAP 1.1 Protocol
2022-03-10 15:22:23,780 INFO org.springframework.scheduling.concurrent.ExecutorConfigurationSupport [main] Initializing ExecutorService 'applicationTaskExecutor'
2022-03-10 15:22:24,103 INFO org.springframework.boot.actuate.endpoint.web.EndpointLinksResolver [main] Exposing 2 endpoint(s) beneath base path '/actuator'
2022-03-10 15:22:24,124 INFO org.apache.juli.logging.DirectJDKLog [main] Starting ProtocolHandler ["http-nio-9999"]
2022-03-10 15:22:24,167 INFO org.springframework.boot.web.embedded.tomcat.TomcatWebServer [main] Tomcat started on port(s): 9999 (http) with context path ''
2022-03-10 15:22:24,182 INFO org.springframework.boot.StartupInfoLogger [main] Started DemoApplication in 6.184 seconds (JVM running for 7.208)
2022-03-10 15:22:24,650 INFO org.apache.juli.logging.DirectJDKLog [RMI TCP Connection(4)-127.0.0.1] Initializing Spring DispatcherServlet 'dispatcherServlet'
2022-03-10 15:22:24,650 INFO org.springframework.web.servlet.FrameworkServlet [RMI TCP Connection(4)-127.0.0.1] Initializing Servlet 'dispatcherServlet'
2022-03-10 15:22:24,651 INFO org.springframework.web.servlet.FrameworkServlet [RMI TCP Connection(4)-127.0.0.1] Completed initialization in 1 ms
2022-03-10 15:22:43,724 INFO com.vinsys.diam.interceptor.BaseInterceptor [http-nio-9999-exec-2] Inside prehandle
2022-03-10 15:22:43,731 INFO com.vinsys.diam.interceptor.BaseInterceptor [http-nio-9999-exec-2] ############Request Processing started for request-id AMR-INT223451232 and esbURL is /api/v1/getdata
2022-03-10 15:22:43,736 INFO com.vinsys.diam.filters.GetDetails [http-nio-9999-exec-2] Inside getEncryption status.. for service code getdata
2022-03-10 15:22:44,952 INFO com.vinsys.diam.interceptor.BaseInterceptor [http-nio-9999-exec-2] Inside DDOS filtering
2022-03-10 15:22:44,953 INFO com.vinsys.diam.filters.GetDetails [http-nio-9999-exec-2] Inside get error codes.
2022-03-10 15:22:45,235 INFO com.vinsys.diam.filters.AuthenticationFilter [http-nio-9999-exec-2] inside request param validation
2022-03-10 15:22:45,235 INFO com.vinsys.diam.filters.AuthenticationFilter [http-nio-9999-exec-2] In Timestamp validation
2022-03-10 15:22:45,237 INFO com.vinsys.diam.filters.AuthenticationFilter [http-nio-9999-exec-2] The timestamp difference is--
2022-03-10 15:22:45,238 INFO com.vinsys.diam.filters.AuthenticationFilter [http-nio-9999-exec-2] Validating auth key for consumerCode AMR with auth key bbcf4432d0d34e029d8a5a170a0e730d
2022-03-10 15:22:45,238 INFO com.vinsys.diam.filters.AuthenticationFilter [http-nio-9999-exec-2] Inside getAuthKeyFromDB..
2022-03-10 15:22:45,644 INFO com.vinsys.diam.filters.AuthenticationFilter [http-nio-9999-exec-2] Auth Key from DB for Consumer code AMR is  bbcf4432d0d34e029d8a5a170a0e730d
2022-03-10 15:22:45,645 INFO com.vinsys.diam.filters.AuthenticationFilter [http-nio-9999-exec-2] Inside getAuthKeyFromDB..
2022-03-10 15:22:46,032 INFO com.vinsys.diam.filters.AuthenticationFilter [http-nio-9999-exec-2] Whitelisted
2022-03-10 15:22:46,032 INFO com.vinsys.diam.filters.AuthenticationFilter [http-nio-9999-exec-2] Inside is whiteListed
2022-03-10 15:22:46,381 INFO com.vinsys.diam.controllers.PAWESBServices [http-nio-9999-exec-2] Entered::AbstractEmailDelivery::getRestTemplate()
2022-03-10 15:22:46,535 INFO com.vinsys.diam.interceptor.BaseInterceptor [http-nio-9999-exec-2] In post handle
2022-03-10 15:22:46,565 INFO com.vinsys.diam.processors.AuditLogProcessor [http-nio-9999-exec-2] Auditing records in AuditDataProcessor.
2022-03-10 15:22:46,934 INFO com.vinsys.diam.processors.AuditLogProcessor [pool-2-thread-1] Auditing in database.
2022-03-10 15:36:56,326 INFO org.springframework.boot.StartupInfoLogger [main] Starting DemoApplication using Java 16.0.1 on VINSYSLT0182 with PID 9272 (D:\PAW\updated_PAW_ESB\paw-esb-services\target\classes started by admin in D:\PAW\updated_PAW_ESB\paw-esb-services)
2022-03-10 15:36:56,329 INFO org.springframework.boot.SpringApplication [main] No active profile set, falling back to default profiles: default
2022-03-10 15:37:00,799 INFO org.springframework.context.support.PostProcessorRegistrationDelegate$BeanPostProcessorChecker [main] Bean 'org.springframework.ws.config.annotation.DelegatingWsConfiguration' of type [org.springframework.ws.config.annotation.DelegatingWsConfiguration$$EnhancerBySpringCGLIB$$3c61493b] is not eligible for getting processed by all BeanPostProcessors (for example: not eligible for auto-proxying)
2022-03-10 15:37:00,837 INFO org.springframework.ws.soap.addressing.server.AbstractAddressingEndpointMapping [main] Supporting [WS-Addressing August 2004, WS-Addressing 1.0]
2022-03-10 15:37:01,105 INFO org.springframework.boot.web.embedded.tomcat.TomcatWebServer [main] Tomcat initialized with port(s): 9999 (http)
2022-03-10 15:37:01,119 INFO org.apache.juli.logging.DirectJDKLog [main] Initializing ProtocolHandler ["http-nio-9999"]
2022-03-10 15:37:01,120 INFO org.apache.juli.logging.DirectJDKLog [main] Starting service [Tomcat]
2022-03-10 15:37:01,120 INFO org.apache.juli.logging.DirectJDKLog [main] Starting Servlet engine: [Apache Tomcat/9.0.45]
2022-03-10 15:37:01,254 INFO org.apache.juli.logging.DirectJDKLog [main] Initializing Spring embedded WebApplicationContext
2022-03-10 15:37:01,255 INFO org.springframework.boot.web.servlet.context.ServletWebServerApplicationContext [main] Root WebApplicationContext: initialization completed in 4872 ms
2022-03-10 15:37:01,933 INFO org.springframework.ws.soap.saaj.SaajSoapMessageFactory [main] Creating SAAJ 1.3 MessageFactory with SOAP 1.1 Protocol
2022-03-10 15:37:02,079 INFO org.springframework.scheduling.concurrent.ExecutorConfigurationSupport [main] Initializing ExecutorService 'applicationTaskExecutor'
2022-03-10 15:37:02,523 INFO org.springframework.boot.actuate.endpoint.web.EndpointLinksResolver [main] Exposing 2 endpoint(s) beneath base path '/actuator'
2022-03-10 15:37:02,545 INFO org.apache.juli.logging.DirectJDKLog [main] Starting ProtocolHandler ["http-nio-9999"]
2022-03-10 15:37:02,588 WARN org.springframework.context.support.AbstractApplicationContext [main] Exception encountered during context initialization - cancelling refresh attempt: org.springframework.context.ApplicationContextException: Failed to start bean 'webServerStartStop'; nested exception is org.springframework.boot.web.server.PortInUseException: Port 9999 is already in use
2022-03-10 15:37:02,591 INFO org.springframework.scheduling.concurrent.ExecutorConfigurationSupport [main] Shutting down ExecutorService 'applicationTaskExecutor'
2022-03-10 15:37:02,596 INFO org.apache.juli.logging.DirectJDKLog [main] Pausing ProtocolHandler ["http-nio-9999"]
2022-03-10 15:37:02,597 INFO org.apache.juli.logging.DirectJDKLog [main] Stopping service [Tomcat]
2022-03-10 15:37:02,678 INFO org.apache.juli.logging.DirectJDKLog [main] Stopping ProtocolHandler ["http-nio-9999"]
2022-03-10 15:37:02,679 INFO org.apache.juli.logging.DirectJDKLog [main] Destroying ProtocolHandler ["http-nio-9999"]
2022-03-10 15:37:02,709 INFO org.springframework.boot.autoconfigure.logging.ConditionEvaluationReportLoggingListener [main] 

Error starting ApplicationContext. To display the conditions report re-run your application with 'debug' enabled.
2022-03-10 15:37:02,742 ERROR org.springframework.boot.diagnostics.LoggingFailureAnalysisReporter [main] 

***************************
APPLICATION FAILED TO START
***************************

Description:

Web server failed to start. Port 9999 was already in use.

Action:

Identify and stop the process that's listening on port 9999 or configure this application to listen on another port.

2022-03-10 15:37:05,316 INFO org.springframework.boot.admin.SpringApplicationAdminMXBeanRegistrar$SpringApplicationAdmin [RMI TCP Connection(25)-127.0.0.1] Application shutdown requested.
2022-03-10 15:37:05,372 INFO org.springframework.scheduling.concurrent.ExecutorConfigurationSupport [RMI TCP Connection(25)-127.0.0.1] Shutting down ExecutorService 'applicationTaskExecutor'
2022-03-10 15:37:10,851 INFO org.springframework.boot.StartupInfoLogger [main] Starting DemoApplication using Java 16.0.1 on VINSYSLT0182 with PID 3896 (D:\PAW\updated_PAW_ESB\paw-esb-services\target\classes started by admin in D:\PAW\updated_PAW_ESB\paw-esb-services)
2022-03-10 15:37:10,854 INFO org.springframework.boot.SpringApplication [main] No active profile set, falling back to default profiles: default
2022-03-10 15:37:15,304 INFO org.springframework.context.support.PostProcessorRegistrationDelegate$BeanPostProcessorChecker [main] Bean 'org.springframework.ws.config.annotation.DelegatingWsConfiguration' of type [org.springframework.ws.config.annotation.DelegatingWsConfiguration$$EnhancerBySpringCGLIB$$7bf74d9b] is not eligible for getting processed by all BeanPostProcessors (for example: not eligible for auto-proxying)
2022-03-10 15:37:15,338 INFO org.springframework.ws.soap.addressing.server.AbstractAddressingEndpointMapping [main] Supporting [WS-Addressing August 2004, WS-Addressing 1.0]
2022-03-10 15:37:15,581 INFO org.springframework.boot.web.embedded.tomcat.TomcatWebServer [main] Tomcat initialized with port(s): 9999 (http)
2022-03-10 15:37:15,592 INFO org.apache.juli.logging.DirectJDKLog [main] Initializing ProtocolHandler ["http-nio-9999"]
2022-03-10 15:37:15,593 INFO org.apache.juli.logging.DirectJDKLog [main] Starting service [Tomcat]
2022-03-10 15:37:15,593 INFO org.apache.juli.logging.DirectJDKLog [main] Starting Servlet engine: [Apache Tomcat/9.0.45]
2022-03-10 15:37:15,711 INFO org.apache.juli.logging.DirectJDKLog [main] Initializing Spring embedded WebApplicationContext
2022-03-10 15:37:15,712 INFO org.springframework.boot.web.servlet.context.ServletWebServerApplicationContext [main] Root WebApplicationContext: initialization completed in 4794 ms
2022-03-10 15:37:16,054 INFO org.springframework.ws.soap.saaj.SaajSoapMessageFactory [main] Creating SAAJ 1.3 MessageFactory with SOAP 1.1 Protocol
2022-03-10 15:37:16,159 INFO org.springframework.scheduling.concurrent.ExecutorConfigurationSupport [main] Initializing ExecutorService 'applicationTaskExecutor'
2022-03-10 15:37:16,508 INFO org.springframework.boot.actuate.endpoint.web.EndpointLinksResolver [main] Exposing 2 endpoint(s) beneath base path '/actuator'
2022-03-10 15:37:16,530 INFO org.apache.juli.logging.DirectJDKLog [main] Starting ProtocolHandler ["http-nio-9999"]
2022-03-10 15:37:16,572 INFO org.springframework.boot.web.embedded.tomcat.TomcatWebServer [main] Tomcat started on port(s): 9999 (http) with context path ''
2022-03-10 15:37:16,585 INFO org.springframework.boot.StartupInfoLogger [main] Started DemoApplication in 6.134 seconds (JVM running for 7.158)
2022-03-10 15:37:17,468 INFO org.apache.juli.logging.DirectJDKLog [RMI TCP Connection(3)-127.0.0.1] Initializing Spring DispatcherServlet 'dispatcherServlet'
2022-03-10 15:37:17,469 INFO org.springframework.web.servlet.FrameworkServlet [RMI TCP Connection(3)-127.0.0.1] Initializing Servlet 'dispatcherServlet'
2022-03-10 15:37:17,470 INFO org.springframework.web.servlet.FrameworkServlet [RMI TCP Connection(3)-127.0.0.1] Completed initialization in 0 ms
2022-03-10 15:37:31,518 INFO com.vinsys.diam.interceptor.BaseInterceptor [http-nio-9999-exec-2] Inside prehandle
2022-03-10 15:37:31,525 INFO com.vinsys.diam.interceptor.BaseInterceptor [http-nio-9999-exec-2] ############Request Processing started for request-id AMR-INT223451232 and esbURL is /api/v1/getdata
2022-03-10 15:37:31,529 INFO com.vinsys.diam.filters.GetDetails [http-nio-9999-exec-2] Inside getEncryption status.. for service code getdata
2022-03-10 15:37:32,601 INFO com.vinsys.diam.interceptor.BaseInterceptor [http-nio-9999-exec-2] Inside DDOS filtering
2022-03-10 15:37:32,602 INFO com.vinsys.diam.filters.GetDetails [http-nio-9999-exec-2] Inside get error codes.
2022-03-10 15:37:32,871 INFO com.vinsys.diam.filters.AuthenticationFilter [http-nio-9999-exec-2] inside request param validation
2022-03-10 15:37:32,871 INFO com.vinsys.diam.filters.AuthenticationFilter [http-nio-9999-exec-2] In Timestamp validation
2022-03-10 15:37:32,873 INFO com.vinsys.diam.filters.AuthenticationFilter [http-nio-9999-exec-2] The timestamp difference is--
2022-03-10 15:37:32,873 INFO com.vinsys.diam.filters.AuthenticationFilter [http-nio-9999-exec-2] Validating auth key for consumerCode AMR with auth key bbcf4432d0d34e029d8a5a170a0e730d
2022-03-10 15:37:32,873 INFO com.vinsys.diam.filters.AuthenticationFilter [http-nio-9999-exec-2] Inside getAuthKeyFromDB..
2022-03-10 15:37:33,079 INFO com.vinsys.diam.filters.AuthenticationFilter [http-nio-9999-exec-2] Auth Key from DB for Consumer code AMR is  bbcf4432d0d34e029d8a5a170a0e730d
2022-03-10 15:37:33,080 INFO com.vinsys.diam.filters.AuthenticationFilter [http-nio-9999-exec-2] Inside getAuthKeyFromDB..
2022-03-10 15:37:33,301 INFO com.vinsys.diam.filters.AuthenticationFilter [http-nio-9999-exec-2] Whitelisted
2022-03-10 15:37:33,302 INFO com.vinsys.diam.filters.AuthenticationFilter [http-nio-9999-exec-2] Inside is whiteListed
2022-03-10 15:37:33,579 INFO com.vinsys.diam.controllers.PAWESBServices [http-nio-9999-exec-2] Entered::AbstractEmailDelivery::getRestTemplate()
2022-03-10 15:37:33,721 INFO com.vinsys.diam.interceptor.BaseInterceptor [http-nio-9999-exec-2] In post handle
2022-03-10 15:37:33,724 INFO com.vinsys.diam.processors.AuditLogProcessor [http-nio-9999-exec-2] Auditing records in AuditDataProcessor.
2022-03-10 15:37:34,039 INFO com.vinsys.diam.processors.AuditLogProcessor [pool-2-thread-1] Auditing in database.
2022-03-10 16:30:05,346 INFO org.springframework.boot.admin.SpringApplicationAdminMXBeanRegistrar$SpringApplicationAdmin [RMI TCP Connection(67)-127.0.0.1] Application shutdown requested.
2022-03-10 16:30:05,382 INFO org.springframework.scheduling.concurrent.ExecutorConfigurationSupport [RMI TCP Connection(67)-127.0.0.1] Shutting down ExecutorService 'applicationTaskExecutor'
2022-03-10 16:30:10,574 INFO org.springframework.boot.StartupInfoLogger [main] Starting DemoApplication using Java 16.0.1 on VINSYSLT0182 with PID 20300 (D:\PAW\updated_PAW_ESB\paw-esb-services\target\classes started by admin in D:\PAW\updated_PAW_ESB\paw-esb-services)
2022-03-10 16:30:10,579 INFO org.springframework.boot.SpringApplication [main] No active profile set, falling back to default profiles: default
2022-03-10 16:30:19,845 INFO org.springframework.context.support.PostProcessorRegistrationDelegate$BeanPostProcessorChecker [main] Bean 'org.springframework.ws.config.annotation.DelegatingWsConfiguration' of type [org.springframework.ws.config.annotation.DelegatingWsConfiguration$$EnhancerBySpringCGLIB$$ddb0c891] is not eligible for getting processed by all BeanPostProcessors (for example: not eligible for auto-proxying)
2022-03-10 16:30:19,938 INFO org.springframework.ws.soap.addressing.server.AbstractAddressingEndpointMapping [main] Supporting [WS-Addressing August 2004, WS-Addressing 1.0]
2022-03-10 16:30:20,541 INFO org.springframework.boot.web.embedded.tomcat.TomcatWebServer [main] Tomcat initialized with port(s): 9999 (http)
2022-03-10 16:30:20,567 INFO org.apache.juli.logging.DirectJDKLog [main] Initializing ProtocolHandler ["http-nio-9999"]
2022-03-10 16:30:20,569 INFO org.apache.juli.logging.DirectJDKLog [main] Starting service [Tomcat]
2022-03-10 16:30:20,570 INFO org.apache.juli.logging.DirectJDKLog [main] Starting Servlet engine: [Apache Tomcat/9.0.45]
2022-03-10 16:30:20,825 INFO org.apache.juli.logging.DirectJDKLog [main] Initializing Spring embedded WebApplicationContext
2022-03-10 16:30:20,825 INFO org.springframework.boot.web.servlet.context.ServletWebServerApplicationContext [main] Root WebApplicationContext: initialization completed in 10185 ms
2022-03-10 16:30:21,744 INFO org.springframework.ws.soap.saaj.SaajSoapMessageFactory [main] Creating SAAJ 1.3 MessageFactory with SOAP 1.1 Protocol
2022-03-10 16:30:22,024 INFO org.springframework.scheduling.concurrent.ExecutorConfigurationSupport [main] Initializing ExecutorService 'applicationTaskExecutor'
2022-03-10 16:30:22,835 INFO org.springframework.boot.actuate.endpoint.web.EndpointLinksResolver [main] Exposing 2 endpoint(s) beneath base path '/actuator'
2022-03-10 16:30:22,896 INFO org.apache.juli.logging.DirectJDKLog [main] Starting ProtocolHandler ["http-nio-9999"]
2022-03-10 16:30:23,048 INFO org.springframework.boot.web.embedded.tomcat.TomcatWebServer [main] Tomcat started on port(s): 9999 (http) with context path ''
2022-03-10 16:30:23,095 INFO org.springframework.boot.StartupInfoLogger [main] Started DemoApplication in 12.899 seconds (JVM running for 14.241)
2022-03-10 16:30:23,233 INFO org.apache.juli.logging.DirectJDKLog [RMI TCP Connection(4)-127.0.0.1] Initializing Spring DispatcherServlet 'dispatcherServlet'
2022-03-10 16:30:23,234 INFO org.springframework.web.servlet.FrameworkServlet [RMI TCP Connection(4)-127.0.0.1] Initializing Servlet 'dispatcherServlet'
2022-03-10 16:30:23,236 INFO org.springframework.web.servlet.FrameworkServlet [RMI TCP Connection(4)-127.0.0.1] Completed initialization in 1 ms
2022-03-10 16:30:46,966 INFO com.vinsys.diam.interceptor.BaseInterceptor [http-nio-9999-exec-1] Inside prehandle
2022-03-10 16:30:46,975 INFO com.vinsys.diam.interceptor.BaseInterceptor [http-nio-9999-exec-1] ############Request Processing started for request-id AMR-INT223451232 and esbURL is /api/v1/getdata
2022-03-10 16:30:46,979 INFO com.vinsys.diam.filters.GetDetails [http-nio-9999-exec-1] Inside getEncryption status.. for service code getdata
2022-03-10 16:30:48,095 INFO com.vinsys.diam.interceptor.BaseInterceptor [http-nio-9999-exec-1] Inside DDOS filtering
2022-03-10 16:30:48,097 INFO com.vinsys.diam.filters.GetDetails [http-nio-9999-exec-1] Inside get error codes.
2022-03-10 16:30:48,424 INFO com.vinsys.diam.filters.AuthenticationFilter [http-nio-9999-exec-1] inside request param validation
2022-03-10 16:30:48,424 INFO com.vinsys.diam.filters.AuthenticationFilter [http-nio-9999-exec-1] In Timestamp validation
2022-03-10 16:30:48,426 INFO com.vinsys.diam.filters.AuthenticationFilter [http-nio-9999-exec-1] The timestamp difference is--
2022-03-10 16:30:48,426 INFO com.vinsys.diam.filters.AuthenticationFilter [http-nio-9999-exec-1] Validating auth key for consumerCode AMR with auth key bbcf4432d0d34e029d8a5a170a0e730d
2022-03-10 16:30:48,427 INFO com.vinsys.diam.filters.AuthenticationFilter [http-nio-9999-exec-1] Inside getAuthKeyFromDB..
2022-03-10 16:30:48,674 INFO com.vinsys.diam.filters.AuthenticationFilter [http-nio-9999-exec-1] Auth Key from DB for Consumer code AMR is  bbcf4432d0d34e029d8a5a170a0e730d
2022-03-10 16:30:48,675 INFO com.vinsys.diam.filters.AuthenticationFilter [http-nio-9999-exec-1] Inside getAuthKeyFromDB..
2022-03-10 16:30:48,884 INFO com.vinsys.diam.filters.AuthenticationFilter [http-nio-9999-exec-1] Whitelisted
2022-03-10 16:30:48,885 INFO com.vinsys.diam.filters.AuthenticationFilter [http-nio-9999-exec-1] Inside is whiteListed
2022-03-10 16:30:49,146 INFO com.vinsys.diam.controllers.PAWESBServices [http-nio-9999-exec-1] Entered::AbstractEmailDelivery::getRestTemplate()
2022-03-10 16:30:49,398 INFO com.vinsys.diam.interceptor.BaseInterceptor [http-nio-9999-exec-1] In post handle
2022-03-10 16:30:49,400 INFO com.vinsys.diam.processors.AuditLogProcessor [http-nio-9999-exec-1] Auditing records in AuditDataProcessor.
2022-03-10 16:30:49,649 INFO com.vinsys.diam.processors.AuditLogProcessor [pool-2-thread-1] Auditing in database.
2022-03-10 16:31:30,910 INFO com.vinsys.diam.interceptor.BaseInterceptor [http-nio-9999-exec-3] Inside prehandle
2022-03-10 16:31:30,911 INFO com.vinsys.diam.interceptor.BaseInterceptor [http-nio-9999-exec-3] ############Request Processing started for request-id AMR-INT223451232 and esbURL is /api/v1/getdata
2022-03-10 16:31:30,911 INFO com.vinsys.diam.filters.GetDetails [http-nio-9999-exec-3] Inside getEncryption status.. for service code getdata
2022-03-10 16:31:31,184 INFO com.vinsys.diam.interceptor.BaseInterceptor [http-nio-9999-exec-3] Inside DDOS filtering
2022-03-10 16:31:31,184 INFO com.vinsys.diam.filters.GetDetails [http-nio-9999-exec-3] Inside get error codes.
2022-03-10 16:31:31,465 INFO com.vinsys.diam.filters.AuthenticationFilter [http-nio-9999-exec-3] inside request param validation
2022-03-10 16:31:31,465 INFO com.vinsys.diam.filters.AuthenticationFilter [http-nio-9999-exec-3] In Timestamp validation
2022-03-10 16:31:31,467 INFO com.vinsys.diam.filters.AuthenticationFilter [http-nio-9999-exec-3] The timestamp difference is--
2022-03-10 16:31:31,467 INFO com.vinsys.diam.filters.AuthenticationFilter [http-nio-9999-exec-3] Validating auth key for consumerCode AMR with auth key bbcf4432d0d34e029d8a5a170a0e730d
2022-03-10 16:31:31,468 INFO com.vinsys.diam.filters.AuthenticationFilter [http-nio-9999-exec-3] Inside getAuthKeyFromDB..
2022-03-10 16:31:31,718 INFO com.vinsys.diam.filters.AuthenticationFilter [http-nio-9999-exec-3] Auth Key from DB for Consumer code AMR is  bbcf4432d0d34e029d8a5a170a0e730d
2022-03-10 16:31:31,718 INFO com.vinsys.diam.filters.AuthenticationFilter [http-nio-9999-exec-3] Inside getAuthKeyFromDB..
2022-03-10 16:31:31,974 INFO com.vinsys.diam.filters.AuthenticationFilter [http-nio-9999-exec-3] Whitelisted
2022-03-10 16:31:31,975 INFO com.vinsys.diam.filters.AuthenticationFilter [http-nio-9999-exec-3] Inside is whiteListed
2022-03-10 16:31:32,204 INFO com.vinsys.diam.controllers.PAWESBServices [http-nio-9999-exec-3] Entered::AbstractEmailDelivery::getRestTemplate()
2022-03-10 16:31:32,275 INFO com.vinsys.diam.interceptor.BaseInterceptor [http-nio-9999-exec-3] In post handle
2022-03-10 16:31:32,276 INFO com.vinsys.diam.processors.AuditLogProcessor [http-nio-9999-exec-3] Auditing records in AuditDataProcessor.
2022-03-10 16:31:32,472 INFO com.vinsys.diam.processors.AuditLogProcessor [pool-3-thread-1] Auditing in database.
2022-03-10 16:32:42,585 INFO org.springframework.boot.admin.SpringApplicationAdminMXBeanRegistrar$SpringApplicationAdmin [RMI TCP Connection(11)-127.0.0.1] Application shutdown requested.
2022-03-10 16:32:42,634 INFO org.springframework.scheduling.concurrent.ExecutorConfigurationSupport [RMI TCP Connection(11)-127.0.0.1] Shutting down ExecutorService 'applicationTaskExecutor'
2022-03-10 16:32:47,218 INFO org.springframework.boot.StartupInfoLogger [main] Starting DemoApplication using Java 16.0.1 on VINSYSLT0182 with PID 1484 (D:\PAW\updated_PAW_ESB\paw-esb-services\target\classes started by admin in D:\PAW\updated_PAW_ESB\paw-esb-services)
2022-03-10 16:32:47,222 INFO org.springframework.boot.SpringApplication [main] No active profile set, falling back to default profiles: default
2022-03-10 16:32:56,528 INFO org.springframework.context.support.PostProcessorRegistrationDelegate$BeanPostProcessorChecker [main] Bean 'org.springframework.ws.config.annotation.DelegatingWsConfiguration' of type [org.springframework.ws.config.annotation.DelegatingWsConfiguration$$EnhancerBySpringCGLIB$$d328821f] is not eligible for getting processed by all BeanPostProcessors (for example: not eligible for auto-proxying)
2022-03-10 16:32:56,612 INFO org.springframework.ws.soap.addressing.server.AbstractAddressingEndpointMapping [main] Supporting [WS-Addressing August 2004, WS-Addressing 1.0]
2022-03-10 16:32:57,134 INFO org.springframework.boot.web.embedded.tomcat.TomcatWebServer [main] Tomcat initialized with port(s): 9999 (http)
2022-03-10 16:32:57,162 INFO org.apache.juli.logging.DirectJDKLog [main] Initializing ProtocolHandler ["http-nio-9999"]
2022-03-10 16:32:57,164 INFO org.apache.juli.logging.DirectJDKLog [main] Starting service [Tomcat]
2022-03-10 16:32:57,164 INFO org.apache.juli.logging.DirectJDKLog [main] Starting Servlet engine: [Apache Tomcat/9.0.45]
2022-03-10 16:32:57,425 INFO org.apache.juli.logging.DirectJDKLog [main] Initializing Spring embedded WebApplicationContext
2022-03-10 16:32:57,425 INFO org.springframework.boot.web.servlet.context.ServletWebServerApplicationContext [main] Root WebApplicationContext: initialization completed in 10145 ms
2022-03-10 16:32:58,237 INFO org.springframework.ws.soap.saaj.SaajSoapMessageFactory [main] Creating SAAJ 1.3 MessageFactory with SOAP 1.1 Protocol
2022-03-10 16:32:58,472 INFO org.springframework.scheduling.concurrent.ExecutorConfigurationSupport [main] Initializing ExecutorService 'applicationTaskExecutor'
2022-03-10 16:32:59,266 INFO org.springframework.boot.actuate.endpoint.web.EndpointLinksResolver [main] Exposing 2 endpoint(s) beneath base path '/actuator'
2022-03-10 16:32:59,329 INFO org.apache.juli.logging.DirectJDKLog [main] Starting ProtocolHandler ["http-nio-9999"]
2022-03-10 16:32:59,442 INFO org.springframework.boot.web.embedded.tomcat.TomcatWebServer [main] Tomcat started on port(s): 9999 (http) with context path ''
2022-03-10 16:32:59,455 INFO org.springframework.boot.StartupInfoLogger [main] Started DemoApplication in 12.791 seconds (JVM running for 14.148)
2022-03-10 16:32:59,510 INFO org.apache.juli.logging.DirectJDKLog [RMI TCP Connection(4)-127.0.0.1] Initializing Spring DispatcherServlet 'dispatcherServlet'
2022-03-10 16:32:59,511 INFO org.springframework.web.servlet.FrameworkServlet [RMI TCP Connection(4)-127.0.0.1] Initializing Servlet 'dispatcherServlet'
2022-03-10 16:32:59,514 INFO org.springframework.web.servlet.FrameworkServlet [RMI TCP Connection(4)-127.0.0.1] Completed initialization in 3 ms
2022-03-10 17:55:42,982 INFO org.springframework.boot.admin.SpringApplicationAdminMXBeanRegistrar$SpringApplicationAdmin [RMI TCP Connection(10)-127.0.0.1] Application shutdown requested.
2022-03-10 17:55:43,076 INFO org.springframework.scheduling.concurrent.ExecutorConfigurationSupport [RMI TCP Connection(10)-127.0.0.1] Shutting down ExecutorService 'applicationTaskExecutor'
2022-03-10 17:55:49,654 INFO org.springframework.boot.StartupInfoLogger [main] Starting DemoApplication using Java 16.0.1 on VINSYSLT0182 with PID 19896 (D:\PAW\updated_PAW_ESB\paw-esb-services\target\classes started by admin in D:\PAW\updated_PAW_ESB\paw-esb-services)
2022-03-10 17:55:49,658 INFO org.springframework.boot.SpringApplication [main] No active profile set, falling back to default profiles: default
2022-03-10 17:55:53,924 INFO org.springframework.context.support.PostProcessorRegistrationDelegate$BeanPostProcessorChecker [main] Bean 'org.springframework.ws.config.annotation.DelegatingWsConfiguration' of type [org.springframework.ws.config.annotation.DelegatingWsConfiguration$$EnhancerBySpringCGLIB$$7e346b25] is not eligible for getting processed by all BeanPostProcessors (for example: not eligible for auto-proxying)
2022-03-10 17:55:53,979 INFO org.springframework.ws.soap.addressing.server.AbstractAddressingEndpointMapping [main] Supporting [WS-Addressing August 2004, WS-Addressing 1.0]
2022-03-10 17:55:54,290 INFO org.springframework.boot.web.embedded.tomcat.TomcatWebServer [main] Tomcat initialized with port(s): 9999 (http)
2022-03-10 17:55:54,306 INFO org.apache.juli.logging.DirectJDKLog [main] Initializing ProtocolHandler ["http-nio-9999"]
2022-03-10 17:55:54,307 INFO org.apache.juli.logging.DirectJDKLog [main] Starting service [Tomcat]
2022-03-10 17:55:54,308 INFO org.apache.juli.logging.DirectJDKLog [main] Starting Servlet engine: [Apache Tomcat/9.0.45]
2022-03-10 17:55:54,470 INFO org.apache.juli.logging.DirectJDKLog [main] Initializing Spring embedded WebApplicationContext
2022-03-10 17:55:54,471 INFO org.springframework.boot.web.servlet.context.ServletWebServerApplicationContext [main] Root WebApplicationContext: initialization completed in 4753 ms
2022-03-10 17:55:54,965 INFO org.springframework.ws.soap.saaj.SaajSoapMessageFactory [main] Creating SAAJ 1.3 MessageFactory with SOAP 1.1 Protocol
2022-03-10 17:55:55,081 INFO org.springframework.scheduling.concurrent.ExecutorConfigurationSupport [main] Initializing ExecutorService 'applicationTaskExecutor'
2022-03-10 17:55:55,421 INFO org.springframework.boot.actuate.endpoint.web.EndpointLinksResolver [main] Exposing 2 endpoint(s) beneath base path '/actuator'
2022-03-10 17:55:55,442 INFO org.apache.juli.logging.DirectJDKLog [main] Starting ProtocolHandler ["http-nio-9999"]
2022-03-10 17:55:55,493 INFO org.springframework.boot.web.embedded.tomcat.TomcatWebServer [main] Tomcat started on port(s): 9999 (http) with context path ''
2022-03-10 17:55:55,508 INFO org.springframework.boot.StartupInfoLogger [main] Started DemoApplication in 6.217 seconds (JVM running for 7.349)
2022-03-10 17:55:57,155 INFO org.apache.juli.logging.DirectJDKLog [RMI TCP Connection(2)-127.0.0.1] Initializing Spring DispatcherServlet 'dispatcherServlet'
2022-03-10 17:55:57,155 INFO org.springframework.web.servlet.FrameworkServlet [RMI TCP Connection(2)-127.0.0.1] Initializing Servlet 'dispatcherServlet'
2022-03-10 17:55:57,156 INFO org.springframework.web.servlet.FrameworkServlet [RMI TCP Connection(2)-127.0.0.1] Completed initialization in 1 ms
2022-03-10 18:03:51,678 INFO org.springframework.boot.admin.SpringApplicationAdminMXBeanRegistrar$SpringApplicationAdmin [RMI TCP Connection(19)-127.0.0.1] Application shutdown requested.
2022-03-10 18:03:51,785 INFO org.springframework.scheduling.concurrent.ExecutorConfigurationSupport [RMI TCP Connection(19)-127.0.0.1] Shutting down ExecutorService 'applicationTaskExecutor'
2022-03-10 18:03:56,268 INFO org.springframework.boot.StartupInfoLogger [main] Starting DemoApplication using Java 16.0.1 on VINSYSLT0182 with PID 7728 (D:\PAW\updated_PAW_ESB\paw-esb-services\target\classes started by admin in D:\PAW\updated_PAW_ESB\paw-esb-services)
2022-03-10 18:03:56,273 INFO org.springframework.boot.SpringApplication [main] No active profile set, falling back to default profiles: default
2022-03-10 18:04:00,964 INFO org.springframework.context.support.PostProcessorRegistrationDelegate$BeanPostProcessorChecker [main] Bean 'org.springframework.ws.config.annotation.DelegatingWsConfiguration' of type [org.springframework.ws.config.annotation.DelegatingWsConfiguration$$EnhancerBySpringCGLIB$$72326fad] is not eligible for getting processed by all BeanPostProcessors (for example: not eligible for auto-proxying)
2022-03-10 18:04:01,004 INFO org.springframework.ws.soap.addressing.server.AbstractAddressingEndpointMapping [main] Supporting [WS-Addressing August 2004, WS-Addressing 1.0]
2022-03-10 18:04:01,244 INFO org.springframework.boot.web.embedded.tomcat.TomcatWebServer [main] Tomcat initialized with port(s): 9999 (http)
2022-03-10 18:04:01,257 INFO org.apache.juli.logging.DirectJDKLog [main] Initializing ProtocolHandler ["http-nio-9999"]
2022-03-10 18:04:01,258 INFO org.apache.juli.logging.DirectJDKLog [main] Starting service [Tomcat]
2022-03-10 18:04:01,258 INFO org.apache.juli.logging.DirectJDKLog [main] Starting Servlet engine: [Apache Tomcat/9.0.45]
2022-03-10 18:04:01,383 INFO org.apache.juli.logging.DirectJDKLog [main] Initializing Spring embedded WebApplicationContext
2022-03-10 18:04:01,383 INFO org.springframework.boot.web.servlet.context.ServletWebServerApplicationContext [main] Root WebApplicationContext: initialization completed in 5051 ms
2022-03-10 18:04:01,722 INFO org.springframework.ws.soap.saaj.SaajSoapMessageFactory [main] Creating SAAJ 1.3 MessageFactory with SOAP 1.1 Protocol
2022-03-10 18:04:01,826 INFO org.springframework.scheduling.concurrent.ExecutorConfigurationSupport [main] Initializing ExecutorService 'applicationTaskExecutor'
2022-03-10 18:04:02,230 INFO org.springframework.boot.actuate.endpoint.web.EndpointLinksResolver [main] Exposing 2 endpoint(s) beneath base path '/actuator'
2022-03-10 18:04:02,254 INFO org.apache.juli.logging.DirectJDKLog [main] Starting ProtocolHandler ["http-nio-9999"]
2022-03-10 18:04:02,298 INFO org.springframework.boot.web.embedded.tomcat.TomcatWebServer [main] Tomcat started on port(s): 9999 (http) with context path ''
2022-03-10 18:04:02,311 INFO org.springframework.boot.StartupInfoLogger [main] Started DemoApplication in 6.379 seconds (JVM running for 7.565)
2022-03-10 18:04:04,093 INFO org.apache.juli.logging.DirectJDKLog [RMI TCP Connection(4)-127.0.0.1] Initializing Spring DispatcherServlet 'dispatcherServlet'
2022-03-10 18:04:04,094 INFO org.springframework.web.servlet.FrameworkServlet [RMI TCP Connection(4)-127.0.0.1] Initializing Servlet 'dispatcherServlet'
2022-03-10 18:04:04,098 INFO org.springframework.web.servlet.FrameworkServlet [RMI TCP Connection(4)-127.0.0.1] Completed initialization in 3 ms
2022-03-10 18:04:30,146 INFO com.vinsys.diam.interceptor.BaseInterceptor [http-nio-9999-exec-1] Inside prehandle
2022-03-10 18:04:30,155 INFO com.vinsys.diam.interceptor.BaseInterceptor [http-nio-9999-exec-1] ############Request Processing started for request-id AMR-INT223451232 and esbURL is /api/v1/getdata
2022-03-10 18:04:30,159 INFO com.vinsys.diam.filters.GetDetails [http-nio-9999-exec-1] Inside getEncryption status.. for service code getdata
2022-03-10 18:04:31,178 INFO com.vinsys.diam.interceptor.BaseInterceptor [http-nio-9999-exec-1] Inside DDOS filtering
2022-03-10 18:04:31,179 INFO com.vinsys.diam.filters.GetDetails [http-nio-9999-exec-1] Inside get error codes.
2022-03-10 18:04:31,429 INFO com.vinsys.diam.filters.AuthenticationFilter [http-nio-9999-exec-1] inside request param validation
2022-03-10 18:04:31,430 INFO com.vinsys.diam.filters.AuthenticationFilter [http-nio-9999-exec-1] In Timestamp validation
2022-03-10 18:04:31,431 INFO com.vinsys.diam.filters.AuthenticationFilter [http-nio-9999-exec-1] The timestamp difference is--
2022-03-10 18:04:31,432 INFO com.vinsys.diam.filters.AuthenticationFilter [http-nio-9999-exec-1] Validating auth key for consumerCode AMR with auth key bbcf4432d0d34e029d8a5a170a0e730d
2022-03-10 18:04:31,433 INFO com.vinsys.diam.filters.AuthenticationFilter [http-nio-9999-exec-1] Inside getAuthKeyFromDB..
2022-03-10 18:04:31,648 INFO com.vinsys.diam.filters.AuthenticationFilter [http-nio-9999-exec-1] Auth Key from DB for Consumer code AMR is  bbcf4432d0d34e029d8a5a170a0e730d
2022-03-10 18:04:31,649 INFO com.vinsys.diam.filters.AuthenticationFilter [http-nio-9999-exec-1] Inside getAuthKeyFromDB..
2022-03-10 18:04:31,898 INFO com.vinsys.diam.filters.AuthenticationFilter [http-nio-9999-exec-1] Whitelisted
2022-03-10 18:04:31,899 INFO com.vinsys.diam.filters.AuthenticationFilter [http-nio-9999-exec-1] Inside is whiteListed
2022-03-10 18:04:32,188 INFO com.vinsys.diam.controllers.PAWESBServices [http-nio-9999-exec-1] Entered::AbstractEmailDelivery::getRestTemplate()
2022-03-10 18:04:32,418 INFO com.vinsys.diam.interceptor.BaseInterceptor [http-nio-9999-exec-1] In post handle
2022-03-10 18:04:32,420 INFO com.vinsys.diam.processors.AuditLogProcessor [http-nio-9999-exec-1] Auditing records in AuditDataProcessor.
2022-03-10 18:04:32,657 INFO com.vinsys.diam.processors.AuditLogProcessor [pool-2-thread-1] Auditing in database.
2022-03-10 18:05:52,126 INFO org.springframework.boot.admin.SpringApplicationAdminMXBeanRegistrar$SpringApplicationAdmin [RMI TCP Connection(12)-127.0.0.1] Application shutdown requested.
2022-03-10 18:05:52,277 INFO org.springframework.scheduling.concurrent.ExecutorConfigurationSupport [RMI TCP Connection(12)-127.0.0.1] Shutting down ExecutorService 'applicationTaskExecutor'
2022-03-10 18:05:57,284 INFO org.springframework.boot.StartupInfoLogger [main] Starting DemoApplication using Java 16.0.1 on VINSYSLT0182 with PID 6388 (D:\PAW\updated_PAW_ESB\paw-esb-services\target\classes started by admin in D:\PAW\updated_PAW_ESB\paw-esb-services)
2022-03-10 18:05:57,288 INFO org.springframework.boot.SpringApplication [main] No active profile set, falling back to default profiles: default
2022-03-10 18:06:01,859 INFO org.springframework.context.support.PostProcessorRegistrationDelegate$BeanPostProcessorChecker [main] Bean 'org.springframework.ws.config.annotation.DelegatingWsConfiguration' of type [org.springframework.ws.config.annotation.DelegatingWsConfiguration$$EnhancerBySpringCGLIB$$8c07af3d] is not eligible for getting processed by all BeanPostProcessors (for example: not eligible for auto-proxying)
2022-03-10 18:06:01,895 INFO org.springframework.ws.soap.addressing.server.AbstractAddressingEndpointMapping [main] Supporting [WS-Addressing August 2004, WS-Addressing 1.0]
2022-03-10 18:06:02,130 INFO org.springframework.boot.web.embedded.tomcat.TomcatWebServer [main] Tomcat initialized with port(s): 9999 (http)
2022-03-10 18:06:02,141 INFO org.apache.juli.logging.DirectJDKLog [main] Initializing ProtocolHandler ["http-nio-9999"]
2022-03-10 18:06:02,142 INFO org.apache.juli.logging.DirectJDKLog [main] Starting service [Tomcat]
2022-03-10 18:06:02,142 INFO org.apache.juli.logging.DirectJDKLog [main] Starting Servlet engine: [Apache Tomcat/9.0.45]
2022-03-10 18:06:02,260 INFO org.apache.juli.logging.DirectJDKLog [main] Initializing Spring embedded WebApplicationContext
2022-03-10 18:06:02,260 INFO org.springframework.boot.web.servlet.context.ServletWebServerApplicationContext [main] Root WebApplicationContext: initialization completed in 4912 ms
2022-03-10 18:06:02,624 INFO org.springframework.ws.soap.saaj.SaajSoapMessageFactory [main] Creating SAAJ 1.3 MessageFactory with SOAP 1.1 Protocol
2022-03-10 18:06:02,725 INFO org.springframework.scheduling.concurrent.ExecutorConfigurationSupport [main] Initializing ExecutorService 'applicationTaskExecutor'
2022-03-10 18:06:03,085 INFO org.springframework.boot.actuate.endpoint.web.EndpointLinksResolver [main] Exposing 2 endpoint(s) beneath base path '/actuator'
2022-03-10 18:06:03,107 INFO org.apache.juli.logging.DirectJDKLog [main] Starting ProtocolHandler ["http-nio-9999"]
2022-03-10 18:06:03,150 INFO org.springframework.boot.web.embedded.tomcat.TomcatWebServer [main] Tomcat started on port(s): 9999 (http) with context path ''
2022-03-10 18:06:03,165 INFO org.springframework.boot.StartupInfoLogger [main] Started DemoApplication in 6.252 seconds (JVM running for 7.685)
2022-03-10 18:06:06,161 INFO org.apache.juli.logging.DirectJDKLog [RMI TCP Connection(4)-127.0.0.1] Initializing Spring DispatcherServlet 'dispatcherServlet'
2022-03-10 18:06:06,162 INFO org.springframework.web.servlet.FrameworkServlet [RMI TCP Connection(4)-127.0.0.1] Initializing Servlet 'dispatcherServlet'
2022-03-10 18:06:06,165 INFO org.springframework.web.servlet.FrameworkServlet [RMI TCP Connection(4)-127.0.0.1] Completed initialization in 2 ms
2022-03-10 18:06:07,027 INFO com.vinsys.diam.interceptor.BaseInterceptor [http-nio-9999-exec-1] Inside prehandle
2022-03-10 18:06:07,030 INFO com.vinsys.diam.interceptor.BaseInterceptor [http-nio-9999-exec-1] ############Request Processing started for request-id AMR-INT223451232 and esbURL is /api/v1/getdata
2022-03-10 18:06:07,032 INFO com.vinsys.diam.filters.GetDetails [http-nio-9999-exec-1] Inside getEncryption status.. for service code getdata
2022-03-10 18:06:07,810 INFO com.vinsys.diam.interceptor.BaseInterceptor [http-nio-9999-exec-1] Inside DDOS filtering
2022-03-10 18:06:07,811 INFO com.vinsys.diam.filters.GetDetails [http-nio-9999-exec-1] Inside get error codes.
2022-03-10 18:06:08,168 INFO com.vinsys.diam.filters.AuthenticationFilter [http-nio-9999-exec-1] inside request param validation
2022-03-10 18:06:08,169 INFO com.vinsys.diam.filters.AuthenticationFilter [http-nio-9999-exec-1] In Timestamp validation
2022-03-10 18:06:08,172 INFO com.vinsys.diam.filters.AuthenticationFilter [http-nio-9999-exec-1] The timestamp difference is--
2022-03-10 18:06:08,172 INFO com.vinsys.diam.filters.AuthenticationFilter [http-nio-9999-exec-1] Validating auth key for consumerCode AMR with auth key bbcf4432d0d34e029d8a5a170a0e730d
2022-03-10 18:06:08,173 INFO com.vinsys.diam.filters.AuthenticationFilter [http-nio-9999-exec-1] Inside getAuthKeyFromDB..
2022-03-10 18:06:08,519 INFO com.vinsys.diam.filters.AuthenticationFilter [http-nio-9999-exec-1] Auth Key from DB for Consumer code AMR is  bbcf4432d0d34e029d8a5a170a0e730d
2022-03-10 18:06:08,520 INFO com.vinsys.diam.filters.AuthenticationFilter [http-nio-9999-exec-1] Inside getAuthKeyFromDB..
2022-03-10 18:06:08,839 INFO com.vinsys.diam.filters.AuthenticationFilter [http-nio-9999-exec-1] Whitelisted
2022-03-10 18:06:08,839 INFO com.vinsys.diam.filters.AuthenticationFilter [http-nio-9999-exec-1] Inside is whiteListed
2022-03-10 18:06:09,134 INFO com.vinsys.diam.controllers.PAWESBServices [http-nio-9999-exec-1] Entered::AbstractEmailDelivery::getRestTemplate()
2022-03-10 18:06:09,280 INFO com.vinsys.diam.interceptor.BaseInterceptor [http-nio-9999-exec-1] In post handle
2022-03-10 18:06:09,282 INFO com.vinsys.diam.processors.AuditLogProcessor [http-nio-9999-exec-1] Auditing records in AuditDataProcessor.
2022-03-10 18:06:09,697 INFO com.vinsys.diam.processors.AuditLogProcessor [pool-2-thread-1] Auditing in database.
2022-03-10 18:14:57,011 INFO org.springframework.boot.admin.SpringApplicationAdminMXBeanRegistrar$SpringApplicationAdmin [RMI TCP Connection(20)-127.0.0.1] Application shutdown requested.
2022-03-10 18:14:57,049 INFO org.springframework.scheduling.concurrent.ExecutorConfigurationSupport [RMI TCP Connection(20)-127.0.0.1] Shutting down ExecutorService 'applicationTaskExecutor'
2022-03-10 18:15:02,097 INFO org.springframework.boot.StartupInfoLogger [main] Starting DemoApplication using Java 16.0.1 on VINSYSLT0182 with PID 1984 (D:\PAW\updated_PAW_ESB\paw-esb-services\target\classes started by admin in D:\PAW\updated_PAW_ESB\paw-esb-services)
2022-03-10 18:15:02,100 INFO org.springframework.boot.SpringApplication [main] No active profile set, falling back to default profiles: default
2022-03-10 18:15:06,926 INFO org.springframework.context.support.PostProcessorRegistrationDelegate$BeanPostProcessorChecker [main] Bean 'org.springframework.ws.config.annotation.DelegatingWsConfiguration' of type [org.springframework.ws.config.annotation.DelegatingWsConfiguration$$EnhancerBySpringCGLIB$$7606f3] is not eligible for getting processed by all BeanPostProcessors (for example: not eligible for auto-proxying)
2022-03-10 18:15:06,961 INFO org.springframework.ws.soap.addressing.server.AbstractAddressingEndpointMapping [main] Supporting [WS-Addressing August 2004, WS-Addressing 1.0]
2022-03-10 18:15:07,222 INFO org.springframework.boot.web.embedded.tomcat.TomcatWebServer [main] Tomcat initialized with port(s): 9999 (http)
2022-03-10 18:15:07,234 INFO org.apache.juli.logging.DirectJDKLog [main] Initializing ProtocolHandler ["http-nio-9999"]
2022-03-10 18:15:07,235 INFO org.apache.juli.logging.DirectJDKLog [main] Starting service [Tomcat]
2022-03-10 18:15:07,235 INFO org.apache.juli.logging.DirectJDKLog [main] Starting Servlet engine: [Apache Tomcat/9.0.45]
2022-03-10 18:15:07,356 INFO org.apache.juli.logging.DirectJDKLog [main] Initializing Spring embedded WebApplicationContext
2022-03-10 18:15:07,356 INFO org.springframework.boot.web.servlet.context.ServletWebServerApplicationContext [main] Root WebApplicationContext: initialization completed in 5180 ms
2022-03-10 18:15:07,698 INFO org.springframework.ws.soap.saaj.SaajSoapMessageFactory [main] Creating SAAJ 1.3 MessageFactory with SOAP 1.1 Protocol
2022-03-10 18:15:07,805 INFO org.springframework.scheduling.concurrent.ExecutorConfigurationSupport [main] Initializing ExecutorService 'applicationTaskExecutor'
2022-03-10 18:15:08,132 INFO org.springframework.boot.actuate.endpoint.web.EndpointLinksResolver [main] Exposing 2 endpoint(s) beneath base path '/actuator'
2022-03-10 18:15:08,156 INFO org.apache.juli.logging.DirectJDKLog [main] Starting ProtocolHandler ["http-nio-9999"]
2022-03-10 18:15:08,198 INFO org.springframework.boot.web.embedded.tomcat.TomcatWebServer [main] Tomcat started on port(s): 9999 (http) with context path ''
2022-03-10 18:15:08,212 INFO org.springframework.boot.StartupInfoLogger [main] Started DemoApplication in 6.619 seconds (JVM running for 7.748)
2022-03-10 18:15:08,605 INFO org.apache.juli.logging.DirectJDKLog [RMI TCP Connection(4)-127.0.0.1] Initializing Spring DispatcherServlet 'dispatcherServlet'
2022-03-10 18:15:08,606 INFO org.springframework.web.servlet.FrameworkServlet [RMI TCP Connection(4)-127.0.0.1] Initializing Servlet 'dispatcherServlet'
2022-03-10 18:15:08,607 INFO org.springframework.web.servlet.FrameworkServlet [RMI TCP Connection(4)-127.0.0.1] Completed initialization in 1 ms
2022-03-10 18:15:14,760 INFO com.vinsys.diam.interceptor.BaseInterceptor [http-nio-9999-exec-2] Inside prehandle
2022-03-10 18:15:14,763 INFO com.vinsys.diam.interceptor.BaseInterceptor [http-nio-9999-exec-2] ############Request Processing started for request-id AMR-INT223451232 and esbURL is /api/v1/getdata
2022-03-10 18:15:14,767 INFO com.vinsys.diam.filters.GetDetails [http-nio-9999-exec-2] Inside getEncryption status.. for service code getdata
2022-03-10 18:15:15,487 INFO com.vinsys.diam.interceptor.BaseInterceptor [http-nio-9999-exec-2] Inside DDOS filtering
2022-03-10 18:15:15,487 INFO com.vinsys.diam.filters.GetDetails [http-nio-9999-exec-2] Inside get error codes.
2022-03-10 18:15:15,854 INFO com.vinsys.diam.filters.AuthenticationFilter [http-nio-9999-exec-2] inside request param validation
2022-03-10 18:15:15,856 INFO com.vinsys.diam.filters.AuthenticationFilter [http-nio-9999-exec-2] In Timestamp validation
2022-03-10 18:15:15,857 INFO com.vinsys.diam.filters.AuthenticationFilter [http-nio-9999-exec-2] The timestamp difference is--
2022-03-10 18:15:15,858 ERROR com.vinsys.diam.interceptor.BaseInterceptor [http-nio-9999-exec-2] Invalid timestamp
2022-03-10 18:15:15,859 INFO com.vinsys.diam.processors.ExceptionProcessor [http-nio-9999-exec-2] Auditing records in AuditDataProcessor.
2022-03-10 18:15:16,119 INFO com.vinsys.diam.processors.ExceptionProcessor [pool-2-thread-1] Auditing in database.
2022-03-10 18:15:25,259 INFO com.vinsys.diam.interceptor.BaseInterceptor [http-nio-9999-exec-3] Inside prehandle
2022-03-10 18:15:25,259 INFO com.vinsys.diam.interceptor.BaseInterceptor [http-nio-9999-exec-3] ############Request Processing started for request-id AMR-INT223451232 and esbURL is /api/v1/getdata
2022-03-10 18:15:25,260 INFO com.vinsys.diam.filters.GetDetails [http-nio-9999-exec-3] Inside getEncryption status.. for service code getdata
2022-03-10 18:15:25,594 INFO com.vinsys.diam.interceptor.BaseInterceptor [http-nio-9999-exec-3] Inside DDOS filtering
2022-03-10 18:15:25,595 INFO com.vinsys.diam.filters.GetDetails [http-nio-9999-exec-3] Inside get error codes.
2022-03-10 18:15:25,875 INFO com.vinsys.diam.filters.AuthenticationFilter [http-nio-9999-exec-3] inside request param validation
2022-03-10 18:15:25,876 INFO com.vinsys.diam.filters.AuthenticationFilter [http-nio-9999-exec-3] In Timestamp validation
2022-03-10 18:15:25,877 INFO com.vinsys.diam.filters.AuthenticationFilter [http-nio-9999-exec-3] The timestamp difference is--
2022-03-10 18:15:25,877 INFO com.vinsys.diam.filters.AuthenticationFilter [http-nio-9999-exec-3] Validating auth key for consumerCode AMR with auth key bbcf4432d0d34e029d8a5a170a0e730d
2022-03-10 18:15:25,878 INFO com.vinsys.diam.filters.AuthenticationFilter [http-nio-9999-exec-3] Inside getAuthKeyFromDB..
2022-03-10 18:15:26,095 INFO com.vinsys.diam.filters.AuthenticationFilter [http-nio-9999-exec-3] Auth Key from DB for Consumer code AMR is  bbcf4432d0d34e029d8a5a170a0e730d
2022-03-10 18:15:26,096 INFO com.vinsys.diam.filters.AuthenticationFilter [http-nio-9999-exec-3] Inside getAuthKeyFromDB..
2022-03-10 18:15:26,315 INFO com.vinsys.diam.filters.AuthenticationFilter [http-nio-9999-exec-3] Whitelisted
2022-03-10 18:15:26,315 INFO com.vinsys.diam.filters.AuthenticationFilter [http-nio-9999-exec-3] Inside is whiteListed
2022-03-10 18:15:26,593 INFO com.vinsys.diam.controllers.PAWESBServices [http-nio-9999-exec-3] Entered::AbstractEmailDelivery::getRestTemplate()
2022-03-10 18:15:26,733 INFO com.vinsys.diam.interceptor.BaseInterceptor [http-nio-9999-exec-3] In post handle
2022-03-10 18:15:26,753 INFO com.vinsys.diam.processors.AuditLogProcessor [http-nio-9999-exec-3] Auditing records in AuditDataProcessor.
2022-03-10 18:15:27,134 INFO com.vinsys.diam.processors.AuditLogProcessor [pool-3-thread-1] Auditing in database.
2022-03-10 18:46:10,307 INFO org.springframework.boot.admin.SpringApplicationAdminMXBeanRegistrar$SpringApplicationAdmin [RMI TCP Connection(38)-127.0.0.1] Application shutdown requested.
2022-03-10 18:46:10,349 INFO org.springframework.scheduling.concurrent.ExecutorConfigurationSupport [RMI TCP Connection(38)-127.0.0.1] Shutting down ExecutorService 'applicationTaskExecutor'
