2023-06-27 17:54:24,460 INFO org.springframework.boot.StartupInfoLogger [main] Starting DemoApplication using Java 11.0.10 on DIAM-ITAMIDWARE with PID 39964 (D:\Vinsys-owwsc\PAW-diamservice\diamservices\target\classes started by PAMIDMGMT in D:\Vinsys-owwsc\PAW-diamservice\diamservices)
2023-06-27 17:54:24,476 INFO org.springframework.boot.SpringApplication [main] No active profile set, falling back to 1 default profile: "default"
2023-06-27 17:54:24,541 INFO org.hibernate.validator.internal.util.Version [background-preinit] HV000001: Hibernate Validator 6.2.5.Final
2023-06-27 17:54:32,349 INFO org.springframework.context.support.PostProcessorRegistrationDelegate$BeanPostProcessorChecker [main] Bean 'org.springframework.ws.config.annotation.DelegatingWsConfiguration' of type [org.springframework.ws.config.annotation.DelegatingWsConfiguration$$EnhancerBySpringCGLIB$$651212e1] is not eligible for getting processed by all BeanPostProcessors (for example: not eligible for auto-proxying)
2023-06-27 17:54:32,401 INFO org.springframework.ws.soap.addressing.server.AbstractAddressingEndpointMapping [main] Supporting [WS-Addressing August 2004, WS-Addressing 1.0]
2023-06-27 17:54:32,724 INFO org.springframework.boot.web.embedded.tomcat.TomcatWebServer [main] Tomcat initialized with port(s): 9999 (http)
2023-06-27 17:54:32,740 INFO org.apache.juli.logging.DirectJDKLog [main] Initializing ProtocolHandler ["http-nio-9999"]
2023-06-27 17:54:32,741 INFO org.apache.juli.logging.DirectJDKLog [main] Starting service [Tomcat]
2023-06-27 17:54:32,741 INFO org.apache.juli.logging.DirectJDKLog [main] Starting Servlet engine: [Apache Tomcat/9.0.71]
2023-06-27 17:54:32,938 INFO org.apache.juli.logging.DirectJDKLog [main] Initializing Spring embedded WebApplicationContext
2023-06-27 17:54:32,939 INFO org.springframework.boot.web.servlet.context.ServletWebServerApplicationContext [main] Root WebApplicationContext: initialization completed in 8229 ms
2023-06-27 17:54:34,503 INFO org.springframework.boot.actuate.endpoint.web.EndpointLinksResolver [main] Exposing 1 endpoint(s) beneath base path '/actuator'
2023-06-27 17:54:34,540 INFO org.apache.juli.logging.DirectJDKLog [main] Starting ProtocolHandler ["http-nio-9999"]
2023-06-27 17:54:34,567 INFO org.springframework.boot.web.embedded.tomcat.TomcatWebServer [main] Tomcat started on port(s): 9999 (http) with context path ''
2023-06-27 17:54:34,590 INFO org.springframework.boot.StartupInfoLogger [main] Started DemoApplication in 10.928 seconds (JVM running for 16.936)
2023-06-27 17:55:03,517 INFO org.apache.juli.logging.DirectJDKLog [http-nio-9999-exec-1] Error parsing HTTP request header
 Note: further occurrences of HTTP request parsing errors will be logged at DEBUG level.
java.lang.IllegalArgumentException: Invalid character found in method name [0x160x030x030x010x9d0x010x000x010x990x030x030xebi0x1c70xd30x9c0x990xb80x8d0xb0wc+/<*0x050xed0x840x89X0x910xf60xc3h0xb80x090xd66?0xdf0xc6 ]. HTTP method names must be tokens
	at org.apache.coyote.http11.Http11InputBuffer.parseRequestLine(Http11InputBuffer.java:419)
	at org.apache.coyote.http11.Http11Processor.service(Http11Processor.java:271)
	at org.apache.coyote.AbstractProcessorLight.process(AbstractProcessorLight.java:65)
	at org.apache.coyote.AbstractProtocol$ConnectionHandler.process(AbstractProtocol.java:891)
	at org.apache.tomcat.util.net.NioEndpoint$SocketProcessor.doRun(NioEndpoint.java:1784)
	at org.apache.tomcat.util.net.SocketProcessorBase.run(SocketProcessorBase.java:49)
	at org.apache.tomcat.util.threads.ThreadPoolExecutor.runWorker(ThreadPoolExecutor.java:1191)
	at org.apache.tomcat.util.threads.ThreadPoolExecutor$Worker.run(ThreadPoolExecutor.java:659)
	at org.apache.tomcat.util.threads.TaskThread$WrappingRunnable.run(TaskThread.java:61)
	at java.base/java.lang.Thread.run(Thread.java:834)
2023-06-27 17:55:11,194 INFO org.springframework.boot.admin.SpringApplicationAdminMXBeanRegistrar$SpringApplicationAdmin [RMI TCP Connection(4)-127.0.0.1] Application shutdown requested.
2023-06-27 17:55:11,440 INFO org.apache.juli.logging.DirectJDKLog [RMI TCP Connection(4)-127.0.0.1] Pausing ProtocolHandler ["http-nio-9999"]
2023-06-27 17:55:11,440 INFO org.apache.juli.logging.DirectJDKLog [RMI TCP Connection(4)-127.0.0.1] Stopping service [Tomcat]
2023-06-27 17:55:11,775 INFO org.apache.juli.logging.DirectJDKLog [RMI TCP Connection(4)-127.0.0.1] Stopping ProtocolHandler ["http-nio-9999"]
2023-06-27 17:55:11,783 INFO org.apache.juli.logging.DirectJDKLog [RMI TCP Connection(4)-127.0.0.1] Destroying ProtocolHandler ["http-nio-9999"]
2023-06-27 17:56:41,791 INFO org.springframework.boot.StartupInfoLogger [main] Starting DemoApplication using Java 11.0.10 on DIAM-ITAMIDWARE with PID 37376 (D:\Vinsys-owwsc\PAW-diamservice\diamservices\target\classes started by PAMIDMGMT in D:\Vinsys-owwsc\PAW-diamservice\diamservices)
2023-06-27 17:56:41,795 INFO org.springframework.boot.SpringApplication [main] No active profile set, falling back to 1 default profile: "default"
2023-06-27 17:56:41,812 INFO org.hibernate.validator.internal.util.Version [background-preinit] HV000001: Hibernate Validator 6.2.5.Final
2023-06-27 17:56:50,103 INFO org.springframework.context.support.PostProcessorRegistrationDelegate$BeanPostProcessorChecker [main] Bean 'org.springframework.ws.config.annotation.DelegatingWsConfiguration' of type [org.springframework.ws.config.annotation.DelegatingWsConfiguration$$EnhancerBySpringCGLIB$$69064949] is not eligible for getting processed by all BeanPostProcessors (for example: not eligible for auto-proxying)
2023-06-27 17:56:50,147 INFO org.springframework.ws.soap.addressing.server.AbstractAddressingEndpointMapping [main] Supporting [WS-Addressing August 2004, WS-Addressing 1.0]
2023-06-27 17:56:50,492 INFO org.springframework.boot.web.embedded.tomcat.TomcatWebServer [main] Tomcat initialized with port(s): 9999 (http)
2023-06-27 17:56:50,508 INFO org.apache.juli.logging.DirectJDKLog [main] Initializing ProtocolHandler ["http-nio-9999"]
2023-06-27 17:56:50,508 INFO org.apache.juli.logging.DirectJDKLog [main] Starting service [Tomcat]
2023-06-27 17:56:50,509 INFO org.apache.juli.logging.DirectJDKLog [main] Starting Servlet engine: [Apache Tomcat/9.0.71]
2023-06-27 17:56:50,752 INFO org.apache.juli.logging.DirectJDKLog [main] Initializing Spring embedded WebApplicationContext
2023-06-27 17:56:50,752 INFO org.springframework.boot.web.servlet.context.ServletWebServerApplicationContext [main] Root WebApplicationContext: initialization completed in 8850 ms
2023-06-27 17:56:52,503 INFO org.springframework.boot.actuate.endpoint.web.EndpointLinksResolver [main] Exposing 1 endpoint(s) beneath base path '/actuator'
2023-06-27 17:56:52,539 INFO org.apache.juli.logging.DirectJDKLog [main] Starting ProtocolHandler ["http-nio-9999"]
2023-06-27 17:56:52,567 INFO org.springframework.boot.web.embedded.tomcat.TomcatWebServer [main] Tomcat started on port(s): 9999 (http) with context path ''
2023-06-27 17:56:52,590 INFO org.springframework.boot.StartupInfoLogger [main] Started DemoApplication in 11.524 seconds (JVM running for 13.272)
2023-06-27 17:57:33,474 INFO org.apache.juli.logging.DirectJDKLog [http-nio-9999-exec-1] Error parsing HTTP request header
 Note: further occurrences of HTTP request parsing errors will be logged at DEBUG level.
java.lang.IllegalArgumentException: Invalid character found in method name [0x160x030x030x010x9d0x010x000x010x990x030x03:0xfd0xb60x9d^0xc20xc60xad0xc2uFp? ]. HTTP method names must be tokens
	at org.apache.coyote.http11.Http11InputBuffer.parseRequestLine(Http11InputBuffer.java:419)
	at org.apache.coyote.http11.Http11Processor.service(Http11Processor.java:271)
	at org.apache.coyote.AbstractProcessorLight.process(AbstractProcessorLight.java:65)
	at org.apache.coyote.AbstractProtocol$ConnectionHandler.process(AbstractProtocol.java:891)
	at org.apache.tomcat.util.net.NioEndpoint$SocketProcessor.doRun(NioEndpoint.java:1784)
	at org.apache.tomcat.util.net.SocketProcessorBase.run(SocketProcessorBase.java:49)
	at org.apache.tomcat.util.threads.ThreadPoolExecutor.runWorker(ThreadPoolExecutor.java:1191)
	at org.apache.tomcat.util.threads.ThreadPoolExecutor$Worker.run(ThreadPoolExecutor.java:659)
	at org.apache.tomcat.util.threads.TaskThread$WrappingRunnable.run(TaskThread.java:61)
	at java.base/java.lang.Thread.run(Thread.java:834)
2023-06-27 17:59:16,728 INFO org.apache.juli.logging.DirectJDKLog [http-nio-9999-exec-3] Initializing Spring DispatcherServlet 'dispatcherServlet'
2023-06-27 17:59:16,729 INFO org.springframework.web.servlet.FrameworkServlet [http-nio-9999-exec-3] Initializing Servlet 'dispatcherServlet'
2023-06-27 17:59:16,734 INFO org.springframework.web.servlet.FrameworkServlet [http-nio-9999-exec-3] Completed initialization in 5 ms
2023-06-27 17:59:17,340 INFO org.apache.cxf.wsdl.service.factory.ReflectionServiceFactoryBean [http-nio-9999-exec-3] Creating Service {urn:rop-gov-om:TrafficInformation}TrafficInformation_Entities.ws.provider.TrafficInformation_ASE from WSDL: file:/D:/Vinsys-owwsc/PAW-diamservice/diamservices/target/classes/trafficinfo.wsdl
2023-06-27 17:59:58,428 INFO org.apache.cxf.wsdl.service.factory.ReflectionServiceFactoryBean [http-nio-9999-exec-5] Creating Service {urn:rop-gov-om:TrafficInformation}TrafficInformation_Entities.ws.provider.TrafficInformation_ASE from WSDL: file:/D:/Vinsys-owwsc/PAW-diamservice/diamservices/target/classes/trafficinfo.wsdl
2023-06-27 18:01:47,896 INFO org.apache.cxf.wsdl.service.factory.ReflectionServiceFactoryBean [http-nio-9999-exec-7] Creating Service {urn:rop-gov-om:TrafficInformation}TrafficInformation_Entities.ws.provider.TrafficInformation_ASE from WSDL: file:/D:/Vinsys-owwsc/PAW-diamservice/diamservices/target/classes/trafficinfo.wsdl
