2022-04-27 10:53:51,132 INFO org.springframework.boot.StartupInfoLogger [main] Starting DemoApplication using Java 16.0.1 on VINSYSLT0182 with PID 10580 (D:\PAW\updated_PAW_ESB\paw-esb-services\target\classes started by admin in D:\PAW\updated_PAW_ESB\paw-esb-services)
2022-04-27 10:53:51,137 INFO org.springframework.boot.SpringApplication [main] No active profile set, falling back to default profiles: default
2022-04-27 10:53:56,897 INFO org.springframework.context.support.PostProcessorRegistrationDelegate$BeanPostProcessorChecker [main] Bean 'org.springframework.ws.config.annotation.DelegatingWsConfiguration' of type [org.springframework.ws.config.annotation.DelegatingWsConfiguration$$EnhancerBySpringCGLIB$$5e7f13f6] is not eligible for getting processed by all BeanPostProcessors (for example: not eligible for auto-proxying)
2022-04-27 10:53:56,956 INFO org.springframework.ws.soap.addressing.server.AbstractAddressingEndpointMapping [main] Supporting [WS-Addressing August 2004, WS-Addressing 1.0]
2022-04-27 10:53:57,265 INFO org.springframework.boot.web.embedded.tomcat.TomcatWebServer [main] Tomcat initialized with port(s): 9999 (http)
2022-04-27 10:53:57,277 INFO org.apache.juli.logging.DirectJDKLog [main] Initializing ProtocolHandler ["http-nio-9999"]
2022-04-27 10:53:57,277 INFO org.apache.juli.logging.DirectJDKLog [main] Starting service [Tomcat]
2022-04-27 10:53:57,278 INFO org.apache.juli.logging.DirectJDKLog [main] Starting Servlet engine: [Apache Tomcat/9.0.45]
2022-04-27 10:53:57,410 INFO org.apache.juli.logging.DirectJDKLog [main] Initializing Spring embedded WebApplicationContext
2022-04-27 10:53:57,410 INFO org.springframework.boot.web.servlet.context.ServletWebServerApplicationContext [main] Root WebApplicationContext: initialization completed in 6211 ms
2022-04-27 10:53:58,222 INFO org.springframework.ws.soap.saaj.SaajSoapMessageFactory [main] Creating SAAJ 1.3 MessageFactory with SOAP 1.1 Protocol
2022-04-27 10:53:58,348 INFO org.springframework.scheduling.concurrent.ExecutorConfigurationSupport [main] Initializing ExecutorService 'applicationTaskExecutor'
2022-04-27 10:53:58,804 INFO org.springframework.scheduling.concurrent.ExecutorConfigurationSupport [main] Initializing ExecutorService 'taskScheduler'
2022-04-27 10:53:58,830 INFO org.springframework.boot.actuate.endpoint.web.EndpointLinksResolver [main] Exposing 2 endpoint(s) beneath base path '/actuator'
2022-04-27 10:53:58,852 INFO org.apache.juli.logging.DirectJDKLog [main] Starting ProtocolHandler ["http-nio-9999"]
2022-04-27 10:53:58,909 INFO org.springframework.boot.web.embedded.tomcat.TomcatWebServer [main] Tomcat started on port(s): 9999 (http) with context path ''
2022-04-27 10:53:58,956 INFO org.springframework.boot.StartupInfoLogger [main] Started DemoApplication in 8.221 seconds (JVM running for 9.589)
2022-04-27 10:53:59,179 INFO org.apache.juli.logging.DirectJDKLog [RMI TCP Connection(3)-127.0.0.1] Initializing Spring DispatcherServlet 'dispatcherServlet'
2022-04-27 10:53:59,179 INFO org.springframework.web.servlet.FrameworkServlet [RMI TCP Connection(3)-127.0.0.1] Initializing Servlet 'dispatcherServlet'
2022-04-27 10:53:59,181 INFO org.springframework.web.servlet.FrameworkServlet [RMI TCP Connection(3)-127.0.0.1] Completed initialization in 1 ms
2022-04-27 10:54:05,026 INFO com.vinsys.diam.controllers.PAWESBServices [scheduling-1] Entered::AbstractEmailDelivery::getRestTemplate()
2022-04-27 10:54:06,077 INFO com.vinsys.diam.processors.InsertionHelper [scheduling-1] Auditing into requests table
2022-04-27 10:54:06,175 INFO com.vinsys.diam.processors.InsertionHelper [scheduling-1] Before Execute Update
2022-04-27 10:54:06,222 INFO com.vinsys.diam.processors.InsertionHelper [scheduling-1] Execute Update Executed 1 
2022-04-27 10:54:06,224 INFO com.vinsys.diam.processors.InsertionHelper [scheduling-1] Query is INSERT INTO REQUESTS(REQUEST_ID,ACTUAL_PULL_DATE,CONSTRUCTION_PERMIT_NUMBER,OWNER_ID,OWNER_EN_NAME,OWNER_AR_NAME,PHONE,CR_NUMBER,WORK_START_ID,WORK_START_DATE_ISSUED,WILLAYATH,AREA,AREA_WAY,WAY_NAME,AREA_SIZE,BLOCK_NAME,PLOT_NUMBER,PLOT_TYPE,PREMISE_TYPE,SOCIAL_BENEFIT_NO,SOCIAL_BENEFIT_ISSUED_DATE,WATER_NETWORK,NO_OF_FAMILY_MEMBERS,OWNER_TYPE,NEAREST_WATER_CONNECTION,BUILDING_PERMIT_NUMBER,BUILDING_NUMBER,GOVERNORATE,OWNER_CLASS,PHONE_TYPE,PRIMARY_VAL,RECEIVE_BILL,REGION,RELATIONSHIP_TYPE,REQUEST_TYPE,SP_TYPE,SUB_AREA,TRNS_FRM_PREVIOUS_PRIVATE_NTK,WORK_COMPLETION_DATE_ISSUED,CS_REQTY,WORK_COMPLETION_ID,MM_SERV_TYPE,PARENT) values(?,?,?,?,?,?,?,?,?,?,?,?,?,?,?,?,?,?,?,?,?,?,?,?,?,?,?,?,?,?,?,?,?,?,?,?,?,?,?,?,?,?,?)
2022-04-27 10:54:06,486 INFO com.vinsys.diam.processors.InsertionHelper [scheduling-1] Auditing into requests table
2022-04-27 10:54:06,488 INFO com.vinsys.diam.processors.InsertionHelper [scheduling-1] Before Execute Update
2022-04-27 10:54:06,823 INFO com.vinsys.diam.processors.InsertionHelper [scheduling-1] Auditing into requests table
2022-04-27 10:54:06,824 INFO com.vinsys.diam.processors.InsertionHelper [scheduling-1] Before Execute Update
2022-04-27 10:54:06,839 INFO com.vinsys.diam.processors.InsertionHelper [scheduling-1] Execute Update Executed 1 
2022-04-27 10:54:06,839 INFO com.vinsys.diam.processors.InsertionHelper [scheduling-1] Query is INSERT INTO REQUESTS(REQUEST_ID,ACTUAL_PULL_DATE,CONSTRUCTION_PERMIT_NUMBER,OWNER_ID,OWNER_EN_NAME,OWNER_AR_NAME,PHONE,CR_NUMBER,WORK_START_ID,WORK_START_DATE_ISSUED,WILLAYATH,AREA,AREA_WAY,WAY_NAME,AREA_SIZE,BLOCK_NAME,PLOT_NUMBER,PLOT_TYPE,PREMISE_TYPE,SOCIAL_BENEFIT_NO,SOCIAL_BENEFIT_ISSUED_DATE,WATER_NETWORK,NO_OF_FAMILY_MEMBERS,OWNER_TYPE,NEAREST_WATER_CONNECTION,BUILDING_PERMIT_NUMBER,BUILDING_NUMBER,GOVERNORATE,OWNER_CLASS,PHONE_TYPE,PRIMARY_VAL,RECEIVE_BILL,REGION,RELATIONSHIP_TYPE,REQUEST_TYPE,SP_TYPE,SUB_AREA,TRNS_FRM_PREVIOUS_PRIVATE_NTK,WORK_COMPLETION_DATE_ISSUED,CS_REQTY,WORK_COMPLETION_ID,MM_SERV_TYPE,PARENT) values(?,?,?,?,?,?,?,?,?,?,?,?,?,?,?,?,?,?,?,?,?,?,?,?,?,?,?,?,?,?,?,?,?,?,?,?,?,?,?,?,?,?,?)
2022-04-27 10:54:07,158 INFO com.vinsys.diam.processors.InsertionHelper [scheduling-1] Auditing into requests table
2022-04-27 10:54:07,159 INFO com.vinsys.diam.processors.InsertionHelper [scheduling-1] Before Execute Update
2022-04-27 10:54:07,181 INFO com.vinsys.diam.processors.InsertionHelper [scheduling-1] Execute Update Executed 1 
2022-04-27 10:54:07,181 INFO com.vinsys.diam.processors.InsertionHelper [scheduling-1] Query is INSERT INTO REQUESTS(REQUEST_ID,ACTUAL_PULL_DATE,CONSTRUCTION_PERMIT_NUMBER,OWNER_ID,OWNER_EN_NAME,OWNER_AR_NAME,PHONE,CR_NUMBER,WORK_START_ID,WORK_START_DATE_ISSUED,WILLAYATH,AREA,AREA_WAY,WAY_NAME,AREA_SIZE,BLOCK_NAME,PLOT_NUMBER,PLOT_TYPE,PREMISE_TYPE,SOCIAL_BENEFIT_NO,SOCIAL_BENEFIT_ISSUED_DATE,WATER_NETWORK,NO_OF_FAMILY_MEMBERS,OWNER_TYPE,NEAREST_WATER_CONNECTION,BUILDING_PERMIT_NUMBER,BUILDING_NUMBER,GOVERNORATE,OWNER_CLASS,PHONE_TYPE,PRIMARY_VAL,RECEIVE_BILL,REGION,RELATIONSHIP_TYPE,REQUEST_TYPE,SP_TYPE,SUB_AREA,TRNS_FRM_PREVIOUS_PRIVATE_NTK,WORK_COMPLETION_DATE_ISSUED,CS_REQTY,WORK_COMPLETION_ID,MM_SERV_TYPE,PARENT) values(?,?,?,?,?,?,?,?,?,?,?,?,?,?,?,?,?,?,?,?,?,?,?,?,?,?,?,?,?,?,?,?,?,?,?,?,?,?,?,?,?,?,?)
2022-04-27 10:54:07,424 INFO com.vinsys.diam.processors.InsertionHelper [scheduling-1] Auditing into requests table
2022-04-27 10:54:07,424 INFO com.vinsys.diam.processors.InsertionHelper [scheduling-1] Before Execute Update
2022-04-27 10:54:07,439 INFO com.vinsys.diam.processors.InsertionHelper [scheduling-1] Execute Update Executed 1 
2022-04-27 10:54:07,440 INFO com.vinsys.diam.processors.InsertionHelper [scheduling-1] Query is INSERT INTO REQUESTS(REQUEST_ID,ACTUAL_PULL_DATE,CONSTRUCTION_PERMIT_NUMBER,OWNER_ID,OWNER_EN_NAME,OWNER_AR_NAME,PHONE,CR_NUMBER,WORK_START_ID,WORK_START_DATE_ISSUED,WILLAYATH,AREA,AREA_WAY,WAY_NAME,AREA_SIZE,BLOCK_NAME,PLOT_NUMBER,PLOT_TYPE,PREMISE_TYPE,SOCIAL_BENEFIT_NO,SOCIAL_BENEFIT_ISSUED_DATE,WATER_NETWORK,NO_OF_FAMILY_MEMBERS,OWNER_TYPE,NEAREST_WATER_CONNECTION,BUILDING_PERMIT_NUMBER,BUILDING_NUMBER,GOVERNORATE,OWNER_CLASS,PHONE_TYPE,PRIMARY_VAL,RECEIVE_BILL,REGION,RELATIONSHIP_TYPE,REQUEST_TYPE,SP_TYPE,SUB_AREA,TRNS_FRM_PREVIOUS_PRIVATE_NTK,WORK_COMPLETION_DATE_ISSUED,CS_REQTY,WORK_COMPLETION_ID,MM_SERV_TYPE,PARENT) values(?,?,?,?,?,?,?,?,?,?,?,?,?,?,?,?,?,?,?,?,?,?,?,?,?,?,?,?,?,?,?,?,?,?,?,?,?,?,?,?,?,?,?)
2022-04-27 10:54:07,683 INFO com.vinsys.diam.processors.InsertionHelper [scheduling-1] Auditing into requests table
2022-04-27 10:54:07,685 INFO com.vinsys.diam.processors.InsertionHelper [scheduling-1] Before Execute Update
2022-04-27 10:54:07,701 INFO com.vinsys.diam.processors.InsertionHelper [scheduling-1] Execute Update Executed 1 
2022-04-27 10:54:07,701 INFO com.vinsys.diam.processors.InsertionHelper [scheduling-1] Query is INSERT INTO REQUESTS(REQUEST_ID,ACTUAL_PULL_DATE,CONSTRUCTION_PERMIT_NUMBER,OWNER_ID,OWNER_EN_NAME,OWNER_AR_NAME,PHONE,CR_NUMBER,WORK_START_ID,WORK_START_DATE_ISSUED,WILLAYATH,AREA,AREA_WAY,WAY_NAME,AREA_SIZE,BLOCK_NAME,PLOT_NUMBER,PLOT_TYPE,PREMISE_TYPE,SOCIAL_BENEFIT_NO,SOCIAL_BENEFIT_ISSUED_DATE,WATER_NETWORK,NO_OF_FAMILY_MEMBERS,OWNER_TYPE,NEAREST_WATER_CONNECTION,BUILDING_PERMIT_NUMBER,BUILDING_NUMBER,GOVERNORATE,OWNER_CLASS,PHONE_TYPE,PRIMARY_VAL,RECEIVE_BILL,REGION,RELATIONSHIP_TYPE,REQUEST_TYPE,SP_TYPE,SUB_AREA,TRNS_FRM_PREVIOUS_PRIVATE_NTK,WORK_COMPLETION_DATE_ISSUED,CS_REQTY,WORK_COMPLETION_ID,MM_SERV_TYPE,PARENT) values(?,?,?,?,?,?,?,?,?,?,?,?,?,?,?,?,?,?,?,?,?,?,?,?,?,?,?,?,?,?,?,?,?,?,?,?,?,?,?,?,?,?,?)
2022-04-27 10:54:07,923 INFO com.vinsys.diam.processors.InsertionHelper [scheduling-1] Auditing into requests table
2022-04-27 10:54:07,923 INFO com.vinsys.diam.processors.InsertionHelper [scheduling-1] Before Execute Update
2022-04-27 10:54:07,939 INFO com.vinsys.diam.processors.InsertionHelper [scheduling-1] Execute Update Executed 1 
2022-04-27 10:54:07,939 INFO com.vinsys.diam.processors.InsertionHelper [scheduling-1] Query is INSERT INTO REQUESTS(REQUEST_ID,ACTUAL_PULL_DATE,CONSTRUCTION_PERMIT_NUMBER,OWNER_ID,OWNER_EN_NAME,OWNER_AR_NAME,PHONE,CR_NUMBER,WORK_START_ID,WORK_START_DATE_ISSUED,WILLAYATH,AREA,AREA_WAY,WAY_NAME,AREA_SIZE,BLOCK_NAME,PLOT_NUMBER,PLOT_TYPE,PREMISE_TYPE,SOCIAL_BENEFIT_NO,SOCIAL_BENEFIT_ISSUED_DATE,WATER_NETWORK,NO_OF_FAMILY_MEMBERS,OWNER_TYPE,NEAREST_WATER_CONNECTION,BUILDING_PERMIT_NUMBER,BUILDING_NUMBER,GOVERNORATE,OWNER_CLASS,PHONE_TYPE,PRIMARY_VAL,RECEIVE_BILL,REGION,RELATIONSHIP_TYPE,REQUEST_TYPE,SP_TYPE,SUB_AREA,TRNS_FRM_PREVIOUS_PRIVATE_NTK,WORK_COMPLETION_DATE_ISSUED,CS_REQTY,WORK_COMPLETION_ID,MM_SERV_TYPE,PARENT) values(?,?,?,?,?,?,?,?,?,?,?,?,?,?,?,?,?,?,?,?,?,?,?,?,?,?,?,?,?,?,?,?,?,?,?,?,?,?,?,?,?,?,?)
2022-04-27 10:54:08,183 INFO com.vinsys.diam.processors.InsertionHelper [scheduling-1] Auditing into requests table
2022-04-27 10:54:08,184 INFO com.vinsys.diam.processors.InsertionHelper [scheduling-1] Before Execute Update
2022-04-27 10:54:08,199 INFO com.vinsys.diam.processors.InsertionHelper [scheduling-1] Execute Update Executed 1 
2022-04-27 10:54:08,200 INFO com.vinsys.diam.processors.InsertionHelper [scheduling-1] Query is INSERT INTO REQUESTS(REQUEST_ID,ACTUAL_PULL_DATE,CONSTRUCTION_PERMIT_NUMBER,OWNER_ID,OWNER_EN_NAME,OWNER_AR_NAME,PHONE,CR_NUMBER,WORK_START_ID,WORK_START_DATE_ISSUED,WILLAYATH,AREA,AREA_WAY,WAY_NAME,AREA_SIZE,BLOCK_NAME,PLOT_NUMBER,PLOT_TYPE,PREMISE_TYPE,SOCIAL_BENEFIT_NO,SOCIAL_BENEFIT_ISSUED_DATE,WATER_NETWORK,NO_OF_FAMILY_MEMBERS,OWNER_TYPE,NEAREST_WATER_CONNECTION,BUILDING_PERMIT_NUMBER,BUILDING_NUMBER,GOVERNORATE,OWNER_CLASS,PHONE_TYPE,PRIMARY_VAL,RECEIVE_BILL,REGION,RELATIONSHIP_TYPE,REQUEST_TYPE,SP_TYPE,SUB_AREA,TRNS_FRM_PREVIOUS_PRIVATE_NTK,WORK_COMPLETION_DATE_ISSUED,CS_REQTY,WORK_COMPLETION_ID,MM_SERV_TYPE,PARENT) values(?,?,?,?,?,?,?,?,?,?,?,?,?,?,?,?,?,?,?,?,?,?,?,?,?,?,?,?,?,?,?,?,?,?,?,?,?,?,?,?,?,?,?)
2022-04-27 10:54:08,464 INFO com.vinsys.diam.processors.InsertionHelper [scheduling-1] Auditing into requests table
2022-04-27 10:54:08,466 INFO com.vinsys.diam.processors.InsertionHelper [scheduling-1] Before Execute Update
2022-04-27 10:54:08,481 INFO com.vinsys.diam.processors.InsertionHelper [scheduling-1] Execute Update Executed 1 
2022-04-27 10:54:08,481 INFO com.vinsys.diam.processors.InsertionHelper [scheduling-1] Query is INSERT INTO REQUESTS(REQUEST_ID,ACTUAL_PULL_DATE,CONSTRUCTION_PERMIT_NUMBER,OWNER_ID,OWNER_EN_NAME,OWNER_AR_NAME,PHONE,CR_NUMBER,WORK_START_ID,WORK_START_DATE_ISSUED,WILLAYATH,AREA,AREA_WAY,WAY_NAME,AREA_SIZE,BLOCK_NAME,PLOT_NUMBER,PLOT_TYPE,PREMISE_TYPE,SOCIAL_BENEFIT_NO,SOCIAL_BENEFIT_ISSUED_DATE,WATER_NETWORK,NO_OF_FAMILY_MEMBERS,OWNER_TYPE,NEAREST_WATER_CONNECTION,BUILDING_PERMIT_NUMBER,BUILDING_NUMBER,GOVERNORATE,OWNER_CLASS,PHONE_TYPE,PRIMARY_VAL,RECEIVE_BILL,REGION,RELATIONSHIP_TYPE,REQUEST_TYPE,SP_TYPE,SUB_AREA,TRNS_FRM_PREVIOUS_PRIVATE_NTK,WORK_COMPLETION_DATE_ISSUED,CS_REQTY,WORK_COMPLETION_ID,MM_SERV_TYPE,PARENT) values(?,?,?,?,?,?,?,?,?,?,?,?,?,?,?,?,?,?,?,?,?,?,?,?,?,?,?,?,?,?,?,?,?,?,?,?,?,?,?,?,?,?,?)
2022-04-27 10:54:08,697 INFO com.vinsys.diam.processors.InsertionHelper [scheduling-1] Auditing into requests table
2022-04-27 10:54:08,698 INFO com.vinsys.diam.processors.InsertionHelper [scheduling-1] Before Execute Update
2022-04-27 10:54:08,719 INFO com.vinsys.diam.processors.InsertionHelper [scheduling-1] Execute Update Executed 1 
2022-04-27 10:54:08,719 INFO com.vinsys.diam.processors.InsertionHelper [scheduling-1] Query is INSERT INTO REQUESTS(REQUEST_ID,ACTUAL_PULL_DATE,CONSTRUCTION_PERMIT_NUMBER,OWNER_ID,OWNER_EN_NAME,OWNER_AR_NAME,PHONE,CR_NUMBER,WORK_START_ID,WORK_START_DATE_ISSUED,WILLAYATH,AREA,AREA_WAY,WAY_NAME,AREA_SIZE,BLOCK_NAME,PLOT_NUMBER,PLOT_TYPE,PREMISE_TYPE,SOCIAL_BENEFIT_NO,SOCIAL_BENEFIT_ISSUED_DATE,WATER_NETWORK,NO_OF_FAMILY_MEMBERS,OWNER_TYPE,NEAREST_WATER_CONNECTION,BUILDING_PERMIT_NUMBER,BUILDING_NUMBER,GOVERNORATE,OWNER_CLASS,PHONE_TYPE,PRIMARY_VAL,RECEIVE_BILL,REGION,RELATIONSHIP_TYPE,REQUEST_TYPE,SP_TYPE,SUB_AREA,TRNS_FRM_PREVIOUS_PRIVATE_NTK,WORK_COMPLETION_DATE_ISSUED,CS_REQTY,WORK_COMPLETION_ID,MM_SERV_TYPE,PARENT) values(?,?,?,?,?,?,?,?,?,?,?,?,?,?,?,?,?,?,?,?,?,?,?,?,?,?,?,?,?,?,?,?,?,?,?,?,?,?,?,?,?,?,?)
2022-04-27 10:54:08,966 INFO com.vinsys.diam.processors.InsertionHelper [scheduling-1] Auditing into requests table
2022-04-27 10:54:08,967 INFO com.vinsys.diam.processors.InsertionHelper [scheduling-1] Before Execute Update
2022-04-27 10:54:08,992 INFO com.vinsys.diam.processors.InsertionHelper [scheduling-1] Execute Update Executed 1 
2022-04-27 10:54:08,993 INFO com.vinsys.diam.processors.InsertionHelper [scheduling-1] Query is INSERT INTO REQUESTS(REQUEST_ID,ACTUAL_PULL_DATE,CONSTRUCTION_PERMIT_NUMBER,OWNER_ID,OWNER_EN_NAME,OWNER_AR_NAME,PHONE,CR_NUMBER,WORK_START_ID,WORK_START_DATE_ISSUED,WILLAYATH,AREA,AREA_WAY,WAY_NAME,AREA_SIZE,BLOCK_NAME,PLOT_NUMBER,PLOT_TYPE,PREMISE_TYPE,SOCIAL_BENEFIT_NO,SOCIAL_BENEFIT_ISSUED_DATE,WATER_NETWORK,NO_OF_FAMILY_MEMBERS,OWNER_TYPE,NEAREST_WATER_CONNECTION,BUILDING_PERMIT_NUMBER,BUILDING_NUMBER,GOVERNORATE,OWNER_CLASS,PHONE_TYPE,PRIMARY_VAL,RECEIVE_BILL,REGION,RELATIONSHIP_TYPE,REQUEST_TYPE,SP_TYPE,SUB_AREA,TRNS_FRM_PREVIOUS_PRIVATE_NTK,WORK_COMPLETION_DATE_ISSUED,CS_REQTY,WORK_COMPLETION_ID,MM_SERV_TYPE,PARENT) values(?,?,?,?,?,?,?,?,?,?,?,?,?,?,?,?,?,?,?,?,?,?,?,?,?,?,?,?,?,?,?,?,?,?,?,?,?,?,?,?,?,?,?)
2022-04-27 10:54:09,011 INFO com.vinsys.diam.processors.AuditLogProcessor [scheduling-1] Auditing records in AuditDataProcessor.
2022-04-27 10:54:09,345 INFO com.vinsys.diam.processors.AuditLogProcessor [pool-2-thread-1] Auditing in database.
2022-04-27 10:54:09,370 INFO com.vinsys.diam.controllers.PAWESBServices [scheduling-1] Entered::AbstractEmailDelivery::getRestTemplate()
2022-04-27 10:54:09,408 INFO com.vinsys.diam.processors.ExceptionProcessor [scheduling-1] Auditing records in AuditDataProcessor.
2022-04-27 10:54:09,667 INFO com.vinsys.diam.processors.ExceptionProcessor [pool-3-thread-1] Auditing in database.
2022-04-27 10:54:09,691 INFO com.vinsys.diam.controllers.PAWESBServices [scheduling-1] Entered::AbstractEmailDelivery::getRestTemplate()
2022-04-27 10:54:09,727 INFO com.vinsys.diam.processors.ExceptionProcessor [scheduling-1] Auditing records in AuditDataProcessor.
2022-04-27 10:54:09,957 INFO com.vinsys.diam.processors.ExceptionProcessor [pool-4-thread-1] Auditing in database.
2022-04-27 10:54:09,994 INFO com.vinsys.diam.controllers.PAWESBServices [scheduling-1] Entered::AbstractEmailDelivery::getRestTemplate()
2022-04-27 10:54:10,027 INFO com.vinsys.diam.processors.ExceptionProcessor [scheduling-1] Auditing records in AuditDataProcessor.
2022-04-27 10:54:10,258 INFO com.vinsys.diam.processors.ExceptionProcessor [pool-5-thread-1] Auditing in database.
2022-04-27 10:54:10,281 INFO com.vinsys.diam.controllers.PAWESBServices [scheduling-1] Entered::AbstractEmailDelivery::getRestTemplate()
2022-04-27 10:54:10,316 INFO com.vinsys.diam.processors.ExceptionProcessor [scheduling-1] Auditing records in AuditDataProcessor.
2022-04-27 10:54:10,599 INFO com.vinsys.diam.processors.ExceptionProcessor [pool-6-thread-1] Auditing in database.
2022-04-27 10:54:10,648 INFO com.vinsys.diam.controllers.PAWESBServices [scheduling-1] Entered::AbstractEmailDelivery::getRestTemplate()
2022-04-27 10:54:10,685 INFO com.vinsys.diam.processors.ExceptionProcessor [scheduling-1] Auditing records in AuditDataProcessor.
2022-04-27 10:54:10,940 INFO com.vinsys.diam.processors.ExceptionProcessor [pool-7-thread-1] Auditing in database.
2022-04-27 10:54:10,962 INFO com.vinsys.diam.controllers.PAWESBServices [scheduling-1] Entered::AbstractEmailDelivery::getRestTemplate()
2022-04-27 10:54:10,992 INFO com.vinsys.diam.processors.ExceptionProcessor [scheduling-1] Auditing records in AuditDataProcessor.
2022-04-27 10:54:11,210 INFO com.vinsys.diam.processors.ExceptionProcessor [pool-8-thread-1] Auditing in database.
2022-04-27 10:54:11,223 INFO com.vinsys.diam.controllers.PAWESBServices [scheduling-1] Entered::AbstractEmailDelivery::getRestTemplate()
2022-04-27 10:54:11,241 INFO com.vinsys.diam.processors.ExceptionProcessor [scheduling-1] Auditing records in AuditDataProcessor.
2022-04-27 10:54:11,434 INFO com.vinsys.diam.processors.ExceptionProcessor [pool-9-thread-1] Auditing in database.
2022-04-27 10:54:11,456 INFO com.vinsys.diam.controllers.PAWESBServices [scheduling-1] Entered::AbstractEmailDelivery::getRestTemplate()
2022-04-27 10:54:11,485 INFO com.vinsys.diam.processors.ExceptionProcessor [scheduling-1] Auditing records in AuditDataProcessor.
2022-04-27 10:54:11,679 INFO com.vinsys.diam.processors.ExceptionProcessor [pool-10-thread-1] Auditing in database.
2022-04-27 10:54:11,690 INFO com.vinsys.diam.controllers.PAWESBServices [scheduling-1] Entered::AbstractEmailDelivery::getRestTemplate()
2022-04-27 10:54:11,710 INFO com.vinsys.diam.processors.ExceptionProcessor [scheduling-1] Auditing records in AuditDataProcessor.
2022-04-27 10:54:11,903 INFO com.vinsys.diam.processors.ExceptionProcessor [pool-11-thread-1] Auditing in database.
2022-04-27 10:54:11,910 INFO com.vinsys.diam.controllers.PAWESBServices [scheduling-1] Entered::AbstractEmailDelivery::getRestTemplate()
2022-04-27 10:54:11,928 INFO com.vinsys.diam.processors.ExceptionProcessor [scheduling-1] Auditing records in AuditDataProcessor.
2022-04-27 10:54:12,171 INFO com.vinsys.diam.processors.ExceptionProcessor [pool-12-thread-1] Auditing in database.
2022-04-27 10:54:12,180 INFO com.vinsys.diam.controllers.PAWESBServices [scheduling-1] Entered::AbstractEmailDelivery::getRestTemplate()
2022-04-27 10:54:12,207 INFO com.vinsys.diam.processors.ExceptionProcessor [scheduling-1] Auditing records in AuditDataProcessor.
2022-04-27 10:54:12,415 INFO com.vinsys.diam.processors.ExceptionProcessor [pool-13-thread-1] Auditing in database.
2022-04-27 10:54:12,420 INFO com.vinsys.diam.filters.GetDetails [scheduling-1] Inside getAggragation status.. for service code schedular
2022-04-27 10:54:12,689 INFO com.vinsys.diam.processors.ExceptionProcessor [scheduling-1] Auditing records in AuditDataProcessor.
2022-04-27 10:54:12,916 INFO com.vinsys.diam.processors.ExceptionProcessor [pool-14-thread-1] Auditing in database.
2022-04-27 10:55:05,001 INFO com.vinsys.diam.controllers.PAWESBServices [scheduling-1] Entered::AbstractEmailDelivery::getRestTemplate()
2022-04-27 10:55:05,389 INFO com.vinsys.diam.processors.InsertionHelper [scheduling-1] Auditing into requests table
2022-04-27 10:55:05,390 INFO com.vinsys.diam.processors.InsertionHelper [scheduling-1] Before Execute Update
2022-04-27 10:55:05,724 INFO com.vinsys.diam.processors.InsertionHelper [scheduling-1] Auditing into requests table
2022-04-27 10:55:05,724 INFO com.vinsys.diam.processors.InsertionHelper [scheduling-1] Before Execute Update
2022-04-27 10:55:06,110 INFO com.vinsys.diam.processors.InsertionHelper [scheduling-1] Auditing into requests table
2022-04-27 10:55:06,110 INFO com.vinsys.diam.processors.InsertionHelper [scheduling-1] Before Execute Update
2022-04-27 10:55:06,500 INFO com.vinsys.diam.processors.InsertionHelper [scheduling-1] Auditing into requests table
2022-04-27 10:55:06,501 INFO com.vinsys.diam.processors.InsertionHelper [scheduling-1] Before Execute Update
2022-04-27 10:55:06,890 INFO com.vinsys.diam.processors.InsertionHelper [scheduling-1] Auditing into requests table
2022-04-27 10:55:06,891 INFO com.vinsys.diam.processors.InsertionHelper [scheduling-1] Before Execute Update
2022-04-27 10:55:07,219 INFO com.vinsys.diam.processors.InsertionHelper [scheduling-1] Auditing into requests table
2022-04-27 10:55:07,220 INFO com.vinsys.diam.processors.InsertionHelper [scheduling-1] Before Execute Update
2022-04-27 10:55:07,560 INFO com.vinsys.diam.processors.InsertionHelper [scheduling-1] Auditing into requests table
2022-04-27 10:55:07,560 INFO com.vinsys.diam.processors.InsertionHelper [scheduling-1] Before Execute Update
2022-04-27 10:55:07,905 INFO com.vinsys.diam.processors.InsertionHelper [scheduling-1] Auditing into requests table
2022-04-27 10:55:07,905 INFO com.vinsys.diam.processors.InsertionHelper [scheduling-1] Before Execute Update
2022-04-27 10:55:08,273 INFO com.vinsys.diam.processors.InsertionHelper [scheduling-1] Auditing into requests table
2022-04-27 10:55:08,273 INFO com.vinsys.diam.processors.InsertionHelper [scheduling-1] Before Execute Update
2022-04-27 10:55:08,587 INFO com.vinsys.diam.processors.InsertionHelper [scheduling-1] Auditing into requests table
2022-04-27 10:55:08,588 INFO com.vinsys.diam.processors.InsertionHelper [scheduling-1] Before Execute Update
2022-04-27 10:55:08,886 INFO com.vinsys.diam.processors.InsertionHelper [scheduling-1] Auditing into requests table
2022-04-27 10:55:08,887 INFO com.vinsys.diam.processors.InsertionHelper [scheduling-1] Before Execute Update
2022-04-27 10:55:09,002 INFO com.vinsys.diam.processors.AuditLogProcessor [scheduling-1] Auditing records in AuditDataProcessor.
2022-04-27 10:55:09,290 INFO com.vinsys.diam.processors.AuditLogProcessor [pool-15-thread-1] Auditing in database.
2022-04-27 10:55:09,309 INFO com.vinsys.diam.controllers.PAWESBServices [scheduling-1] Entered::AbstractEmailDelivery::getRestTemplate()
2022-04-27 10:55:09,321 INFO com.vinsys.diam.processors.ExceptionProcessor [scheduling-1] Auditing records in AuditDataProcessor.
2022-04-27 10:55:09,529 INFO com.vinsys.diam.processors.ExceptionProcessor [pool-16-thread-1] Auditing in database.
2022-04-27 10:55:09,549 INFO com.vinsys.diam.controllers.PAWESBServices [scheduling-1] Entered::AbstractEmailDelivery::getRestTemplate()
2022-04-27 10:55:09,572 INFO com.vinsys.diam.processors.ExceptionProcessor [scheduling-1] Auditing records in AuditDataProcessor.
2022-04-27 10:55:09,835 INFO com.vinsys.diam.processors.ExceptionProcessor [pool-17-thread-1] Auditing in database.
2022-04-27 10:55:09,854 INFO com.vinsys.diam.controllers.PAWESBServices [scheduling-1] Entered::AbstractEmailDelivery::getRestTemplate()
2022-04-27 10:55:09,872 INFO com.vinsys.diam.processors.ExceptionProcessor [scheduling-1] Auditing records in AuditDataProcessor.
2022-04-27 10:55:10,108 INFO com.vinsys.diam.processors.ExceptionProcessor [pool-18-thread-1] Auditing in database.
2022-04-27 10:55:10,119 INFO com.vinsys.diam.controllers.PAWESBServices [scheduling-1] Entered::AbstractEmailDelivery::getRestTemplate()
2022-04-27 10:55:10,137 INFO com.vinsys.diam.processors.ExceptionProcessor [scheduling-1] Auditing records in AuditDataProcessor.
2022-04-27 10:55:10,381 INFO com.vinsys.diam.processors.ExceptionProcessor [pool-19-thread-1] Auditing in database.
2022-04-27 10:55:10,398 INFO com.vinsys.diam.controllers.PAWESBServices [scheduling-1] Entered::AbstractEmailDelivery::getRestTemplate()
2022-04-27 10:55:10,427 INFO com.vinsys.diam.processors.ExceptionProcessor [scheduling-1] Auditing records in AuditDataProcessor.
2022-04-27 10:55:10,677 INFO com.vinsys.diam.processors.ExceptionProcessor [pool-20-thread-1] Auditing in database.
2022-04-27 10:55:10,690 INFO com.vinsys.diam.controllers.PAWESBServices [scheduling-1] Entered::AbstractEmailDelivery::getRestTemplate()
2022-04-27 10:55:10,711 INFO com.vinsys.diam.processors.ExceptionProcessor [scheduling-1] Auditing records in AuditDataProcessor.
2022-04-27 10:55:10,945 INFO com.vinsys.diam.processors.ExceptionProcessor [pool-21-thread-1] Auditing in database.
2022-04-27 10:55:10,964 INFO com.vinsys.diam.controllers.PAWESBServices [scheduling-1] Entered::AbstractEmailDelivery::getRestTemplate()
2022-04-27 10:55:10,985 INFO com.vinsys.diam.processors.ExceptionProcessor [scheduling-1] Auditing records in AuditDataProcessor.
2022-04-27 10:55:11,226 INFO com.vinsys.diam.processors.ExceptionProcessor [pool-22-thread-1] Auditing in database.
2022-04-27 10:55:11,249 INFO com.vinsys.diam.controllers.PAWESBServices [scheduling-1] Entered::AbstractEmailDelivery::getRestTemplate()
2022-04-27 10:55:11,268 INFO com.vinsys.diam.processors.ExceptionProcessor [scheduling-1] Auditing records in AuditDataProcessor.
2022-04-27 10:55:11,487 INFO com.vinsys.diam.processors.ExceptionProcessor [pool-23-thread-1] Auditing in database.
2022-04-27 10:55:11,499 INFO com.vinsys.diam.controllers.PAWESBServices [scheduling-1] Entered::AbstractEmailDelivery::getRestTemplate()
2022-04-27 10:55:11,520 INFO com.vinsys.diam.processors.ExceptionProcessor [scheduling-1] Auditing records in AuditDataProcessor.
2022-04-27 10:55:11,744 INFO com.vinsys.diam.processors.ExceptionProcessor [pool-24-thread-1] Auditing in database.
2022-04-27 10:55:11,760 INFO com.vinsys.diam.controllers.PAWESBServices [scheduling-1] Entered::AbstractEmailDelivery::getRestTemplate()
2022-04-27 10:55:11,779 INFO com.vinsys.diam.processors.ExceptionProcessor [scheduling-1] Auditing records in AuditDataProcessor.
2022-04-27 10:55:11,981 INFO com.vinsys.diam.processors.ExceptionProcessor [pool-25-thread-1] Auditing in database.
2022-04-27 10:55:11,992 INFO com.vinsys.diam.controllers.PAWESBServices [scheduling-1] Entered::AbstractEmailDelivery::getRestTemplate()
2022-04-27 10:55:12,010 INFO com.vinsys.diam.processors.ExceptionProcessor [scheduling-1] Auditing records in AuditDataProcessor.
2022-04-27 10:55:12,237 INFO com.vinsys.diam.processors.ExceptionProcessor [pool-26-thread-1] Auditing in database.
2022-04-27 10:55:12,259 INFO com.vinsys.diam.filters.GetDetails [scheduling-1] Inside getAggragation status.. for service code schedular
2022-04-27 10:55:12,509 INFO com.vinsys.diam.processors.ExceptionProcessor [scheduling-1] Auditing records in AuditDataProcessor.
2022-04-27 10:55:12,718 INFO com.vinsys.diam.processors.ExceptionProcessor [pool-27-thread-1] Auditing in database.
2022-04-27 10:55:21,492 INFO org.springframework.boot.admin.SpringApplicationAdminMXBeanRegistrar$SpringApplicationAdmin [RMI TCP Connection(10)-127.0.0.1] Application shutdown requested.
2022-04-27 10:55:21,531 INFO org.springframework.scheduling.concurrent.ExecutorConfigurationSupport [RMI TCP Connection(10)-127.0.0.1] Shutting down ExecutorService 'taskScheduler'
2022-04-27 10:55:21,533 INFO org.springframework.scheduling.concurrent.ExecutorConfigurationSupport [RMI TCP Connection(10)-127.0.0.1] Shutting down ExecutorService 'applicationTaskExecutor'
2022-04-27 10:56:42,980 INFO org.springframework.boot.StartupInfoLogger [main] Starting DemoApplication using Java 16.0.1 on VINSYSLT0182 with PID 15820 (D:\PAW\updated_PAW_ESB\paw-esb-services\target\classes started by admin in D:\PAW\updated_PAW_ESB\paw-esb-services)
2022-04-27 10:56:42,983 INFO org.springframework.boot.SpringApplication [main] No active profile set, falling back to default profiles: default
2022-04-27 10:56:48,606 INFO org.springframework.context.support.PostProcessorRegistrationDelegate$BeanPostProcessorChecker [main] Bean 'org.springframework.ws.config.annotation.DelegatingWsConfiguration' of type [org.springframework.ws.config.annotation.DelegatingWsConfiguration$$EnhancerBySpringCGLIB$$c242e66c] is not eligible for getting processed by all BeanPostProcessors (for example: not eligible for auto-proxying)
2022-04-27 10:56:48,642 INFO org.springframework.ws.soap.addressing.server.AbstractAddressingEndpointMapping [main] Supporting [WS-Addressing August 2004, WS-Addressing 1.0]
2022-04-27 10:56:48,954 INFO org.springframework.boot.web.embedded.tomcat.TomcatWebServer [main] Tomcat initialized with port(s): 9999 (http)
2022-04-27 10:56:48,969 INFO org.apache.juli.logging.DirectJDKLog [main] Initializing ProtocolHandler ["http-nio-9999"]
2022-04-27 10:56:48,970 INFO org.apache.juli.logging.DirectJDKLog [main] Starting service [Tomcat]
2022-04-27 10:56:48,970 INFO org.apache.juli.logging.DirectJDKLog [main] Starting Servlet engine: [Apache Tomcat/9.0.45]
2022-04-27 10:56:49,192 INFO org.apache.juli.logging.DirectJDKLog [main] Initializing Spring embedded WebApplicationContext
2022-04-27 10:56:49,193 INFO org.springframework.boot.web.servlet.context.ServletWebServerApplicationContext [main] Root WebApplicationContext: initialization completed in 6148 ms
2022-04-27 10:56:49,717 INFO org.springframework.ws.soap.saaj.SaajSoapMessageFactory [main] Creating SAAJ 1.3 MessageFactory with SOAP 1.1 Protocol
2022-04-27 10:56:49,842 INFO org.springframework.scheduling.concurrent.ExecutorConfigurationSupport [main] Initializing ExecutorService 'applicationTaskExecutor'
2022-04-27 10:56:50,167 INFO org.springframework.scheduling.concurrent.ExecutorConfigurationSupport [main] Initializing ExecutorService 'taskScheduler'
2022-04-27 10:56:50,191 INFO org.springframework.boot.actuate.endpoint.web.EndpointLinksResolver [main] Exposing 2 endpoint(s) beneath base path '/actuator'
2022-04-27 10:56:50,210 INFO org.apache.juli.logging.DirectJDKLog [main] Starting ProtocolHandler ["http-nio-9999"]
2022-04-27 10:56:50,247 INFO org.springframework.boot.web.embedded.tomcat.TomcatWebServer [main] Tomcat started on port(s): 9999 (http) with context path ''
2022-04-27 10:56:50,262 INFO org.springframework.boot.StartupInfoLogger [main] Started DemoApplication in 7.727 seconds (JVM running for 9.512)
2022-04-27 10:56:51,479 INFO org.apache.juli.logging.DirectJDKLog [RMI TCP Connection(6)-127.0.0.1] Initializing Spring DispatcherServlet 'dispatcherServlet'
2022-04-27 10:56:51,479 INFO org.springframework.web.servlet.FrameworkServlet [RMI TCP Connection(6)-127.0.0.1] Initializing Servlet 'dispatcherServlet'
2022-04-27 10:56:51,481 INFO org.springframework.web.servlet.FrameworkServlet [RMI TCP Connection(6)-127.0.0.1] Completed initialization in 2 ms
2022-04-27 10:57:05,019 INFO com.vinsys.diam.controllers.PAWESBServices [scheduling-1] Entered::AbstractEmailDelivery::getRestTemplate()
2022-04-27 10:57:06,480 INFO com.vinsys.diam.processors.InsertionHelper [scheduling-1] Auditing into requests table
2022-04-27 10:57:06,618 INFO com.vinsys.diam.processors.InsertionHelper [scheduling-1] Before Execute Update
2022-04-27 10:57:06,652 INFO com.vinsys.diam.processors.InsertionHelper [scheduling-1] Execute Update Executed 1 
2022-04-27 10:57:06,653 INFO com.vinsys.diam.processors.InsertionHelper [scheduling-1] Query is INSERT INTO REQUESTS(REQUEST_ID,ACTUAL_PULL_DATE,CONSTRUCTION_PERMIT_NUMBER,OWNER_ID,OWNER_EN_NAME,OWNER_AR_NAME,PHONE,CR_NUMBER,WORK_START_ID,WORK_START_DATE_ISSUED,WILLAYATH,AREA,AREA_WAY,WAY_NAME,AREA_SIZE,BLOCK_NAME,PLOT_NUMBER,PLOT_TYPE,PREMISE_TYPE,SOCIAL_BENEFIT_NO,SOCIAL_BENEFIT_ISSUED_DATE,WATER_NETWORK,NO_OF_FAMILY_MEMBERS,OWNER_TYPE,NEAREST_WATER_CONNECTION,BUILDING_PERMIT_NUMBER,BUILDING_NUMBER,GOVERNORATE,OWNER_CLASS,PHONE_TYPE,PRIMARY_VAL,RECEIVE_BILL,REGION,RELATIONSHIP_TYPE,REQUEST_TYPE,SP_TYPE,SUB_AREA,TRNS_FRM_PREVIOUS_PRIVATE_NTK,WORK_COMPLETION_DATE_ISSUED,CS_REQTY,WORK_COMPLETION_ID,MM_SERV_TYPE,PARENT) values(?,?,?,?,?,?,?,?,?,?,?,?,?,?,?,?,?,?,?,?,?,?,?,?,?,?,?,?,?,?,?,?,?,?,?,?,?,?,?,?,?,?,?)
2022-04-27 10:57:06,929 INFO com.vinsys.diam.processors.InsertionHelper [scheduling-1] Auditing into requests table
2022-04-27 10:57:06,931 INFO com.vinsys.diam.processors.InsertionHelper [scheduling-1] Before Execute Update
2022-04-27 10:57:07,233 INFO com.vinsys.diam.processors.InsertionHelper [scheduling-1] Auditing into requests table
2022-04-27 10:57:07,235 INFO com.vinsys.diam.processors.InsertionHelper [scheduling-1] Before Execute Update
2022-04-27 10:57:07,245 INFO com.vinsys.diam.processors.InsertionHelper [scheduling-1] Execute Update Executed 1 
2022-04-27 10:57:07,245 INFO com.vinsys.diam.processors.InsertionHelper [scheduling-1] Query is INSERT INTO REQUESTS(REQUEST_ID,ACTUAL_PULL_DATE,CONSTRUCTION_PERMIT_NUMBER,OWNER_ID,OWNER_EN_NAME,OWNER_AR_NAME,PHONE,CR_NUMBER,WORK_START_ID,WORK_START_DATE_ISSUED,WILLAYATH,AREA,AREA_WAY,WAY_NAME,AREA_SIZE,BLOCK_NAME,PLOT_NUMBER,PLOT_TYPE,PREMISE_TYPE,SOCIAL_BENEFIT_NO,SOCIAL_BENEFIT_ISSUED_DATE,WATER_NETWORK,NO_OF_FAMILY_MEMBERS,OWNER_TYPE,NEAREST_WATER_CONNECTION,BUILDING_PERMIT_NUMBER,BUILDING_NUMBER,GOVERNORATE,OWNER_CLASS,PHONE_TYPE,PRIMARY_VAL,RECEIVE_BILL,REGION,RELATIONSHIP_TYPE,REQUEST_TYPE,SP_TYPE,SUB_AREA,TRNS_FRM_PREVIOUS_PRIVATE_NTK,WORK_COMPLETION_DATE_ISSUED,CS_REQTY,WORK_COMPLETION_ID,MM_SERV_TYPE,PARENT) values(?,?,?,?,?,?,?,?,?,?,?,?,?,?,?,?,?,?,?,?,?,?,?,?,?,?,?,?,?,?,?,?,?,?,?,?,?,?,?,?,?,?,?)
2022-04-27 10:57:07,473 INFO com.vinsys.diam.processors.InsertionHelper [scheduling-1] Auditing into requests table
2022-04-27 10:57:07,474 INFO com.vinsys.diam.processors.InsertionHelper [scheduling-1] Before Execute Update
2022-04-27 10:57:07,496 INFO com.vinsys.diam.processors.InsertionHelper [scheduling-1] Execute Update Executed 1 
2022-04-27 10:57:07,497 INFO com.vinsys.diam.processors.InsertionHelper [scheduling-1] Query is INSERT INTO REQUESTS(REQUEST_ID,ACTUAL_PULL_DATE,CONSTRUCTION_PERMIT_NUMBER,OWNER_ID,OWNER_EN_NAME,OWNER_AR_NAME,PHONE,CR_NUMBER,WORK_START_ID,WORK_START_DATE_ISSUED,WILLAYATH,AREA,AREA_WAY,WAY_NAME,AREA_SIZE,BLOCK_NAME,PLOT_NUMBER,PLOT_TYPE,PREMISE_TYPE,SOCIAL_BENEFIT_NO,SOCIAL_BENEFIT_ISSUED_DATE,WATER_NETWORK,NO_OF_FAMILY_MEMBERS,OWNER_TYPE,NEAREST_WATER_CONNECTION,BUILDING_PERMIT_NUMBER,BUILDING_NUMBER,GOVERNORATE,OWNER_CLASS,PHONE_TYPE,PRIMARY_VAL,RECEIVE_BILL,REGION,RELATIONSHIP_TYPE,REQUEST_TYPE,SP_TYPE,SUB_AREA,TRNS_FRM_PREVIOUS_PRIVATE_NTK,WORK_COMPLETION_DATE_ISSUED,CS_REQTY,WORK_COMPLETION_ID,MM_SERV_TYPE,PARENT) values(?,?,?,?,?,?,?,?,?,?,?,?,?,?,?,?,?,?,?,?,?,?,?,?,?,?,?,?,?,?,?,?,?,?,?,?,?,?,?,?,?,?,?)
2022-04-27 10:57:07,713 INFO com.vinsys.diam.processors.InsertionHelper [scheduling-1] Auditing into requests table
2022-04-27 10:57:07,714 INFO com.vinsys.diam.processors.InsertionHelper [scheduling-1] Before Execute Update
2022-04-27 10:57:07,725 INFO com.vinsys.diam.processors.InsertionHelper [scheduling-1] Execute Update Executed 1 
2022-04-27 10:57:07,725 INFO com.vinsys.diam.processors.InsertionHelper [scheduling-1] Query is INSERT INTO REQUESTS(REQUEST_ID,ACTUAL_PULL_DATE,CONSTRUCTION_PERMIT_NUMBER,OWNER_ID,OWNER_EN_NAME,OWNER_AR_NAME,PHONE,CR_NUMBER,WORK_START_ID,WORK_START_DATE_ISSUED,WILLAYATH,AREA,AREA_WAY,WAY_NAME,AREA_SIZE,BLOCK_NAME,PLOT_NUMBER,PLOT_TYPE,PREMISE_TYPE,SOCIAL_BENEFIT_NO,SOCIAL_BENEFIT_ISSUED_DATE,WATER_NETWORK,NO_OF_FAMILY_MEMBERS,OWNER_TYPE,NEAREST_WATER_CONNECTION,BUILDING_PERMIT_NUMBER,BUILDING_NUMBER,GOVERNORATE,OWNER_CLASS,PHONE_TYPE,PRIMARY_VAL,RECEIVE_BILL,REGION,RELATIONSHIP_TYPE,REQUEST_TYPE,SP_TYPE,SUB_AREA,TRNS_FRM_PREVIOUS_PRIVATE_NTK,WORK_COMPLETION_DATE_ISSUED,CS_REQTY,WORK_COMPLETION_ID,MM_SERV_TYPE,PARENT) values(?,?,?,?,?,?,?,?,?,?,?,?,?,?,?,?,?,?,?,?,?,?,?,?,?,?,?,?,?,?,?,?,?,?,?,?,?,?,?,?,?,?,?)
2022-04-27 10:57:08,017 INFO com.vinsys.diam.processors.InsertionHelper [scheduling-1] Auditing into requests table
2022-04-27 10:57:08,019 INFO com.vinsys.diam.processors.InsertionHelper [scheduling-1] Before Execute Update
2022-04-27 10:57:08,048 INFO com.vinsys.diam.processors.InsertionHelper [scheduling-1] Execute Update Executed 1 
2022-04-27 10:57:08,049 INFO com.vinsys.diam.processors.InsertionHelper [scheduling-1] Query is INSERT INTO REQUESTS(REQUEST_ID,ACTUAL_PULL_DATE,CONSTRUCTION_PERMIT_NUMBER,OWNER_ID,OWNER_EN_NAME,OWNER_AR_NAME,PHONE,CR_NUMBER,WORK_START_ID,WORK_START_DATE_ISSUED,WILLAYATH,AREA,AREA_WAY,WAY_NAME,AREA_SIZE,BLOCK_NAME,PLOT_NUMBER,PLOT_TYPE,PREMISE_TYPE,SOCIAL_BENEFIT_NO,SOCIAL_BENEFIT_ISSUED_DATE,WATER_NETWORK,NO_OF_FAMILY_MEMBERS,OWNER_TYPE,NEAREST_WATER_CONNECTION,BUILDING_PERMIT_NUMBER,BUILDING_NUMBER,GOVERNORATE,OWNER_CLASS,PHONE_TYPE,PRIMARY_VAL,RECEIVE_BILL,REGION,RELATIONSHIP_TYPE,REQUEST_TYPE,SP_TYPE,SUB_AREA,TRNS_FRM_PREVIOUS_PRIVATE_NTK,WORK_COMPLETION_DATE_ISSUED,CS_REQTY,WORK_COMPLETION_ID,MM_SERV_TYPE,PARENT) values(?,?,?,?,?,?,?,?,?,?,?,?,?,?,?,?,?,?,?,?,?,?,?,?,?,?,?,?,?,?,?,?,?,?,?,?,?,?,?,?,?,?,?)
2022-04-27 10:57:08,300 INFO com.vinsys.diam.processors.InsertionHelper [scheduling-1] Auditing into requests table
2022-04-27 10:57:08,303 INFO com.vinsys.diam.processors.InsertionHelper [scheduling-1] Before Execute Update
2022-04-27 10:57:08,318 INFO com.vinsys.diam.processors.InsertionHelper [scheduling-1] Execute Update Executed 1 
2022-04-27 10:57:08,319 INFO com.vinsys.diam.processors.InsertionHelper [scheduling-1] Query is INSERT INTO REQUESTS(REQUEST_ID,ACTUAL_PULL_DATE,CONSTRUCTION_PERMIT_NUMBER,OWNER_ID,OWNER_EN_NAME,OWNER_AR_NAME,PHONE,CR_NUMBER,WORK_START_ID,WORK_START_DATE_ISSUED,WILLAYATH,AREA,AREA_WAY,WAY_NAME,AREA_SIZE,BLOCK_NAME,PLOT_NUMBER,PLOT_TYPE,PREMISE_TYPE,SOCIAL_BENEFIT_NO,SOCIAL_BENEFIT_ISSUED_DATE,WATER_NETWORK,NO_OF_FAMILY_MEMBERS,OWNER_TYPE,NEAREST_WATER_CONNECTION,BUILDING_PERMIT_NUMBER,BUILDING_NUMBER,GOVERNORATE,OWNER_CLASS,PHONE_TYPE,PRIMARY_VAL,RECEIVE_BILL,REGION,RELATIONSHIP_TYPE,REQUEST_TYPE,SP_TYPE,SUB_AREA,TRNS_FRM_PREVIOUS_PRIVATE_NTK,WORK_COMPLETION_DATE_ISSUED,CS_REQTY,WORK_COMPLETION_ID,MM_SERV_TYPE,PARENT) values(?,?,?,?,?,?,?,?,?,?,?,?,?,?,?,?,?,?,?,?,?,?,?,?,?,?,?,?,?,?,?,?,?,?,?,?,?,?,?,?,?,?,?)
2022-04-27 10:57:08,559 INFO com.vinsys.diam.processors.InsertionHelper [scheduling-1] Auditing into requests table
2022-04-27 10:57:08,560 INFO com.vinsys.diam.processors.InsertionHelper [scheduling-1] Before Execute Update
2022-04-27 10:57:08,578 INFO com.vinsys.diam.processors.InsertionHelper [scheduling-1] Execute Update Executed 1 
2022-04-27 10:57:08,579 INFO com.vinsys.diam.processors.InsertionHelper [scheduling-1] Query is INSERT INTO REQUESTS(REQUEST_ID,ACTUAL_PULL_DATE,CONSTRUCTION_PERMIT_NUMBER,OWNER_ID,OWNER_EN_NAME,OWNER_AR_NAME,PHONE,CR_NUMBER,WORK_START_ID,WORK_START_DATE_ISSUED,WILLAYATH,AREA,AREA_WAY,WAY_NAME,AREA_SIZE,BLOCK_NAME,PLOT_NUMBER,PLOT_TYPE,PREMISE_TYPE,SOCIAL_BENEFIT_NO,SOCIAL_BENEFIT_ISSUED_DATE,WATER_NETWORK,NO_OF_FAMILY_MEMBERS,OWNER_TYPE,NEAREST_WATER_CONNECTION,BUILDING_PERMIT_NUMBER,BUILDING_NUMBER,GOVERNORATE,OWNER_CLASS,PHONE_TYPE,PRIMARY_VAL,RECEIVE_BILL,REGION,RELATIONSHIP_TYPE,REQUEST_TYPE,SP_TYPE,SUB_AREA,TRNS_FRM_PREVIOUS_PRIVATE_NTK,WORK_COMPLETION_DATE_ISSUED,CS_REQTY,WORK_COMPLETION_ID,MM_SERV_TYPE,PARENT) values(?,?,?,?,?,?,?,?,?,?,?,?,?,?,?,?,?,?,?,?,?,?,?,?,?,?,?,?,?,?,?,?,?,?,?,?,?,?,?,?,?,?,?)
2022-04-27 10:57:08,830 INFO com.vinsys.diam.processors.InsertionHelper [scheduling-1] Auditing into requests table
2022-04-27 10:57:08,831 INFO com.vinsys.diam.processors.InsertionHelper [scheduling-1] Before Execute Update
2022-04-27 10:57:08,850 INFO com.vinsys.diam.processors.InsertionHelper [scheduling-1] Execute Update Executed 1 
2022-04-27 10:57:08,851 INFO com.vinsys.diam.processors.InsertionHelper [scheduling-1] Query is INSERT INTO REQUESTS(REQUEST_ID,ACTUAL_PULL_DATE,CONSTRUCTION_PERMIT_NUMBER,OWNER_ID,OWNER_EN_NAME,OWNER_AR_NAME,PHONE,CR_NUMBER,WORK_START_ID,WORK_START_DATE_ISSUED,WILLAYATH,AREA,AREA_WAY,WAY_NAME,AREA_SIZE,BLOCK_NAME,PLOT_NUMBER,PLOT_TYPE,PREMISE_TYPE,SOCIAL_BENEFIT_NO,SOCIAL_BENEFIT_ISSUED_DATE,WATER_NETWORK,NO_OF_FAMILY_MEMBERS,OWNER_TYPE,NEAREST_WATER_CONNECTION,BUILDING_PERMIT_NUMBER,BUILDING_NUMBER,GOVERNORATE,OWNER_CLASS,PHONE_TYPE,PRIMARY_VAL,RECEIVE_BILL,REGION,RELATIONSHIP_TYPE,REQUEST_TYPE,SP_TYPE,SUB_AREA,TRNS_FRM_PREVIOUS_PRIVATE_NTK,WORK_COMPLETION_DATE_ISSUED,CS_REQTY,WORK_COMPLETION_ID,MM_SERV_TYPE,PARENT) values(?,?,?,?,?,?,?,?,?,?,?,?,?,?,?,?,?,?,?,?,?,?,?,?,?,?,?,?,?,?,?,?,?,?,?,?,?,?,?,?,?,?,?)
2022-04-27 10:57:09,063 INFO com.vinsys.diam.processors.InsertionHelper [scheduling-1] Auditing into requests table
2022-04-27 10:57:09,064 INFO com.vinsys.diam.processors.InsertionHelper [scheduling-1] Before Execute Update
2022-04-27 10:57:09,072 INFO com.vinsys.diam.processors.InsertionHelper [scheduling-1] Execute Update Executed 1 
2022-04-27 10:57:09,073 INFO com.vinsys.diam.processors.InsertionHelper [scheduling-1] Query is INSERT INTO REQUESTS(REQUEST_ID,ACTUAL_PULL_DATE,CONSTRUCTION_PERMIT_NUMBER,OWNER_ID,OWNER_EN_NAME,OWNER_AR_NAME,PHONE,CR_NUMBER,WORK_START_ID,WORK_START_DATE_ISSUED,WILLAYATH,AREA,AREA_WAY,WAY_NAME,AREA_SIZE,BLOCK_NAME,PLOT_NUMBER,PLOT_TYPE,PREMISE_TYPE,SOCIAL_BENEFIT_NO,SOCIAL_BENEFIT_ISSUED_DATE,WATER_NETWORK,NO_OF_FAMILY_MEMBERS,OWNER_TYPE,NEAREST_WATER_CONNECTION,BUILDING_PERMIT_NUMBER,BUILDING_NUMBER,GOVERNORATE,OWNER_CLASS,PHONE_TYPE,PRIMARY_VAL,RECEIVE_BILL,REGION,RELATIONSHIP_TYPE,REQUEST_TYPE,SP_TYPE,SUB_AREA,TRNS_FRM_PREVIOUS_PRIVATE_NTK,WORK_COMPLETION_DATE_ISSUED,CS_REQTY,WORK_COMPLETION_ID,MM_SERV_TYPE,PARENT) values(?,?,?,?,?,?,?,?,?,?,?,?,?,?,?,?,?,?,?,?,?,?,?,?,?,?,?,?,?,?,?,?,?,?,?,?,?,?,?,?,?,?,?)
2022-04-27 10:57:09,362 INFO com.vinsys.diam.processors.InsertionHelper [scheduling-1] Auditing into requests table
2022-04-27 10:57:09,363 INFO com.vinsys.diam.processors.InsertionHelper [scheduling-1] Before Execute Update
2022-04-27 10:57:09,405 INFO com.vinsys.diam.processors.InsertionHelper [scheduling-1] Execute Update Executed 1 
2022-04-27 10:57:09,406 INFO com.vinsys.diam.processors.InsertionHelper [scheduling-1] Query is INSERT INTO REQUESTS(REQUEST_ID,ACTUAL_PULL_DATE,CONSTRUCTION_PERMIT_NUMBER,OWNER_ID,OWNER_EN_NAME,OWNER_AR_NAME,PHONE,CR_NUMBER,WORK_START_ID,WORK_START_DATE_ISSUED,WILLAYATH,AREA,AREA_WAY,WAY_NAME,AREA_SIZE,BLOCK_NAME,PLOT_NUMBER,PLOT_TYPE,PREMISE_TYPE,SOCIAL_BENEFIT_NO,SOCIAL_BENEFIT_ISSUED_DATE,WATER_NETWORK,NO_OF_FAMILY_MEMBERS,OWNER_TYPE,NEAREST_WATER_CONNECTION,BUILDING_PERMIT_NUMBER,BUILDING_NUMBER,GOVERNORATE,OWNER_CLASS,PHONE_TYPE,PRIMARY_VAL,RECEIVE_BILL,REGION,RELATIONSHIP_TYPE,REQUEST_TYPE,SP_TYPE,SUB_AREA,TRNS_FRM_PREVIOUS_PRIVATE_NTK,WORK_COMPLETION_DATE_ISSUED,CS_REQTY,WORK_COMPLETION_ID,MM_SERV_TYPE,PARENT) values(?,?,?,?,?,?,?,?,?,?,?,?,?,?,?,?,?,?,?,?,?,?,?,?,?,?,?,?,?,?,?,?,?,?,?,?,?,?,?,?,?,?,?)
2022-04-27 10:57:09,436 INFO com.vinsys.diam.processors.AuditLogProcessor [scheduling-1] Auditing records in AuditDataProcessor.
2022-04-27 10:57:09,850 INFO com.vinsys.diam.processors.AuditLogProcessor [pool-2-thread-1] Auditing in database.
2022-04-27 10:57:09,938 INFO com.vinsys.diam.controllers.PAWESBServices [scheduling-1] Entered::AbstractEmailDelivery::getRestTemplate()
2022-04-27 10:57:09,970 INFO com.vinsys.diam.processors.ExceptionProcessor [scheduling-1] Auditing records in AuditDataProcessor.
2022-04-27 10:57:10,477 INFO com.vinsys.diam.processors.ExceptionProcessor [pool-3-thread-1] Auditing in database.
2022-04-27 10:57:10,502 INFO com.vinsys.diam.controllers.PAWESBServices [scheduling-1] Entered::AbstractEmailDelivery::getRestTemplate()
2022-04-27 10:57:10,532 INFO com.vinsys.diam.processors.ExceptionProcessor [scheduling-1] Auditing records in AuditDataProcessor.
2022-04-27 10:57:10,786 INFO com.vinsys.diam.processors.ExceptionProcessor [pool-4-thread-1] Auditing in database.
2022-04-27 10:57:10,814 INFO com.vinsys.diam.controllers.PAWESBServices [scheduling-1] Entered::AbstractEmailDelivery::getRestTemplate()
2022-04-27 10:57:10,843 INFO com.vinsys.diam.processors.ExceptionProcessor [scheduling-1] Auditing records in AuditDataProcessor.
2022-04-27 10:57:11,057 INFO com.vinsys.diam.processors.ExceptionProcessor [pool-5-thread-1] Auditing in database.
2022-04-27 10:57:11,069 INFO com.vinsys.diam.controllers.PAWESBServices [scheduling-1] Entered::AbstractEmailDelivery::getRestTemplate()
2022-04-27 10:57:11,091 INFO com.vinsys.diam.processors.ExceptionProcessor [scheduling-1] Auditing records in AuditDataProcessor.
2022-04-27 10:57:11,398 INFO com.vinsys.diam.processors.ExceptionProcessor [pool-6-thread-1] Auditing in database.
2022-04-27 10:57:11,424 INFO com.vinsys.diam.controllers.PAWESBServices [scheduling-1] Entered::AbstractEmailDelivery::getRestTemplate()
2022-04-27 10:57:11,458 INFO com.vinsys.diam.processors.ExceptionProcessor [scheduling-1] Auditing records in AuditDataProcessor.
2022-04-27 10:57:11,779 INFO com.vinsys.diam.processors.ExceptionProcessor [pool-7-thread-1] Auditing in database.
2022-04-27 10:57:11,789 INFO com.vinsys.diam.controllers.PAWESBServices [scheduling-1] Entered::AbstractEmailDelivery::getRestTemplate()
2022-04-27 10:57:11,804 INFO com.vinsys.diam.processors.ExceptionProcessor [scheduling-1] Auditing records in AuditDataProcessor.
2022-04-27 10:57:12,086 INFO com.vinsys.diam.processors.ExceptionProcessor [pool-8-thread-1] Auditing in database.
2022-04-27 10:57:12,117 INFO com.vinsys.diam.controllers.PAWESBServices [scheduling-1] Entered::AbstractEmailDelivery::getRestTemplate()
2022-04-27 10:57:12,152 INFO com.vinsys.diam.processors.ExceptionProcessor [scheduling-1] Auditing records in AuditDataProcessor.
2022-04-27 10:57:12,343 INFO com.vinsys.diam.processors.ExceptionProcessor [pool-9-thread-1] Auditing in database.
2022-04-27 10:57:12,358 INFO com.vinsys.diam.controllers.PAWESBServices [scheduling-1] Entered::AbstractEmailDelivery::getRestTemplate()
2022-04-27 10:57:12,367 INFO com.vinsys.diam.processors.ExceptionProcessor [scheduling-1] Auditing records in AuditDataProcessor.
2022-04-27 10:57:12,693 INFO com.vinsys.diam.processors.ExceptionProcessor [pool-10-thread-1] Auditing in database.
2022-04-27 10:57:12,718 INFO com.vinsys.diam.controllers.PAWESBServices [scheduling-1] Entered::AbstractEmailDelivery::getRestTemplate()
2022-04-27 10:57:12,736 INFO com.vinsys.diam.processors.ExceptionProcessor [scheduling-1] Auditing records in AuditDataProcessor.
2022-04-27 10:57:12,964 INFO com.vinsys.diam.processors.ExceptionProcessor [pool-11-thread-1] Auditing in database.
2022-04-27 10:57:13,015 INFO com.vinsys.diam.controllers.PAWESBServices [scheduling-1] Entered::AbstractEmailDelivery::getRestTemplate()
2022-04-27 10:57:13,043 INFO com.vinsys.diam.processors.ExceptionProcessor [scheduling-1] Auditing records in AuditDataProcessor.
2022-04-27 10:57:13,350 INFO com.vinsys.diam.processors.ExceptionProcessor [pool-12-thread-1] Auditing in database.
2022-04-27 10:57:13,359 INFO com.vinsys.diam.controllers.PAWESBServices [scheduling-1] Entered::AbstractEmailDelivery::getRestTemplate()
2022-04-27 10:57:13,376 INFO com.vinsys.diam.processors.ExceptionProcessor [scheduling-1] Auditing records in AuditDataProcessor.
2022-04-27 10:57:13,736 INFO com.vinsys.diam.processors.ExceptionProcessor [pool-13-thread-1] Auditing in database.
2022-04-27 10:57:13,759 INFO com.vinsys.diam.filters.GetDetails [scheduling-1] Inside getAggragation status.. for service code schedular
2022-04-27 10:57:14,039 INFO com.vinsys.diam.processors.ExceptionProcessor [scheduling-1] Auditing records in AuditDataProcessor.
2022-04-27 10:57:14,246 INFO com.vinsys.diam.processors.ExceptionProcessor [pool-14-thread-1] Auditing in database.
2022-04-27 10:57:30,253 INFO org.springframework.boot.admin.SpringApplicationAdminMXBeanRegistrar$SpringApplicationAdmin [RMI TCP Connection(12)-127.0.0.1] Application shutdown requested.
2022-04-27 10:57:30,291 INFO org.springframework.scheduling.concurrent.ExecutorConfigurationSupport [RMI TCP Connection(12)-127.0.0.1] Shutting down ExecutorService 'taskScheduler'
2022-04-27 10:57:30,293 INFO org.springframework.scheduling.concurrent.ExecutorConfigurationSupport [RMI TCP Connection(12)-127.0.0.1] Shutting down ExecutorService 'applicationTaskExecutor'
2022-04-27 11:24:34,999 INFO org.springframework.boot.StartupInfoLogger [main] Starting DemoApplication using Java 16.0.1 on VINSYSLT0182 with PID 16104 (D:\PAW\updated_PAW_ESB\paw-esb-services\target\classes started by admin in D:\PAW\updated_PAW_ESB\paw-esb-services)
2022-04-27 11:24:35,003 INFO org.springframework.boot.SpringApplication [main] No active profile set, falling back to default profiles: default
2022-04-27 11:24:39,378 INFO org.springframework.context.support.PostProcessorRegistrationDelegate$BeanPostProcessorChecker [main] Bean 'org.springframework.ws.config.annotation.DelegatingWsConfiguration' of type [org.springframework.ws.config.annotation.DelegatingWsConfiguration$$EnhancerBySpringCGLIB$$a5634435] is not eligible for getting processed by all BeanPostProcessors (for example: not eligible for auto-proxying)
2022-04-27 11:24:39,410 INFO org.springframework.ws.soap.addressing.server.AbstractAddressingEndpointMapping [main] Supporting [WS-Addressing August 2004, WS-Addressing 1.0]
2022-04-27 11:24:39,654 INFO org.springframework.boot.web.embedded.tomcat.TomcatWebServer [main] Tomcat initialized with port(s): 9999 (http)
2022-04-27 11:24:39,665 INFO org.apache.juli.logging.DirectJDKLog [main] Initializing ProtocolHandler ["http-nio-9999"]
2022-04-27 11:24:39,665 INFO org.apache.juli.logging.DirectJDKLog [main] Starting service [Tomcat]
2022-04-27 11:24:39,666 INFO org.apache.juli.logging.DirectJDKLog [main] Starting Servlet engine: [Apache Tomcat/9.0.45]
2022-04-27 11:24:39,788 INFO org.apache.juli.logging.DirectJDKLog [main] Initializing Spring embedded WebApplicationContext
2022-04-27 11:24:39,789 INFO org.springframework.boot.web.servlet.context.ServletWebServerApplicationContext [main] Root WebApplicationContext: initialization completed in 4724 ms
2022-04-27 11:24:40,159 INFO org.springframework.ws.soap.saaj.SaajSoapMessageFactory [main] Creating SAAJ 1.3 MessageFactory with SOAP 1.1 Protocol
2022-04-27 11:24:40,266 INFO org.springframework.scheduling.concurrent.ExecutorConfigurationSupport [main] Initializing ExecutorService 'applicationTaskExecutor'
2022-04-27 11:24:40,586 INFO org.springframework.scheduling.concurrent.ExecutorConfigurationSupport [main] Initializing ExecutorService 'taskScheduler'
2022-04-27 11:24:40,609 INFO org.springframework.boot.actuate.endpoint.web.EndpointLinksResolver [main] Exposing 2 endpoint(s) beneath base path '/actuator'
2022-04-27 11:24:40,630 INFO org.apache.juli.logging.DirectJDKLog [main] Starting ProtocolHandler ["http-nio-9999"]
2022-04-27 11:24:40,667 INFO org.springframework.boot.web.embedded.tomcat.TomcatWebServer [main] Tomcat started on port(s): 9999 (http) with context path ''
2022-04-27 11:24:40,682 INFO org.springframework.boot.StartupInfoLogger [main] Started DemoApplication in 6.037 seconds (JVM running for 7.061)
2022-04-27 11:24:41,245 INFO org.apache.juli.logging.DirectJDKLog [RMI TCP Connection(4)-127.0.0.1] Initializing Spring DispatcherServlet 'dispatcherServlet'
2022-04-27 11:24:41,246 INFO org.springframework.web.servlet.FrameworkServlet [RMI TCP Connection(4)-127.0.0.1] Initializing Servlet 'dispatcherServlet'
2022-04-27 11:24:41,247 INFO org.springframework.web.servlet.FrameworkServlet [RMI TCP Connection(4)-127.0.0.1] Completed initialization in 1 ms
2022-04-27 11:25:05,017 INFO com.vinsys.diam.controllers.PAWESBServices [scheduling-1] Entered::AbstractEmailDelivery::getRestTemplate()
2022-04-27 11:25:05,824 INFO com.vinsys.diam.processors.InsertionHelper [scheduling-1] Auditing into requests table
2022-04-27 11:25:05,895 INFO com.vinsys.diam.processors.InsertionHelper [scheduling-1] Before Execute Update
2022-04-27 11:25:05,924 INFO com.vinsys.diam.processors.InsertionHelper [scheduling-1] Execute Update Executed 1 
2022-04-27 11:25:05,924 INFO com.vinsys.diam.processors.InsertionHelper [scheduling-1] Query is INSERT INTO REQUESTS(REQUEST_ID,ACTUAL_PULL_DATE,CONSTRUCTION_PERMIT_NUMBER,OWNER_ID,OWNER_EN_NAME,OWNER_AR_NAME,PHONE,CR_NUMBER,WORK_START_ID,WORK_START_DATE_ISSUED,WILLAYATH,AREA,AREA_WAY,WAY_NAME,AREA_SIZE,BLOCK_NAME,PLOT_NUMBER,PLOT_TYPE,PREMISE_TYPE,SOCIAL_BENEFIT_NO,SOCIAL_BENEFIT_ISSUED_DATE,WATER_NETWORK,NO_OF_FAMILY_MEMBERS,OWNER_TYPE,NEAREST_WATER_CONNECTION,BUILDING_PERMIT_NUMBER,BUILDING_NUMBER,GOVERNORATE,OWNER_CLASS,PHONE_TYPE,PRIMARY_VAL,RECEIVE_BILL,REGION,RELATIONSHIP_TYPE,REQUEST_TYPE,SP_TYPE,SUB_AREA,TRNS_FRM_PREVIOUS_PRIVATE_NTK,WORK_COMPLETION_DATE_ISSUED,CS_REQTY,WORK_COMPLETION_ID,MM_SERV_TYPE,PARENT) values(?,?,?,?,?,?,?,?,?,?,?,?,?,?,?,?,?,?,?,?,?,?,?,?,?,?,?,?,?,?,?,?,?,?,?,?,?,?,?,?,?,?,?)
2022-04-27 11:25:06,172 INFO com.vinsys.diam.processors.InsertionHelper [scheduling-1] Auditing into requests table
2022-04-27 11:25:06,173 INFO com.vinsys.diam.processors.InsertionHelper [scheduling-1] Before Execute Update
2022-04-27 11:25:06,766 INFO com.vinsys.diam.processors.InsertionHelper [scheduling-1] Auditing into requests table
2022-04-27 11:25:06,766 INFO com.vinsys.diam.processors.InsertionHelper [scheduling-1] Before Execute Update
2022-04-27 11:25:06,880 INFO com.vinsys.diam.processors.InsertionHelper [scheduling-1] Execute Update Executed 1 
2022-04-27 11:25:06,881 INFO com.vinsys.diam.processors.InsertionHelper [scheduling-1] Query is INSERT INTO REQUESTS(REQUEST_ID,ACTUAL_PULL_DATE,CONSTRUCTION_PERMIT_NUMBER,OWNER_ID,OWNER_EN_NAME,OWNER_AR_NAME,PHONE,CR_NUMBER,WORK_START_ID,WORK_START_DATE_ISSUED,WILLAYATH,AREA,AREA_WAY,WAY_NAME,AREA_SIZE,BLOCK_NAME,PLOT_NUMBER,PLOT_TYPE,PREMISE_TYPE,SOCIAL_BENEFIT_NO,SOCIAL_BENEFIT_ISSUED_DATE,WATER_NETWORK,NO_OF_FAMILY_MEMBERS,OWNER_TYPE,NEAREST_WATER_CONNECTION,BUILDING_PERMIT_NUMBER,BUILDING_NUMBER,GOVERNORATE,OWNER_CLASS,PHONE_TYPE,PRIMARY_VAL,RECEIVE_BILL,REGION,RELATIONSHIP_TYPE,REQUEST_TYPE,SP_TYPE,SUB_AREA,TRNS_FRM_PREVIOUS_PRIVATE_NTK,WORK_COMPLETION_DATE_ISSUED,CS_REQTY,WORK_COMPLETION_ID,MM_SERV_TYPE,PARENT) values(?,?,?,?,?,?,?,?,?,?,?,?,?,?,?,?,?,?,?,?,?,?,?,?,?,?,?,?,?,?,?,?,?,?,?,?,?,?,?,?,?,?,?)
2022-04-27 11:25:07,144 INFO com.vinsys.diam.processors.InsertionHelper [scheduling-1] Auditing into requests table
2022-04-27 11:25:07,144 INFO com.vinsys.diam.processors.InsertionHelper [scheduling-1] Before Execute Update
2022-04-27 11:25:07,188 INFO com.vinsys.diam.processors.InsertionHelper [scheduling-1] Execute Update Executed 1 
2022-04-27 11:25:07,188 INFO com.vinsys.diam.processors.InsertionHelper [scheduling-1] Query is INSERT INTO REQUESTS(REQUEST_ID,ACTUAL_PULL_DATE,CONSTRUCTION_PERMIT_NUMBER,OWNER_ID,OWNER_EN_NAME,OWNER_AR_NAME,PHONE,CR_NUMBER,WORK_START_ID,WORK_START_DATE_ISSUED,WILLAYATH,AREA,AREA_WAY,WAY_NAME,AREA_SIZE,BLOCK_NAME,PLOT_NUMBER,PLOT_TYPE,PREMISE_TYPE,SOCIAL_BENEFIT_NO,SOCIAL_BENEFIT_ISSUED_DATE,WATER_NETWORK,NO_OF_FAMILY_MEMBERS,OWNER_TYPE,NEAREST_WATER_CONNECTION,BUILDING_PERMIT_NUMBER,BUILDING_NUMBER,GOVERNORATE,OWNER_CLASS,PHONE_TYPE,PRIMARY_VAL,RECEIVE_BILL,REGION,RELATIONSHIP_TYPE,REQUEST_TYPE,SP_TYPE,SUB_AREA,TRNS_FRM_PREVIOUS_PRIVATE_NTK,WORK_COMPLETION_DATE_ISSUED,CS_REQTY,WORK_COMPLETION_ID,MM_SERV_TYPE,PARENT) values(?,?,?,?,?,?,?,?,?,?,?,?,?,?,?,?,?,?,?,?,?,?,?,?,?,?,?,?,?,?,?,?,?,?,?,?,?,?,?,?,?,?,?)
2022-04-27 11:25:07,466 INFO com.vinsys.diam.processors.InsertionHelper [scheduling-1] Auditing into requests table
2022-04-27 11:25:07,466 INFO com.vinsys.diam.processors.InsertionHelper [scheduling-1] Before Execute Update
2022-04-27 11:25:07,680 INFO com.vinsys.diam.processors.InsertionHelper [scheduling-1] Execute Update Executed 1 
2022-04-27 11:25:07,681 INFO com.vinsys.diam.processors.InsertionHelper [scheduling-1] Query is INSERT INTO REQUESTS(REQUEST_ID,ACTUAL_PULL_DATE,CONSTRUCTION_PERMIT_NUMBER,OWNER_ID,OWNER_EN_NAME,OWNER_AR_NAME,PHONE,CR_NUMBER,WORK_START_ID,WORK_START_DATE_ISSUED,WILLAYATH,AREA,AREA_WAY,WAY_NAME,AREA_SIZE,BLOCK_NAME,PLOT_NUMBER,PLOT_TYPE,PREMISE_TYPE,SOCIAL_BENEFIT_NO,SOCIAL_BENEFIT_ISSUED_DATE,WATER_NETWORK,NO_OF_FAMILY_MEMBERS,OWNER_TYPE,NEAREST_WATER_CONNECTION,BUILDING_PERMIT_NUMBER,BUILDING_NUMBER,GOVERNORATE,OWNER_CLASS,PHONE_TYPE,PRIMARY_VAL,RECEIVE_BILL,REGION,RELATIONSHIP_TYPE,REQUEST_TYPE,SP_TYPE,SUB_AREA,TRNS_FRM_PREVIOUS_PRIVATE_NTK,WORK_COMPLETION_DATE_ISSUED,CS_REQTY,WORK_COMPLETION_ID,MM_SERV_TYPE,PARENT) values(?,?,?,?,?,?,?,?,?,?,?,?,?,?,?,?,?,?,?,?,?,?,?,?,?,?,?,?,?,?,?,?,?,?,?,?,?,?,?,?,?,?,?)
2022-04-27 11:25:07,931 INFO com.vinsys.diam.processors.InsertionHelper [scheduling-1] Auditing into requests table
2022-04-27 11:25:07,931 INFO com.vinsys.diam.processors.InsertionHelper [scheduling-1] Before Execute Update
2022-04-27 11:25:07,988 INFO com.vinsys.diam.processors.InsertionHelper [scheduling-1] Execute Update Executed 1 
2022-04-27 11:25:07,988 INFO com.vinsys.diam.processors.InsertionHelper [scheduling-1] Query is INSERT INTO REQUESTS(REQUEST_ID,ACTUAL_PULL_DATE,CONSTRUCTION_PERMIT_NUMBER,OWNER_ID,OWNER_EN_NAME,OWNER_AR_NAME,PHONE,CR_NUMBER,WORK_START_ID,WORK_START_DATE_ISSUED,WILLAYATH,AREA,AREA_WAY,WAY_NAME,AREA_SIZE,BLOCK_NAME,PLOT_NUMBER,PLOT_TYPE,PREMISE_TYPE,SOCIAL_BENEFIT_NO,SOCIAL_BENEFIT_ISSUED_DATE,WATER_NETWORK,NO_OF_FAMILY_MEMBERS,OWNER_TYPE,NEAREST_WATER_CONNECTION,BUILDING_PERMIT_NUMBER,BUILDING_NUMBER,GOVERNORATE,OWNER_CLASS,PHONE_TYPE,PRIMARY_VAL,RECEIVE_BILL,REGION,RELATIONSHIP_TYPE,REQUEST_TYPE,SP_TYPE,SUB_AREA,TRNS_FRM_PREVIOUS_PRIVATE_NTK,WORK_COMPLETION_DATE_ISSUED,CS_REQTY,WORK_COMPLETION_ID,MM_SERV_TYPE,PARENT) values(?,?,?,?,?,?,?,?,?,?,?,?,?,?,?,?,?,?,?,?,?,?,?,?,?,?,?,?,?,?,?,?,?,?,?,?,?,?,?,?,?,?,?)
2022-04-27 11:25:08,233 INFO com.vinsys.diam.processors.InsertionHelper [scheduling-1] Auditing into requests table
2022-04-27 11:25:08,234 INFO com.vinsys.diam.processors.InsertionHelper [scheduling-1] Before Execute Update
2022-04-27 11:25:08,247 INFO com.vinsys.diam.processors.InsertionHelper [scheduling-1] Execute Update Executed 1 
2022-04-27 11:25:08,247 INFO com.vinsys.diam.processors.InsertionHelper [scheduling-1] Query is INSERT INTO REQUESTS(REQUEST_ID,ACTUAL_PULL_DATE,CONSTRUCTION_PERMIT_NUMBER,OWNER_ID,OWNER_EN_NAME,OWNER_AR_NAME,PHONE,CR_NUMBER,WORK_START_ID,WORK_START_DATE_ISSUED,WILLAYATH,AREA,AREA_WAY,WAY_NAME,AREA_SIZE,BLOCK_NAME,PLOT_NUMBER,PLOT_TYPE,PREMISE_TYPE,SOCIAL_BENEFIT_NO,SOCIAL_BENEFIT_ISSUED_DATE,WATER_NETWORK,NO_OF_FAMILY_MEMBERS,OWNER_TYPE,NEAREST_WATER_CONNECTION,BUILDING_PERMIT_NUMBER,BUILDING_NUMBER,GOVERNORATE,OWNER_CLASS,PHONE_TYPE,PRIMARY_VAL,RECEIVE_BILL,REGION,RELATIONSHIP_TYPE,REQUEST_TYPE,SP_TYPE,SUB_AREA,TRNS_FRM_PREVIOUS_PRIVATE_NTK,WORK_COMPLETION_DATE_ISSUED,CS_REQTY,WORK_COMPLETION_ID,MM_SERV_TYPE,PARENT) values(?,?,?,?,?,?,?,?,?,?,?,?,?,?,?,?,?,?,?,?,?,?,?,?,?,?,?,?,?,?,?,?,?,?,?,?,?,?,?,?,?,?,?)
2022-04-27 11:25:08,481 INFO com.vinsys.diam.processors.InsertionHelper [scheduling-1] Auditing into requests table
2022-04-27 11:25:08,481 INFO com.vinsys.diam.processors.InsertionHelper [scheduling-1] Before Execute Update
2022-04-27 11:25:08,504 INFO com.vinsys.diam.processors.InsertionHelper [scheduling-1] Execute Update Executed 1 
2022-04-27 11:25:08,504 INFO com.vinsys.diam.processors.InsertionHelper [scheduling-1] Query is INSERT INTO REQUESTS(REQUEST_ID,ACTUAL_PULL_DATE,CONSTRUCTION_PERMIT_NUMBER,OWNER_ID,OWNER_EN_NAME,OWNER_AR_NAME,PHONE,CR_NUMBER,WORK_START_ID,WORK_START_DATE_ISSUED,WILLAYATH,AREA,AREA_WAY,WAY_NAME,AREA_SIZE,BLOCK_NAME,PLOT_NUMBER,PLOT_TYPE,PREMISE_TYPE,SOCIAL_BENEFIT_NO,SOCIAL_BENEFIT_ISSUED_DATE,WATER_NETWORK,NO_OF_FAMILY_MEMBERS,OWNER_TYPE,NEAREST_WATER_CONNECTION,BUILDING_PERMIT_NUMBER,BUILDING_NUMBER,GOVERNORATE,OWNER_CLASS,PHONE_TYPE,PRIMARY_VAL,RECEIVE_BILL,REGION,RELATIONSHIP_TYPE,REQUEST_TYPE,SP_TYPE,SUB_AREA,TRNS_FRM_PREVIOUS_PRIVATE_NTK,WORK_COMPLETION_DATE_ISSUED,CS_REQTY,WORK_COMPLETION_ID,MM_SERV_TYPE,PARENT) values(?,?,?,?,?,?,?,?,?,?,?,?,?,?,?,?,?,?,?,?,?,?,?,?,?,?,?,?,?,?,?,?,?,?,?,?,?,?,?,?,?,?,?)
2022-04-27 11:25:08,800 INFO com.vinsys.diam.processors.InsertionHelper [scheduling-1] Auditing into requests table
2022-04-27 11:25:08,801 INFO com.vinsys.diam.processors.InsertionHelper [scheduling-1] Before Execute Update
2022-04-27 11:25:08,813 INFO com.vinsys.diam.processors.InsertionHelper [scheduling-1] Execute Update Executed 1 
2022-04-27 11:25:08,813 INFO com.vinsys.diam.processors.InsertionHelper [scheduling-1] Query is INSERT INTO REQUESTS(REQUEST_ID,ACTUAL_PULL_DATE,CONSTRUCTION_PERMIT_NUMBER,OWNER_ID,OWNER_EN_NAME,OWNER_AR_NAME,PHONE,CR_NUMBER,WORK_START_ID,WORK_START_DATE_ISSUED,WILLAYATH,AREA,AREA_WAY,WAY_NAME,AREA_SIZE,BLOCK_NAME,PLOT_NUMBER,PLOT_TYPE,PREMISE_TYPE,SOCIAL_BENEFIT_NO,SOCIAL_BENEFIT_ISSUED_DATE,WATER_NETWORK,NO_OF_FAMILY_MEMBERS,OWNER_TYPE,NEAREST_WATER_CONNECTION,BUILDING_PERMIT_NUMBER,BUILDING_NUMBER,GOVERNORATE,OWNER_CLASS,PHONE_TYPE,PRIMARY_VAL,RECEIVE_BILL,REGION,RELATIONSHIP_TYPE,REQUEST_TYPE,SP_TYPE,SUB_AREA,TRNS_FRM_PREVIOUS_PRIVATE_NTK,WORK_COMPLETION_DATE_ISSUED,CS_REQTY,WORK_COMPLETION_ID,MM_SERV_TYPE,PARENT) values(?,?,?,?,?,?,?,?,?,?,?,?,?,?,?,?,?,?,?,?,?,?,?,?,?,?,?,?,?,?,?,?,?,?,?,?,?,?,?,?,?,?,?)
2022-04-27 11:25:09,051 INFO com.vinsys.diam.processors.InsertionHelper [scheduling-1] Auditing into requests table
2022-04-27 11:25:09,051 INFO com.vinsys.diam.processors.InsertionHelper [scheduling-1] Before Execute Update
2022-04-27 11:25:09,100 INFO com.vinsys.diam.processors.InsertionHelper [scheduling-1] Execute Update Executed 1 
2022-04-27 11:25:09,101 INFO com.vinsys.diam.processors.InsertionHelper [scheduling-1] Query is INSERT INTO REQUESTS(REQUEST_ID,ACTUAL_PULL_DATE,CONSTRUCTION_PERMIT_NUMBER,OWNER_ID,OWNER_EN_NAME,OWNER_AR_NAME,PHONE,CR_NUMBER,WORK_START_ID,WORK_START_DATE_ISSUED,WILLAYATH,AREA,AREA_WAY,WAY_NAME,AREA_SIZE,BLOCK_NAME,PLOT_NUMBER,PLOT_TYPE,PREMISE_TYPE,SOCIAL_BENEFIT_NO,SOCIAL_BENEFIT_ISSUED_DATE,WATER_NETWORK,NO_OF_FAMILY_MEMBERS,OWNER_TYPE,NEAREST_WATER_CONNECTION,BUILDING_PERMIT_NUMBER,BUILDING_NUMBER,GOVERNORATE,OWNER_CLASS,PHONE_TYPE,PRIMARY_VAL,RECEIVE_BILL,REGION,RELATIONSHIP_TYPE,REQUEST_TYPE,SP_TYPE,SUB_AREA,TRNS_FRM_PREVIOUS_PRIVATE_NTK,WORK_COMPLETION_DATE_ISSUED,CS_REQTY,WORK_COMPLETION_ID,MM_SERV_TYPE,PARENT) values(?,?,?,?,?,?,?,?,?,?,?,?,?,?,?,?,?,?,?,?,?,?,?,?,?,?,?,?,?,?,?,?,?,?,?,?,?,?,?,?,?,?,?)
2022-04-27 11:25:09,344 INFO com.vinsys.diam.processors.InsertionHelper [scheduling-1] Auditing into requests table
2022-04-27 11:25:09,345 INFO com.vinsys.diam.processors.InsertionHelper [scheduling-1] Before Execute Update
2022-04-27 11:25:09,390 INFO com.vinsys.diam.processors.InsertionHelper [scheduling-1] Execute Update Executed 1 
2022-04-27 11:25:09,390 INFO com.vinsys.diam.processors.InsertionHelper [scheduling-1] Query is INSERT INTO REQUESTS(REQUEST_ID,ACTUAL_PULL_DATE,CONSTRUCTION_PERMIT_NUMBER,OWNER_ID,OWNER_EN_NAME,OWNER_AR_NAME,PHONE,CR_NUMBER,WORK_START_ID,WORK_START_DATE_ISSUED,WILLAYATH,AREA,AREA_WAY,WAY_NAME,AREA_SIZE,BLOCK_NAME,PLOT_NUMBER,PLOT_TYPE,PREMISE_TYPE,SOCIAL_BENEFIT_NO,SOCIAL_BENEFIT_ISSUED_DATE,WATER_NETWORK,NO_OF_FAMILY_MEMBERS,OWNER_TYPE,NEAREST_WATER_CONNECTION,BUILDING_PERMIT_NUMBER,BUILDING_NUMBER,GOVERNORATE,OWNER_CLASS,PHONE_TYPE,PRIMARY_VAL,RECEIVE_BILL,REGION,RELATIONSHIP_TYPE,REQUEST_TYPE,SP_TYPE,SUB_AREA,TRNS_FRM_PREVIOUS_PRIVATE_NTK,WORK_COMPLETION_DATE_ISSUED,CS_REQTY,WORK_COMPLETION_ID,MM_SERV_TYPE,PARENT) values(?,?,?,?,?,?,?,?,?,?,?,?,?,?,?,?,?,?,?,?,?,?,?,?,?,?,?,?,?,?,?,?,?,?,?,?,?,?,?,?,?,?,?)
2022-04-27 11:25:09,412 INFO com.vinsys.diam.processors.AuditLogProcessor [scheduling-1] Auditing records in AuditDataProcessor.
2022-04-27 11:25:09,704 INFO com.vinsys.diam.processors.AuditLogProcessor [pool-2-thread-1] Auditing in database.
2022-04-27 11:25:09,721 INFO com.vinsys.diam.controllers.PAWESBServices [scheduling-1] Entered::AbstractEmailDelivery::getRestTemplate()
2022-04-27 11:25:09,737 INFO com.vinsys.diam.processors.ExceptionProcessor [scheduling-1] Auditing records in AuditDataProcessor.
2022-04-27 11:25:09,969 INFO com.vinsys.diam.processors.ExceptionProcessor [pool-3-thread-1] Auditing in database.
2022-04-27 11:25:09,990 INFO com.vinsys.diam.controllers.PAWESBServices [scheduling-1] Entered::AbstractEmailDelivery::getRestTemplate()
2022-04-27 11:25:10,013 INFO com.vinsys.diam.processors.ExceptionProcessor [scheduling-1] Auditing records in AuditDataProcessor.
2022-04-27 11:25:10,272 INFO com.vinsys.diam.processors.ExceptionProcessor [pool-4-thread-1] Auditing in database.
2022-04-27 11:25:10,291 INFO com.vinsys.diam.controllers.PAWESBServices [scheduling-1] Entered::AbstractEmailDelivery::getRestTemplate()
2022-04-27 11:25:10,316 INFO com.vinsys.diam.processors.ExceptionProcessor [scheduling-1] Auditing records in AuditDataProcessor.
2022-04-27 11:25:10,562 INFO com.vinsys.diam.processors.ExceptionProcessor [pool-5-thread-1] Auditing in database.
2022-04-27 11:25:10,581 INFO com.vinsys.diam.controllers.PAWESBServices [scheduling-1] Entered::AbstractEmailDelivery::getRestTemplate()
2022-04-27 11:25:10,593 INFO com.vinsys.diam.processors.ExceptionProcessor [scheduling-1] Auditing records in AuditDataProcessor.
2022-04-27 11:25:10,821 INFO com.vinsys.diam.processors.ExceptionProcessor [pool-6-thread-1] Auditing in database.
2022-04-27 11:25:10,841 INFO com.vinsys.diam.controllers.PAWESBServices [scheduling-1] Entered::AbstractEmailDelivery::getRestTemplate()
2022-04-27 11:25:10,868 INFO com.vinsys.diam.processors.ExceptionProcessor [scheduling-1] Auditing records in AuditDataProcessor.
2022-04-27 11:25:11,123 INFO com.vinsys.diam.processors.ExceptionProcessor [pool-7-thread-1] Auditing in database.
2022-04-27 11:25:11,140 INFO com.vinsys.diam.controllers.PAWESBServices [scheduling-1] Entered::AbstractEmailDelivery::getRestTemplate()
2022-04-27 11:25:11,151 INFO com.vinsys.diam.processors.ExceptionProcessor [scheduling-1] Auditing records in AuditDataProcessor.
2022-04-27 11:25:11,431 INFO com.vinsys.diam.processors.ExceptionProcessor [pool-8-thread-1] Auditing in database.
2022-04-27 11:25:11,456 INFO com.vinsys.diam.controllers.PAWESBServices [scheduling-1] Entered::AbstractEmailDelivery::getRestTemplate()
2022-04-27 11:25:11,468 INFO com.vinsys.diam.processors.ExceptionProcessor [scheduling-1] Auditing records in AuditDataProcessor.
2022-04-27 11:25:11,706 INFO com.vinsys.diam.processors.ExceptionProcessor [pool-9-thread-1] Auditing in database.
2022-04-27 11:25:11,730 INFO com.vinsys.diam.controllers.PAWESBServices [scheduling-1] Entered::AbstractEmailDelivery::getRestTemplate()
2022-04-27 11:25:11,741 INFO com.vinsys.diam.processors.ExceptionProcessor [scheduling-1] Auditing records in AuditDataProcessor.
2022-04-27 11:25:11,981 INFO com.vinsys.diam.processors.ExceptionProcessor [pool-10-thread-1] Auditing in database.
2022-04-27 11:25:12,001 INFO com.vinsys.diam.controllers.PAWESBServices [scheduling-1] Entered::AbstractEmailDelivery::getRestTemplate()
2022-04-27 11:25:12,013 INFO com.vinsys.diam.processors.ExceptionProcessor [scheduling-1] Auditing records in AuditDataProcessor.
2022-04-27 11:25:12,213 INFO com.vinsys.diam.processors.ExceptionProcessor [pool-11-thread-1] Auditing in database.
2022-04-27 11:25:12,220 INFO com.vinsys.diam.controllers.PAWESBServices [scheduling-1] Entered::AbstractEmailDelivery::getRestTemplate()
2022-04-27 11:25:12,229 INFO com.vinsys.diam.processors.ExceptionProcessor [scheduling-1] Auditing records in AuditDataProcessor.
2022-04-27 11:25:12,420 INFO com.vinsys.diam.processors.ExceptionProcessor [pool-12-thread-1] Auditing in database.
2022-04-27 11:25:12,430 INFO com.vinsys.diam.controllers.PAWESBServices [scheduling-1] Entered::AbstractEmailDelivery::getRestTemplate()
2022-04-27 11:25:12,438 INFO com.vinsys.diam.processors.ExceptionProcessor [scheduling-1] Auditing records in AuditDataProcessor.
2022-04-27 11:25:12,693 INFO com.vinsys.diam.processors.ExceptionProcessor [pool-13-thread-1] Auditing in database.
2022-04-27 11:25:12,719 INFO com.vinsys.diam.filters.GetDetails [scheduling-1] Inside getAggragation status.. for service code schedular
2022-04-27 11:25:13,030 INFO com.vinsys.diam.processors.ExceptionProcessor [scheduling-1] Auditing records in AuditDataProcessor.
2022-04-27 11:25:13,212 INFO com.vinsys.diam.processors.ExceptionProcessor [pool-14-thread-1] Auditing in database.
2022-04-27 11:25:17,873 INFO org.springframework.boot.admin.SpringApplicationAdminMXBeanRegistrar$SpringApplicationAdmin [RMI TCP Connection(11)-127.0.0.1] Application shutdown requested.
2022-04-27 11:25:17,902 INFO org.springframework.scheduling.concurrent.ExecutorConfigurationSupport [RMI TCP Connection(11)-127.0.0.1] Shutting down ExecutorService 'taskScheduler'
2022-04-27 11:25:17,904 INFO org.springframework.scheduling.concurrent.ExecutorConfigurationSupport [RMI TCP Connection(11)-127.0.0.1] Shutting down ExecutorService 'applicationTaskExecutor'
