2022-05-12 11:38:42,353 INFO org.springframework.boot.StartupInfoLogger [main] Starting DemoApplication using Java 16.0.1 on VINSYSLT0182 with PID 10872 (D:\PAW\updated_PAW_ESB\paw-esb-services\target\classes started by admin in D:\PAW\updated_PAW_ESB\paw-esb-services)
2022-05-12 11:38:42,360 INFO org.springframework.boot.SpringApplication [main] No active profile set, falling back to default profiles: default
2022-05-12 11:38:47,734 INFO org.springframework.context.support.PostProcessorRegistrationDelegate$BeanPostProcessorChecker [main] Bean 'org.springframework.ws.config.annotation.DelegatingWsConfiguration' of type [org.springframework.ws.config.annotation.DelegatingWsConfiguration$$EnhancerBySpringCGLIB$$8bd429c7] is not eligible for getting processed by all BeanPostProcessors (for example: not eligible for auto-proxying)
2022-05-12 11:38:47,780 INFO org.springframework.ws.soap.addressing.server.AbstractAddressingEndpointMapping [main] Supporting [WS-Addressing August 2004, WS-Addressing 1.0]
2022-05-12 11:38:48,094 INFO org.springframework.boot.web.embedded.tomcat.TomcatWebServer [main] Tomcat initialized with port(s): 9999 (http)
2022-05-12 11:38:48,106 INFO org.apache.juli.logging.DirectJDKLog [main] Initializing ProtocolHandler ["http-nio-9999"]
2022-05-12 11:38:48,107 INFO org.apache.juli.logging.DirectJDKLog [main] Starting service [Tomcat]
2022-05-12 11:38:48,107 INFO org.apache.juli.logging.DirectJDKLog [main] Starting Servlet engine: [Apache Tomcat/9.0.45]
2022-05-12 11:38:48,221 INFO org.apache.juli.logging.DirectJDKLog [main] Initializing Spring embedded WebApplicationContext
2022-05-12 11:38:48,221 INFO org.springframework.boot.web.servlet.context.ServletWebServerApplicationContext [main] Root WebApplicationContext: initialization completed in 5768 ms
2022-05-12 11:38:48,655 INFO org.springframework.ws.soap.saaj.SaajSoapMessageFactory [main] Creating SAAJ 1.3 MessageFactory with SOAP 1.1 Protocol
2022-05-12 11:38:48,862 INFO org.springframework.scheduling.concurrent.ExecutorConfigurationSupport [main] Initializing ExecutorService 'applicationTaskExecutor'
2022-05-12 11:38:49,416 INFO org.springframework.scheduling.concurrent.ExecutorConfigurationSupport [main] Initializing ExecutorService 'taskScheduler'
2022-05-12 11:38:49,450 INFO org.springframework.boot.actuate.endpoint.web.EndpointLinksResolver [main] Exposing 2 endpoint(s) beneath base path '/actuator'
2022-05-12 11:38:49,478 INFO org.apache.juli.logging.DirectJDKLog [main] Starting ProtocolHandler ["http-nio-9999"]
2022-05-12 11:38:49,532 INFO org.springframework.boot.web.embedded.tomcat.TomcatWebServer [main] Tomcat started on port(s): 9999 (http) with context path ''
2022-05-12 11:38:49,552 INFO org.springframework.boot.StartupInfoLogger [main] Started DemoApplication in 7.652 seconds (JVM running for 9.42)
2022-05-12 11:39:40,579 INFO org.springframework.boot.StartupInfoLogger [main] Starting DemoApplication using Java 16.0.1 on VINSYSLT0182 with PID 9384 (D:\PAW\updated_PAW_ESB\paw-esb-services\target\classes started by admin in D:\PAW\updated_PAW_ESB\paw-esb-services)
2022-05-12 11:39:40,583 INFO org.springframework.boot.SpringApplication [main] No active profile set, falling back to default profiles: default
2022-05-12 11:39:45,425 INFO org.springframework.context.support.PostProcessorRegistrationDelegate$BeanPostProcessorChecker [main] Bean 'org.springframework.ws.config.annotation.DelegatingWsConfiguration' of type [org.springframework.ws.config.annotation.DelegatingWsConfiguration$$EnhancerBySpringCGLIB$$5e7f13f6] is not eligible for getting processed by all BeanPostProcessors (for example: not eligible for auto-proxying)
2022-05-12 11:39:45,461 INFO org.springframework.ws.soap.addressing.server.AbstractAddressingEndpointMapping [main] Supporting [WS-Addressing August 2004, WS-Addressing 1.0]
2022-05-12 11:39:45,813 INFO org.springframework.boot.web.embedded.tomcat.TomcatWebServer [main] Tomcat initialized with port(s): 9999 (http)
2022-05-12 11:39:45,830 INFO org.apache.juli.logging.DirectJDKLog [main] Initializing ProtocolHandler ["http-nio-9999"]
2022-05-12 11:39:45,831 INFO org.apache.juli.logging.DirectJDKLog [main] Starting service [Tomcat]
2022-05-12 11:39:45,832 INFO org.apache.juli.logging.DirectJDKLog [main] Starting Servlet engine: [Apache Tomcat/9.0.45]
2022-05-12 11:39:45,994 INFO org.apache.juli.logging.DirectJDKLog [main] Initializing Spring embedded WebApplicationContext
2022-05-12 11:39:45,995 INFO org.springframework.boot.web.servlet.context.ServletWebServerApplicationContext [main] Root WebApplicationContext: initialization completed in 5320 ms
2022-05-12 11:39:47,063 INFO org.springframework.ws.soap.saaj.SaajSoapMessageFactory [main] Creating SAAJ 1.3 MessageFactory with SOAP 1.1 Protocol
2022-05-12 11:39:47,552 INFO org.springframework.scheduling.concurrent.ExecutorConfigurationSupport [main] Initializing ExecutorService 'applicationTaskExecutor'
2022-05-12 11:39:48,222 INFO org.springframework.scheduling.concurrent.ExecutorConfigurationSupport [main] Initializing ExecutorService 'taskScheduler'
2022-05-12 11:39:48,266 INFO org.springframework.boot.actuate.endpoint.web.EndpointLinksResolver [main] Exposing 2 endpoint(s) beneath base path '/actuator'
2022-05-12 11:39:48,311 INFO org.apache.juli.logging.DirectJDKLog [main] Starting ProtocolHandler ["http-nio-9999"]
2022-05-12 11:39:48,361 WARN org.springframework.context.support.AbstractApplicationContext [main] Exception encountered during context initialization - cancelling refresh attempt: org.springframework.context.ApplicationContextException: Failed to start bean 'webServerStartStop'; nested exception is org.springframework.boot.web.server.PortInUseException: Port 9999 is already in use
2022-05-12 11:39:48,361 INFO org.springframework.scheduling.concurrent.ExecutorConfigurationSupport [main] Shutting down ExecutorService 'taskScheduler'
2022-05-12 11:39:48,365 INFO org.springframework.scheduling.concurrent.ExecutorConfigurationSupport [main] Shutting down ExecutorService 'applicationTaskExecutor'
2022-05-12 11:39:48,373 INFO org.apache.juli.logging.DirectJDKLog [main] Pausing ProtocolHandler ["http-nio-9999"]
2022-05-12 11:39:48,374 INFO org.apache.juli.logging.DirectJDKLog [main] Stopping service [Tomcat]
2022-05-12 11:39:48,492 INFO org.apache.juli.logging.DirectJDKLog [main] Stopping ProtocolHandler ["http-nio-9999"]
2022-05-12 11:39:48,493 INFO org.apache.juli.logging.DirectJDKLog [main] Destroying ProtocolHandler ["http-nio-9999"]
2022-05-12 11:39:48,511 INFO org.springframework.boot.autoconfigure.logging.ConditionEvaluationReportLoggingListener [main] 

Error starting ApplicationContext. To display the conditions report re-run your application with 'debug' enabled.
2022-05-12 11:39:48,536 ERROR org.springframework.boot.diagnostics.LoggingFailureAnalysisReporter [main] 

***************************
APPLICATION FAILED TO START
***************************

Description:

Web server failed to start. Port 9999 was already in use.

Action:

Identify and stop the process that's listening on port 9999 or configure this application to listen on another port.

2022-05-12 11:39:51,891 INFO org.springframework.boot.admin.SpringApplicationAdminMXBeanRegistrar$SpringApplicationAdmin [RMI TCP Connection(7)-127.0.0.1] Application shutdown requested.
2022-05-12 11:39:52,234 INFO org.springframework.scheduling.concurrent.ExecutorConfigurationSupport [RMI TCP Connection(7)-127.0.0.1] Shutting down ExecutorService 'taskScheduler'
2022-05-12 11:39:52,240 INFO org.springframework.scheduling.concurrent.ExecutorConfigurationSupport [RMI TCP Connection(7)-127.0.0.1] Shutting down ExecutorService 'applicationTaskExecutor'
2022-05-12 11:39:58,073 INFO org.springframework.boot.StartupInfoLogger [main] Starting DemoApplication using Java 16.0.1 on VINSYSLT0182 with PID 17624 (D:\PAW\updated_PAW_ESB\paw-esb-services\target\classes started by admin in D:\PAW\updated_PAW_ESB\paw-esb-services)
2022-05-12 11:39:58,079 INFO org.springframework.boot.SpringApplication [main] No active profile set, falling back to default profiles: default
2022-05-12 11:40:06,052 INFO org.springframework.context.support.PostProcessorRegistrationDelegate$BeanPostProcessorChecker [main] Bean 'org.springframework.ws.config.annotation.DelegatingWsConfiguration' of type [org.springframework.ws.config.annotation.DelegatingWsConfiguration$$EnhancerBySpringCGLIB$$5fe0681d] is not eligible for getting processed by all BeanPostProcessors (for example: not eligible for auto-proxying)
2022-05-12 11:40:06,103 INFO org.springframework.ws.soap.addressing.server.AbstractAddressingEndpointMapping [main] Supporting [WS-Addressing August 2004, WS-Addressing 1.0]
2022-05-12 11:40:06,460 INFO org.springframework.boot.web.embedded.tomcat.TomcatWebServer [main] Tomcat initialized with port(s): 9999 (http)
2022-05-12 11:40:06,476 INFO org.apache.juli.logging.DirectJDKLog [main] Initializing ProtocolHandler ["http-nio-9999"]
2022-05-12 11:40:06,478 INFO org.apache.juli.logging.DirectJDKLog [main] Starting service [Tomcat]
2022-05-12 11:40:06,478 INFO org.apache.juli.logging.DirectJDKLog [main] Starting Servlet engine: [Apache Tomcat/9.0.45]
2022-05-12 11:40:06,636 INFO org.apache.juli.logging.DirectJDKLog [main] Initializing Spring embedded WebApplicationContext
2022-05-12 11:40:06,637 INFO org.springframework.boot.web.servlet.context.ServletWebServerApplicationContext [main] Root WebApplicationContext: initialization completed in 8408 ms
2022-05-12 11:40:07,316 INFO org.springframework.ws.soap.saaj.SaajSoapMessageFactory [main] Creating SAAJ 1.3 MessageFactory with SOAP 1.1 Protocol
2022-05-12 11:40:07,487 INFO org.springframework.scheduling.concurrent.ExecutorConfigurationSupport [main] Initializing ExecutorService 'applicationTaskExecutor'
2022-05-12 11:40:08,028 INFO org.springframework.scheduling.concurrent.ExecutorConfigurationSupport [main] Initializing ExecutorService 'taskScheduler'
2022-05-12 11:40:08,079 INFO org.springframework.boot.actuate.endpoint.web.EndpointLinksResolver [main] Exposing 2 endpoint(s) beneath base path '/actuator'
2022-05-12 11:40:08,117 INFO org.apache.juli.logging.DirectJDKLog [main] Starting ProtocolHandler ["http-nio-9999"]
2022-05-12 11:40:08,174 INFO org.springframework.boot.web.embedded.tomcat.TomcatWebServer [main] Tomcat started on port(s): 9999 (http) with context path ''
2022-05-12 11:40:08,201 INFO org.springframework.boot.StartupInfoLogger [main] Started DemoApplication in 10.743 seconds (JVM running for 12.112)
2022-05-12 11:42:18,459 INFO org.apache.juli.logging.DirectJDKLog [RMI TCP Connection(9)-127.0.0.1] Initializing Spring DispatcherServlet 'dispatcherServlet'
2022-05-12 11:42:18,459 INFO org.springframework.web.servlet.FrameworkServlet [RMI TCP Connection(9)-127.0.0.1] Initializing Servlet 'dispatcherServlet'
2022-05-12 11:42:18,461 INFO org.springframework.web.servlet.FrameworkServlet [RMI TCP Connection(9)-127.0.0.1] Completed initialization in 1 ms
2022-05-12 11:42:27,746 INFO org.springframework.boot.admin.SpringApplicationAdminMXBeanRegistrar$SpringApplicationAdmin [RMI TCP Connection(11)-127.0.0.1] Application shutdown requested.
2022-05-12 11:42:28,890 INFO org.springframework.boot.admin.SpringApplicationAdminMXBeanRegistrar$SpringApplicationAdmin [RMI TCP Connection(12)-127.0.0.1] Application shutdown requested.
2022-05-12 11:42:29,029 INFO org.springframework.scheduling.concurrent.ExecutorConfigurationSupport [RMI TCP Connection(11)-127.0.0.1] Shutting down ExecutorService 'taskScheduler'
2022-05-12 11:42:29,032 INFO org.springframework.scheduling.concurrent.ExecutorConfigurationSupport [RMI TCP Connection(11)-127.0.0.1] Shutting down ExecutorService 'applicationTaskExecutor'
2022-05-12 11:42:35,589 INFO org.springframework.boot.StartupInfoLogger [main] Starting DemoApplication using Java 16.0.1 on VINSYSLT0182 with PID 5200 (D:\PAW\updated_PAW_ESB\paw-esb-services\target\classes started by admin in D:\PAW\updated_PAW_ESB\paw-esb-services)
2022-05-12 11:42:35,596 INFO org.springframework.boot.SpringApplication [main] No active profile set, falling back to default profiles: default
2022-05-12 11:42:43,532 INFO org.springframework.context.support.PostProcessorRegistrationDelegate$BeanPostProcessorChecker [main] Bean 'org.springframework.ws.config.annotation.DelegatingWsConfiguration' of type [org.springframework.ws.config.annotation.DelegatingWsConfiguration$$EnhancerBySpringCGLIB$$c5968988] is not eligible for getting processed by all BeanPostProcessors (for example: not eligible for auto-proxying)
2022-05-12 11:42:43,592 INFO org.springframework.ws.soap.addressing.server.AbstractAddressingEndpointMapping [main] Supporting [WS-Addressing August 2004, WS-Addressing 1.0]
2022-05-12 11:42:43,990 INFO org.springframework.boot.web.embedded.tomcat.TomcatWebServer [main] Tomcat initialized with port(s): 9999 (http)
2022-05-12 11:42:44,007 INFO org.apache.juli.logging.DirectJDKLog [main] Initializing ProtocolHandler ["http-nio-9999"]
2022-05-12 11:42:44,008 INFO org.apache.juli.logging.DirectJDKLog [main] Starting service [Tomcat]
2022-05-12 11:42:44,009 INFO org.apache.juli.logging.DirectJDKLog [main] Starting Servlet engine: [Apache Tomcat/9.0.45]
2022-05-12 11:42:44,182 INFO org.apache.juli.logging.DirectJDKLog [main] Initializing Spring embedded WebApplicationContext
2022-05-12 11:42:44,183 INFO org.springframework.boot.web.servlet.context.ServletWebServerApplicationContext [main] Root WebApplicationContext: initialization completed in 8478 ms
2022-05-12 11:42:44,949 INFO org.springframework.ws.soap.saaj.SaajSoapMessageFactory [main] Creating SAAJ 1.3 MessageFactory with SOAP 1.1 Protocol
2022-05-12 11:42:45,085 INFO org.springframework.scheduling.concurrent.ExecutorConfigurationSupport [main] Initializing ExecutorService 'applicationTaskExecutor'
2022-05-12 11:42:45,653 INFO org.springframework.scheduling.concurrent.ExecutorConfigurationSupport [main] Initializing ExecutorService 'taskScheduler'
2022-05-12 11:42:45,708 INFO org.springframework.boot.actuate.endpoint.web.EndpointLinksResolver [main] Exposing 2 endpoint(s) beneath base path '/actuator'
2022-05-12 11:42:45,753 INFO org.apache.juli.logging.DirectJDKLog [main] Starting ProtocolHandler ["http-nio-9999"]
2022-05-12 11:42:45,815 INFO org.springframework.boot.web.embedded.tomcat.TomcatWebServer [main] Tomcat started on port(s): 9999 (http) with context path ''
2022-05-12 11:42:45,849 INFO org.springframework.boot.StartupInfoLogger [main] Started DemoApplication in 11.008 seconds (JVM running for 12.949)
2022-05-12 11:42:48,574 INFO org.apache.juli.logging.DirectJDKLog [RMI TCP Connection(1)-127.0.0.1] Initializing Spring DispatcherServlet 'dispatcherServlet'
2022-05-12 11:42:48,574 INFO org.springframework.web.servlet.FrameworkServlet [RMI TCP Connection(1)-127.0.0.1] Initializing Servlet 'dispatcherServlet'
2022-05-12 11:42:48,576 INFO org.springframework.web.servlet.FrameworkServlet [RMI TCP Connection(1)-127.0.0.1] Completed initialization in 2 ms
2022-05-12 11:43:05,016 INFO com.vinsys.diam.controllers.PAWESBServices [scheduling-1] Entered::AbstractEmailDelivery::getRestTemplate()
2022-05-12 11:43:05,895 INFO com.vinsys.diam.processors.InsertionHelper [scheduling-1] Auditing into requests table
2022-05-12 11:43:06,010 INFO com.vinsys.diam.processors.InsertionHelper [scheduling-1] Before Execute Update
2022-05-12 11:43:06,043 INFO com.vinsys.diam.processors.InsertionHelper [scheduling-1] Execute Update Executed 1 
2022-05-12 11:43:06,043 INFO com.vinsys.diam.processors.InsertionHelper [scheduling-1] Query is INSERT INTO REQUESTS(REQUEST_ID,ACTUAL_PULL_DATE,CONSTRUCTION_PERMIT_NUMBER,OWNER_ID,OWNER_EN_NAME,OWNER_AR_NAME,PHONE,CR_NUMBER,WORK_START_ID,WORK_START_DATE_ISSUED,WILLAYATH,AREA,AREA_WAY,WAY_NAME,AREA_SIZE,BLOCK_NAME,PLOT_NUMBER,PLOT_TYPE,PREMISE_TYPE,SOCIAL_BENEFIT_NO,SOCIAL_BENEFIT_ISSUED_DATE,WATER_NETWORK,NO_OF_FAMILY_MEMBERS,OWNER_TYPE,NEAREST_WATER_CONNECTION,BUILDING_PERMIT_NUMBER,BUILDING_NUMBER,GOVERNORATE,OWNER_CLASS,PHONE_TYPE,PRIMARY_VAL,RECEIVE_BILL,REGION,RELATIONSHIP_TYPE,REQUEST_TYPE,SP_TYPE,SUB_AREA,TRNS_FRM_PREVIOUS_PRIVATE_NTK,WORK_COMPLETION_DATE_ISSUED,CS_REQTY,WORK_COMPLETION_ID,MM_SERV_TYPE,PARENT) values(?,?,?,?,?,?,?,?,?,?,?,?,?,?,?,?,?,?,?,?,?,?,?,?,?,?,?,?,?,?,?,?,?,?,?,?,?,?,?,?,?,?,?)
2022-05-12 11:43:06,258 INFO com.vinsys.diam.processors.InsertionHelper [scheduling-1] Auditing into requests table
2022-05-12 11:43:06,258 INFO com.vinsys.diam.processors.InsertionHelper [scheduling-1] Before Execute Update
2022-05-12 11:43:06,594 INFO com.vinsys.diam.processors.InsertionHelper [scheduling-1] Auditing into requests table
2022-05-12 11:43:06,595 INFO com.vinsys.diam.processors.InsertionHelper [scheduling-1] Before Execute Update
2022-05-12 11:43:06,605 INFO com.vinsys.diam.processors.InsertionHelper [scheduling-1] Execute Update Executed 1 
2022-05-12 11:43:06,605 INFO com.vinsys.diam.processors.InsertionHelper [scheduling-1] Query is INSERT INTO REQUESTS(REQUEST_ID,ACTUAL_PULL_DATE,CONSTRUCTION_PERMIT_NUMBER,OWNER_ID,OWNER_EN_NAME,OWNER_AR_NAME,PHONE,CR_NUMBER,WORK_START_ID,WORK_START_DATE_ISSUED,WILLAYATH,AREA,AREA_WAY,WAY_NAME,AREA_SIZE,BLOCK_NAME,PLOT_NUMBER,PLOT_TYPE,PREMISE_TYPE,SOCIAL_BENEFIT_NO,SOCIAL_BENEFIT_ISSUED_DATE,WATER_NETWORK,NO_OF_FAMILY_MEMBERS,OWNER_TYPE,NEAREST_WATER_CONNECTION,BUILDING_PERMIT_NUMBER,BUILDING_NUMBER,GOVERNORATE,OWNER_CLASS,PHONE_TYPE,PRIMARY_VAL,RECEIVE_BILL,REGION,RELATIONSHIP_TYPE,REQUEST_TYPE,SP_TYPE,SUB_AREA,TRNS_FRM_PREVIOUS_PRIVATE_NTK,WORK_COMPLETION_DATE_ISSUED,CS_REQTY,WORK_COMPLETION_ID,MM_SERV_TYPE,PARENT) values(?,?,?,?,?,?,?,?,?,?,?,?,?,?,?,?,?,?,?,?,?,?,?,?,?,?,?,?,?,?,?,?,?,?,?,?,?,?,?,?,?,?,?)
2022-05-12 11:43:06,803 INFO com.vinsys.diam.processors.InsertionHelper [scheduling-1] Auditing into requests table
2022-05-12 11:43:06,805 INFO com.vinsys.diam.processors.InsertionHelper [scheduling-1] Before Execute Update
2022-05-12 11:43:06,814 INFO com.vinsys.diam.processors.InsertionHelper [scheduling-1] Execute Update Executed 1 
2022-05-12 11:43:06,816 INFO com.vinsys.diam.processors.InsertionHelper [scheduling-1] Query is INSERT INTO REQUESTS(REQUEST_ID,ACTUAL_PULL_DATE,CONSTRUCTION_PERMIT_NUMBER,OWNER_ID,OWNER_EN_NAME,OWNER_AR_NAME,PHONE,CR_NUMBER,WORK_START_ID,WORK_START_DATE_ISSUED,WILLAYATH,AREA,AREA_WAY,WAY_NAME,AREA_SIZE,BLOCK_NAME,PLOT_NUMBER,PLOT_TYPE,PREMISE_TYPE,SOCIAL_BENEFIT_NO,SOCIAL_BENEFIT_ISSUED_DATE,WATER_NETWORK,NO_OF_FAMILY_MEMBERS,OWNER_TYPE,NEAREST_WATER_CONNECTION,BUILDING_PERMIT_NUMBER,BUILDING_NUMBER,GOVERNORATE,OWNER_CLASS,PHONE_TYPE,PRIMARY_VAL,RECEIVE_BILL,REGION,RELATIONSHIP_TYPE,REQUEST_TYPE,SP_TYPE,SUB_AREA,TRNS_FRM_PREVIOUS_PRIVATE_NTK,WORK_COMPLETION_DATE_ISSUED,CS_REQTY,WORK_COMPLETION_ID,MM_SERV_TYPE,PARENT) values(?,?,?,?,?,?,?,?,?,?,?,?,?,?,?,?,?,?,?,?,?,?,?,?,?,?,?,?,?,?,?,?,?,?,?,?,?,?,?,?,?,?,?)
2022-05-12 11:43:07,044 INFO com.vinsys.diam.processors.InsertionHelper [scheduling-1] Auditing into requests table
2022-05-12 11:43:07,047 INFO com.vinsys.diam.processors.InsertionHelper [scheduling-1] Before Execute Update
2022-05-12 11:43:07,055 INFO com.vinsys.diam.processors.InsertionHelper [scheduling-1] Execute Update Executed 1 
2022-05-12 11:43:07,056 INFO com.vinsys.diam.processors.InsertionHelper [scheduling-1] Query is INSERT INTO REQUESTS(REQUEST_ID,ACTUAL_PULL_DATE,CONSTRUCTION_PERMIT_NUMBER,OWNER_ID,OWNER_EN_NAME,OWNER_AR_NAME,PHONE,CR_NUMBER,WORK_START_ID,WORK_START_DATE_ISSUED,WILLAYATH,AREA,AREA_WAY,WAY_NAME,AREA_SIZE,BLOCK_NAME,PLOT_NUMBER,PLOT_TYPE,PREMISE_TYPE,SOCIAL_BENEFIT_NO,SOCIAL_BENEFIT_ISSUED_DATE,WATER_NETWORK,NO_OF_FAMILY_MEMBERS,OWNER_TYPE,NEAREST_WATER_CONNECTION,BUILDING_PERMIT_NUMBER,BUILDING_NUMBER,GOVERNORATE,OWNER_CLASS,PHONE_TYPE,PRIMARY_VAL,RECEIVE_BILL,REGION,RELATIONSHIP_TYPE,REQUEST_TYPE,SP_TYPE,SUB_AREA,TRNS_FRM_PREVIOUS_PRIVATE_NTK,WORK_COMPLETION_DATE_ISSUED,CS_REQTY,WORK_COMPLETION_ID,MM_SERV_TYPE,PARENT) values(?,?,?,?,?,?,?,?,?,?,?,?,?,?,?,?,?,?,?,?,?,?,?,?,?,?,?,?,?,?,?,?,?,?,?,?,?,?,?,?,?,?,?)
2022-05-12 11:43:07,287 INFO com.vinsys.diam.processors.InsertionHelper [scheduling-1] Auditing into requests table
2022-05-12 11:43:07,289 INFO com.vinsys.diam.processors.InsertionHelper [scheduling-1] Before Execute Update
2022-05-12 11:43:07,304 INFO com.vinsys.diam.processors.InsertionHelper [scheduling-1] Execute Update Executed 1 
2022-05-12 11:43:07,305 INFO com.vinsys.diam.processors.InsertionHelper [scheduling-1] Query is INSERT INTO REQUESTS(REQUEST_ID,ACTUAL_PULL_DATE,CONSTRUCTION_PERMIT_NUMBER,OWNER_ID,OWNER_EN_NAME,OWNER_AR_NAME,PHONE,CR_NUMBER,WORK_START_ID,WORK_START_DATE_ISSUED,WILLAYATH,AREA,AREA_WAY,WAY_NAME,AREA_SIZE,BLOCK_NAME,PLOT_NUMBER,PLOT_TYPE,PREMISE_TYPE,SOCIAL_BENEFIT_NO,SOCIAL_BENEFIT_ISSUED_DATE,WATER_NETWORK,NO_OF_FAMILY_MEMBERS,OWNER_TYPE,NEAREST_WATER_CONNECTION,BUILDING_PERMIT_NUMBER,BUILDING_NUMBER,GOVERNORATE,OWNER_CLASS,PHONE_TYPE,PRIMARY_VAL,RECEIVE_BILL,REGION,RELATIONSHIP_TYPE,REQUEST_TYPE,SP_TYPE,SUB_AREA,TRNS_FRM_PREVIOUS_PRIVATE_NTK,WORK_COMPLETION_DATE_ISSUED,CS_REQTY,WORK_COMPLETION_ID,MM_SERV_TYPE,PARENT) values(?,?,?,?,?,?,?,?,?,?,?,?,?,?,?,?,?,?,?,?,?,?,?,?,?,?,?,?,?,?,?,?,?,?,?,?,?,?,?,?,?,?,?)
2022-05-12 11:43:07,524 INFO com.vinsys.diam.processors.InsertionHelper [scheduling-1] Auditing into requests table
2022-05-12 11:43:07,526 INFO com.vinsys.diam.processors.InsertionHelper [scheduling-1] Before Execute Update
2022-05-12 11:43:07,533 INFO com.vinsys.diam.processors.InsertionHelper [scheduling-1] Execute Update Executed 1 
2022-05-12 11:43:07,534 INFO com.vinsys.diam.processors.InsertionHelper [scheduling-1] Query is INSERT INTO REQUESTS(REQUEST_ID,ACTUAL_PULL_DATE,CONSTRUCTION_PERMIT_NUMBER,OWNER_ID,OWNER_EN_NAME,OWNER_AR_NAME,PHONE,CR_NUMBER,WORK_START_ID,WORK_START_DATE_ISSUED,WILLAYATH,AREA,AREA_WAY,WAY_NAME,AREA_SIZE,BLOCK_NAME,PLOT_NUMBER,PLOT_TYPE,PREMISE_TYPE,SOCIAL_BENEFIT_NO,SOCIAL_BENEFIT_ISSUED_DATE,WATER_NETWORK,NO_OF_FAMILY_MEMBERS,OWNER_TYPE,NEAREST_WATER_CONNECTION,BUILDING_PERMIT_NUMBER,BUILDING_NUMBER,GOVERNORATE,OWNER_CLASS,PHONE_TYPE,PRIMARY_VAL,RECEIVE_BILL,REGION,RELATIONSHIP_TYPE,REQUEST_TYPE,SP_TYPE,SUB_AREA,TRNS_FRM_PREVIOUS_PRIVATE_NTK,WORK_COMPLETION_DATE_ISSUED,CS_REQTY,WORK_COMPLETION_ID,MM_SERV_TYPE,PARENT) values(?,?,?,?,?,?,?,?,?,?,?,?,?,?,?,?,?,?,?,?,?,?,?,?,?,?,?,?,?,?,?,?,?,?,?,?,?,?,?,?,?,?,?)
2022-05-12 11:43:07,734 INFO com.vinsys.diam.processors.InsertionHelper [scheduling-1] Auditing into requests table
2022-05-12 11:43:07,735 INFO com.vinsys.diam.processors.InsertionHelper [scheduling-1] Before Execute Update
2022-05-12 11:43:07,741 INFO com.vinsys.diam.processors.InsertionHelper [scheduling-1] Execute Update Executed 1 
2022-05-12 11:43:07,742 INFO com.vinsys.diam.processors.InsertionHelper [scheduling-1] Query is INSERT INTO REQUESTS(REQUEST_ID,ACTUAL_PULL_DATE,CONSTRUCTION_PERMIT_NUMBER,OWNER_ID,OWNER_EN_NAME,OWNER_AR_NAME,PHONE,CR_NUMBER,WORK_START_ID,WORK_START_DATE_ISSUED,WILLAYATH,AREA,AREA_WAY,WAY_NAME,AREA_SIZE,BLOCK_NAME,PLOT_NUMBER,PLOT_TYPE,PREMISE_TYPE,SOCIAL_BENEFIT_NO,SOCIAL_BENEFIT_ISSUED_DATE,WATER_NETWORK,NO_OF_FAMILY_MEMBERS,OWNER_TYPE,NEAREST_WATER_CONNECTION,BUILDING_PERMIT_NUMBER,BUILDING_NUMBER,GOVERNORATE,OWNER_CLASS,PHONE_TYPE,PRIMARY_VAL,RECEIVE_BILL,REGION,RELATIONSHIP_TYPE,REQUEST_TYPE,SP_TYPE,SUB_AREA,TRNS_FRM_PREVIOUS_PRIVATE_NTK,WORK_COMPLETION_DATE_ISSUED,CS_REQTY,WORK_COMPLETION_ID,MM_SERV_TYPE,PARENT) values(?,?,?,?,?,?,?,?,?,?,?,?,?,?,?,?,?,?,?,?,?,?,?,?,?,?,?,?,?,?,?,?,?,?,?,?,?,?,?,?,?,?,?)
2022-05-12 11:43:07,897 INFO com.vinsys.diam.processors.InsertionHelper [scheduling-1] Auditing into requests table
2022-05-12 11:43:07,898 INFO com.vinsys.diam.processors.InsertionHelper [scheduling-1] Before Execute Update
2022-05-12 11:43:07,917 INFO com.vinsys.diam.processors.InsertionHelper [scheduling-1] Execute Update Executed 1 
2022-05-12 11:43:07,918 INFO com.vinsys.diam.processors.InsertionHelper [scheduling-1] Query is INSERT INTO REQUESTS(REQUEST_ID,ACTUAL_PULL_DATE,CONSTRUCTION_PERMIT_NUMBER,OWNER_ID,OWNER_EN_NAME,OWNER_AR_NAME,PHONE,CR_NUMBER,WORK_START_ID,WORK_START_DATE_ISSUED,WILLAYATH,AREA,AREA_WAY,WAY_NAME,AREA_SIZE,BLOCK_NAME,PLOT_NUMBER,PLOT_TYPE,PREMISE_TYPE,SOCIAL_BENEFIT_NO,SOCIAL_BENEFIT_ISSUED_DATE,WATER_NETWORK,NO_OF_FAMILY_MEMBERS,OWNER_TYPE,NEAREST_WATER_CONNECTION,BUILDING_PERMIT_NUMBER,BUILDING_NUMBER,GOVERNORATE,OWNER_CLASS,PHONE_TYPE,PRIMARY_VAL,RECEIVE_BILL,REGION,RELATIONSHIP_TYPE,REQUEST_TYPE,SP_TYPE,SUB_AREA,TRNS_FRM_PREVIOUS_PRIVATE_NTK,WORK_COMPLETION_DATE_ISSUED,CS_REQTY,WORK_COMPLETION_ID,MM_SERV_TYPE,PARENT) values(?,?,?,?,?,?,?,?,?,?,?,?,?,?,?,?,?,?,?,?,?,?,?,?,?,?,?,?,?,?,?,?,?,?,?,?,?,?,?,?,?,?,?)
2022-05-12 11:43:08,099 INFO com.vinsys.diam.processors.InsertionHelper [scheduling-1] Auditing into requests table
2022-05-12 11:43:08,099 INFO com.vinsys.diam.processors.InsertionHelper [scheduling-1] Before Execute Update
2022-05-12 11:43:08,105 INFO com.vinsys.diam.processors.InsertionHelper [scheduling-1] Execute Update Executed 1 
2022-05-12 11:43:08,105 INFO com.vinsys.diam.processors.InsertionHelper [scheduling-1] Query is INSERT INTO REQUESTS(REQUEST_ID,ACTUAL_PULL_DATE,CONSTRUCTION_PERMIT_NUMBER,OWNER_ID,OWNER_EN_NAME,OWNER_AR_NAME,PHONE,CR_NUMBER,WORK_START_ID,WORK_START_DATE_ISSUED,WILLAYATH,AREA,AREA_WAY,WAY_NAME,AREA_SIZE,BLOCK_NAME,PLOT_NUMBER,PLOT_TYPE,PREMISE_TYPE,SOCIAL_BENEFIT_NO,SOCIAL_BENEFIT_ISSUED_DATE,WATER_NETWORK,NO_OF_FAMILY_MEMBERS,OWNER_TYPE,NEAREST_WATER_CONNECTION,BUILDING_PERMIT_NUMBER,BUILDING_NUMBER,GOVERNORATE,OWNER_CLASS,PHONE_TYPE,PRIMARY_VAL,RECEIVE_BILL,REGION,RELATIONSHIP_TYPE,REQUEST_TYPE,SP_TYPE,SUB_AREA,TRNS_FRM_PREVIOUS_PRIVATE_NTK,WORK_COMPLETION_DATE_ISSUED,CS_REQTY,WORK_COMPLETION_ID,MM_SERV_TYPE,PARENT) values(?,?,?,?,?,?,?,?,?,?,?,?,?,?,?,?,?,?,?,?,?,?,?,?,?,?,?,?,?,?,?,?,?,?,?,?,?,?,?,?,?,?,?)
2022-05-12 11:43:08,121 INFO com.vinsys.diam.processors.AuditLogProcessor [scheduling-1] Auditing records in AuditDataProcessor.
2022-05-12 11:43:08,346 INFO com.vinsys.diam.processors.AuditLogProcessor [pool-2-thread-1] Auditing in database.
2022-05-12 11:43:08,361 INFO com.vinsys.diam.controllers.PAWESBServices [scheduling-1] Entered::AbstractEmailDelivery::getRestTemplate()
2022-05-12 11:43:08,381 INFO com.vinsys.diam.processors.ExceptionProcessor [scheduling-1] Auditing records in AuditDataProcessor.
2022-05-12 11:43:08,561 INFO com.vinsys.diam.processors.ExceptionProcessor [pool-3-thread-1] Auditing in database.
2022-05-12 11:43:08,572 INFO com.vinsys.diam.controllers.PAWESBServices [scheduling-1] Entered::AbstractEmailDelivery::getRestTemplate()
2022-05-12 11:43:08,590 INFO com.vinsys.diam.processors.ExceptionProcessor [scheduling-1] Auditing records in AuditDataProcessor.
2022-05-12 11:43:08,767 INFO com.vinsys.diam.processors.ExceptionProcessor [pool-4-thread-1] Auditing in database.
2022-05-12 11:43:08,781 INFO com.vinsys.diam.controllers.PAWESBServices [scheduling-1] Entered::AbstractEmailDelivery::getRestTemplate()
2022-05-12 11:43:08,798 INFO com.vinsys.diam.processors.ExceptionProcessor [scheduling-1] Auditing records in AuditDataProcessor.
2022-05-12 11:43:08,952 INFO com.vinsys.diam.processors.ExceptionProcessor [pool-5-thread-1] Auditing in database.
2022-05-12 11:43:08,961 INFO com.vinsys.diam.controllers.PAWESBServices [scheduling-1] Entered::AbstractEmailDelivery::getRestTemplate()
2022-05-12 11:43:08,978 INFO com.vinsys.diam.processors.ExceptionProcessor [scheduling-1] Auditing records in AuditDataProcessor.
2022-05-12 11:43:09,184 INFO com.vinsys.diam.processors.ExceptionProcessor [pool-6-thread-1] Auditing in database.
2022-05-12 11:43:09,190 INFO com.vinsys.diam.controllers.PAWESBServices [scheduling-1] Entered::AbstractEmailDelivery::getRestTemplate()
2022-05-12 11:43:09,205 INFO com.vinsys.diam.processors.ExceptionProcessor [scheduling-1] Auditing records in AuditDataProcessor.
2022-05-12 11:43:09,404 INFO com.vinsys.diam.processors.ExceptionProcessor [pool-7-thread-1] Auditing in database.
2022-05-12 11:43:09,411 INFO com.vinsys.diam.controllers.PAWESBServices [scheduling-1] Entered::AbstractEmailDelivery::getRestTemplate()
2022-05-12 11:43:09,426 INFO com.vinsys.diam.processors.ExceptionProcessor [scheduling-1] Auditing records in AuditDataProcessor.
2022-05-12 11:43:09,619 INFO com.vinsys.diam.processors.ExceptionProcessor [pool-8-thread-1] Auditing in database.
2022-05-12 11:43:09,631 INFO com.vinsys.diam.controllers.PAWESBServices [scheduling-1] Entered::AbstractEmailDelivery::getRestTemplate()
2022-05-12 11:43:09,647 INFO com.vinsys.diam.processors.ExceptionProcessor [scheduling-1] Auditing records in AuditDataProcessor.
2022-05-12 11:43:09,828 INFO com.vinsys.diam.processors.ExceptionProcessor [pool-9-thread-1] Auditing in database.
2022-05-12 11:43:09,841 INFO com.vinsys.diam.controllers.PAWESBServices [scheduling-1] Entered::AbstractEmailDelivery::getRestTemplate()
2022-05-12 11:43:09,853 INFO com.vinsys.diam.processors.ExceptionProcessor [scheduling-1] Auditing records in AuditDataProcessor.
2022-05-12 11:43:10,045 INFO com.vinsys.diam.processors.ExceptionProcessor [pool-10-thread-1] Auditing in database.
2022-05-12 11:43:10,069 INFO com.vinsys.diam.controllers.PAWESBServices [scheduling-1] Entered::AbstractEmailDelivery::getRestTemplate()
2022-05-12 11:43:10,084 INFO com.vinsys.diam.processors.ExceptionProcessor [scheduling-1] Auditing records in AuditDataProcessor.
2022-05-12 11:43:10,265 INFO com.vinsys.diam.processors.ExceptionProcessor [pool-11-thread-1] Auditing in database.
2022-05-12 11:43:10,271 INFO com.vinsys.diam.controllers.PAWESBServices [scheduling-1] Entered::AbstractEmailDelivery::getRestTemplate()
2022-05-12 11:43:10,283 INFO com.vinsys.diam.processors.ExceptionProcessor [scheduling-1] Auditing records in AuditDataProcessor.
2022-05-12 11:43:10,477 INFO com.vinsys.diam.processors.ExceptionProcessor [pool-12-thread-1] Auditing in database.
2022-05-12 11:43:10,491 INFO com.vinsys.diam.filters.GetDetails [scheduling-1] Inside getAggragation status.. for service code schedular
2022-05-12 11:43:10,781 INFO com.vinsys.diam.processors.ExceptionProcessor [scheduling-1] Auditing records in AuditDataProcessor.
2022-05-12 11:43:11,006 INFO com.vinsys.diam.processors.ExceptionProcessor [pool-13-thread-1] Auditing in database.
2022-05-12 11:43:15,327 INFO org.springframework.boot.admin.SpringApplicationAdminMXBeanRegistrar$SpringApplicationAdmin [RMI TCP Connection(8)-127.0.0.1] Application shutdown requested.
2022-05-12 11:43:15,381 INFO org.springframework.scheduling.concurrent.ExecutorConfigurationSupport [RMI TCP Connection(8)-127.0.0.1] Shutting down ExecutorService 'taskScheduler'
2022-05-12 11:43:15,384 INFO org.springframework.scheduling.concurrent.ExecutorConfigurationSupport [RMI TCP Connection(8)-127.0.0.1] Shutting down ExecutorService 'applicationTaskExecutor'
2022-05-12 11:49:58,427 INFO org.springframework.boot.StartupInfoLogger [main] Starting DemoApplication using Java 16.0.1 on VINSYSLT0182 with PID 3924 (D:\PAW\updated_PAW_ESB\paw-esb-services\target\classes started by admin in D:\PAW\updated_PAW_ESB\paw-esb-services)
2022-05-12 11:49:58,430 INFO org.springframework.boot.SpringApplication [main] No active profile set, falling back to default profiles: default
2022-05-12 11:50:03,656 INFO org.springframework.context.support.PostProcessorRegistrationDelegate$BeanPostProcessorChecker [main] Bean 'org.springframework.ws.config.annotation.DelegatingWsConfiguration' of type [org.springframework.ws.config.annotation.DelegatingWsConfiguration$$EnhancerBySpringCGLIB$$c1024378] is not eligible for getting processed by all BeanPostProcessors (for example: not eligible for auto-proxying)
2022-05-12 11:50:03,692 INFO org.springframework.ws.soap.addressing.server.AbstractAddressingEndpointMapping [main] Supporting [WS-Addressing August 2004, WS-Addressing 1.0]
2022-05-12 11:50:03,928 INFO org.springframework.boot.web.embedded.tomcat.TomcatWebServer [main] Tomcat initialized with port(s): 9999 (http)
2022-05-12 11:50:03,939 INFO org.apache.juli.logging.DirectJDKLog [main] Initializing ProtocolHandler ["http-nio-9999"]
2022-05-12 11:50:03,940 INFO org.apache.juli.logging.DirectJDKLog [main] Starting service [Tomcat]
2022-05-12 11:50:03,940 INFO org.apache.juli.logging.DirectJDKLog [main] Starting Servlet engine: [Apache Tomcat/9.0.45]
2022-05-12 11:50:04,051 INFO org.apache.juli.logging.DirectJDKLog [main] Initializing Spring embedded WebApplicationContext
2022-05-12 11:50:04,052 INFO org.springframework.boot.web.servlet.context.ServletWebServerApplicationContext [main] Root WebApplicationContext: initialization completed in 5547 ms
2022-05-12 11:50:04,439 INFO org.springframework.ws.soap.saaj.SaajSoapMessageFactory [main] Creating SAAJ 1.3 MessageFactory with SOAP 1.1 Protocol
2022-05-12 11:50:04,552 INFO org.springframework.scheduling.concurrent.ExecutorConfigurationSupport [main] Initializing ExecutorService 'applicationTaskExecutor'
2022-05-12 11:50:04,873 INFO org.springframework.scheduling.concurrent.ExecutorConfigurationSupport [main] Initializing ExecutorService 'taskScheduler'
2022-05-12 11:50:04,898 INFO org.springframework.boot.actuate.endpoint.web.EndpointLinksResolver [main] Exposing 2 endpoint(s) beneath base path '/actuator'
2022-05-12 11:50:04,939 INFO org.apache.juli.logging.DirectJDKLog [main] Starting ProtocolHandler ["http-nio-9999"]
2022-05-12 11:50:04,993 INFO org.springframework.boot.web.embedded.tomcat.TomcatWebServer [main] Tomcat started on port(s): 9999 (http) with context path ''
2022-05-12 11:50:05,010 INFO org.springframework.boot.StartupInfoLogger [main] Started DemoApplication in 7.011 seconds (JVM running for 9.112)
2022-05-12 11:50:05,573 INFO org.apache.juli.logging.DirectJDKLog [RMI TCP Connection(1)-127.0.0.1] Initializing Spring DispatcherServlet 'dispatcherServlet'
2022-05-12 11:50:05,573 INFO org.springframework.web.servlet.FrameworkServlet [RMI TCP Connection(1)-127.0.0.1] Initializing Servlet 'dispatcherServlet'
2022-05-12 11:50:05,575 INFO org.springframework.web.servlet.FrameworkServlet [RMI TCP Connection(1)-127.0.0.1] Completed initialization in 2 ms
2022-05-12 11:51:05,031 INFO com.vinsys.diam.controllers.PAWESBServices [scheduling-1] Entered::AbstractEmailDelivery::getRestTemplate()
2022-05-12 11:51:05,916 INFO com.vinsys.diam.processors.InsertionHelper [scheduling-1] Auditing into requests table
2022-05-12 11:51:06,042 INFO com.vinsys.diam.processors.InsertionHelper [scheduling-1] Before Execute Update
2022-05-12 11:51:06,061 INFO com.vinsys.diam.processors.InsertionHelper [scheduling-1] Execute Update Executed 1 
2022-05-12 11:51:06,061 INFO com.vinsys.diam.processors.InsertionHelper [scheduling-1] Query is INSERT INTO REQUESTS(REQUEST_ID,ACTUAL_PULL_DATE,CONSTRUCTION_PERMIT_NUMBER,OWNER_ID,OWNER_EN_NAME,OWNER_AR_NAME,PHONE,CR_NUMBER,WORK_START_ID,WORK_START_DATE_ISSUED,WILLAYATH,AREA,AREA_WAY,WAY_NAME,AREA_SIZE,BLOCK_NAME,PLOT_NUMBER,PLOT_TYPE,PREMISE_TYPE,SOCIAL_BENEFIT_NO,SOCIAL_BENEFIT_ISSUED_DATE,WATER_NETWORK,NO_OF_FAMILY_MEMBERS,OWNER_TYPE,NEAREST_WATER_CONNECTION,BUILDING_PERMIT_NUMBER,BUILDING_NUMBER,GOVERNORATE,OWNER_CLASS,PHONE_TYPE,PRIMARY_VAL,RECEIVE_BILL,REGION,RELATIONSHIP_TYPE,REQUEST_TYPE,SP_TYPE,SUB_AREA,TRNS_FRM_PREVIOUS_PRIVATE_NTK,WORK_COMPLETION_DATE_ISSUED,CS_REQTY,WORK_COMPLETION_ID,MM_SERV_TYPE,PARENT) values(?,?,?,?,?,?,?,?,?,?,?,?,?,?,?,?,?,?,?,?,?,?,?,?,?,?,?,?,?,?,?,?,?,?,?,?,?,?,?,?,?,?,?)
2022-05-12 11:51:06,235 INFO com.vinsys.diam.processors.InsertionHelper [scheduling-1] Auditing into requests table
2022-05-12 11:51:06,237 INFO com.vinsys.diam.processors.InsertionHelper [scheduling-1] Before Execute Update
2022-05-12 11:51:06,500 INFO com.vinsys.diam.processors.InsertionHelper [scheduling-1] Auditing into requests table
2022-05-12 11:51:06,501 INFO com.vinsys.diam.processors.InsertionHelper [scheduling-1] Before Execute Update
2022-05-12 11:51:06,511 INFO com.vinsys.diam.processors.InsertionHelper [scheduling-1] Execute Update Executed 1 
2022-05-12 11:51:06,511 INFO com.vinsys.diam.processors.InsertionHelper [scheduling-1] Query is INSERT INTO REQUESTS(REQUEST_ID,ACTUAL_PULL_DATE,CONSTRUCTION_PERMIT_NUMBER,OWNER_ID,OWNER_EN_NAME,OWNER_AR_NAME,PHONE,CR_NUMBER,WORK_START_ID,WORK_START_DATE_ISSUED,WILLAYATH,AREA,AREA_WAY,WAY_NAME,AREA_SIZE,BLOCK_NAME,PLOT_NUMBER,PLOT_TYPE,PREMISE_TYPE,SOCIAL_BENEFIT_NO,SOCIAL_BENEFIT_ISSUED_DATE,WATER_NETWORK,NO_OF_FAMILY_MEMBERS,OWNER_TYPE,NEAREST_WATER_CONNECTION,BUILDING_PERMIT_NUMBER,BUILDING_NUMBER,GOVERNORATE,OWNER_CLASS,PHONE_TYPE,PRIMARY_VAL,RECEIVE_BILL,REGION,RELATIONSHIP_TYPE,REQUEST_TYPE,SP_TYPE,SUB_AREA,TRNS_FRM_PREVIOUS_PRIVATE_NTK,WORK_COMPLETION_DATE_ISSUED,CS_REQTY,WORK_COMPLETION_ID,MM_SERV_TYPE,PARENT) values(?,?,?,?,?,?,?,?,?,?,?,?,?,?,?,?,?,?,?,?,?,?,?,?,?,?,?,?,?,?,?,?,?,?,?,?,?,?,?,?,?,?,?)
2022-05-12 11:51:06,717 INFO com.vinsys.diam.processors.InsertionHelper [scheduling-1] Auditing into requests table
2022-05-12 11:51:06,719 INFO com.vinsys.diam.processors.InsertionHelper [scheduling-1] Before Execute Update
2022-05-12 11:51:06,727 INFO com.vinsys.diam.processors.InsertionHelper [scheduling-1] Execute Update Executed 1 
2022-05-12 11:51:06,727 INFO com.vinsys.diam.processors.InsertionHelper [scheduling-1] Query is INSERT INTO REQUESTS(REQUEST_ID,ACTUAL_PULL_DATE,CONSTRUCTION_PERMIT_NUMBER,OWNER_ID,OWNER_EN_NAME,OWNER_AR_NAME,PHONE,CR_NUMBER,WORK_START_ID,WORK_START_DATE_ISSUED,WILLAYATH,AREA,AREA_WAY,WAY_NAME,AREA_SIZE,BLOCK_NAME,PLOT_NUMBER,PLOT_TYPE,PREMISE_TYPE,SOCIAL_BENEFIT_NO,SOCIAL_BENEFIT_ISSUED_DATE,WATER_NETWORK,NO_OF_FAMILY_MEMBERS,OWNER_TYPE,NEAREST_WATER_CONNECTION,BUILDING_PERMIT_NUMBER,BUILDING_NUMBER,GOVERNORATE,OWNER_CLASS,PHONE_TYPE,PRIMARY_VAL,RECEIVE_BILL,REGION,RELATIONSHIP_TYPE,REQUEST_TYPE,SP_TYPE,SUB_AREA,TRNS_FRM_PREVIOUS_PRIVATE_NTK,WORK_COMPLETION_DATE_ISSUED,CS_REQTY,WORK_COMPLETION_ID,MM_SERV_TYPE,PARENT) values(?,?,?,?,?,?,?,?,?,?,?,?,?,?,?,?,?,?,?,?,?,?,?,?,?,?,?,?,?,?,?,?,?,?,?,?,?,?,?,?,?,?,?)
2022-05-12 11:51:06,900 INFO com.vinsys.diam.processors.InsertionHelper [scheduling-1] Auditing into requests table
2022-05-12 11:51:06,901 INFO com.vinsys.diam.processors.InsertionHelper [scheduling-1] Before Execute Update
2022-05-12 11:51:06,907 INFO com.vinsys.diam.processors.InsertionHelper [scheduling-1] Execute Update Executed 1 
2022-05-12 11:51:06,908 INFO com.vinsys.diam.processors.InsertionHelper [scheduling-1] Query is INSERT INTO REQUESTS(REQUEST_ID,ACTUAL_PULL_DATE,CONSTRUCTION_PERMIT_NUMBER,OWNER_ID,OWNER_EN_NAME,OWNER_AR_NAME,PHONE,CR_NUMBER,WORK_START_ID,WORK_START_DATE_ISSUED,WILLAYATH,AREA,AREA_WAY,WAY_NAME,AREA_SIZE,BLOCK_NAME,PLOT_NUMBER,PLOT_TYPE,PREMISE_TYPE,SOCIAL_BENEFIT_NO,SOCIAL_BENEFIT_ISSUED_DATE,WATER_NETWORK,NO_OF_FAMILY_MEMBERS,OWNER_TYPE,NEAREST_WATER_CONNECTION,BUILDING_PERMIT_NUMBER,BUILDING_NUMBER,GOVERNORATE,OWNER_CLASS,PHONE_TYPE,PRIMARY_VAL,RECEIVE_BILL,REGION,RELATIONSHIP_TYPE,REQUEST_TYPE,SP_TYPE,SUB_AREA,TRNS_FRM_PREVIOUS_PRIVATE_NTK,WORK_COMPLETION_DATE_ISSUED,CS_REQTY,WORK_COMPLETION_ID,MM_SERV_TYPE,PARENT) values(?,?,?,?,?,?,?,?,?,?,?,?,?,?,?,?,?,?,?,?,?,?,?,?,?,?,?,?,?,?,?,?,?,?,?,?,?,?,?,?,?,?,?)
2022-05-12 11:51:07,077 INFO com.vinsys.diam.processors.InsertionHelper [scheduling-1] Auditing into requests table
2022-05-12 11:51:07,078 INFO com.vinsys.diam.processors.InsertionHelper [scheduling-1] Before Execute Update
2022-05-12 11:51:07,085 INFO com.vinsys.diam.processors.InsertionHelper [scheduling-1] Execute Update Executed 1 
2022-05-12 11:51:07,085 INFO com.vinsys.diam.processors.InsertionHelper [scheduling-1] Query is INSERT INTO REQUESTS(REQUEST_ID,ACTUAL_PULL_DATE,CONSTRUCTION_PERMIT_NUMBER,OWNER_ID,OWNER_EN_NAME,OWNER_AR_NAME,PHONE,CR_NUMBER,WORK_START_ID,WORK_START_DATE_ISSUED,WILLAYATH,AREA,AREA_WAY,WAY_NAME,AREA_SIZE,BLOCK_NAME,PLOT_NUMBER,PLOT_TYPE,PREMISE_TYPE,SOCIAL_BENEFIT_NO,SOCIAL_BENEFIT_ISSUED_DATE,WATER_NETWORK,NO_OF_FAMILY_MEMBERS,OWNER_TYPE,NEAREST_WATER_CONNECTION,BUILDING_PERMIT_NUMBER,BUILDING_NUMBER,GOVERNORATE,OWNER_CLASS,PHONE_TYPE,PRIMARY_VAL,RECEIVE_BILL,REGION,RELATIONSHIP_TYPE,REQUEST_TYPE,SP_TYPE,SUB_AREA,TRNS_FRM_PREVIOUS_PRIVATE_NTK,WORK_COMPLETION_DATE_ISSUED,CS_REQTY,WORK_COMPLETION_ID,MM_SERV_TYPE,PARENT) values(?,?,?,?,?,?,?,?,?,?,?,?,?,?,?,?,?,?,?,?,?,?,?,?,?,?,?,?,?,?,?,?,?,?,?,?,?,?,?,?,?,?,?)
2022-05-12 11:51:07,277 INFO com.vinsys.diam.processors.InsertionHelper [scheduling-1] Auditing into requests table
2022-05-12 11:51:07,278 INFO com.vinsys.diam.processors.InsertionHelper [scheduling-1] Before Execute Update
2022-05-12 11:51:07,285 INFO com.vinsys.diam.processors.InsertionHelper [scheduling-1] Execute Update Executed 1 
2022-05-12 11:51:07,286 INFO com.vinsys.diam.processors.InsertionHelper [scheduling-1] Query is INSERT INTO REQUESTS(REQUEST_ID,ACTUAL_PULL_DATE,CONSTRUCTION_PERMIT_NUMBER,OWNER_ID,OWNER_EN_NAME,OWNER_AR_NAME,PHONE,CR_NUMBER,WORK_START_ID,WORK_START_DATE_ISSUED,WILLAYATH,AREA,AREA_WAY,WAY_NAME,AREA_SIZE,BLOCK_NAME,PLOT_NUMBER,PLOT_TYPE,PREMISE_TYPE,SOCIAL_BENEFIT_NO,SOCIAL_BENEFIT_ISSUED_DATE,WATER_NETWORK,NO_OF_FAMILY_MEMBERS,OWNER_TYPE,NEAREST_WATER_CONNECTION,BUILDING_PERMIT_NUMBER,BUILDING_NUMBER,GOVERNORATE,OWNER_CLASS,PHONE_TYPE,PRIMARY_VAL,RECEIVE_BILL,REGION,RELATIONSHIP_TYPE,REQUEST_TYPE,SP_TYPE,SUB_AREA,TRNS_FRM_PREVIOUS_PRIVATE_NTK,WORK_COMPLETION_DATE_ISSUED,CS_REQTY,WORK_COMPLETION_ID,MM_SERV_TYPE,PARENT) values(?,?,?,?,?,?,?,?,?,?,?,?,?,?,?,?,?,?,?,?,?,?,?,?,?,?,?,?,?,?,?,?,?,?,?,?,?,?,?,?,?,?,?)
2022-05-12 11:51:07,533 INFO com.vinsys.diam.processors.InsertionHelper [scheduling-1] Auditing into requests table
2022-05-12 11:51:07,534 INFO com.vinsys.diam.processors.InsertionHelper [scheduling-1] Before Execute Update
2022-05-12 11:51:07,541 INFO com.vinsys.diam.processors.InsertionHelper [scheduling-1] Execute Update Executed 1 
2022-05-12 11:51:07,542 INFO com.vinsys.diam.processors.InsertionHelper [scheduling-1] Query is INSERT INTO REQUESTS(REQUEST_ID,ACTUAL_PULL_DATE,CONSTRUCTION_PERMIT_NUMBER,OWNER_ID,OWNER_EN_NAME,OWNER_AR_NAME,PHONE,CR_NUMBER,WORK_START_ID,WORK_START_DATE_ISSUED,WILLAYATH,AREA,AREA_WAY,WAY_NAME,AREA_SIZE,BLOCK_NAME,PLOT_NUMBER,PLOT_TYPE,PREMISE_TYPE,SOCIAL_BENEFIT_NO,SOCIAL_BENEFIT_ISSUED_DATE,WATER_NETWORK,NO_OF_FAMILY_MEMBERS,OWNER_TYPE,NEAREST_WATER_CONNECTION,BUILDING_PERMIT_NUMBER,BUILDING_NUMBER,GOVERNORATE,OWNER_CLASS,PHONE_TYPE,PRIMARY_VAL,RECEIVE_BILL,REGION,RELATIONSHIP_TYPE,REQUEST_TYPE,SP_TYPE,SUB_AREA,TRNS_FRM_PREVIOUS_PRIVATE_NTK,WORK_COMPLETION_DATE_ISSUED,CS_REQTY,WORK_COMPLETION_ID,MM_SERV_TYPE,PARENT) values(?,?,?,?,?,?,?,?,?,?,?,?,?,?,?,?,?,?,?,?,?,?,?,?,?,?,?,?,?,?,?,?,?,?,?,?,?,?,?,?,?,?,?)
2022-05-12 11:51:07,726 INFO com.vinsys.diam.processors.InsertionHelper [scheduling-1] Auditing into requests table
2022-05-12 11:51:07,726 INFO com.vinsys.diam.processors.InsertionHelper [scheduling-1] Before Execute Update
2022-05-12 11:51:07,733 INFO com.vinsys.diam.processors.InsertionHelper [scheduling-1] Execute Update Executed 1 
2022-05-12 11:51:07,733 INFO com.vinsys.diam.processors.InsertionHelper [scheduling-1] Query is INSERT INTO REQUESTS(REQUEST_ID,ACTUAL_PULL_DATE,CONSTRUCTION_PERMIT_NUMBER,OWNER_ID,OWNER_EN_NAME,OWNER_AR_NAME,PHONE,CR_NUMBER,WORK_START_ID,WORK_START_DATE_ISSUED,WILLAYATH,AREA,AREA_WAY,WAY_NAME,AREA_SIZE,BLOCK_NAME,PLOT_NUMBER,PLOT_TYPE,PREMISE_TYPE,SOCIAL_BENEFIT_NO,SOCIAL_BENEFIT_ISSUED_DATE,WATER_NETWORK,NO_OF_FAMILY_MEMBERS,OWNER_TYPE,NEAREST_WATER_CONNECTION,BUILDING_PERMIT_NUMBER,BUILDING_NUMBER,GOVERNORATE,OWNER_CLASS,PHONE_TYPE,PRIMARY_VAL,RECEIVE_BILL,REGION,RELATIONSHIP_TYPE,REQUEST_TYPE,SP_TYPE,SUB_AREA,TRNS_FRM_PREVIOUS_PRIVATE_NTK,WORK_COMPLETION_DATE_ISSUED,CS_REQTY,WORK_COMPLETION_ID,MM_SERV_TYPE,PARENT) values(?,?,?,?,?,?,?,?,?,?,?,?,?,?,?,?,?,?,?,?,?,?,?,?,?,?,?,?,?,?,?,?,?,?,?,?,?,?,?,?,?,?,?)
2022-05-12 11:51:07,914 INFO com.vinsys.diam.processors.InsertionHelper [scheduling-1] Auditing into requests table
2022-05-12 11:51:07,915 INFO com.vinsys.diam.processors.InsertionHelper [scheduling-1] Before Execute Update
2022-05-12 11:51:07,922 INFO com.vinsys.diam.processors.InsertionHelper [scheduling-1] Execute Update Executed 1 
2022-05-12 11:51:07,922 INFO com.vinsys.diam.processors.InsertionHelper [scheduling-1] Query is INSERT INTO REQUESTS(REQUEST_ID,ACTUAL_PULL_DATE,CONSTRUCTION_PERMIT_NUMBER,OWNER_ID,OWNER_EN_NAME,OWNER_AR_NAME,PHONE,CR_NUMBER,WORK_START_ID,WORK_START_DATE_ISSUED,WILLAYATH,AREA,AREA_WAY,WAY_NAME,AREA_SIZE,BLOCK_NAME,PLOT_NUMBER,PLOT_TYPE,PREMISE_TYPE,SOCIAL_BENEFIT_NO,SOCIAL_BENEFIT_ISSUED_DATE,WATER_NETWORK,NO_OF_FAMILY_MEMBERS,OWNER_TYPE,NEAREST_WATER_CONNECTION,BUILDING_PERMIT_NUMBER,BUILDING_NUMBER,GOVERNORATE,OWNER_CLASS,PHONE_TYPE,PRIMARY_VAL,RECEIVE_BILL,REGION,RELATIONSHIP_TYPE,REQUEST_TYPE,SP_TYPE,SUB_AREA,TRNS_FRM_PREVIOUS_PRIVATE_NTK,WORK_COMPLETION_DATE_ISSUED,CS_REQTY,WORK_COMPLETION_ID,MM_SERV_TYPE,PARENT) values(?,?,?,?,?,?,?,?,?,?,?,?,?,?,?,?,?,?,?,?,?,?,?,?,?,?,?,?,?,?,?,?,?,?,?,?,?,?,?,?,?,?,?)
2022-05-12 11:51:07,930 INFO com.vinsys.diam.processors.AuditLogProcessor [scheduling-1] Auditing records in AuditDataProcessor.
2022-05-12 11:51:08,134 INFO com.vinsys.diam.processors.AuditLogProcessor [pool-2-thread-1] Auditing in database.
2022-05-12 11:51:08,139 INFO com.vinsys.diam.controllers.PAWESBServices [scheduling-1] Entered::AbstractEmailDelivery::getRestTemplate()
2022-05-12 11:51:08,154 INFO com.vinsys.diam.processors.ExceptionProcessor [scheduling-1] Auditing records in AuditDataProcessor.
2022-05-12 11:51:08,321 INFO com.vinsys.diam.processors.ExceptionProcessor [pool-3-thread-1] Auditing in database.
2022-05-12 11:51:08,331 INFO com.vinsys.diam.controllers.PAWESBServices [scheduling-1] Entered::AbstractEmailDelivery::getRestTemplate()
2022-05-12 11:51:08,349 INFO com.vinsys.diam.processors.ExceptionProcessor [scheduling-1] Auditing records in AuditDataProcessor.
2022-05-12 11:51:08,507 INFO com.vinsys.diam.processors.ExceptionProcessor [pool-4-thread-1] Auditing in database.
2022-05-12 11:51:08,531 INFO com.vinsys.diam.controllers.PAWESBServices [scheduling-1] Entered::AbstractEmailDelivery::getRestTemplate()
2022-05-12 11:51:08,551 INFO com.vinsys.diam.processors.ExceptionProcessor [scheduling-1] Auditing records in AuditDataProcessor.
2022-05-12 11:51:08,736 INFO com.vinsys.diam.processors.ExceptionProcessor [pool-5-thread-1] Auditing in database.
2022-05-12 11:51:08,749 INFO com.vinsys.diam.controllers.PAWESBServices [scheduling-1] Entered::AbstractEmailDelivery::getRestTemplate()
2022-05-12 11:51:08,767 INFO com.vinsys.diam.processors.ExceptionProcessor [scheduling-1] Auditing records in AuditDataProcessor.
2022-05-12 11:51:09,000 INFO com.vinsys.diam.processors.ExceptionProcessor [pool-6-thread-1] Auditing in database.
2022-05-12 11:51:09,014 INFO com.vinsys.diam.controllers.PAWESBServices [scheduling-1] Entered::AbstractEmailDelivery::getRestTemplate()
2022-05-12 11:51:09,028 INFO com.vinsys.diam.processors.ExceptionProcessor [scheduling-1] Auditing records in AuditDataProcessor.
2022-05-12 11:51:09,219 INFO com.vinsys.diam.processors.ExceptionProcessor [pool-7-thread-1] Auditing in database.
2022-05-12 11:51:09,235 INFO com.vinsys.diam.controllers.PAWESBServices [scheduling-1] Entered::AbstractEmailDelivery::getRestTemplate()
2022-05-12 11:51:09,251 INFO com.vinsys.diam.processors.ExceptionProcessor [scheduling-1] Auditing records in AuditDataProcessor.
2022-05-12 11:51:09,439 INFO com.vinsys.diam.processors.ExceptionProcessor [pool-8-thread-1] Auditing in database.
2022-05-12 11:51:09,459 INFO com.vinsys.diam.controllers.PAWESBServices [scheduling-1] Entered::AbstractEmailDelivery::getRestTemplate()
2022-05-12 11:51:09,478 INFO com.vinsys.diam.processors.ExceptionProcessor [scheduling-1] Auditing records in AuditDataProcessor.
2022-05-12 11:51:09,660 INFO com.vinsys.diam.processors.ExceptionProcessor [pool-9-thread-1] Auditing in database.
2022-05-12 11:51:09,668 INFO com.vinsys.diam.controllers.PAWESBServices [scheduling-1] Entered::AbstractEmailDelivery::getRestTemplate()
2022-05-12 11:51:09,682 INFO com.vinsys.diam.processors.ExceptionProcessor [scheduling-1] Auditing records in AuditDataProcessor.
2022-05-12 11:51:09,847 INFO com.vinsys.diam.processors.ExceptionProcessor [pool-10-thread-1] Auditing in database.
2022-05-12 11:51:09,860 INFO com.vinsys.diam.controllers.PAWESBServices [scheduling-1] Entered::AbstractEmailDelivery::getRestTemplate()
2022-05-12 11:51:09,874 INFO com.vinsys.diam.processors.ExceptionProcessor [scheduling-1] Auditing records in AuditDataProcessor.
2022-05-12 11:51:10,048 INFO com.vinsys.diam.processors.ExceptionProcessor [pool-11-thread-1] Auditing in database.
2022-05-12 11:51:10,059 INFO com.vinsys.diam.controllers.PAWESBServices [scheduling-1] Entered::AbstractEmailDelivery::getRestTemplate()
2022-05-12 11:51:10,074 INFO com.vinsys.diam.processors.ExceptionProcessor [scheduling-1] Auditing records in AuditDataProcessor.
2022-05-12 11:51:10,240 INFO com.vinsys.diam.processors.ExceptionProcessor [pool-12-thread-1] Auditing in database.
2022-05-12 11:51:10,249 INFO com.vinsys.diam.filters.GetDetails [scheduling-1] Inside getAggragation status.. for service code schedular
2022-05-12 11:51:10,469 INFO com.vinsys.diam.processors.ExceptionProcessor [scheduling-1] Auditing records in AuditDataProcessor.
2022-05-12 11:51:10,640 INFO com.vinsys.diam.processors.ExceptionProcessor [pool-13-thread-1] Auditing in database.
2022-05-12 11:51:13,833 INFO org.springframework.boot.admin.SpringApplicationAdminMXBeanRegistrar$SpringApplicationAdmin [RMI TCP Connection(11)-127.0.0.1] Application shutdown requested.
2022-05-12 11:51:13,872 INFO org.springframework.scheduling.concurrent.ExecutorConfigurationSupport [RMI TCP Connection(11)-127.0.0.1] Shutting down ExecutorService 'taskScheduler'
2022-05-12 11:51:13,877 INFO org.springframework.scheduling.concurrent.ExecutorConfigurationSupport [RMI TCP Connection(11)-127.0.0.1] Shutting down ExecutorService 'applicationTaskExecutor'
2022-05-12 12:41:40,088 INFO org.springframework.boot.StartupInfoLogger [main] Starting DemoApplication using Java 16.0.1 on VINSYSLT0182 with PID 11544 (D:\PAW\updated_PAW_ESB\paw-esb-services\target\classes started by admin in D:\PAW\updated_PAW_ESB\paw-esb-services)
2022-05-12 12:41:40,092 INFO org.springframework.boot.SpringApplication [main] No active profile set, falling back to default profiles: default
2022-05-12 12:41:47,112 INFO org.springframework.context.support.PostProcessorRegistrationDelegate$BeanPostProcessorChecker [main] Bean 'org.springframework.ws.config.annotation.DelegatingWsConfiguration' of type [org.springframework.ws.config.annotation.DelegatingWsConfiguration$$EnhancerBySpringCGLIB$$436d3ea7] is not eligible for getting processed by all BeanPostProcessors (for example: not eligible for auto-proxying)
2022-05-12 12:41:47,161 INFO org.springframework.ws.soap.addressing.server.AbstractAddressingEndpointMapping [main] Supporting [WS-Addressing August 2004, WS-Addressing 1.0]
2022-05-12 12:41:47,494 INFO org.springframework.boot.web.embedded.tomcat.TomcatWebServer [main] Tomcat initialized with port(s): 9999 (http)
2022-05-12 12:41:47,510 INFO org.apache.juli.logging.DirectJDKLog [main] Initializing ProtocolHandler ["http-nio-9999"]
2022-05-12 12:41:47,512 INFO org.apache.juli.logging.DirectJDKLog [main] Starting service [Tomcat]
2022-05-12 12:41:47,512 INFO org.apache.juli.logging.DirectJDKLog [main] Starting Servlet engine: [Apache Tomcat/9.0.45]
2022-05-12 12:41:47,679 INFO org.apache.juli.logging.DirectJDKLog [main] Initializing Spring embedded WebApplicationContext
2022-05-12 12:41:47,679 INFO org.springframework.boot.web.servlet.context.ServletWebServerApplicationContext [main] Root WebApplicationContext: initialization completed in 7351 ms
2022-05-12 12:41:48,240 INFO org.springframework.ws.soap.saaj.SaajSoapMessageFactory [main] Creating SAAJ 1.3 MessageFactory with SOAP 1.1 Protocol
2022-05-12 12:41:48,391 INFO org.springframework.scheduling.concurrent.ExecutorConfigurationSupport [main] Initializing ExecutorService 'applicationTaskExecutor'
2022-05-12 12:41:48,825 INFO org.springframework.scheduling.concurrent.ExecutorConfigurationSupport [main] Initializing ExecutorService 'taskScheduler'
2022-05-12 12:41:48,874 INFO org.springframework.boot.actuate.endpoint.web.EndpointLinksResolver [main] Exposing 2 endpoint(s) beneath base path '/actuator'
2022-05-12 12:41:48,905 INFO org.apache.juli.logging.DirectJDKLog [main] Starting ProtocolHandler ["http-nio-9999"]
2022-05-12 12:41:48,957 INFO org.springframework.boot.web.embedded.tomcat.TomcatWebServer [main] Tomcat started on port(s): 9999 (http) with context path ''
2022-05-12 12:41:48,988 INFO org.springframework.boot.StartupInfoLogger [main] Started DemoApplication in 9.381 seconds (JVM running for 10.996)
2022-05-12 12:41:49,950 INFO org.apache.juli.logging.DirectJDKLog [RMI TCP Connection(3)-127.0.0.1] Initializing Spring DispatcherServlet 'dispatcherServlet'
2022-05-12 12:41:49,950 INFO org.springframework.web.servlet.FrameworkServlet [RMI TCP Connection(3)-127.0.0.1] Initializing Servlet 'dispatcherServlet'
2022-05-12 12:41:49,952 INFO org.springframework.web.servlet.FrameworkServlet [RMI TCP Connection(3)-127.0.0.1] Completed initialization in 1 ms
2022-05-12 12:42:05,021 INFO com.vinsys.diam.controllers.PAWESBServices [scheduling-1] Entered::AbstractEmailDelivery::getRestTemplate()
2022-05-12 12:42:05,730 INFO com.vinsys.diam.processors.InsertionHelper [scheduling-1] Auditing into requests table
2022-05-12 12:42:05,875 INFO com.vinsys.diam.processors.InsertionHelper [scheduling-1] Before Execute Update
2022-05-12 12:42:06,217 INFO com.vinsys.diam.processors.InsertionHelper [scheduling-1] Auditing into requests table
2022-05-12 12:42:06,218 INFO com.vinsys.diam.processors.InsertionHelper [scheduling-1] Before Execute Update
2022-05-12 12:42:06,553 INFO com.vinsys.diam.processors.InsertionHelper [scheduling-1] Auditing into requests table
2022-05-12 12:42:06,554 INFO com.vinsys.diam.processors.InsertionHelper [scheduling-1] Before Execute Update
2022-05-12 12:42:06,946 INFO com.vinsys.diam.processors.InsertionHelper [scheduling-1] Auditing into requests table
2022-05-12 12:42:06,947 INFO com.vinsys.diam.processors.InsertionHelper [scheduling-1] Before Execute Update
2022-05-12 12:42:07,236 INFO com.vinsys.diam.processors.InsertionHelper [scheduling-1] Auditing into requests table
2022-05-12 12:42:07,236 INFO com.vinsys.diam.processors.InsertionHelper [scheduling-1] Before Execute Update
2022-05-12 12:42:07,576 INFO com.vinsys.diam.processors.InsertionHelper [scheduling-1] Auditing into requests table
2022-05-12 12:42:07,577 INFO com.vinsys.diam.processors.InsertionHelper [scheduling-1] Before Execute Update
2022-05-12 12:42:08,001 INFO com.vinsys.diam.processors.InsertionHelper [scheduling-1] Auditing into requests table
2022-05-12 12:42:08,002 INFO com.vinsys.diam.processors.InsertionHelper [scheduling-1] Before Execute Update
2022-05-12 12:42:08,422 INFO com.vinsys.diam.processors.InsertionHelper [scheduling-1] Auditing into requests table
2022-05-12 12:42:08,423 INFO com.vinsys.diam.processors.InsertionHelper [scheduling-1] Before Execute Update
2022-05-12 12:42:08,760 INFO com.vinsys.diam.processors.InsertionHelper [scheduling-1] Auditing into requests table
2022-05-12 12:42:08,761 INFO com.vinsys.diam.processors.InsertionHelper [scheduling-1] Before Execute Update
2022-05-12 12:42:09,124 INFO com.vinsys.diam.processors.InsertionHelper [scheduling-1] Auditing into requests table
2022-05-12 12:42:09,125 INFO com.vinsys.diam.processors.InsertionHelper [scheduling-1] Before Execute Update
2022-05-12 12:42:09,249 INFO com.vinsys.diam.processors.AuditLogProcessor [scheduling-1] Auditing records in AuditDataProcessor.
2022-05-12 12:42:09,537 INFO com.vinsys.diam.processors.AuditLogProcessor [pool-2-thread-1] Auditing in database.
2022-05-12 12:42:09,558 INFO com.vinsys.diam.controllers.PAWESBServices [scheduling-1] Entered::AbstractEmailDelivery::getRestTemplate()
2022-05-12 12:42:09,571 INFO com.vinsys.diam.processors.ExceptionProcessor [scheduling-1] Auditing records in AuditDataProcessor.
2022-05-12 12:42:09,797 INFO com.vinsys.diam.processors.ExceptionProcessor [pool-3-thread-1] Auditing in database.
2022-05-12 12:42:09,808 INFO com.vinsys.diam.controllers.PAWESBServices [scheduling-1] Entered::AbstractEmailDelivery::getRestTemplate()
2022-05-12 12:42:09,822 INFO com.vinsys.diam.processors.ExceptionProcessor [scheduling-1] Auditing records in AuditDataProcessor.
2022-05-12 12:42:10,090 INFO com.vinsys.diam.processors.ExceptionProcessor [pool-4-thread-1] Auditing in database.
2022-05-12 12:42:10,098 INFO com.vinsys.diam.controllers.PAWESBServices [scheduling-1] Entered::AbstractEmailDelivery::getRestTemplate()
2022-05-12 12:42:10,114 INFO com.vinsys.diam.processors.ExceptionProcessor [scheduling-1] Auditing records in AuditDataProcessor.
2022-05-12 12:42:10,343 INFO com.vinsys.diam.processors.ExceptionProcessor [pool-5-thread-1] Auditing in database.
2022-05-12 12:42:10,358 INFO com.vinsys.diam.controllers.PAWESBServices [scheduling-1] Entered::AbstractEmailDelivery::getRestTemplate()
2022-05-12 12:42:10,372 INFO com.vinsys.diam.processors.ExceptionProcessor [scheduling-1] Auditing records in AuditDataProcessor.
2022-05-12 12:42:10,567 INFO com.vinsys.diam.processors.ExceptionProcessor [pool-6-thread-1] Auditing in database.
2022-05-12 12:42:10,587 INFO com.vinsys.diam.controllers.PAWESBServices [scheduling-1] Entered::AbstractEmailDelivery::getRestTemplate()
2022-05-12 12:42:10,600 INFO com.vinsys.diam.processors.ExceptionProcessor [scheduling-1] Auditing records in AuditDataProcessor.
2022-05-12 12:42:10,808 INFO com.vinsys.diam.processors.ExceptionProcessor [pool-7-thread-1] Auditing in database.
2022-05-12 12:42:10,829 INFO com.vinsys.diam.controllers.PAWESBServices [scheduling-1] Entered::AbstractEmailDelivery::getRestTemplate()
2022-05-12 12:42:10,842 INFO com.vinsys.diam.processors.ExceptionProcessor [scheduling-1] Auditing records in AuditDataProcessor.
2022-05-12 12:42:11,169 INFO com.vinsys.diam.processors.ExceptionProcessor [pool-8-thread-1] Auditing in database.
2022-05-12 12:42:11,188 INFO com.vinsys.diam.controllers.PAWESBServices [scheduling-1] Entered::AbstractEmailDelivery::getRestTemplate()
2022-05-12 12:42:11,203 INFO com.vinsys.diam.processors.ExceptionProcessor [scheduling-1] Auditing records in AuditDataProcessor.
2022-05-12 12:42:11,424 INFO com.vinsys.diam.processors.ExceptionProcessor [pool-9-thread-1] Auditing in database.
2022-05-12 12:42:11,498 INFO com.vinsys.diam.controllers.PAWESBServices [scheduling-1] Entered::AbstractEmailDelivery::getRestTemplate()
2022-05-12 12:42:11,511 INFO com.vinsys.diam.processors.ExceptionProcessor [scheduling-1] Auditing records in AuditDataProcessor.
2022-05-12 12:42:11,731 INFO com.vinsys.diam.processors.ExceptionProcessor [pool-10-thread-1] Auditing in database.
2022-05-12 12:42:11,747 INFO com.vinsys.diam.controllers.PAWESBServices [scheduling-1] Entered::AbstractEmailDelivery::getRestTemplate()
2022-05-12 12:42:11,768 INFO com.vinsys.diam.processors.ExceptionProcessor [scheduling-1] Auditing records in AuditDataProcessor.
2022-05-12 12:42:12,107 INFO com.vinsys.diam.processors.ExceptionProcessor [pool-11-thread-1] Auditing in database.
2022-05-12 12:42:12,145 INFO com.vinsys.diam.controllers.PAWESBServices [scheduling-1] Entered::AbstractEmailDelivery::getRestTemplate()
2022-05-12 12:42:12,158 INFO com.vinsys.diam.processors.ExceptionProcessor [scheduling-1] Auditing records in AuditDataProcessor.
2022-05-12 12:42:12,405 INFO com.vinsys.diam.processors.ExceptionProcessor [pool-12-thread-1] Auditing in database.
2022-05-12 12:42:12,428 INFO com.vinsys.diam.filters.GetDetails [scheduling-1] Inside getAggragation status.. for service code schedular
2022-05-12 12:42:12,695 INFO com.vinsys.diam.processors.ExceptionProcessor [scheduling-1] Auditing records in AuditDataProcessor.
2022-05-12 12:42:12,938 INFO com.vinsys.diam.processors.ExceptionProcessor [pool-13-thread-1] Auditing in database.
2022-05-12 12:42:14,168 INFO org.springframework.boot.admin.SpringApplicationAdminMXBeanRegistrar$SpringApplicationAdmin [RMI TCP Connection(7)-127.0.0.1] Application shutdown requested.
2022-05-12 12:42:14,204 INFO org.springframework.scheduling.concurrent.ExecutorConfigurationSupport [RMI TCP Connection(7)-127.0.0.1] Shutting down ExecutorService 'taskScheduler'
2022-05-12 12:42:14,207 INFO org.springframework.scheduling.concurrent.ExecutorConfigurationSupport [RMI TCP Connection(7)-127.0.0.1] Shutting down ExecutorService 'applicationTaskExecutor'
2022-05-12 12:43:57,651 INFO org.springframework.boot.StartupInfoLogger [main] Starting DemoApplication using Java 16.0.1 on VINSYSLT0182 with PID 14804 (D:\PAW\updated_PAW_ESB\paw-esb-services\target\classes started by admin in D:\PAW\updated_PAW_ESB\paw-esb-services)
2022-05-12 12:43:57,660 INFO org.springframework.boot.SpringApplication [main] No active profile set, falling back to default profiles: default
2022-05-12 12:44:02,904 INFO org.springframework.context.support.PostProcessorRegistrationDelegate$BeanPostProcessorChecker [main] Bean 'org.springframework.ws.config.annotation.DelegatingWsConfiguration' of type [org.springframework.ws.config.annotation.DelegatingWsConfiguration$$EnhancerBySpringCGLIB$$5e7f13f6] is not eligible for getting processed by all BeanPostProcessors (for example: not eligible for auto-proxying)
2022-05-12 12:44:02,936 INFO org.springframework.ws.soap.addressing.server.AbstractAddressingEndpointMapping [main] Supporting [WS-Addressing August 2004, WS-Addressing 1.0]
2022-05-12 12:44:03,239 INFO org.springframework.boot.web.embedded.tomcat.TomcatWebServer [main] Tomcat initialized with port(s): 9999 (http)
2022-05-12 12:44:03,254 INFO org.apache.juli.logging.DirectJDKLog [main] Initializing ProtocolHandler ["http-nio-9999"]
2022-05-12 12:44:03,255 INFO org.apache.juli.logging.DirectJDKLog [main] Starting service [Tomcat]
2022-05-12 12:44:03,255 INFO org.apache.juli.logging.DirectJDKLog [main] Starting Servlet engine: [Apache Tomcat/9.0.45]
2022-05-12 12:44:03,382 INFO org.apache.juli.logging.DirectJDKLog [main] Initializing Spring embedded WebApplicationContext
2022-05-12 12:44:03,383 INFO org.springframework.boot.web.servlet.context.ServletWebServerApplicationContext [main] Root WebApplicationContext: initialization completed in 5619 ms
2022-05-12 12:44:04,023 INFO org.springframework.ws.soap.saaj.SaajSoapMessageFactory [main] Creating SAAJ 1.3 MessageFactory with SOAP 1.1 Protocol
2022-05-12 12:44:04,212 INFO org.springframework.scheduling.concurrent.ExecutorConfigurationSupport [main] Initializing ExecutorService 'applicationTaskExecutor'
2022-05-12 12:44:04,804 INFO org.springframework.scheduling.concurrent.ExecutorConfigurationSupport [main] Initializing ExecutorService 'taskScheduler'
2022-05-12 12:44:04,852 INFO org.springframework.boot.actuate.endpoint.web.EndpointLinksResolver [main] Exposing 2 endpoint(s) beneath base path '/actuator'
2022-05-12 12:44:04,894 INFO org.apache.juli.logging.DirectJDKLog [main] Starting ProtocolHandler ["http-nio-9999"]
2022-05-12 12:44:04,952 INFO org.springframework.boot.web.embedded.tomcat.TomcatWebServer [main] Tomcat started on port(s): 9999 (http) with context path ''
2022-05-12 12:44:04,982 INFO org.springframework.boot.StartupInfoLogger [main] Started DemoApplication in 7.943 seconds (JVM running for 9.332)
2022-05-12 12:44:05,008 INFO com.vinsys.diam.controllers.PAWESBServices [scheduling-1] Entered::AbstractEmailDelivery::getRestTemplate()
2022-05-12 12:44:05,783 INFO com.vinsys.diam.processors.InsertionHelper [scheduling-1] Auditing into requests table
2022-05-12 12:44:05,923 INFO com.vinsys.diam.processors.InsertionHelper [scheduling-1] Before Execute Update
2022-05-12 12:44:05,939 INFO com.vinsys.diam.processors.InsertionHelper [scheduling-1] Execute Update Executed 1 
2022-05-12 12:44:05,940 INFO com.vinsys.diam.processors.InsertionHelper [scheduling-1] Query is INSERT INTO REQUESTS(REQUEST_ID,ACTUAL_PULL_DATE,CONSTRUCTION_PERMIT_NUMBER,OWNER_ID,OWNER_EN_NAME,OWNER_AR_NAME,PHONE,CR_NUMBER,WORK_START_ID,WORK_START_DATE_ISSUED,WILLAYATH,AREA,AREA_WAY,WAY_NAME,AREA_SIZE,BLOCK_NAME,PLOT_NUMBER,PLOT_TYPE,PREMISE_TYPE,SOCIAL_BENEFIT_NO,SOCIAL_BENEFIT_ISSUED_DATE,WATER_NETWORK,NO_OF_FAMILY_MEMBERS,OWNER_TYPE,NEAREST_WATER_CONNECTION,BUILDING_PERMIT_NUMBER,BUILDING_NUMBER,GOVERNORATE,OWNER_CLASS,PHONE_TYPE,PRIMARY_VAL,RECEIVE_BILL,REGION,RELATIONSHIP_TYPE,REQUEST_TYPE,SP_TYPE,SUB_AREA,TRNS_FRM_PREVIOUS_PRIVATE_NTK,WORK_COMPLETION_DATE_ISSUED,CS_REQTY,WORK_COMPLETION_ID,MM_SERV_TYPE,PARENT) values(?,?,?,?,?,?,?,?,?,?,?,?,?,?,?,?,?,?,?,?,?,?,?,?,?,?,?,?,?,?,?,?,?,?,?,?,?,?,?,?,?,?,?)
2022-05-12 12:44:06,115 INFO com.vinsys.diam.processors.InsertionHelper [scheduling-1] Auditing into requests table
2022-05-12 12:44:06,116 INFO com.vinsys.diam.processors.InsertionHelper [scheduling-1] Before Execute Update
2022-05-12 12:44:06,354 INFO com.vinsys.diam.processors.InsertionHelper [scheduling-1] Auditing into requests table
2022-05-12 12:44:06,354 INFO com.vinsys.diam.processors.InsertionHelper [scheduling-1] Before Execute Update
2022-05-12 12:44:06,368 INFO com.vinsys.diam.processors.InsertionHelper [scheduling-1] Execute Update Executed 1 
2022-05-12 12:44:06,369 INFO com.vinsys.diam.processors.InsertionHelper [scheduling-1] Query is INSERT INTO REQUESTS(REQUEST_ID,ACTUAL_PULL_DATE,CONSTRUCTION_PERMIT_NUMBER,OWNER_ID,OWNER_EN_NAME,OWNER_AR_NAME,PHONE,CR_NUMBER,WORK_START_ID,WORK_START_DATE_ISSUED,WILLAYATH,AREA,AREA_WAY,WAY_NAME,AREA_SIZE,BLOCK_NAME,PLOT_NUMBER,PLOT_TYPE,PREMISE_TYPE,SOCIAL_BENEFIT_NO,SOCIAL_BENEFIT_ISSUED_DATE,WATER_NETWORK,NO_OF_FAMILY_MEMBERS,OWNER_TYPE,NEAREST_WATER_CONNECTION,BUILDING_PERMIT_NUMBER,BUILDING_NUMBER,GOVERNORATE,OWNER_CLASS,PHONE_TYPE,PRIMARY_VAL,RECEIVE_BILL,REGION,RELATIONSHIP_TYPE,REQUEST_TYPE,SP_TYPE,SUB_AREA,TRNS_FRM_PREVIOUS_PRIVATE_NTK,WORK_COMPLETION_DATE_ISSUED,CS_REQTY,WORK_COMPLETION_ID,MM_SERV_TYPE,PARENT) values(?,?,?,?,?,?,?,?,?,?,?,?,?,?,?,?,?,?,?,?,?,?,?,?,?,?,?,?,?,?,?,?,?,?,?,?,?,?,?,?,?,?,?)
2022-05-12 12:44:06,529 INFO com.vinsys.diam.processors.InsertionHelper [scheduling-1] Auditing into requests table
2022-05-12 12:44:06,530 INFO com.vinsys.diam.processors.InsertionHelper [scheduling-1] Before Execute Update
2022-05-12 12:44:06,542 INFO com.vinsys.diam.processors.InsertionHelper [scheduling-1] Execute Update Executed 1 
2022-05-12 12:44:06,542 INFO com.vinsys.diam.processors.InsertionHelper [scheduling-1] Query is INSERT INTO REQUESTS(REQUEST_ID,ACTUAL_PULL_DATE,CONSTRUCTION_PERMIT_NUMBER,OWNER_ID,OWNER_EN_NAME,OWNER_AR_NAME,PHONE,CR_NUMBER,WORK_START_ID,WORK_START_DATE_ISSUED,WILLAYATH,AREA,AREA_WAY,WAY_NAME,AREA_SIZE,BLOCK_NAME,PLOT_NUMBER,PLOT_TYPE,PREMISE_TYPE,SOCIAL_BENEFIT_NO,SOCIAL_BENEFIT_ISSUED_DATE,WATER_NETWORK,NO_OF_FAMILY_MEMBERS,OWNER_TYPE,NEAREST_WATER_CONNECTION,BUILDING_PERMIT_NUMBER,BUILDING_NUMBER,GOVERNORATE,OWNER_CLASS,PHONE_TYPE,PRIMARY_VAL,RECEIVE_BILL,REGION,RELATIONSHIP_TYPE,REQUEST_TYPE,SP_TYPE,SUB_AREA,TRNS_FRM_PREVIOUS_PRIVATE_NTK,WORK_COMPLETION_DATE_ISSUED,CS_REQTY,WORK_COMPLETION_ID,MM_SERV_TYPE,PARENT) values(?,?,?,?,?,?,?,?,?,?,?,?,?,?,?,?,?,?,?,?,?,?,?,?,?,?,?,?,?,?,?,?,?,?,?,?,?,?,?,?,?,?,?)
2022-05-12 12:44:06,758 INFO com.vinsys.diam.processors.InsertionHelper [scheduling-1] Auditing into requests table
2022-05-12 12:44:06,758 INFO com.vinsys.diam.processors.InsertionHelper [scheduling-1] Before Execute Update
2022-05-12 12:44:06,765 INFO com.vinsys.diam.processors.InsertionHelper [scheduling-1] Execute Update Executed 1 
2022-05-12 12:44:06,766 INFO com.vinsys.diam.processors.InsertionHelper [scheduling-1] Query is INSERT INTO REQUESTS(REQUEST_ID,ACTUAL_PULL_DATE,CONSTRUCTION_PERMIT_NUMBER,OWNER_ID,OWNER_EN_NAME,OWNER_AR_NAME,PHONE,CR_NUMBER,WORK_START_ID,WORK_START_DATE_ISSUED,WILLAYATH,AREA,AREA_WAY,WAY_NAME,AREA_SIZE,BLOCK_NAME,PLOT_NUMBER,PLOT_TYPE,PREMISE_TYPE,SOCIAL_BENEFIT_NO,SOCIAL_BENEFIT_ISSUED_DATE,WATER_NETWORK,NO_OF_FAMILY_MEMBERS,OWNER_TYPE,NEAREST_WATER_CONNECTION,BUILDING_PERMIT_NUMBER,BUILDING_NUMBER,GOVERNORATE,OWNER_CLASS,PHONE_TYPE,PRIMARY_VAL,RECEIVE_BILL,REGION,RELATIONSHIP_TYPE,REQUEST_TYPE,SP_TYPE,SUB_AREA,TRNS_FRM_PREVIOUS_PRIVATE_NTK,WORK_COMPLETION_DATE_ISSUED,CS_REQTY,WORK_COMPLETION_ID,MM_SERV_TYPE,PARENT) values(?,?,?,?,?,?,?,?,?,?,?,?,?,?,?,?,?,?,?,?,?,?,?,?,?,?,?,?,?,?,?,?,?,?,?,?,?,?,?,?,?,?,?)
2022-05-12 12:44:06,779 INFO org.apache.juli.logging.DirectJDKLog [RMI TCP Connection(3)-127.0.0.1] Initializing Spring DispatcherServlet 'dispatcherServlet'
2022-05-12 12:44:06,780 INFO org.springframework.web.servlet.FrameworkServlet [RMI TCP Connection(3)-127.0.0.1] Initializing Servlet 'dispatcherServlet'
2022-05-12 12:44:06,782 INFO org.springframework.web.servlet.FrameworkServlet [RMI TCP Connection(3)-127.0.0.1] Completed initialization in 2 ms
2022-05-12 12:44:06,963 INFO com.vinsys.diam.processors.InsertionHelper [scheduling-1] Auditing into requests table
2022-05-12 12:44:06,964 INFO com.vinsys.diam.processors.InsertionHelper [scheduling-1] Before Execute Update
2022-05-12 12:44:06,974 INFO com.vinsys.diam.processors.InsertionHelper [scheduling-1] Execute Update Executed 1 
2022-05-12 12:44:06,975 INFO com.vinsys.diam.processors.InsertionHelper [scheduling-1] Query is INSERT INTO REQUESTS(REQUEST_ID,ACTUAL_PULL_DATE,CONSTRUCTION_PERMIT_NUMBER,OWNER_ID,OWNER_EN_NAME,OWNER_AR_NAME,PHONE,CR_NUMBER,WORK_START_ID,WORK_START_DATE_ISSUED,WILLAYATH,AREA,AREA_WAY,WAY_NAME,AREA_SIZE,BLOCK_NAME,PLOT_NUMBER,PLOT_TYPE,PREMISE_TYPE,SOCIAL_BENEFIT_NO,SOCIAL_BENEFIT_ISSUED_DATE,WATER_NETWORK,NO_OF_FAMILY_MEMBERS,OWNER_TYPE,NEAREST_WATER_CONNECTION,BUILDING_PERMIT_NUMBER,BUILDING_NUMBER,GOVERNORATE,OWNER_CLASS,PHONE_TYPE,PRIMARY_VAL,RECEIVE_BILL,REGION,RELATIONSHIP_TYPE,REQUEST_TYPE,SP_TYPE,SUB_AREA,TRNS_FRM_PREVIOUS_PRIVATE_NTK,WORK_COMPLETION_DATE_ISSUED,CS_REQTY,WORK_COMPLETION_ID,MM_SERV_TYPE,PARENT) values(?,?,?,?,?,?,?,?,?,?,?,?,?,?,?,?,?,?,?,?,?,?,?,?,?,?,?,?,?,?,?,?,?,?,?,?,?,?,?,?,?,?,?)
2022-05-12 12:44:07,234 INFO com.vinsys.diam.processors.InsertionHelper [scheduling-1] Auditing into requests table
2022-05-12 12:44:07,235 INFO com.vinsys.diam.processors.InsertionHelper [scheduling-1] Before Execute Update
2022-05-12 12:44:07,251 INFO com.vinsys.diam.processors.InsertionHelper [scheduling-1] Execute Update Executed 1 
2022-05-12 12:44:07,252 INFO com.vinsys.diam.processors.InsertionHelper [scheduling-1] Query is INSERT INTO REQUESTS(REQUEST_ID,ACTUAL_PULL_DATE,CONSTRUCTION_PERMIT_NUMBER,OWNER_ID,OWNER_EN_NAME,OWNER_AR_NAME,PHONE,CR_NUMBER,WORK_START_ID,WORK_START_DATE_ISSUED,WILLAYATH,AREA,AREA_WAY,WAY_NAME,AREA_SIZE,BLOCK_NAME,PLOT_NUMBER,PLOT_TYPE,PREMISE_TYPE,SOCIAL_BENEFIT_NO,SOCIAL_BENEFIT_ISSUED_DATE,WATER_NETWORK,NO_OF_FAMILY_MEMBERS,OWNER_TYPE,NEAREST_WATER_CONNECTION,BUILDING_PERMIT_NUMBER,BUILDING_NUMBER,GOVERNORATE,OWNER_CLASS,PHONE_TYPE,PRIMARY_VAL,RECEIVE_BILL,REGION,RELATIONSHIP_TYPE,REQUEST_TYPE,SP_TYPE,SUB_AREA,TRNS_FRM_PREVIOUS_PRIVATE_NTK,WORK_COMPLETION_DATE_ISSUED,CS_REQTY,WORK_COMPLETION_ID,MM_SERV_TYPE,PARENT) values(?,?,?,?,?,?,?,?,?,?,?,?,?,?,?,?,?,?,?,?,?,?,?,?,?,?,?,?,?,?,?,?,?,?,?,?,?,?,?,?,?,?,?)
2022-05-12 12:44:07,413 INFO com.vinsys.diam.processors.InsertionHelper [scheduling-1] Auditing into requests table
2022-05-12 12:44:07,414 INFO com.vinsys.diam.processors.InsertionHelper [scheduling-1] Before Execute Update
2022-05-12 12:44:07,420 INFO com.vinsys.diam.processors.InsertionHelper [scheduling-1] Execute Update Executed 1 
2022-05-12 12:44:07,421 INFO com.vinsys.diam.processors.InsertionHelper [scheduling-1] Query is INSERT INTO REQUESTS(REQUEST_ID,ACTUAL_PULL_DATE,CONSTRUCTION_PERMIT_NUMBER,OWNER_ID,OWNER_EN_NAME,OWNER_AR_NAME,PHONE,CR_NUMBER,WORK_START_ID,WORK_START_DATE_ISSUED,WILLAYATH,AREA,AREA_WAY,WAY_NAME,AREA_SIZE,BLOCK_NAME,PLOT_NUMBER,PLOT_TYPE,PREMISE_TYPE,SOCIAL_BENEFIT_NO,SOCIAL_BENEFIT_ISSUED_DATE,WATER_NETWORK,NO_OF_FAMILY_MEMBERS,OWNER_TYPE,NEAREST_WATER_CONNECTION,BUILDING_PERMIT_NUMBER,BUILDING_NUMBER,GOVERNORATE,OWNER_CLASS,PHONE_TYPE,PRIMARY_VAL,RECEIVE_BILL,REGION,RELATIONSHIP_TYPE,REQUEST_TYPE,SP_TYPE,SUB_AREA,TRNS_FRM_PREVIOUS_PRIVATE_NTK,WORK_COMPLETION_DATE_ISSUED,CS_REQTY,WORK_COMPLETION_ID,MM_SERV_TYPE,PARENT) values(?,?,?,?,?,?,?,?,?,?,?,?,?,?,?,?,?,?,?,?,?,?,?,?,?,?,?,?,?,?,?,?,?,?,?,?,?,?,?,?,?,?,?)
2022-05-12 12:44:07,673 INFO com.vinsys.diam.processors.InsertionHelper [scheduling-1] Auditing into requests table
2022-05-12 12:44:07,674 INFO com.vinsys.diam.processors.InsertionHelper [scheduling-1] Before Execute Update
2022-05-12 12:44:07,693 INFO com.vinsys.diam.processors.InsertionHelper [scheduling-1] Execute Update Executed 1 
2022-05-12 12:44:07,693 INFO com.vinsys.diam.processors.InsertionHelper [scheduling-1] Query is INSERT INTO REQUESTS(REQUEST_ID,ACTUAL_PULL_DATE,CONSTRUCTION_PERMIT_NUMBER,OWNER_ID,OWNER_EN_NAME,OWNER_AR_NAME,PHONE,CR_NUMBER,WORK_START_ID,WORK_START_DATE_ISSUED,WILLAYATH,AREA,AREA_WAY,WAY_NAME,AREA_SIZE,BLOCK_NAME,PLOT_NUMBER,PLOT_TYPE,PREMISE_TYPE,SOCIAL_BENEFIT_NO,SOCIAL_BENEFIT_ISSUED_DATE,WATER_NETWORK,NO_OF_FAMILY_MEMBERS,OWNER_TYPE,NEAREST_WATER_CONNECTION,BUILDING_PERMIT_NUMBER,BUILDING_NUMBER,GOVERNORATE,OWNER_CLASS,PHONE_TYPE,PRIMARY_VAL,RECEIVE_BILL,REGION,RELATIONSHIP_TYPE,REQUEST_TYPE,SP_TYPE,SUB_AREA,TRNS_FRM_PREVIOUS_PRIVATE_NTK,WORK_COMPLETION_DATE_ISSUED,CS_REQTY,WORK_COMPLETION_ID,MM_SERV_TYPE,PARENT) values(?,?,?,?,?,?,?,?,?,?,?,?,?,?,?,?,?,?,?,?,?,?,?,?,?,?,?,?,?,?,?,?,?,?,?,?,?,?,?,?,?,?,?)
2022-05-12 12:44:07,890 INFO com.vinsys.diam.processors.InsertionHelper [scheduling-1] Auditing into requests table
2022-05-12 12:44:07,890 INFO com.vinsys.diam.processors.InsertionHelper [scheduling-1] Before Execute Update
2022-05-12 12:44:07,911 INFO com.vinsys.diam.processors.InsertionHelper [scheduling-1] Execute Update Executed 1 
2022-05-12 12:44:07,912 INFO com.vinsys.diam.processors.InsertionHelper [scheduling-1] Query is INSERT INTO REQUESTS(REQUEST_ID,ACTUAL_PULL_DATE,CONSTRUCTION_PERMIT_NUMBER,OWNER_ID,OWNER_EN_NAME,OWNER_AR_NAME,PHONE,CR_NUMBER,WORK_START_ID,WORK_START_DATE_ISSUED,WILLAYATH,AREA,AREA_WAY,WAY_NAME,AREA_SIZE,BLOCK_NAME,PLOT_NUMBER,PLOT_TYPE,PREMISE_TYPE,SOCIAL_BENEFIT_NO,SOCIAL_BENEFIT_ISSUED_DATE,WATER_NETWORK,NO_OF_FAMILY_MEMBERS,OWNER_TYPE,NEAREST_WATER_CONNECTION,BUILDING_PERMIT_NUMBER,BUILDING_NUMBER,GOVERNORATE,OWNER_CLASS,PHONE_TYPE,PRIMARY_VAL,RECEIVE_BILL,REGION,RELATIONSHIP_TYPE,REQUEST_TYPE,SP_TYPE,SUB_AREA,TRNS_FRM_PREVIOUS_PRIVATE_NTK,WORK_COMPLETION_DATE_ISSUED,CS_REQTY,WORK_COMPLETION_ID,MM_SERV_TYPE,PARENT) values(?,?,?,?,?,?,?,?,?,?,?,?,?,?,?,?,?,?,?,?,?,?,?,?,?,?,?,?,?,?,?,?,?,?,?,?,?,?,?,?,?,?,?)
2022-05-12 12:44:07,940 INFO com.vinsys.diam.processors.AuditLogProcessor [scheduling-1] Auditing records in AuditDataProcessor.
2022-05-12 12:44:08,272 INFO com.vinsys.diam.processors.AuditLogProcessor [pool-2-thread-1] Auditing in database.
2022-05-12 12:44:08,277 INFO com.vinsys.diam.controllers.PAWESBServices [scheduling-1] Entered::AbstractEmailDelivery::getRestTemplate()
2022-05-12 12:44:08,298 INFO com.vinsys.diam.processors.ExceptionProcessor [scheduling-1] Auditing records in AuditDataProcessor.
2022-05-12 12:44:08,481 INFO com.vinsys.diam.processors.ExceptionProcessor [pool-3-thread-1] Auditing in database.
2022-05-12 12:44:08,499 INFO com.vinsys.diam.controllers.PAWESBServices [scheduling-1] Entered::AbstractEmailDelivery::getRestTemplate()
2022-05-12 12:44:08,513 INFO com.vinsys.diam.processors.ExceptionProcessor [scheduling-1] Auditing records in AuditDataProcessor.
2022-05-12 12:44:08,689 INFO com.vinsys.diam.processors.ExceptionProcessor [pool-4-thread-1] Auditing in database.
2022-05-12 12:44:08,708 INFO com.vinsys.diam.controllers.PAWESBServices [scheduling-1] Entered::AbstractEmailDelivery::getRestTemplate()
2022-05-12 12:44:08,722 INFO com.vinsys.diam.processors.ExceptionProcessor [scheduling-1] Auditing records in AuditDataProcessor.
2022-05-12 12:44:08,895 INFO com.vinsys.diam.processors.ExceptionProcessor [pool-5-thread-1] Auditing in database.
2022-05-12 12:44:08,911 INFO com.vinsys.diam.controllers.PAWESBServices [scheduling-1] Entered::AbstractEmailDelivery::getRestTemplate()
2022-05-12 12:44:08,926 INFO com.vinsys.diam.processors.ExceptionProcessor [scheduling-1] Auditing records in AuditDataProcessor.
2022-05-12 12:44:09,083 INFO com.vinsys.diam.processors.ExceptionProcessor [pool-6-thread-1] Auditing in database.
2022-05-12 12:44:09,106 INFO com.vinsys.diam.controllers.PAWESBServices [scheduling-1] Entered::AbstractEmailDelivery::getRestTemplate()
2022-05-12 12:44:09,118 INFO com.vinsys.diam.processors.ExceptionProcessor [scheduling-1] Auditing records in AuditDataProcessor.
2022-05-12 12:44:09,266 INFO com.vinsys.diam.processors.ExceptionProcessor [pool-7-thread-1] Auditing in database.
2022-05-12 12:44:09,289 INFO com.vinsys.diam.controllers.PAWESBServices [scheduling-1] Entered::AbstractEmailDelivery::getRestTemplate()
2022-05-12 12:44:09,302 INFO com.vinsys.diam.processors.ExceptionProcessor [scheduling-1] Auditing records in AuditDataProcessor.
2022-05-12 12:44:09,469 INFO com.vinsys.diam.processors.ExceptionProcessor [pool-8-thread-1] Auditing in database.
2022-05-12 12:44:09,476 INFO com.vinsys.diam.controllers.PAWESBServices [scheduling-1] Entered::AbstractEmailDelivery::getRestTemplate()
2022-05-12 12:44:09,493 INFO com.vinsys.diam.processors.ExceptionProcessor [scheduling-1] Auditing records in AuditDataProcessor.
2022-05-12 12:44:09,640 INFO com.vinsys.diam.processors.ExceptionProcessor [pool-9-thread-1] Auditing in database.
2022-05-12 12:44:09,649 INFO com.vinsys.diam.controllers.PAWESBServices [scheduling-1] Entered::AbstractEmailDelivery::getRestTemplate()
2022-05-12 12:44:09,662 INFO com.vinsys.diam.processors.ExceptionProcessor [scheduling-1] Auditing records in AuditDataProcessor.
2022-05-12 12:44:09,856 INFO com.vinsys.diam.processors.ExceptionProcessor [pool-10-thread-1] Auditing in database.
2022-05-12 12:44:09,867 INFO com.vinsys.diam.controllers.PAWESBServices [scheduling-1] Entered::AbstractEmailDelivery::getRestTemplate()
2022-05-12 12:44:09,879 INFO com.vinsys.diam.processors.ExceptionProcessor [scheduling-1] Auditing records in AuditDataProcessor.
2022-05-12 12:44:10,059 INFO com.vinsys.diam.processors.ExceptionProcessor [pool-11-thread-1] Auditing in database.
2022-05-12 12:44:10,070 INFO com.vinsys.diam.controllers.PAWESBServices [scheduling-1] Entered::AbstractEmailDelivery::getRestTemplate()
2022-05-12 12:44:10,082 INFO com.vinsys.diam.processors.ExceptionProcessor [scheduling-1] Auditing records in AuditDataProcessor.
2022-05-12 12:44:10,256 INFO com.vinsys.diam.processors.ExceptionProcessor [pool-12-thread-1] Auditing in database.
2022-05-12 12:44:10,268 INFO com.vinsys.diam.filters.GetDetails [scheduling-1] Inside getAggragation status.. for service code schedular
2022-05-12 12:44:10,501 INFO com.vinsys.diam.processors.ExceptionProcessor [scheduling-1] Auditing records in AuditDataProcessor.
2022-05-12 12:44:10,655 INFO com.vinsys.diam.processors.ExceptionProcessor [pool-13-thread-1] Auditing in database.
2022-05-12 12:44:12,691 INFO org.springframework.boot.admin.SpringApplicationAdminMXBeanRegistrar$SpringApplicationAdmin [RMI TCP Connection(7)-127.0.0.1] Application shutdown requested.
2022-05-12 12:44:12,719 INFO org.springframework.scheduling.concurrent.ExecutorConfigurationSupport [RMI TCP Connection(7)-127.0.0.1] Shutting down ExecutorService 'taskScheduler'
2022-05-12 12:44:12,722 INFO org.springframework.scheduling.concurrent.ExecutorConfigurationSupport [RMI TCP Connection(7)-127.0.0.1] Shutting down ExecutorService 'applicationTaskExecutor'
