2022-04-05 11:03:44,095 INFO org.springframework.boot.StartupInfoLogger [main] Starting DemoApplication using Java 16.0.1 on VINSYSLT0182 with PID 1320 (D:\PAW\updated_PAW_ESB\paw-esb-services\target\classes started by admin in D:\PAW\updated_PAW_ESB\paw-esb-services)
2022-04-05 11:03:44,152 INFO org.springframework.boot.SpringApplication [main] No active profile set, falling back to default profiles: default
2022-04-05 11:03:52,383 INFO org.springframework.context.support.PostProcessorRegistrationDelegate$BeanPostProcessorChecker [main] Bean 'org.springframework.ws.config.annotation.DelegatingWsConfiguration' of type [org.springframework.ws.config.annotation.DelegatingWsConfiguration$$EnhancerBySpringCGLIB$$a1a39161] is not eligible for getting processed by all BeanPostProcessors (for example: not eligible for auto-proxying)
2022-04-05 11:03:52,445 INFO org.springframework.ws.soap.addressing.server.AbstractAddressingEndpointMapping [main] Supporting [WS-Addressing August 2004, WS-Addressing 1.0]
2022-04-05 11:03:52,871 INFO org.springframework.boot.web.embedded.tomcat.TomcatWebServer [main] Tomcat initialized with port(s): 9999 (http)
2022-04-05 11:03:52,889 INFO org.apache.juli.logging.DirectJDKLog [main] Initializing ProtocolHandler ["http-nio-9999"]
2022-04-05 11:03:52,890 INFO org.apache.juli.logging.DirectJDKLog [main] Starting service [Tomcat]
2022-04-05 11:03:52,890 INFO org.apache.juli.logging.DirectJDKLog [main] Starting Servlet engine: [Apache Tomcat/9.0.45]
2022-04-05 11:03:53,064 INFO org.apache.juli.logging.DirectJDKLog [main] Initializing Spring embedded WebApplicationContext
2022-04-05 11:03:53,064 INFO org.springframework.boot.web.servlet.context.ServletWebServerApplicationContext [main] Root WebApplicationContext: initialization completed in 8738 ms
2022-04-05 11:03:53,602 INFO org.springframework.ws.soap.saaj.SaajSoapMessageFactory [main] Creating SAAJ 1.3 MessageFactory with SOAP 1.1 Protocol
2022-04-05 11:03:53,765 INFO org.springframework.scheduling.concurrent.ExecutorConfigurationSupport [main] Initializing ExecutorService 'applicationTaskExecutor'
2022-04-05 11:03:54,281 INFO org.springframework.boot.actuate.endpoint.web.EndpointLinksResolver [main] Exposing 2 endpoint(s) beneath base path '/actuator'
2022-04-05 11:03:54,311 INFO org.apache.juli.logging.DirectJDKLog [main] Starting ProtocolHandler ["http-nio-9999"]
2022-04-05 11:03:54,377 INFO org.springframework.boot.web.embedded.tomcat.TomcatWebServer [main] Tomcat started on port(s): 9999 (http) with context path ''
2022-04-05 11:03:54,401 INFO org.springframework.boot.StartupInfoLogger [main] Started DemoApplication in 11.307 seconds (JVM running for 13.16)
2022-04-05 11:03:55,995 INFO org.apache.juli.logging.DirectJDKLog [RMI TCP Connection(4)-127.0.0.1] Initializing Spring DispatcherServlet 'dispatcherServlet'
2022-04-05 11:03:55,995 INFO org.springframework.web.servlet.FrameworkServlet [RMI TCP Connection(4)-127.0.0.1] Initializing Servlet 'dispatcherServlet'
2022-04-05 11:03:55,997 INFO org.springframework.web.servlet.FrameworkServlet [RMI TCP Connection(4)-127.0.0.1] Completed initialization in 1 ms
2022-04-05 11:06:21,427 INFO com.vinsys.diam.interceptor.BaseInterceptor [http-nio-9999-exec-1] Inside prehandle
2022-04-05 11:06:21,432 INFO com.vinsys.diam.interceptor.BaseInterceptor [http-nio-9999-exec-1] ############Request Processing started for request-id AMR-INT223451232 and esbURL is /api/v1/getmmdata
2022-04-05 11:06:21,434 INFO com.vinsys.diam.interceptor.BaseInterceptor [http-nio-9999-exec-1] Invalid URL sent by requestId AMR-INT223451232
2022-04-05 11:08:03,777 INFO org.springframework.boot.admin.SpringApplicationAdminMXBeanRegistrar$SpringApplicationAdmin [RMI TCP Connection(15)-127.0.0.1] Application shutdown requested.
2022-04-05 11:08:03,927 INFO org.springframework.scheduling.concurrent.ExecutorConfigurationSupport [RMI TCP Connection(15)-127.0.0.1] Shutting down ExecutorService 'applicationTaskExecutor'
2022-04-05 11:08:09,353 INFO org.springframework.boot.StartupInfoLogger [main] Starting DemoApplication using Java 16.0.1 on VINSYSLT0182 with PID 8284 (D:\PAW\updated_PAW_ESB\paw-esb-services\target\classes started by admin in D:\PAW\updated_PAW_ESB\paw-esb-services)
2022-04-05 11:08:09,356 INFO org.springframework.boot.SpringApplication [main] No active profile set, falling back to default profiles: default
2022-04-05 11:08:14,289 INFO org.springframework.context.support.PostProcessorRegistrationDelegate$BeanPostProcessorChecker [main] Bean 'org.springframework.ws.config.annotation.DelegatingWsConfiguration' of type [org.springframework.ws.config.annotation.DelegatingWsConfiguration$$EnhancerBySpringCGLIB$$6771e766] is not eligible for getting processed by all BeanPostProcessors (for example: not eligible for auto-proxying)
2022-04-05 11:08:14,322 INFO org.springframework.ws.soap.addressing.server.AbstractAddressingEndpointMapping [main] Supporting [WS-Addressing August 2004, WS-Addressing 1.0]
2022-04-05 11:08:14,573 INFO org.springframework.boot.web.embedded.tomcat.TomcatWebServer [main] Tomcat initialized with port(s): 9999 (http)
2022-04-05 11:08:14,592 INFO org.apache.juli.logging.DirectJDKLog [main] Initializing ProtocolHandler ["http-nio-9999"]
2022-04-05 11:08:14,593 INFO org.apache.juli.logging.DirectJDKLog [main] Starting service [Tomcat]
2022-04-05 11:08:14,594 INFO org.apache.juli.logging.DirectJDKLog [main] Starting Servlet engine: [Apache Tomcat/9.0.45]
2022-04-05 11:08:14,729 INFO org.apache.juli.logging.DirectJDKLog [main] Initializing Spring embedded WebApplicationContext
2022-04-05 11:08:14,729 INFO org.springframework.boot.web.servlet.context.ServletWebServerApplicationContext [main] Root WebApplicationContext: initialization completed in 5300 ms
2022-04-05 11:08:15,104 INFO org.springframework.ws.soap.saaj.SaajSoapMessageFactory [main] Creating SAAJ 1.3 MessageFactory with SOAP 1.1 Protocol
2022-04-05 11:08:15,224 INFO org.springframework.scheduling.concurrent.ExecutorConfigurationSupport [main] Initializing ExecutorService 'applicationTaskExecutor'
2022-04-05 11:08:15,561 INFO org.springframework.boot.actuate.endpoint.web.EndpointLinksResolver [main] Exposing 2 endpoint(s) beneath base path '/actuator'
2022-04-05 11:08:15,591 INFO org.apache.juli.logging.DirectJDKLog [main] Starting ProtocolHandler ["http-nio-9999"]
2022-04-05 11:08:15,633 INFO org.springframework.boot.web.embedded.tomcat.TomcatWebServer [main] Tomcat started on port(s): 9999 (http) with context path ''
2022-04-05 11:08:15,646 INFO org.springframework.boot.StartupInfoLogger [main] Started DemoApplication in 6.679 seconds (JVM running for 7.942)
2022-04-05 11:08:16,289 INFO org.apache.juli.logging.DirectJDKLog [RMI TCP Connection(3)-127.0.0.1] Initializing Spring DispatcherServlet 'dispatcherServlet'
2022-04-05 11:08:16,290 INFO org.springframework.web.servlet.FrameworkServlet [RMI TCP Connection(3)-127.0.0.1] Initializing Servlet 'dispatcherServlet'
2022-04-05 11:08:16,291 INFO org.springframework.web.servlet.FrameworkServlet [RMI TCP Connection(3)-127.0.0.1] Completed initialization in 1 ms
2022-04-05 11:08:24,312 INFO com.vinsys.diam.interceptor.BaseInterceptor [http-nio-9999-exec-2] Inside prehandle
2022-04-05 11:08:24,315 INFO com.vinsys.diam.interceptor.BaseInterceptor [http-nio-9999-exec-2] ############Request Processing started for request-id AMR-INT223451232 and esbURL is /api/v1/getmmdata
2022-04-05 11:08:24,317 INFO com.vinsys.diam.filters.GetDetails [http-nio-9999-exec-2] Inside getEncryption status.. for service code getmmdata
2022-04-05 11:08:25,007 INFO com.vinsys.diam.interceptor.BaseInterceptor [http-nio-9999-exec-2] Inside DDOS filtering
2022-04-05 11:08:25,008 INFO com.vinsys.diam.filters.GetDetails [http-nio-9999-exec-2] Inside get error codes.
2022-04-05 11:08:25,257 ERROR com.vinsys.diam.interceptor.BaseInterceptor [http-nio-9999-exec-2] Invalid ESB service code sent by request id AMR-INT223451232 
2022-04-05 11:08:25,258 INFO com.vinsys.diam.processors.ExceptionProcessor [http-nio-9999-exec-2] Auditing records in AuditDataProcessor.
2022-04-05 11:08:25,479 INFO com.vinsys.diam.processors.ExceptionProcessor [pool-2-thread-1] Auditing in database.
2022-04-05 12:31:27,694 INFO org.springframework.boot.admin.SpringApplicationAdminMXBeanRegistrar$SpringApplicationAdmin [RMI TCP Connection(94)-127.0.0.1] Application shutdown requested.
2022-04-05 12:31:27,798 INFO org.springframework.scheduling.concurrent.ExecutorConfigurationSupport [RMI TCP Connection(94)-127.0.0.1] Shutting down ExecutorService 'applicationTaskExecutor'
2022-04-05 12:31:31,890 INFO org.springframework.boot.StartupInfoLogger [main] Starting DemoApplication using Java 16.0.1 on VINSYSLT0182 with PID 9876 (D:\PAW\updated_PAW_ESB\paw-esb-services\target\classes started by admin in D:\PAW\updated_PAW_ESB\paw-esb-services)
2022-04-05 12:31:31,896 INFO org.springframework.boot.SpringApplication [main] No active profile set, falling back to default profiles: default
2022-04-05 12:31:36,889 INFO org.springframework.context.support.PostProcessorRegistrationDelegate$BeanPostProcessorChecker [main] Bean 'org.springframework.ws.config.annotation.DelegatingWsConfiguration' of type [org.springframework.ws.config.annotation.DelegatingWsConfiguration$$EnhancerBySpringCGLIB$$c59f084c] is not eligible for getting processed by all BeanPostProcessors (for example: not eligible for auto-proxying)
2022-04-05 12:31:36,926 INFO org.springframework.ws.soap.addressing.server.AbstractAddressingEndpointMapping [main] Supporting [WS-Addressing August 2004, WS-Addressing 1.0]
2022-04-05 12:31:37,180 INFO org.springframework.boot.web.embedded.tomcat.TomcatWebServer [main] Tomcat initialized with port(s): 9999 (http)
2022-04-05 12:31:37,191 INFO org.apache.juli.logging.DirectJDKLog [main] Initializing ProtocolHandler ["http-nio-9999"]
2022-04-05 12:31:37,191 INFO org.apache.juli.logging.DirectJDKLog [main] Starting service [Tomcat]
2022-04-05 12:31:37,191 INFO org.apache.juli.logging.DirectJDKLog [main] Starting Servlet engine: [Apache Tomcat/9.0.45]
2022-04-05 12:31:37,315 INFO org.apache.juli.logging.DirectJDKLog [main] Initializing Spring embedded WebApplicationContext
2022-04-05 12:31:37,316 INFO org.springframework.boot.web.servlet.context.ServletWebServerApplicationContext [main] Root WebApplicationContext: initialization completed in 5307 ms
2022-04-05 12:31:37,688 INFO org.springframework.ws.soap.saaj.SaajSoapMessageFactory [main] Creating SAAJ 1.3 MessageFactory with SOAP 1.1 Protocol
2022-04-05 12:31:37,793 INFO org.springframework.scheduling.concurrent.ExecutorConfigurationSupport [main] Initializing ExecutorService 'applicationTaskExecutor'
2022-04-05 12:31:38,178 INFO org.springframework.boot.actuate.endpoint.web.EndpointLinksResolver [main] Exposing 2 endpoint(s) beneath base path '/actuator'
2022-04-05 12:31:38,201 INFO org.apache.juli.logging.DirectJDKLog [main] Starting ProtocolHandler ["http-nio-9999"]
2022-04-05 12:31:38,246 INFO org.springframework.boot.web.embedded.tomcat.TomcatWebServer [main] Tomcat started on port(s): 9999 (http) with context path ''
2022-04-05 12:31:38,260 INFO org.springframework.boot.StartupInfoLogger [main] Started DemoApplication in 6.771 seconds (JVM running for 8.043)
2022-04-05 12:31:41,168 INFO org.apache.juli.logging.DirectJDKLog [RMI TCP Connection(3)-127.0.0.1] Initializing Spring DispatcherServlet 'dispatcherServlet'
2022-04-05 12:31:41,168 INFO org.springframework.web.servlet.FrameworkServlet [RMI TCP Connection(3)-127.0.0.1] Initializing Servlet 'dispatcherServlet'
2022-04-05 12:31:41,169 INFO org.springframework.web.servlet.FrameworkServlet [RMI TCP Connection(3)-127.0.0.1] Completed initialization in 1 ms
2022-04-05 12:32:01,502 INFO com.vinsys.diam.interceptor.BaseInterceptor [http-nio-9999-exec-1] Inside prehandle
2022-04-05 12:32:01,510 INFO com.vinsys.diam.interceptor.BaseInterceptor [http-nio-9999-exec-1] ############Request Processing started for request-id AMR-INT223451232 and esbURL is /api/v1/getmmdata
2022-04-05 12:32:01,515 INFO com.vinsys.diam.filters.GetDetails [http-nio-9999-exec-1] Inside getEncryption status.. for service code getmmdata
2022-04-05 12:32:02,665 INFO com.vinsys.diam.interceptor.BaseInterceptor [http-nio-9999-exec-1] Inside DDOS filtering
2022-04-05 12:32:02,665 INFO com.vinsys.diam.filters.GetDetails [http-nio-9999-exec-1] Inside get error codes.
2022-04-05 12:32:03,011 INFO com.vinsys.diam.filters.AuthenticationFilter [http-nio-9999-exec-1] inside request param validation
2022-04-05 12:32:03,012 INFO com.vinsys.diam.filters.AuthenticationFilter [http-nio-9999-exec-1] In Timestamp validation
2022-04-05 12:32:03,014 INFO com.vinsys.diam.filters.AuthenticationFilter [http-nio-9999-exec-1] The timestamp difference is--
2022-04-05 12:32:03,014 INFO com.vinsys.diam.filters.AuthenticationFilter [http-nio-9999-exec-1] Validating auth key for consumerCode AMR with auth key bbcf4432d0d34e029d8a5a170a0e730d
2022-04-05 12:32:03,015 INFO com.vinsys.diam.filters.AuthenticationFilter [http-nio-9999-exec-1] Inside getAuthKeyFromDB..
2022-04-05 12:32:03,396 INFO com.vinsys.diam.filters.AuthenticationFilter [http-nio-9999-exec-1] Auth Key from DB for Consumer code AMR is  bbcf4432d0d34e029d8a5a170a0e730d
2022-04-05 12:32:03,397 INFO com.vinsys.diam.filters.AuthenticationFilter [http-nio-9999-exec-1] Inside getAuthKeyFromDB..
2022-04-05 12:32:03,686 INFO com.vinsys.diam.filters.AuthenticationFilter [http-nio-9999-exec-1] Whitelisted
2022-04-05 12:32:03,686 INFO com.vinsys.diam.filters.AuthenticationFilter [http-nio-9999-exec-1] Inside is whiteListed
2022-04-05 12:32:04,074 INFO com.vinsys.diam.controllers.PAWESBServices [http-nio-9999-exec-1] Entered::AbstractEmailDelivery::getRestTemplate()
2022-04-05 12:32:04,464 INFO com.vinsys.diam.interceptor.BaseInterceptor [http-nio-9999-exec-1] In post handle
2022-04-05 12:32:04,467 INFO com.vinsys.diam.processors.AuditLogProcessor [http-nio-9999-exec-1] Auditing records in AuditDataProcessor.
2022-04-05 12:32:04,702 INFO com.vinsys.diam.processors.AuditLogProcessor [pool-2-thread-1] Auditing in database.
2022-04-05 12:35:52,401 INFO org.springframework.boot.admin.SpringApplicationAdminMXBeanRegistrar$SpringApplicationAdmin [RMI TCP Connection(17)-127.0.0.1] Application shutdown requested.
2022-04-05 12:35:52,492 INFO org.springframework.scheduling.concurrent.ExecutorConfigurationSupport [RMI TCP Connection(17)-127.0.0.1] Shutting down ExecutorService 'applicationTaskExecutor'
2022-04-05 12:35:56,755 INFO org.springframework.boot.StartupInfoLogger [main] Starting DemoApplication using Java 16.0.1 on VINSYSLT0182 with PID 15436 (D:\PAW\updated_PAW_ESB\paw-esb-services\target\classes started by admin in D:\PAW\updated_PAW_ESB\paw-esb-services)
2022-04-05 12:35:56,758 INFO org.springframework.boot.SpringApplication [main] No active profile set, falling back to default profiles: default
2022-04-05 12:36:01,366 INFO org.springframework.context.support.PostProcessorRegistrationDelegate$BeanPostProcessorChecker [main] Bean 'org.springframework.ws.config.annotation.DelegatingWsConfiguration' of type [org.springframework.ws.config.annotation.DelegatingWsConfiguration$$EnhancerBySpringCGLIB$$7606f3] is not eligible for getting processed by all BeanPostProcessors (for example: not eligible for auto-proxying)
2022-04-05 12:36:01,414 INFO org.springframework.ws.soap.addressing.server.AbstractAddressingEndpointMapping [main] Supporting [WS-Addressing August 2004, WS-Addressing 1.0]
2022-04-05 12:36:01,680 INFO org.springframework.boot.web.embedded.tomcat.TomcatWebServer [main] Tomcat initialized with port(s): 9999 (http)
2022-04-05 12:36:01,692 INFO org.apache.juli.logging.DirectJDKLog [main] Initializing ProtocolHandler ["http-nio-9999"]
2022-04-05 12:36:01,693 INFO org.apache.juli.logging.DirectJDKLog [main] Starting service [Tomcat]
2022-04-05 12:36:01,694 INFO org.apache.juli.logging.DirectJDKLog [main] Starting Servlet engine: [Apache Tomcat/9.0.45]
2022-04-05 12:36:01,826 INFO org.apache.juli.logging.DirectJDKLog [main] Initializing Spring embedded WebApplicationContext
2022-04-05 12:36:01,827 INFO org.springframework.boot.web.servlet.context.ServletWebServerApplicationContext [main] Root WebApplicationContext: initialization completed in 5008 ms
2022-04-05 12:36:02,625 INFO org.springframework.ws.soap.saaj.SaajSoapMessageFactory [main] Creating SAAJ 1.3 MessageFactory with SOAP 1.1 Protocol
2022-04-05 12:36:02,929 INFO org.springframework.scheduling.concurrent.ExecutorConfigurationSupport [main] Initializing ExecutorService 'applicationTaskExecutor'
2022-04-05 12:36:03,545 INFO org.springframework.boot.actuate.endpoint.web.EndpointLinksResolver [main] Exposing 2 endpoint(s) beneath base path '/actuator'
2022-04-05 12:36:03,602 INFO org.apache.juli.logging.DirectJDKLog [main] Starting ProtocolHandler ["http-nio-9999"]
2022-04-05 12:36:03,668 INFO org.springframework.boot.web.embedded.tomcat.TomcatWebServer [main] Tomcat started on port(s): 9999 (http) with context path ''
2022-04-05 12:36:03,696 INFO org.springframework.boot.StartupInfoLogger [main] Started DemoApplication in 7.339 seconds (JVM running for 8.446)
2022-04-05 12:36:04,321 INFO org.apache.juli.logging.DirectJDKLog [RMI TCP Connection(4)-127.0.0.1] Initializing Spring DispatcherServlet 'dispatcherServlet'
2022-04-05 12:36:04,321 INFO org.springframework.web.servlet.FrameworkServlet [RMI TCP Connection(4)-127.0.0.1] Initializing Servlet 'dispatcherServlet'
2022-04-05 12:36:04,323 INFO org.springframework.web.servlet.FrameworkServlet [RMI TCP Connection(4)-127.0.0.1] Completed initialization in 2 ms
2022-04-05 12:36:15,685 INFO com.vinsys.diam.interceptor.BaseInterceptor [http-nio-9999-exec-1] Inside prehandle
2022-04-05 12:36:15,689 INFO com.vinsys.diam.interceptor.BaseInterceptor [http-nio-9999-exec-1] ############Request Processing started for request-id AMR-INT223451232 and esbURL is /api/v2/getmmdata
2022-04-05 12:36:15,690 INFO com.vinsys.diam.filters.GetDetails [http-nio-9999-exec-1] Inside getEncryption status.. for service code getmmdata
2022-04-05 12:36:18,144 INFO com.vinsys.diam.interceptor.BaseInterceptor [http-nio-9999-exec-1] Inside DDOS filtering
2022-04-05 12:36:18,144 INFO com.vinsys.diam.filters.GetDetails [http-nio-9999-exec-1] Inside get error codes.
2022-04-05 12:36:18,432 INFO com.vinsys.diam.filters.AuthenticationFilter [http-nio-9999-exec-1] inside request param validation
2022-04-05 12:36:18,432 INFO com.vinsys.diam.filters.AuthenticationFilter [http-nio-9999-exec-1] In Timestamp validation
2022-04-05 12:36:18,434 INFO com.vinsys.diam.filters.AuthenticationFilter [http-nio-9999-exec-1] The timestamp difference is--
2022-04-05 12:36:18,434 INFO com.vinsys.diam.filters.AuthenticationFilter [http-nio-9999-exec-1] Validating auth key for consumerCode AMR with auth key bbcf4432d0d34e029d8a5a170a0e730d
2022-04-05 12:36:18,435 INFO com.vinsys.diam.filters.AuthenticationFilter [http-nio-9999-exec-1] Inside getAuthKeyFromDB..
2022-04-05 12:36:18,705 INFO com.vinsys.diam.filters.AuthenticationFilter [http-nio-9999-exec-1] Auth Key from DB for Consumer code AMR is  bbcf4432d0d34e029d8a5a170a0e730d
2022-04-05 12:36:18,707 INFO com.vinsys.diam.filters.AuthenticationFilter [http-nio-9999-exec-1] Inside getAuthKeyFromDB..
2022-04-05 12:36:18,942 INFO com.vinsys.diam.filters.AuthenticationFilter [http-nio-9999-exec-1] Whitelisted
2022-04-05 12:36:18,942 INFO com.vinsys.diam.filters.AuthenticationFilter [http-nio-9999-exec-1] Inside is whiteListed
2022-04-05 12:36:19,309 INFO com.vinsys.diam.controllers.PAWESBServicesV2 [http-nio-9999-exec-1] Entered::AbstractEmailDelivery::getRestTemplate()
2022-04-05 12:36:19,464 INFO com.vinsys.diam.interceptor.BaseInterceptor [http-nio-9999-exec-1] In post handle
2022-04-05 12:36:19,467 INFO com.vinsys.diam.processors.AuditLogProcessor [http-nio-9999-exec-1] Auditing records in AuditDataProcessor.
2022-04-05 12:36:19,650 INFO com.vinsys.diam.processors.AuditLogProcessor [pool-2-thread-1] Auditing in database.
2022-04-05 14:13:26,312 INFO org.springframework.boot.admin.SpringApplicationAdminMXBeanRegistrar$SpringApplicationAdmin [RMI TCP Connection(58)-127.0.0.1] Application shutdown requested.
2022-04-05 14:13:26,377 INFO org.springframework.scheduling.concurrent.ExecutorConfigurationSupport [RMI TCP Connection(58)-127.0.0.1] Shutting down ExecutorService 'applicationTaskExecutor'
2022-04-05 14:13:31,959 INFO org.springframework.boot.StartupInfoLogger [main] Starting DemoApplication using Java 16.0.1 on VINSYSLT0182 with PID 1280 (D:\PAW\updated_PAW_ESB\paw-esb-services\target\classes started by admin in D:\PAW\updated_PAW_ESB\paw-esb-services)
2022-04-05 14:13:31,962 INFO org.springframework.boot.SpringApplication [main] No active profile set, falling back to default profiles: default
2022-04-05 14:13:36,610 INFO org.springframework.context.support.PostProcessorRegistrationDelegate$BeanPostProcessorChecker [main] Bean 'org.springframework.ws.config.annotation.DelegatingWsConfiguration' of type [org.springframework.ws.config.annotation.DelegatingWsConfiguration$$EnhancerBySpringCGLIB$$7bf74d9b] is not eligible for getting processed by all BeanPostProcessors (for example: not eligible for auto-proxying)
2022-04-05 14:13:36,642 INFO org.springframework.ws.soap.addressing.server.AbstractAddressingEndpointMapping [main] Supporting [WS-Addressing August 2004, WS-Addressing 1.0]
2022-04-05 14:13:36,901 INFO org.springframework.boot.web.embedded.tomcat.TomcatWebServer [main] Tomcat initialized with port(s): 9999 (http)
2022-04-05 14:13:36,912 INFO org.apache.juli.logging.DirectJDKLog [main] Initializing ProtocolHandler ["http-nio-9999"]
2022-04-05 14:13:36,913 INFO org.apache.juli.logging.DirectJDKLog [main] Starting service [Tomcat]
2022-04-05 14:13:36,913 INFO org.apache.juli.logging.DirectJDKLog [main] Starting Servlet engine: [Apache Tomcat/9.0.45]
2022-04-05 14:13:37,024 INFO org.apache.juli.logging.DirectJDKLog [main] Initializing Spring embedded WebApplicationContext
2022-04-05 14:13:37,024 INFO org.springframework.boot.web.servlet.context.ServletWebServerApplicationContext [main] Root WebApplicationContext: initialization completed in 5009 ms
2022-04-05 14:13:37,375 INFO org.springframework.ws.soap.saaj.SaajSoapMessageFactory [main] Creating SAAJ 1.3 MessageFactory with SOAP 1.1 Protocol
2022-04-05 14:13:37,479 INFO org.springframework.scheduling.concurrent.ExecutorConfigurationSupport [main] Initializing ExecutorService 'applicationTaskExecutor'
2022-04-05 14:13:37,841 INFO org.springframework.boot.actuate.endpoint.web.EndpointLinksResolver [main] Exposing 2 endpoint(s) beneath base path '/actuator'
2022-04-05 14:13:37,880 INFO org.apache.juli.logging.DirectJDKLog [main] Starting ProtocolHandler ["http-nio-9999"]
2022-04-05 14:13:37,889 INFO org.apache.juli.logging.DirectJDKLog [RMI TCP Connection(4)-127.0.0.1] Initializing Spring DispatcherServlet 'dispatcherServlet'
2022-04-05 14:13:37,890 INFO org.springframework.web.servlet.FrameworkServlet [RMI TCP Connection(4)-127.0.0.1] Initializing Servlet 'dispatcherServlet'
2022-04-05 14:13:37,891 INFO org.springframework.web.servlet.FrameworkServlet [RMI TCP Connection(4)-127.0.0.1] Completed initialization in 1 ms
2022-04-05 14:13:37,961 INFO org.springframework.boot.web.embedded.tomcat.TomcatWebServer [main] Tomcat started on port(s): 9999 (http) with context path ''
2022-04-05 14:13:37,974 INFO org.springframework.boot.StartupInfoLogger [main] Started DemoApplication in 6.404 seconds (JVM running for 7.476)
2022-04-05 14:15:56,685 INFO com.vinsys.diam.interceptor.BaseInterceptor [http-nio-9999-exec-2] Inside prehandle
2022-04-05 14:15:56,689 INFO com.vinsys.diam.interceptor.BaseInterceptor [http-nio-9999-exec-2] ############Request Processing started for request-id AMR-INT223451232 and esbURL is /api/v1/getintegrationdata
2022-04-05 14:15:56,691 INFO com.vinsys.diam.filters.GetDetails [http-nio-9999-exec-2] Inside getEncryption status.. for service code getintegrationdata
2022-04-05 14:15:57,845 INFO com.vinsys.diam.interceptor.BaseInterceptor [http-nio-9999-exec-2] Inside DDOS filtering
2022-04-05 14:15:57,846 INFO com.vinsys.diam.filters.GetDetails [http-nio-9999-exec-2] Inside get error codes.
2022-04-05 14:15:58,143 ERROR com.vinsys.diam.interceptor.BaseInterceptor [http-nio-9999-exec-2] Invalid ESB service code sent by request id AMR-INT223451232 
2022-04-05 14:15:58,145 INFO com.vinsys.diam.processors.ExceptionProcessor [http-nio-9999-exec-2] Auditing records in AuditDataProcessor.
2022-04-05 14:15:58,447 INFO com.vinsys.diam.processors.ExceptionProcessor [pool-2-thread-1] Auditing in database.
2022-04-05 14:21:08,593 INFO com.vinsys.diam.interceptor.BaseInterceptor [http-nio-9999-exec-5] Inside prehandle
2022-04-05 14:21:08,594 INFO com.vinsys.diam.interceptor.BaseInterceptor [http-nio-9999-exec-5] ############Request Processing started for request-id AMR-INT223451232 and esbURL is /api/v1/getintegrationdata
2022-04-05 14:21:08,595 INFO com.vinsys.diam.filters.GetDetails [http-nio-9999-exec-5] Inside getEncryption status.. for service code getintegrationdata
2022-04-05 14:21:09,058 INFO com.vinsys.diam.interceptor.BaseInterceptor [http-nio-9999-exec-5] Inside DDOS filtering
2022-04-05 14:21:09,059 INFO com.vinsys.diam.filters.GetDetails [http-nio-9999-exec-5] Inside get error codes.
2022-04-05 14:21:09,401 INFO com.vinsys.diam.filters.AuthenticationFilter [http-nio-9999-exec-5] inside request param validation
2022-04-05 14:21:09,402 INFO com.vinsys.diam.filters.AuthenticationFilter [http-nio-9999-exec-5] In Timestamp validation
2022-04-05 14:21:09,404 INFO com.vinsys.diam.filters.AuthenticationFilter [http-nio-9999-exec-5] The timestamp difference is--
2022-04-05 14:21:09,405 INFO com.vinsys.diam.filters.AuthenticationFilter [http-nio-9999-exec-5] Validating auth key for consumerCode AMR with auth key bbcf4432d0d34e029d8a5a170a0e730d
2022-04-05 14:21:09,406 INFO com.vinsys.diam.filters.AuthenticationFilter [http-nio-9999-exec-5] Inside getAuthKeyFromDB..
2022-04-05 14:21:09,692 INFO com.vinsys.diam.filters.AuthenticationFilter [http-nio-9999-exec-5] Auth Key from DB for Consumer code AMR is  bbcf4432d0d34e029d8a5a170a0e730d
2022-04-05 14:21:09,692 INFO com.vinsys.diam.filters.AuthenticationFilter [http-nio-9999-exec-5] Inside getAuthKeyFromDB..
2022-04-05 14:21:10,027 INFO com.vinsys.diam.filters.AuthenticationFilter [http-nio-9999-exec-5] Whitelisted
2022-04-05 14:21:10,027 INFO com.vinsys.diam.filters.AuthenticationFilter [http-nio-9999-exec-5] Inside is whiteListed
2022-04-05 14:21:10,380 INFO com.vinsys.diam.controllers.PAWESBServices [http-nio-9999-exec-5] Entered::AbstractEmailDelivery::getRestTemplate()
2022-04-05 14:21:10,527 INFO com.vinsys.diam.processors.AuditLogProcessor [http-nio-9999-exec-5] Auditing records in AuditDataProcessor.
2022-04-05 14:21:10,853 INFO com.vinsys.diam.processors.AuditLogProcessor [pool-3-thread-1] Auditing in database.
2022-04-05 14:21:10,887 INFO com.vinsys.diam.interceptor.BaseInterceptor [http-nio-9999-exec-5] In post handle
2022-04-05 14:21:10,890 INFO com.vinsys.diam.processors.AuditLogProcessor [http-nio-9999-exec-5] Auditing records in AuditDataProcessor.
2022-04-05 14:21:11,138 INFO com.vinsys.diam.processors.AuditLogProcessor [pool-4-thread-1] Auditing in database.
2022-04-05 14:43:24,387 INFO org.springframework.boot.admin.SpringApplicationAdminMXBeanRegistrar$SpringApplicationAdmin [RMI TCP Connection(43)-127.0.0.1] Application shutdown requested.
2022-04-05 14:43:24,429 INFO org.springframework.scheduling.concurrent.ExecutorConfigurationSupport [RMI TCP Connection(43)-127.0.0.1] Shutting down ExecutorService 'applicationTaskExecutor'
2022-04-05 14:43:28,264 INFO org.springframework.boot.StartupInfoLogger [main] Starting DemoApplication using Java 16.0.1 on VINSYSLT0182 with PID 3340 (D:\PAW\updated_PAW_ESB\paw-esb-services\target\classes started by admin in D:\PAW\updated_PAW_ESB\paw-esb-services)
2022-04-05 14:43:28,267 INFO org.springframework.boot.SpringApplication [main] No active profile set, falling back to default profiles: default
2022-04-05 14:43:32,669 INFO org.springframework.context.support.PostProcessorRegistrationDelegate$BeanPostProcessorChecker [main] Bean 'org.springframework.ws.config.annotation.DelegatingWsConfiguration' of type [org.springframework.ws.config.annotation.DelegatingWsConfiguration$$EnhancerBySpringCGLIB$$764f418e] is not eligible for getting processed by all BeanPostProcessors (for example: not eligible for auto-proxying)
2022-04-05 14:43:32,703 INFO org.springframework.ws.soap.addressing.server.AbstractAddressingEndpointMapping [main] Supporting [WS-Addressing August 2004, WS-Addressing 1.0]
2022-04-05 14:43:32,932 INFO org.springframework.boot.web.embedded.tomcat.TomcatWebServer [main] Tomcat initialized with port(s): 9999 (http)
2022-04-05 14:43:32,942 INFO org.apache.juli.logging.DirectJDKLog [main] Initializing ProtocolHandler ["http-nio-9999"]
2022-04-05 14:43:32,943 INFO org.apache.juli.logging.DirectJDKLog [main] Starting service [Tomcat]
2022-04-05 14:43:32,944 INFO org.apache.juli.logging.DirectJDKLog [main] Starting Servlet engine: [Apache Tomcat/9.0.45]
2022-04-05 14:43:33,047 INFO org.apache.juli.logging.DirectJDKLog [main] Initializing Spring embedded WebApplicationContext
2022-04-05 14:43:33,048 INFO org.springframework.boot.web.servlet.context.ServletWebServerApplicationContext [main] Root WebApplicationContext: initialization completed in 4727 ms
2022-04-05 14:43:33,394 INFO org.springframework.ws.soap.saaj.SaajSoapMessageFactory [main] Creating SAAJ 1.3 MessageFactory with SOAP 1.1 Protocol
2022-04-05 14:43:33,503 INFO org.springframework.scheduling.concurrent.ExecutorConfigurationSupport [main] Initializing ExecutorService 'applicationTaskExecutor'
2022-04-05 14:43:33,890 INFO org.springframework.boot.actuate.endpoint.web.EndpointLinksResolver [main] Exposing 2 endpoint(s) beneath base path '/actuator'
2022-04-05 14:43:33,917 INFO org.apache.juli.logging.DirectJDKLog [main] Starting ProtocolHandler ["http-nio-9999"]
2022-04-05 14:43:33,965 INFO org.springframework.boot.web.embedded.tomcat.TomcatWebServer [main] Tomcat started on port(s): 9999 (http) with context path ''
2022-04-05 14:43:33,980 INFO org.springframework.boot.StartupInfoLogger [main] Started DemoApplication in 6.033 seconds (JVM running for 6.982)
2022-04-05 14:43:35,199 INFO org.apache.juli.logging.DirectJDKLog [RMI TCP Connection(3)-127.0.0.1] Initializing Spring DispatcherServlet 'dispatcherServlet'
2022-04-05 14:43:35,199 INFO org.springframework.web.servlet.FrameworkServlet [RMI TCP Connection(3)-127.0.0.1] Initializing Servlet 'dispatcherServlet'
2022-04-05 14:43:35,200 INFO org.springframework.web.servlet.FrameworkServlet [RMI TCP Connection(3)-127.0.0.1] Completed initialization in 1 ms
2022-04-05 14:43:43,426 INFO com.vinsys.diam.interceptor.BaseInterceptor [http-nio-9999-exec-2] Inside prehandle
2022-04-05 14:43:43,434 INFO com.vinsys.diam.interceptor.BaseInterceptor [http-nio-9999-exec-2] ############Request Processing started for request-id AMR-INT223451232 and esbURL is /api/v1/getintegrationdata
2022-04-05 14:43:43,439 INFO com.vinsys.diam.filters.GetDetails [http-nio-9999-exec-2] Inside getEncryption status.. for service code getintegrationdata
2022-04-05 14:43:44,587 INFO com.vinsys.diam.interceptor.BaseInterceptor [http-nio-9999-exec-2] Inside DDOS filtering
2022-04-05 14:43:44,588 INFO com.vinsys.diam.filters.GetDetails [http-nio-9999-exec-2] Inside get error codes.
2022-04-05 14:43:45,050 INFO com.vinsys.diam.filters.AuthenticationFilter [http-nio-9999-exec-2] inside request param validation
2022-04-05 14:43:45,052 INFO com.vinsys.diam.filters.AuthenticationFilter [http-nio-9999-exec-2] In Timestamp validation
2022-04-05 14:43:45,056 INFO com.vinsys.diam.filters.AuthenticationFilter [http-nio-9999-exec-2] The timestamp difference is--
2022-04-05 14:43:45,057 INFO com.vinsys.diam.filters.AuthenticationFilter [http-nio-9999-exec-2] Validating auth key for consumerCode AMR with auth key bbcf4432d0d34e029d8a5a170a0e730d
2022-04-05 14:43:45,058 INFO com.vinsys.diam.filters.AuthenticationFilter [http-nio-9999-exec-2] Inside getAuthKeyFromDB..
2022-04-05 14:43:45,385 INFO com.vinsys.diam.filters.AuthenticationFilter [http-nio-9999-exec-2] Auth Key from DB for Consumer code AMR is  bbcf4432d0d34e029d8a5a170a0e730d
2022-04-05 14:43:45,386 INFO com.vinsys.diam.filters.AuthenticationFilter [http-nio-9999-exec-2] Inside getAuthKeyFromDB..
2022-04-05 14:43:45,666 INFO com.vinsys.diam.filters.AuthenticationFilter [http-nio-9999-exec-2] Whitelisted
2022-04-05 14:43:45,667 INFO com.vinsys.diam.filters.AuthenticationFilter [http-nio-9999-exec-2] Inside is whiteListed
2022-04-05 14:43:45,997 INFO com.vinsys.diam.controllers.PAWESBServices [http-nio-9999-exec-2] Entered::AbstractEmailDelivery::getRestTemplate()
2022-04-05 14:43:46,132 INFO com.vinsys.diam.processors.AuditLogProcessor [http-nio-9999-exec-2] Auditing records in AuditDataProcessor.
2022-04-05 14:43:46,428 INFO com.vinsys.diam.processors.AuditLogProcessor [pool-2-thread-1] Auditing in database.
2022-04-05 14:43:46,459 INFO com.vinsys.diam.controllers.PAWESBServices [http-nio-9999-exec-2] Entered::AbstractEmailDelivery::getRestTemplate()
2022-04-05 14:43:46,489 INFO com.vinsys.diam.processors.AuditLogProcessor [http-nio-9999-exec-2] Auditing records in AuditDataProcessor.
2022-04-05 14:43:46,800 INFO com.vinsys.diam.processors.AuditLogProcessor [pool-3-thread-1] Auditing in database.
2022-04-05 14:43:46,875 INFO com.vinsys.diam.interceptor.BaseInterceptor [http-nio-9999-exec-2] In post handle
2022-04-05 14:43:46,878 INFO com.vinsys.diam.processors.AuditLogProcessor [http-nio-9999-exec-2] Auditing records in AuditDataProcessor.
2022-04-05 14:43:47,152 INFO com.vinsys.diam.processors.AuditLogProcessor [pool-4-thread-1] Auditing in database.
2022-04-05 14:51:52,348 INFO org.springframework.boot.admin.SpringApplicationAdminMXBeanRegistrar$SpringApplicationAdmin [RMI TCP Connection(20)-127.0.0.1] Application shutdown requested.
2022-04-05 14:51:52,391 INFO org.springframework.scheduling.concurrent.ExecutorConfigurationSupport [RMI TCP Connection(20)-127.0.0.1] Shutting down ExecutorService 'applicationTaskExecutor'
2022-04-05 14:51:56,083 INFO org.springframework.boot.StartupInfoLogger [main] Starting DemoApplication using Java 16.0.1 on VINSYSLT0182 with PID 12276 (D:\PAW\updated_PAW_ESB\paw-esb-services\target\classes started by admin in D:\PAW\updated_PAW_ESB\paw-esb-services)
2022-04-05 14:51:56,086 INFO org.springframework.boot.SpringApplication [main] No active profile set, falling back to default profiles: default
2022-04-05 14:52:00,626 INFO org.springframework.context.support.PostProcessorRegistrationDelegate$BeanPostProcessorChecker [main] Bean 'org.springframework.ws.config.annotation.DelegatingWsConfiguration' of type [org.springframework.ws.config.annotation.DelegatingWsConfiguration$$EnhancerBySpringCGLIB$$d8be2ed6] is not eligible for getting processed by all BeanPostProcessors (for example: not eligible for auto-proxying)
2022-04-05 14:52:00,689 INFO org.springframework.ws.soap.addressing.server.AbstractAddressingEndpointMapping [main] Supporting [WS-Addressing August 2004, WS-Addressing 1.0]
2022-04-05 14:52:00,915 INFO org.springframework.boot.web.embedded.tomcat.TomcatWebServer [main] Tomcat initialized with port(s): 9999 (http)
2022-04-05 14:52:00,925 INFO org.apache.juli.logging.DirectJDKLog [main] Initializing ProtocolHandler ["http-nio-9999"]
2022-04-05 14:52:00,926 INFO org.apache.juli.logging.DirectJDKLog [main] Starting service [Tomcat]
2022-04-05 14:52:00,927 INFO org.apache.juli.logging.DirectJDKLog [main] Starting Servlet engine: [Apache Tomcat/9.0.45]
2022-04-05 14:52:01,041 INFO org.apache.juli.logging.DirectJDKLog [main] Initializing Spring embedded WebApplicationContext
2022-04-05 14:52:01,041 INFO org.springframework.boot.web.servlet.context.ServletWebServerApplicationContext [main] Root WebApplicationContext: initialization completed in 4900 ms
2022-04-05 14:52:01,388 INFO org.springframework.ws.soap.saaj.SaajSoapMessageFactory [main] Creating SAAJ 1.3 MessageFactory with SOAP 1.1 Protocol
2022-04-05 14:52:01,494 INFO org.springframework.scheduling.concurrent.ExecutorConfigurationSupport [main] Initializing ExecutorService 'applicationTaskExecutor'
2022-04-05 14:52:01,830 INFO org.springframework.boot.actuate.endpoint.web.EndpointLinksResolver [main] Exposing 2 endpoint(s) beneath base path '/actuator'
2022-04-05 14:52:01,851 INFO org.apache.juli.logging.DirectJDKLog [main] Starting ProtocolHandler ["http-nio-9999"]
2022-04-05 14:52:01,891 INFO org.springframework.boot.web.embedded.tomcat.TomcatWebServer [main] Tomcat started on port(s): 9999 (http) with context path ''
2022-04-05 14:52:01,903 INFO org.springframework.boot.StartupInfoLogger [main] Started DemoApplication in 6.164 seconds (JVM running for 7.307)
2022-04-05 14:52:04,824 INFO org.apache.juli.logging.DirectJDKLog [RMI TCP Connection(3)-127.0.0.1] Initializing Spring DispatcherServlet 'dispatcherServlet'
2022-04-05 14:52:04,824 INFO org.springframework.web.servlet.FrameworkServlet [RMI TCP Connection(3)-127.0.0.1] Initializing Servlet 'dispatcherServlet'
2022-04-05 14:52:04,826 INFO org.springframework.web.servlet.FrameworkServlet [RMI TCP Connection(3)-127.0.0.1] Completed initialization in 0 ms
2022-04-05 14:52:45,875 INFO com.vinsys.diam.interceptor.BaseInterceptor [http-nio-9999-exec-1] Inside prehandle
2022-04-05 14:52:45,883 INFO com.vinsys.diam.interceptor.BaseInterceptor [http-nio-9999-exec-1] ############Request Processing started for request-id AMR-INT223451232 and esbURL is /api/v1/getintegrationdata
2022-04-05 14:52:45,887 INFO com.vinsys.diam.filters.GetDetails [http-nio-9999-exec-1] Inside getEncryption status.. for service code getintegrationdata
2022-04-05 14:52:47,276 INFO com.vinsys.diam.interceptor.BaseInterceptor [http-nio-9999-exec-1] Inside DDOS filtering
2022-04-05 14:52:47,277 INFO com.vinsys.diam.filters.GetDetails [http-nio-9999-exec-1] Inside get error codes.
2022-04-05 14:52:47,633 INFO com.vinsys.diam.filters.AuthenticationFilter [http-nio-9999-exec-1] inside request param validation
2022-04-05 14:52:47,633 INFO com.vinsys.diam.filters.AuthenticationFilter [http-nio-9999-exec-1] In Timestamp validation
2022-04-05 14:52:47,635 INFO com.vinsys.diam.filters.AuthenticationFilter [http-nio-9999-exec-1] The timestamp difference is--
2022-04-05 14:52:47,635 INFO com.vinsys.diam.filters.AuthenticationFilter [http-nio-9999-exec-1] Validating auth key for consumerCode AMR with auth key bbcf4432d0d34e029d8a5a170a0e730d
2022-04-05 14:52:47,636 INFO com.vinsys.diam.filters.AuthenticationFilter [http-nio-9999-exec-1] Inside getAuthKeyFromDB..
2022-04-05 14:52:47,932 INFO com.vinsys.diam.filters.AuthenticationFilter [http-nio-9999-exec-1] Auth Key from DB for Consumer code AMR is  bbcf4432d0d34e029d8a5a170a0e730d
2022-04-05 14:52:47,934 INFO com.vinsys.diam.filters.AuthenticationFilter [http-nio-9999-exec-1] Inside getAuthKeyFromDB..
2022-04-05 14:52:48,202 INFO com.vinsys.diam.filters.AuthenticationFilter [http-nio-9999-exec-1] Whitelisted
2022-04-05 14:52:48,203 INFO com.vinsys.diam.filters.AuthenticationFilter [http-nio-9999-exec-1] Inside is whiteListed
2022-04-05 14:52:48,483 INFO com.vinsys.diam.controllers.PAWESBServices [http-nio-9999-exec-1] Entered::AbstractEmailDelivery::getRestTemplate()
2022-04-05 14:52:48,654 INFO com.vinsys.diam.processors.AuditLogProcessor [http-nio-9999-exec-1] Auditing records in AuditDataProcessor.
2022-04-05 14:52:48,928 INFO com.vinsys.diam.processors.AuditLogProcessor [pool-2-thread-1] Auditing in database.
2022-04-05 14:52:48,956 INFO com.vinsys.diam.controllers.PAWESBServices [http-nio-9999-exec-1] Entered::AbstractEmailDelivery::getRestTemplate()
2022-04-05 14:52:48,986 INFO com.vinsys.diam.processors.AuditLogProcessor [http-nio-9999-exec-1] Auditing records in AuditDataProcessor.
2022-04-05 14:52:49,240 INFO com.vinsys.diam.processors.AuditLogProcessor [pool-3-thread-1] Auditing in database.
2022-04-05 14:52:49,292 INFO com.vinsys.diam.interceptor.BaseInterceptor [http-nio-9999-exec-1] In post handle
2022-04-05 14:52:49,294 INFO com.vinsys.diam.processors.AuditLogProcessor [http-nio-9999-exec-1] Auditing records in AuditDataProcessor.
2022-04-05 14:52:49,621 INFO com.vinsys.diam.processors.AuditLogProcessor [pool-4-thread-1] Auditing in database.
2022-04-05 15:01:13,832 INFO org.springframework.boot.admin.SpringApplicationAdminMXBeanRegistrar$SpringApplicationAdmin [RMI TCP Connection(23)-127.0.0.1] Application shutdown requested.
2022-04-05 15:01:13,884 INFO org.springframework.scheduling.concurrent.ExecutorConfigurationSupport [RMI TCP Connection(23)-127.0.0.1] Shutting down ExecutorService 'applicationTaskExecutor'
2022-04-05 15:01:17,890 INFO org.springframework.boot.StartupInfoLogger [main] Starting DemoApplication using Java 16.0.1 on VINSYSLT0182 with PID 7996 (D:\PAW\updated_PAW_ESB\paw-esb-services\target\classes started by admin in D:\PAW\updated_PAW_ESB\paw-esb-services)
2022-04-05 15:01:17,893 INFO org.springframework.boot.SpringApplication [main] No active profile set, falling back to default profiles: default
2022-04-05 15:01:22,215 INFO org.springframework.context.support.PostProcessorRegistrationDelegate$BeanPostProcessorChecker [main] Bean 'org.springframework.ws.config.annotation.DelegatingWsConfiguration' of type [org.springframework.ws.config.annotation.DelegatingWsConfiguration$$EnhancerBySpringCGLIB$$764f418e] is not eligible for getting processed by all BeanPostProcessors (for example: not eligible for auto-proxying)
2022-04-05 15:01:22,250 INFO org.springframework.ws.soap.addressing.server.AbstractAddressingEndpointMapping [main] Supporting [WS-Addressing August 2004, WS-Addressing 1.0]
2022-04-05 15:01:22,460 INFO org.springframework.boot.web.embedded.tomcat.TomcatWebServer [main] Tomcat initialized with port(s): 9999 (http)
2022-04-05 15:01:22,471 INFO org.apache.juli.logging.DirectJDKLog [main] Initializing ProtocolHandler ["http-nio-9999"]
2022-04-05 15:01:22,472 INFO org.apache.juli.logging.DirectJDKLog [main] Starting service [Tomcat]
2022-04-05 15:01:22,472 INFO org.apache.juli.logging.DirectJDKLog [main] Starting Servlet engine: [Apache Tomcat/9.0.45]
2022-04-05 15:01:22,578 INFO org.apache.juli.logging.DirectJDKLog [main] Initializing Spring embedded WebApplicationContext
2022-04-05 15:01:22,579 INFO org.springframework.boot.web.servlet.context.ServletWebServerApplicationContext [main] Root WebApplicationContext: initialization completed in 4634 ms
2022-04-05 15:01:23,041 INFO org.springframework.ws.soap.saaj.SaajSoapMessageFactory [main] Creating SAAJ 1.3 MessageFactory with SOAP 1.1 Protocol
2022-04-05 15:01:23,152 INFO org.springframework.scheduling.concurrent.ExecutorConfigurationSupport [main] Initializing ExecutorService 'applicationTaskExecutor'
2022-04-05 15:01:23,544 INFO org.springframework.boot.actuate.endpoint.web.EndpointLinksResolver [main] Exposing 2 endpoint(s) beneath base path '/actuator'
2022-04-05 15:01:23,564 INFO org.apache.juli.logging.DirectJDKLog [main] Starting ProtocolHandler ["http-nio-9999"]
2022-04-05 15:01:23,607 INFO org.springframework.boot.web.embedded.tomcat.TomcatWebServer [main] Tomcat started on port(s): 9999 (http) with context path ''
2022-04-05 15:01:23,621 INFO org.springframework.boot.StartupInfoLogger [main] Started DemoApplication in 6.054 seconds (JVM running for 7.007)
2022-04-05 15:01:25,308 INFO org.apache.juli.logging.DirectJDKLog [RMI TCP Connection(3)-127.0.0.1] Initializing Spring DispatcherServlet 'dispatcherServlet'
2022-04-05 15:01:25,308 INFO org.springframework.web.servlet.FrameworkServlet [RMI TCP Connection(3)-127.0.0.1] Initializing Servlet 'dispatcherServlet'
2022-04-05 15:01:25,309 INFO org.springframework.web.servlet.FrameworkServlet [RMI TCP Connection(3)-127.0.0.1] Completed initialization in 0 ms
2022-04-05 15:01:41,487 INFO com.vinsys.diam.interceptor.BaseInterceptor [http-nio-9999-exec-2] Inside prehandle
2022-04-05 15:01:41,494 INFO com.vinsys.diam.interceptor.BaseInterceptor [http-nio-9999-exec-2] ############Request Processing started for request-id AMR-INT223451232 and esbURL is /api/v1/getintegrationdata
2022-04-05 15:01:41,499 INFO com.vinsys.diam.filters.GetDetails [http-nio-9999-exec-2] Inside getEncryption status.. for service code getintegrationdata
2022-04-05 15:01:42,760 INFO com.vinsys.diam.interceptor.BaseInterceptor [http-nio-9999-exec-2] Inside DDOS filtering
2022-04-05 15:01:42,761 INFO com.vinsys.diam.filters.GetDetails [http-nio-9999-exec-2] Inside get error codes.
2022-04-05 15:01:43,153 INFO com.vinsys.diam.filters.AuthenticationFilter [http-nio-9999-exec-2] inside request param validation
2022-04-05 15:01:43,153 INFO com.vinsys.diam.filters.AuthenticationFilter [http-nio-9999-exec-2] In Timestamp validation
2022-04-05 15:01:43,157 INFO com.vinsys.diam.filters.AuthenticationFilter [http-nio-9999-exec-2] The timestamp difference is--
2022-04-05 15:01:43,158 INFO com.vinsys.diam.filters.AuthenticationFilter [http-nio-9999-exec-2] Validating auth key for consumerCode AMR with auth key bbcf4432d0d34e029d8a5a170a0e730d
2022-04-05 15:01:43,159 INFO com.vinsys.diam.filters.AuthenticationFilter [http-nio-9999-exec-2] Inside getAuthKeyFromDB..
2022-04-05 15:01:43,483 INFO com.vinsys.diam.filters.AuthenticationFilter [http-nio-9999-exec-2] Auth Key from DB for Consumer code AMR is  bbcf4432d0d34e029d8a5a170a0e730d
2022-04-05 15:01:43,485 INFO com.vinsys.diam.filters.AuthenticationFilter [http-nio-9999-exec-2] Inside getAuthKeyFromDB..
2022-04-05 15:01:43,796 INFO com.vinsys.diam.filters.AuthenticationFilter [http-nio-9999-exec-2] Whitelisted
2022-04-05 15:01:43,796 INFO com.vinsys.diam.filters.AuthenticationFilter [http-nio-9999-exec-2] Inside is whiteListed
2022-04-05 15:01:44,105 INFO com.vinsys.diam.controllers.PAWESBServices [http-nio-9999-exec-2] Entered::AbstractEmailDelivery::getRestTemplate()
2022-04-05 15:01:44,246 INFO com.vinsys.diam.processors.AuditLogProcessor [http-nio-9999-exec-2] Auditing records in AuditDataProcessor.
2022-04-05 15:01:44,589 INFO com.vinsys.diam.processors.AuditLogProcessor [pool-2-thread-1] Auditing in database.
2022-04-05 15:01:44,613 INFO com.vinsys.diam.controllers.PAWESBServices [http-nio-9999-exec-2] Entered::AbstractEmailDelivery::getRestTemplate()
2022-04-05 15:01:44,639 INFO com.vinsys.diam.processors.AuditLogProcessor [http-nio-9999-exec-2] Auditing records in AuditDataProcessor.
2022-04-05 15:01:44,929 INFO com.vinsys.diam.processors.AuditLogProcessor [pool-3-thread-1] Auditing in database.
2022-04-05 15:01:44,970 INFO com.vinsys.diam.interceptor.BaseInterceptor [http-nio-9999-exec-2] In post handle
2022-04-05 15:01:44,971 INFO com.vinsys.diam.processors.AuditLogProcessor [http-nio-9999-exec-2] Auditing records in AuditDataProcessor.
2022-04-05 15:01:45,205 INFO com.vinsys.diam.processors.AuditLogProcessor [pool-4-thread-1] Auditing in database.
2022-04-05 15:10:37,420 INFO org.springframework.boot.admin.SpringApplicationAdminMXBeanRegistrar$SpringApplicationAdmin [RMI TCP Connection(20)-127.0.0.1] Application shutdown requested.
2022-04-05 15:10:37,468 INFO org.springframework.scheduling.concurrent.ExecutorConfigurationSupport [RMI TCP Connection(20)-127.0.0.1] Shutting down ExecutorService 'applicationTaskExecutor'
2022-04-05 15:10:49,508 INFO org.springframework.boot.StartupInfoLogger [main] Starting DemoApplication using Java 16.0.1 on VINSYSLT0182 with PID 5500 (D:\PAW\updated_PAW_ESB\paw-esb-services\target\classes started by admin in D:\PAW\updated_PAW_ESB\paw-esb-services)
2022-04-05 15:10:49,510 INFO org.springframework.boot.SpringApplication [main] No active profile set, falling back to default profiles: default
2022-04-05 15:10:53,731 INFO org.springframework.context.support.PostProcessorRegistrationDelegate$BeanPostProcessorChecker [main] Bean 'org.springframework.ws.config.annotation.DelegatingWsConfiguration' of type [org.springframework.ws.config.annotation.DelegatingWsConfiguration$$EnhancerBySpringCGLIB$$ddbb6894] is not eligible for getting processed by all BeanPostProcessors (for example: not eligible for auto-proxying)
2022-04-05 15:10:53,762 INFO org.springframework.ws.soap.addressing.server.AbstractAddressingEndpointMapping [main] Supporting [WS-Addressing August 2004, WS-Addressing 1.0]
2022-04-05 15:10:53,973 INFO org.springframework.boot.web.embedded.tomcat.TomcatWebServer [main] Tomcat initialized with port(s): 9999 (http)
2022-04-05 15:10:53,984 INFO org.apache.juli.logging.DirectJDKLog [main] Initializing ProtocolHandler ["http-nio-9999"]
2022-04-05 15:10:53,986 INFO org.apache.juli.logging.DirectJDKLog [main] Starting service [Tomcat]
2022-04-05 15:10:53,986 INFO org.apache.juli.logging.DirectJDKLog [main] Starting Servlet engine: [Apache Tomcat/9.0.45]
2022-04-05 15:10:54,107 INFO org.apache.juli.logging.DirectJDKLog [main] Initializing Spring embedded WebApplicationContext
2022-04-05 15:10:54,107 INFO org.springframework.boot.web.servlet.context.ServletWebServerApplicationContext [main] Root WebApplicationContext: initialization completed in 4548 ms
2022-04-05 15:10:54,441 INFO org.springframework.ws.soap.saaj.SaajSoapMessageFactory [main] Creating SAAJ 1.3 MessageFactory with SOAP 1.1 Protocol
2022-04-05 15:10:54,540 INFO org.springframework.scheduling.concurrent.ExecutorConfigurationSupport [main] Initializing ExecutorService 'applicationTaskExecutor'
2022-04-05 15:10:54,849 INFO org.springframework.boot.actuate.endpoint.web.EndpointLinksResolver [main] Exposing 2 endpoint(s) beneath base path '/actuator'
2022-04-05 15:10:54,890 INFO org.apache.juli.logging.DirectJDKLog [main] Starting ProtocolHandler ["http-nio-9999"]
2022-04-05 15:10:54,937 INFO org.springframework.boot.web.embedded.tomcat.TomcatWebServer [main] Tomcat started on port(s): 9999 (http) with context path ''
2022-04-05 15:10:54,951 INFO org.springframework.boot.StartupInfoLogger [main] Started DemoApplication in 5.761 seconds (JVM running for 6.698)
2022-04-05 15:10:56,258 INFO org.apache.juli.logging.DirectJDKLog [RMI TCP Connection(3)-127.0.0.1] Initializing Spring DispatcherServlet 'dispatcherServlet'
2022-04-05 15:10:56,258 INFO org.springframework.web.servlet.FrameworkServlet [RMI TCP Connection(3)-127.0.0.1] Initializing Servlet 'dispatcherServlet'
2022-04-05 15:10:56,260 INFO org.springframework.web.servlet.FrameworkServlet [RMI TCP Connection(3)-127.0.0.1] Completed initialization in 1 ms
2022-04-05 15:13:41,540 INFO com.vinsys.diam.interceptor.BaseInterceptor [http-nio-9999-exec-2] Inside prehandle
2022-04-05 15:13:41,546 INFO com.vinsys.diam.interceptor.BaseInterceptor [http-nio-9999-exec-2] ############Request Processing started for request-id AMR-INT223451232 and esbURL is /api/v1/getintegrationdata
2022-04-05 15:13:41,550 INFO com.vinsys.diam.filters.GetDetails [http-nio-9999-exec-2] Inside getEncryption status.. for service code getintegrationdata
2022-04-05 15:13:42,817 INFO com.vinsys.diam.interceptor.BaseInterceptor [http-nio-9999-exec-2] Inside DDOS filtering
2022-04-05 15:13:42,818 INFO com.vinsys.diam.filters.GetDetails [http-nio-9999-exec-2] Inside get error codes.
2022-04-05 15:13:43,107 INFO com.vinsys.diam.filters.AuthenticationFilter [http-nio-9999-exec-2] inside request param validation
2022-04-05 15:13:43,109 INFO com.vinsys.diam.filters.AuthenticationFilter [http-nio-9999-exec-2] In Timestamp validation
2022-04-05 15:13:43,111 INFO com.vinsys.diam.filters.AuthenticationFilter [http-nio-9999-exec-2] The timestamp difference is--
2022-04-05 15:13:43,111 INFO com.vinsys.diam.filters.AuthenticationFilter [http-nio-9999-exec-2] Validating auth key for consumerCode AMR with auth key bbcf4432d0d34e029d8a5a170a0e730d
2022-04-05 15:13:43,112 INFO com.vinsys.diam.filters.AuthenticationFilter [http-nio-9999-exec-2] Inside getAuthKeyFromDB..
2022-04-05 15:13:43,375 INFO com.vinsys.diam.filters.AuthenticationFilter [http-nio-9999-exec-2] Auth Key from DB for Consumer code AMR is  bbcf4432d0d34e029d8a5a170a0e730d
2022-04-05 15:13:43,376 INFO com.vinsys.diam.filters.AuthenticationFilter [http-nio-9999-exec-2] Inside getAuthKeyFromDB..
2022-04-05 15:13:43,684 INFO com.vinsys.diam.filters.AuthenticationFilter [http-nio-9999-exec-2] Whitelisted
2022-04-05 15:13:43,685 INFO com.vinsys.diam.filters.AuthenticationFilter [http-nio-9999-exec-2] Inside is whiteListed
2022-04-05 15:13:44,100 INFO com.vinsys.diam.controllers.PAWESBServices [http-nio-9999-exec-2] Entered::AbstractEmailDelivery::getRestTemplate()
2022-04-05 15:13:44,289 INFO com.vinsys.diam.processors.AuditLogProcessor [http-nio-9999-exec-2] Auditing records in AuditDataProcessor.
2022-04-05 15:13:44,662 INFO com.vinsys.diam.processors.AuditLogProcessor [pool-2-thread-1] Auditing in database.
2022-04-05 15:13:44,683 INFO com.vinsys.diam.controllers.PAWESBServices [http-nio-9999-exec-2] Entered::AbstractEmailDelivery::getRestTemplate()
2022-04-05 15:13:44,709 INFO com.vinsys.diam.processors.AuditLogProcessor [http-nio-9999-exec-2] Auditing records in AuditDataProcessor.
2022-04-05 15:13:44,982 INFO com.vinsys.diam.processors.AuditLogProcessor [pool-3-thread-1] Auditing in database.
2022-04-05 15:13:45,004 INFO com.vinsys.diam.interceptor.BaseInterceptor [http-nio-9999-exec-2] In post handle
2022-04-05 15:13:45,006 INFO com.vinsys.diam.processors.AuditLogProcessor [http-nio-9999-exec-2] Auditing records in AuditDataProcessor.
2022-04-05 15:13:45,272 INFO com.vinsys.diam.processors.AuditLogProcessor [pool-4-thread-1] Auditing in database.
2022-04-05 15:21:01,042 INFO org.springframework.boot.admin.SpringApplicationAdminMXBeanRegistrar$SpringApplicationAdmin [RMI TCP Connection(18)-127.0.0.1] Application shutdown requested.
2022-04-05 15:21:01,113 INFO org.springframework.scheduling.concurrent.ExecutorConfigurationSupport [RMI TCP Connection(18)-127.0.0.1] Shutting down ExecutorService 'applicationTaskExecutor'
2022-04-05 15:21:05,381 INFO org.springframework.boot.StartupInfoLogger [main] Starting DemoApplication using Java 16.0.1 on VINSYSLT0182 with PID 13980 (D:\PAW\updated_PAW_ESB\paw-esb-services\target\classes started by admin in D:\PAW\updated_PAW_ESB\paw-esb-services)
2022-04-05 15:21:05,383 INFO org.springframework.boot.SpringApplication [main] No active profile set, falling back to default profiles: default
2022-04-05 15:21:10,044 INFO org.springframework.context.support.PostProcessorRegistrationDelegate$BeanPostProcessorChecker [main] Bean 'org.springframework.ws.config.annotation.DelegatingWsConfiguration' of type [org.springframework.ws.config.annotation.DelegatingWsConfiguration$$EnhancerBySpringCGLIB$$3c61493b] is not eligible for getting processed by all BeanPostProcessors (for example: not eligible for auto-proxying)
2022-04-05 15:21:10,077 INFO org.springframework.ws.soap.addressing.server.AbstractAddressingEndpointMapping [main] Supporting [WS-Addressing August 2004, WS-Addressing 1.0]
2022-04-05 15:21:10,306 INFO org.springframework.boot.web.embedded.tomcat.TomcatWebServer [main] Tomcat initialized with port(s): 9999 (http)
2022-04-05 15:21:10,315 INFO org.apache.juli.logging.DirectJDKLog [main] Initializing ProtocolHandler ["http-nio-9999"]
2022-04-05 15:21:10,316 INFO org.apache.juli.logging.DirectJDKLog [main] Starting service [Tomcat]
2022-04-05 15:21:10,316 INFO org.apache.juli.logging.DirectJDKLog [main] Starting Servlet engine: [Apache Tomcat/9.0.45]
2022-04-05 15:21:10,420 INFO org.apache.juli.logging.DirectJDKLog [main] Initializing Spring embedded WebApplicationContext
2022-04-05 15:21:10,421 INFO org.springframework.boot.web.servlet.context.ServletWebServerApplicationContext [main] Root WebApplicationContext: initialization completed in 4976 ms
2022-04-05 15:21:10,803 INFO org.springframework.ws.soap.saaj.SaajSoapMessageFactory [main] Creating SAAJ 1.3 MessageFactory with SOAP 1.1 Protocol
2022-04-05 15:21:10,904 INFO org.springframework.scheduling.concurrent.ExecutorConfigurationSupport [main] Initializing ExecutorService 'applicationTaskExecutor'
2022-04-05 15:21:11,262 INFO org.springframework.boot.actuate.endpoint.web.EndpointLinksResolver [main] Exposing 2 endpoint(s) beneath base path '/actuator'
2022-04-05 15:21:11,283 INFO org.apache.juli.logging.DirectJDKLog [main] Starting ProtocolHandler ["http-nio-9999"]
2022-04-05 15:21:11,329 INFO org.springframework.boot.web.embedded.tomcat.TomcatWebServer [main] Tomcat started on port(s): 9999 (http) with context path ''
2022-04-05 15:21:11,341 INFO org.springframework.boot.StartupInfoLogger [main] Started DemoApplication in 6.291 seconds (JVM running for 7.428)
2022-04-05 15:21:11,664 INFO org.apache.juli.logging.DirectJDKLog [RMI TCP Connection(4)-127.0.0.1] Initializing Spring DispatcherServlet 'dispatcherServlet'
2022-04-05 15:21:11,664 INFO org.springframework.web.servlet.FrameworkServlet [RMI TCP Connection(4)-127.0.0.1] Initializing Servlet 'dispatcherServlet'
2022-04-05 15:21:11,665 INFO org.springframework.web.servlet.FrameworkServlet [RMI TCP Connection(4)-127.0.0.1] Completed initialization in 0 ms
2022-04-05 15:21:50,544 INFO com.vinsys.diam.interceptor.BaseInterceptor [http-nio-9999-exec-2] Inside prehandle
2022-04-05 15:21:50,552 INFO com.vinsys.diam.interceptor.BaseInterceptor [http-nio-9999-exec-2] ############Request Processing started for request-id AMR-INT223451232 and esbURL is /api/v1/getintegrationdata
2022-04-05 15:21:50,556 INFO com.vinsys.diam.filters.GetDetails [http-nio-9999-exec-2] Inside getEncryption status.. for service code getintegrationdata
2022-04-05 15:21:51,726 INFO com.vinsys.diam.interceptor.BaseInterceptor [http-nio-9999-exec-2] Inside DDOS filtering
2022-04-05 15:21:51,727 INFO com.vinsys.diam.filters.GetDetails [http-nio-9999-exec-2] Inside get error codes.
2022-04-05 15:21:52,036 INFO com.vinsys.diam.filters.AuthenticationFilter [http-nio-9999-exec-2] inside request param validation
2022-04-05 15:21:52,036 INFO com.vinsys.diam.filters.AuthenticationFilter [http-nio-9999-exec-2] In Timestamp validation
2022-04-05 15:21:52,038 INFO com.vinsys.diam.filters.AuthenticationFilter [http-nio-9999-exec-2] The timestamp difference is--
2022-04-05 15:21:52,039 INFO com.vinsys.diam.filters.AuthenticationFilter [http-nio-9999-exec-2] Validating auth key for consumerCode AMR with auth key bbcf4432d0d34e029d8a5a170a0e730d
2022-04-05 15:21:52,039 INFO com.vinsys.diam.filters.AuthenticationFilter [http-nio-9999-exec-2] Inside getAuthKeyFromDB..
2022-04-05 15:21:52,339 INFO com.vinsys.diam.filters.AuthenticationFilter [http-nio-9999-exec-2] Auth Key from DB for Consumer code AMR is  bbcf4432d0d34e029d8a5a170a0e730d
2022-04-05 15:21:52,340 INFO com.vinsys.diam.filters.AuthenticationFilter [http-nio-9999-exec-2] Inside getAuthKeyFromDB..
2022-04-05 15:21:52,701 INFO com.vinsys.diam.filters.AuthenticationFilter [http-nio-9999-exec-2] Whitelisted
2022-04-05 15:21:52,702 INFO com.vinsys.diam.filters.AuthenticationFilter [http-nio-9999-exec-2] Inside is whiteListed
2022-04-05 15:21:53,013 INFO com.vinsys.diam.controllers.PAWESBServices [http-nio-9999-exec-2] Entered::AbstractEmailDelivery::getRestTemplate()
2022-04-05 15:21:53,374 INFO com.vinsys.diam.processors.AuditLogProcessor [http-nio-9999-exec-2] Auditing records in AuditDataProcessor.
2022-04-05 15:21:53,653 INFO com.vinsys.diam.processors.AuditLogProcessor [pool-2-thread-1] Auditing in database.
2022-04-05 15:21:53,679 INFO com.vinsys.diam.controllers.PAWESBServices [http-nio-9999-exec-2] Entered::AbstractEmailDelivery::getRestTemplate()
2022-04-05 15:21:53,868 INFO com.vinsys.diam.interceptor.BaseInterceptor [http-nio-9999-exec-2] In post handle
2022-04-05 15:21:53,869 INFO com.vinsys.diam.processors.AuditLogProcessor [http-nio-9999-exec-2] Auditing records in AuditDataProcessor.
2022-04-05 15:21:54,160 INFO com.vinsys.diam.processors.AuditLogProcessor [pool-3-thread-1] Auditing in database.
2022-04-05 15:55:16,387 INFO org.springframework.boot.admin.SpringApplicationAdminMXBeanRegistrar$SpringApplicationAdmin [RMI TCP Connection(41)-127.0.0.1] Application shutdown requested.
2022-04-05 15:55:16,426 INFO org.springframework.scheduling.concurrent.ExecutorConfigurationSupport [RMI TCP Connection(41)-127.0.0.1] Shutting down ExecutorService 'applicationTaskExecutor'
2022-04-05 17:34:36,439 INFO org.springframework.boot.StartupInfoLogger [main] Starting DemoApplication using Java 16.0.1 on VINSYSLT0182 with PID 14272 (D:\PAW\updated_PAW_ESB\paw-esb-services\target\classes started by admin in D:\PAW\updated_PAW_ESB\paw-esb-services)
2022-04-05 17:34:36,443 INFO org.springframework.boot.SpringApplication [main] No active profile set, falling back to default profiles: default
2022-04-05 17:34:40,730 INFO org.springframework.context.support.PostProcessorRegistrationDelegate$BeanPostProcessorChecker [main] Bean 'org.springframework.ws.config.annotation.DelegatingWsConfiguration' of type [org.springframework.ws.config.annotation.DelegatingWsConfiguration$$EnhancerBySpringCGLIB$$2c24f4b9] is not eligible for getting processed by all BeanPostProcessors (for example: not eligible for auto-proxying)
2022-04-05 17:34:40,764 INFO org.springframework.ws.soap.addressing.server.AbstractAddressingEndpointMapping [main] Supporting [WS-Addressing August 2004, WS-Addressing 1.0]
2022-04-05 17:34:40,986 INFO org.springframework.boot.web.embedded.tomcat.TomcatWebServer [main] Tomcat initialized with port(s): 9999 (http)
2022-04-05 17:34:40,996 INFO org.apache.juli.logging.DirectJDKLog [main] Initializing ProtocolHandler ["http-nio-9999"]
2022-04-05 17:34:40,997 INFO org.apache.juli.logging.DirectJDKLog [main] Starting service [Tomcat]
2022-04-05 17:34:40,998 INFO org.apache.juli.logging.DirectJDKLog [main] Starting Servlet engine: [Apache Tomcat/9.0.45]
2022-04-05 17:34:41,110 INFO org.apache.juli.logging.DirectJDKLog [main] Initializing Spring embedded WebApplicationContext
2022-04-05 17:34:41,111 INFO org.springframework.boot.web.servlet.context.ServletWebServerApplicationContext [main] Root WebApplicationContext: initialization completed in 4599 ms
2022-04-05 17:34:41,430 INFO org.springframework.ws.soap.saaj.SaajSoapMessageFactory [main] Creating SAAJ 1.3 MessageFactory with SOAP 1.1 Protocol
2022-04-05 17:34:41,531 INFO org.springframework.scheduling.concurrent.ExecutorConfigurationSupport [main] Initializing ExecutorService 'applicationTaskExecutor'
2022-04-05 17:34:41,855 INFO org.springframework.boot.actuate.endpoint.web.EndpointLinksResolver [main] Exposing 2 endpoint(s) beneath base path '/actuator'
2022-04-05 17:34:41,877 INFO org.apache.juli.logging.DirectJDKLog [main] Starting ProtocolHandler ["http-nio-9999"]
2022-04-05 17:34:41,920 INFO org.springframework.boot.web.embedded.tomcat.TomcatWebServer [main] Tomcat started on port(s): 9999 (http) with context path ''
2022-04-05 17:34:41,932 INFO org.springframework.boot.StartupInfoLogger [main] Started DemoApplication in 5.808 seconds (JVM running for 6.778)
2022-04-05 17:34:42,821 INFO org.apache.juli.logging.DirectJDKLog [RMI TCP Connection(4)-127.0.0.1] Initializing Spring DispatcherServlet 'dispatcherServlet'
2022-04-05 17:34:42,821 INFO org.springframework.web.servlet.FrameworkServlet [RMI TCP Connection(4)-127.0.0.1] Initializing Servlet 'dispatcherServlet'
2022-04-05 17:34:42,822 INFO org.springframework.web.servlet.FrameworkServlet [RMI TCP Connection(4)-127.0.0.1] Completed initialization in 0 ms
2022-04-05 17:35:35,681 INFO com.vinsys.diam.interceptor.BaseInterceptor [http-nio-9999-exec-2] Inside prehandle
2022-04-05 17:35:35,684 INFO com.vinsys.diam.interceptor.BaseInterceptor [http-nio-9999-exec-2] ############Request Processing started for request-id AMR-INT223451232 and esbURL is /api/v1/getmmdata
2022-04-05 17:35:35,686 INFO com.vinsys.diam.filters.GetDetails [http-nio-9999-exec-2] Inside getEncryption status.. for service code getmmdata
2022-04-05 17:35:36,340 INFO com.vinsys.diam.interceptor.BaseInterceptor [http-nio-9999-exec-2] Inside DDOS filtering
2022-04-05 17:35:36,340 INFO com.vinsys.diam.filters.GetDetails [http-nio-9999-exec-2] Inside get error codes.
2022-04-05 17:35:36,549 INFO com.vinsys.diam.filters.AuthenticationFilter [http-nio-9999-exec-2] inside request param validation
2022-04-05 17:35:36,549 INFO com.vinsys.diam.filters.AuthenticationFilter [http-nio-9999-exec-2] In Timestamp validation
2022-04-05 17:35:36,550 INFO com.vinsys.diam.filters.AuthenticationFilter [http-nio-9999-exec-2] The timestamp difference is--
2022-04-05 17:35:36,550 INFO com.vinsys.diam.filters.AuthenticationFilter [http-nio-9999-exec-2] Validating auth key for consumerCode AMR with auth key bbcf4432d0d34e029d8a5a170a0e730d
2022-04-05 17:35:36,550 INFO com.vinsys.diam.filters.AuthenticationFilter [http-nio-9999-exec-2] Inside getAuthKeyFromDB..
2022-04-05 17:35:36,768 INFO com.vinsys.diam.filters.AuthenticationFilter [http-nio-9999-exec-2] Auth Key from DB for Consumer code AMR is  bbcf4432d0d34e029d8a5a170a0e730d
2022-04-05 17:35:36,768 INFO com.vinsys.diam.filters.AuthenticationFilter [http-nio-9999-exec-2] Inside getAuthKeyFromDB..
2022-04-05 17:35:36,994 INFO com.vinsys.diam.filters.AuthenticationFilter [http-nio-9999-exec-2] Whitelisted
2022-04-05 17:35:36,995 INFO com.vinsys.diam.filters.AuthenticationFilter [http-nio-9999-exec-2] Inside is whiteListed
2022-04-05 17:35:37,206 INFO com.vinsys.diam.controllers.PAWESBServices [http-nio-9999-exec-2] Entered::AbstractEmailDelivery::getRestTemplate()
2022-04-05 17:35:37,449 INFO com.vinsys.diam.interceptor.BaseInterceptor [http-nio-9999-exec-2] In post handle
2022-04-05 17:35:37,451 INFO com.vinsys.diam.processors.AuditLogProcessor [http-nio-9999-exec-2] Auditing records in AuditDataProcessor.
2022-04-05 17:35:37,655 INFO com.vinsys.diam.processors.AuditLogProcessor [pool-2-thread-1] Auditing in database.
2022-04-05 17:47:49,304 INFO org.springframework.boot.admin.SpringApplicationAdminMXBeanRegistrar$SpringApplicationAdmin [RMI TCP Connection(23)-127.0.0.1] Application shutdown requested.
2022-04-05 17:47:49,358 INFO org.springframework.scheduling.concurrent.ExecutorConfigurationSupport [RMI TCP Connection(23)-127.0.0.1] Shutting down ExecutorService 'applicationTaskExecutor'
2022-04-05 18:13:41,289 INFO org.springframework.boot.StartupInfoLogger [main] Starting DemoApplication using Java 16.0.1 on VINSYSLT0182 with PID 15688 (D:\PAW\updated_PAW_ESB\paw-esb-services\target\classes started by admin in D:\PAW\updated_PAW_ESB\paw-esb-services)
2022-04-05 18:13:41,292 INFO org.springframework.boot.SpringApplication [main] No active profile set, falling back to default profiles: default
2022-04-05 18:13:45,589 INFO org.springframework.context.support.PostProcessorRegistrationDelegate$BeanPostProcessorChecker [main] Bean 'org.springframework.ws.config.annotation.DelegatingWsConfiguration' of type [org.springframework.ws.config.annotation.DelegatingWsConfiguration$$EnhancerBySpringCGLIB$$764f418e] is not eligible for getting processed by all BeanPostProcessors (for example: not eligible for auto-proxying)
2022-04-05 18:13:45,621 INFO org.springframework.ws.soap.addressing.server.AbstractAddressingEndpointMapping [main] Supporting [WS-Addressing August 2004, WS-Addressing 1.0]
2022-04-05 18:13:45,848 INFO org.springframework.boot.web.embedded.tomcat.TomcatWebServer [main] Tomcat initialized with port(s): 9999 (http)
2022-04-05 18:13:45,859 INFO org.apache.juli.logging.DirectJDKLog [main] Initializing ProtocolHandler ["http-nio-9999"]
2022-04-05 18:13:45,859 INFO org.apache.juli.logging.DirectJDKLog [main] Starting service [Tomcat]
2022-04-05 18:13:45,859 INFO org.apache.juli.logging.DirectJDKLog [main] Starting Servlet engine: [Apache Tomcat/9.0.45]
2022-04-05 18:13:45,973 INFO org.apache.juli.logging.DirectJDKLog [main] Initializing Spring embedded WebApplicationContext
2022-04-05 18:13:45,973 INFO org.springframework.boot.web.servlet.context.ServletWebServerApplicationContext [main] Root WebApplicationContext: initialization completed in 4627 ms
2022-04-05 18:13:46,301 INFO org.springframework.ws.soap.saaj.SaajSoapMessageFactory [main] Creating SAAJ 1.3 MessageFactory with SOAP 1.1 Protocol
2022-04-05 18:13:46,400 INFO org.springframework.scheduling.concurrent.ExecutorConfigurationSupport [main] Initializing ExecutorService 'applicationTaskExecutor'
2022-04-05 18:13:46,718 INFO org.springframework.boot.actuate.endpoint.web.EndpointLinksResolver [main] Exposing 2 endpoint(s) beneath base path '/actuator'
2022-04-05 18:13:46,739 INFO org.apache.juli.logging.DirectJDKLog [main] Starting ProtocolHandler ["http-nio-9999"]
2022-04-05 18:13:46,778 INFO org.springframework.boot.web.embedded.tomcat.TomcatWebServer [main] Tomcat started on port(s): 9999 (http) with context path ''
2022-04-05 18:13:46,789 INFO org.springframework.boot.StartupInfoLogger [main] Started DemoApplication in 5.81 seconds (JVM running for 6.827)
2022-04-05 18:13:47,134 INFO org.apache.juli.logging.DirectJDKLog [RMI TCP Connection(3)-127.0.0.1] Initializing Spring DispatcherServlet 'dispatcherServlet'
2022-04-05 18:13:47,134 INFO org.springframework.web.servlet.FrameworkServlet [RMI TCP Connection(3)-127.0.0.1] Initializing Servlet 'dispatcherServlet'
2022-04-05 18:13:47,135 INFO org.springframework.web.servlet.FrameworkServlet [RMI TCP Connection(3)-127.0.0.1] Completed initialization in 0 ms
2022-04-05 18:14:38,063 INFO com.vinsys.diam.interceptor.BaseInterceptor [http-nio-9999-exec-2] Inside prehandle
2022-04-05 18:14:38,066 INFO com.vinsys.diam.interceptor.BaseInterceptor [http-nio-9999-exec-2] ############Request Processing started for request-id AMR-INT223451232 and esbURL is /api/v1/getintegrationdata
2022-04-05 18:14:38,068 INFO com.vinsys.diam.filters.GetDetails [http-nio-9999-exec-2] Inside getEncryption status.. for service code getintegrationdata
2022-04-05 18:14:38,768 INFO com.vinsys.diam.interceptor.BaseInterceptor [http-nio-9999-exec-2] Inside DDOS filtering
2022-04-05 18:14:38,769 INFO com.vinsys.diam.filters.GetDetails [http-nio-9999-exec-2] Inside get error codes.
2022-04-05 18:14:39,088 INFO com.vinsys.diam.filters.AuthenticationFilter [http-nio-9999-exec-2] inside request param validation
2022-04-05 18:14:39,089 INFO com.vinsys.diam.filters.AuthenticationFilter [http-nio-9999-exec-2] In Timestamp validation
2022-04-05 18:14:39,090 INFO com.vinsys.diam.filters.AuthenticationFilter [http-nio-9999-exec-2] The timestamp difference is--
2022-04-05 18:14:39,090 INFO com.vinsys.diam.filters.AuthenticationFilter [http-nio-9999-exec-2] Validating auth key for consumerCode AMR with auth key bbcf4432d0d34e029d8a5a170a0e730d
2022-04-05 18:14:39,090 INFO com.vinsys.diam.filters.AuthenticationFilter [http-nio-9999-exec-2] Inside getAuthKeyFromDB..
2022-04-05 18:14:39,333 INFO com.vinsys.diam.filters.AuthenticationFilter [http-nio-9999-exec-2] Auth Key from DB for Consumer code AMR is  bbcf4432d0d34e029d8a5a170a0e730d
2022-04-05 18:14:39,333 INFO com.vinsys.diam.filters.AuthenticationFilter [http-nio-9999-exec-2] Inside getAuthKeyFromDB..
2022-04-05 18:14:39,491 INFO com.vinsys.diam.filters.AuthenticationFilter [http-nio-9999-exec-2] Whitelisted
2022-04-05 18:14:39,494 INFO com.vinsys.diam.filters.AuthenticationFilter [http-nio-9999-exec-2] Inside is whiteListed
2022-04-05 18:14:39,734 INFO com.vinsys.diam.controllers.PAWESBServices [http-nio-9999-exec-2] Entered::AbstractEmailDelivery::getRestTemplate()
2022-04-05 18:14:39,812 INFO com.vinsys.diam.processors.AuditLogProcessor [http-nio-9999-exec-2] Auditing records in AuditDataProcessor.
2022-04-05 18:14:40,018 INFO com.vinsys.diam.processors.AuditLogProcessor [pool-2-thread-1] Auditing in database.
2022-04-05 18:14:40,026 INFO com.vinsys.diam.controllers.PAWESBServices [http-nio-9999-exec-2] Entered::AbstractEmailDelivery::getRestTemplate()
2022-04-05 18:14:40,040 INFO com.vinsys.diam.processors.AuditLogProcessor [http-nio-9999-exec-2] Auditing records in AuditDataProcessor.
2022-04-05 18:14:40,257 INFO com.vinsys.diam.processors.AuditLogProcessor [pool-3-thread-1] Auditing in database.
2022-04-05 18:14:40,284 INFO com.vinsys.diam.interceptor.BaseInterceptor [http-nio-9999-exec-2] In post handle
2022-04-05 18:14:40,284 INFO com.vinsys.diam.processors.AuditLogProcessor [http-nio-9999-exec-2] Auditing records in AuditDataProcessor.
2022-04-05 18:14:40,525 INFO com.vinsys.diam.processors.AuditLogProcessor [pool-4-thread-1] Auditing in database.
2022-04-05 18:42:04,977 INFO org.springframework.boot.admin.SpringApplicationAdminMXBeanRegistrar$SpringApplicationAdmin [RMI TCP Connection(38)-127.0.0.1] Application shutdown requested.
2022-04-05 18:42:05,033 INFO org.springframework.scheduling.concurrent.ExecutorConfigurationSupport [RMI TCP Connection(38)-127.0.0.1] Shutting down ExecutorService 'applicationTaskExecutor'
