2022-03-17 15:04:48,914 INFO org.springframework.boot.StartupInfoLogger [main] Starting DemoApplication using Java 16.0.1 on VINSYSLT0182 with PID 11144 (D:\PAW\updated_PAW_ESB\paw-esb-services\target\classes started by admin in D:\PAW\updated_PAW_ESB\paw-esb-services)
2022-03-17 15:04:48,923 INFO org.springframework.boot.SpringApplication [main] No active profile set, falling back to default profiles: default
2022-03-17 15:04:54,606 INFO org.springframework.context.support.PostProcessorRegistrationDelegate$BeanPostProcessorChecker [main] Bean 'org.springframework.ws.config.annotation.DelegatingWsConfiguration' of type [org.springframework.ws.config.annotation.DelegatingWsConfiguration$$EnhancerBySpringCGLIB$$34dca967] is not eligible for getting processed by all BeanPostProcessors (for example: not eligible for auto-proxying)
2022-03-17 15:04:54,646 INFO org.springframework.ws.soap.addressing.server.AbstractAddressingEndpointMapping [main] Supporting [WS-Addressing August 2004, WS-Addressing 1.0]
2022-03-17 15:04:55,032 INFO org.springframework.boot.web.embedded.tomcat.TomcatWebServer [main] Tomcat initialized with port(s): 9999 (http)
2022-03-17 15:04:55,049 INFO org.apache.juli.logging.DirectJDKLog [main] Initializing ProtocolHandler ["http-nio-9999"]
2022-03-17 15:04:55,050 INFO org.apache.juli.logging.DirectJDKLog [main] Starting service [Tomcat]
2022-03-17 15:04:55,050 INFO org.apache.juli.logging.DirectJDKLog [main] Starting Servlet engine: [Apache Tomcat/9.0.45]
2022-03-17 15:04:55,194 INFO org.apache.juli.logging.DirectJDKLog [main] Initializing Spring embedded WebApplicationContext
2022-03-17 15:04:55,194 INFO org.springframework.boot.web.servlet.context.ServletWebServerApplicationContext [main] Root WebApplicationContext: initialization completed in 6184 ms
2022-03-17 15:04:55,659 INFO org.springframework.ws.soap.saaj.SaajSoapMessageFactory [main] Creating SAAJ 1.3 MessageFactory with SOAP 1.1 Protocol
2022-03-17 15:04:55,792 INFO org.springframework.scheduling.concurrent.ExecutorConfigurationSupport [main] Initializing ExecutorService 'applicationTaskExecutor'
2022-03-17 15:04:56,307 INFO org.springframework.boot.actuate.endpoint.web.EndpointLinksResolver [main] Exposing 2 endpoint(s) beneath base path '/actuator'
2022-03-17 15:04:56,333 INFO org.apache.juli.logging.DirectJDKLog [main] Starting ProtocolHandler ["http-nio-9999"]
2022-03-17 15:04:56,397 INFO org.springframework.boot.web.embedded.tomcat.TomcatWebServer [main] Tomcat started on port(s): 9999 (http) with context path ''
2022-03-17 15:04:56,412 INFO org.springframework.boot.StartupInfoLogger [main] Started DemoApplication in 8.083 seconds (JVM running for 9.702)
2022-03-17 15:04:57,529 INFO org.apache.juli.logging.DirectJDKLog [RMI TCP Connection(4)-127.0.0.1] Initializing Spring DispatcherServlet 'dispatcherServlet'
2022-03-17 15:04:57,529 INFO org.springframework.web.servlet.FrameworkServlet [RMI TCP Connection(4)-127.0.0.1] Initializing Servlet 'dispatcherServlet'
2022-03-17 15:04:57,531 INFO org.springframework.web.servlet.FrameworkServlet [RMI TCP Connection(4)-127.0.0.1] Completed initialization in 2 ms
2022-03-17 15:05:57,228 INFO com.vinsys.diam.interceptor.BaseInterceptor [http-nio-9999-exec-2] Inside prehandle
2022-03-17 15:05:57,233 INFO com.vinsys.diam.interceptor.BaseInterceptor [http-nio-9999-exec-2] ############Request Processing started for request-id AMR-INT223451232 and esbURL is /api/v1/getdata
2022-03-17 15:05:57,236 INFO com.vinsys.diam.filters.GetDetails [http-nio-9999-exec-2] Inside getEncryption status.. for service code getdata
2022-03-17 15:05:58,371 INFO com.vinsys.diam.interceptor.BaseInterceptor [http-nio-9999-exec-2] Inside DDOS filtering
2022-03-17 15:05:58,371 INFO com.vinsys.diam.filters.GetDetails [http-nio-9999-exec-2] Inside get error codes.
2022-03-17 15:05:58,635 INFO com.vinsys.diam.filters.AuthenticationFilter [http-nio-9999-exec-2] inside request param validation
2022-03-17 15:05:58,636 INFO com.vinsys.diam.filters.AuthenticationFilter [http-nio-9999-exec-2] In Timestamp validation
2022-03-17 15:05:58,638 INFO com.vinsys.diam.filters.AuthenticationFilter [http-nio-9999-exec-2] The timestamp difference is--
2022-03-17 15:05:58,638 INFO com.vinsys.diam.filters.AuthenticationFilter [http-nio-9999-exec-2] Validating auth key for consumerCode AMR with auth key bbcf4432d0d34e029d8a5a170a0e730d
2022-03-17 15:05:58,639 INFO com.vinsys.diam.filters.AuthenticationFilter [http-nio-9999-exec-2] Inside getAuthKeyFromDB..
2022-03-17 15:05:58,852 INFO com.vinsys.diam.filters.AuthenticationFilter [http-nio-9999-exec-2] Auth Key from DB for Consumer code AMR is  bbcf4432d0d34e029d8a5a170a0e730d
2022-03-17 15:05:58,853 INFO com.vinsys.diam.filters.AuthenticationFilter [http-nio-9999-exec-2] Inside getAuthKeyFromDB..
2022-03-17 15:05:59,055 INFO com.vinsys.diam.filters.AuthenticationFilter [http-nio-9999-exec-2] Whitelisted
2022-03-17 15:05:59,055 INFO com.vinsys.diam.filters.AuthenticationFilter [http-nio-9999-exec-2] Inside is whiteListed
2022-03-17 15:05:59,396 INFO com.vinsys.diam.controllers.PAWESBServices [http-nio-9999-exec-2] Entered::AbstractEmailDelivery::getRestTemplate()
2022-03-17 15:06:00,143 INFO com.vinsys.diam.processors.InsertionHelper [http-nio-9999-exec-2] Auditing into requests table
2022-03-17 15:06:00,149 INFO com.vinsys.diam.processors.InsertionHelper [http-nio-9999-exec-2] Before Execute Update
2022-03-17 15:06:00,192 INFO com.vinsys.diam.processors.InsertionHelper [http-nio-9999-exec-2] Execute Update Executed 1 
2022-03-17 15:06:00,192 INFO com.vinsys.diam.processors.InsertionHelper [http-nio-9999-exec-2] Query is INSERT INTO REQUESTS(REQUEST_ID,ACTUAL_PULL_DATE,CONSTRUCTION_PERMIT_NUMBER,OWNER_ID,OWNER_EN_NAME,OWNER_AR_NAME,PHONE,CR_NUMBER,WORK_START_ID,WORK_START_DATE_ISSUED,WILLAYATH,AREA,AREA_WAY,WAY_NAME,AREA_SIZE,BLOCK_NAME,PLOT_NUMBER,PLOT_TYPE,PREMISE_TYPE,SOCIAL_BENEFIT_NO,SOCIAL_BENEFIT_ISSUED_DATE,WATER_NETWORK,NO_OF_FAMILY_MEMBERS,OWNER_TYPE,NEAREST_WATER_CONNECTION,BUILDING_PERMIT_NUMBER,BUILDING_NUMBER,COORDINATE_X,COORDINATE_Y) values(?,?,?,?,?,?,?,?,?,?,?,?,?,?,?,?,?,?,?,?,?,?,?,?,?,?,?,?,?)
2022-03-17 15:06:00,408 INFO com.vinsys.diam.processors.InsertionHelper [http-nio-9999-exec-2] Auditing into requests table
2022-03-17 15:06:00,411 INFO com.vinsys.diam.processors.InsertionHelper [http-nio-9999-exec-2] Before Execute Update
2022-03-17 15:06:00,430 INFO com.vinsys.diam.processors.InsertionHelper [http-nio-9999-exec-2] Execute Update Executed 1 
2022-03-17 15:06:00,431 INFO com.vinsys.diam.processors.InsertionHelper [http-nio-9999-exec-2] Query is INSERT INTO REQUESTS(REQUEST_ID,ACTUAL_PULL_DATE,CONSTRUCTION_PERMIT_NUMBER,OWNER_ID,OWNER_EN_NAME,OWNER_AR_NAME,PHONE,CR_NUMBER,WORK_START_ID,WORK_START_DATE_ISSUED,WILLAYATH,AREA,AREA_WAY,WAY_NAME,AREA_SIZE,BLOCK_NAME,PLOT_NUMBER,PLOT_TYPE,PREMISE_TYPE,SOCIAL_BENEFIT_NO,SOCIAL_BENEFIT_ISSUED_DATE,WATER_NETWORK,NO_OF_FAMILY_MEMBERS,OWNER_TYPE,NEAREST_WATER_CONNECTION,BUILDING_PERMIT_NUMBER,BUILDING_NUMBER,COORDINATE_X,COORDINATE_Y) values(?,?,?,?,?,?,?,?,?,?,?,?,?,?,?,?,?,?,?,?,?,?,?,?,?,?,?,?,?)
2022-03-17 15:06:00,680 INFO com.vinsys.diam.processors.InsertionHelper [http-nio-9999-exec-2] Auditing into requests table
2022-03-17 15:06:00,682 INFO com.vinsys.diam.processors.InsertionHelper [http-nio-9999-exec-2] Before Execute Update
2022-03-17 15:06:00,692 INFO com.vinsys.diam.processors.InsertionHelper [http-nio-9999-exec-2] Execute Update Executed 1 
2022-03-17 15:06:00,693 INFO com.vinsys.diam.processors.InsertionHelper [http-nio-9999-exec-2] Query is INSERT INTO REQUESTS(REQUEST_ID,ACTUAL_PULL_DATE,CONSTRUCTION_PERMIT_NUMBER,OWNER_ID,OWNER_EN_NAME,OWNER_AR_NAME,PHONE,CR_NUMBER,WORK_START_ID,WORK_START_DATE_ISSUED,WILLAYATH,AREA,AREA_WAY,WAY_NAME,AREA_SIZE,BLOCK_NAME,PLOT_NUMBER,PLOT_TYPE,PREMISE_TYPE,SOCIAL_BENEFIT_NO,SOCIAL_BENEFIT_ISSUED_DATE,WATER_NETWORK,NO_OF_FAMILY_MEMBERS,OWNER_TYPE,NEAREST_WATER_CONNECTION,BUILDING_PERMIT_NUMBER,BUILDING_NUMBER,COORDINATE_X,COORDINATE_Y) values(?,?,?,?,?,?,?,?,?,?,?,?,?,?,?,?,?,?,?,?,?,?,?,?,?,?,?,?,?)
2022-03-17 15:06:00,884 INFO com.vinsys.diam.processors.InsertionHelper [http-nio-9999-exec-2] Auditing into requests table
2022-03-17 15:06:00,885 INFO com.vinsys.diam.processors.InsertionHelper [http-nio-9999-exec-2] Before Execute Update
2022-03-17 15:06:00,899 INFO com.vinsys.diam.processors.InsertionHelper [http-nio-9999-exec-2] Execute Update Executed 1 
2022-03-17 15:06:00,899 INFO com.vinsys.diam.processors.InsertionHelper [http-nio-9999-exec-2] Query is INSERT INTO REQUESTS(REQUEST_ID,ACTUAL_PULL_DATE,CONSTRUCTION_PERMIT_NUMBER,OWNER_ID,OWNER_EN_NAME,OWNER_AR_NAME,PHONE,CR_NUMBER,WORK_START_ID,WORK_START_DATE_ISSUED,WILLAYATH,AREA,AREA_WAY,WAY_NAME,AREA_SIZE,BLOCK_NAME,PLOT_NUMBER,PLOT_TYPE,PREMISE_TYPE,SOCIAL_BENEFIT_NO,SOCIAL_BENEFIT_ISSUED_DATE,WATER_NETWORK,NO_OF_FAMILY_MEMBERS,OWNER_TYPE,NEAREST_WATER_CONNECTION,BUILDING_PERMIT_NUMBER,BUILDING_NUMBER,COORDINATE_X,COORDINATE_Y) values(?,?,?,?,?,?,?,?,?,?,?,?,?,?,?,?,?,?,?,?,?,?,?,?,?,?,?,?,?)
2022-03-17 15:06:01,150 INFO com.vinsys.diam.processors.InsertionHelper [http-nio-9999-exec-2] Auditing into requests table
2022-03-17 15:06:01,151 INFO com.vinsys.diam.processors.InsertionHelper [http-nio-9999-exec-2] Before Execute Update
2022-03-17 15:06:01,159 INFO com.vinsys.diam.processors.InsertionHelper [http-nio-9999-exec-2] Execute Update Executed 1 
2022-03-17 15:06:01,159 INFO com.vinsys.diam.processors.InsertionHelper [http-nio-9999-exec-2] Query is INSERT INTO REQUESTS(REQUEST_ID,ACTUAL_PULL_DATE,CONSTRUCTION_PERMIT_NUMBER,OWNER_ID,OWNER_EN_NAME,OWNER_AR_NAME,PHONE,CR_NUMBER,WORK_START_ID,WORK_START_DATE_ISSUED,WILLAYATH,AREA,AREA_WAY,WAY_NAME,AREA_SIZE,BLOCK_NAME,PLOT_NUMBER,PLOT_TYPE,PREMISE_TYPE,SOCIAL_BENEFIT_NO,SOCIAL_BENEFIT_ISSUED_DATE,WATER_NETWORK,NO_OF_FAMILY_MEMBERS,OWNER_TYPE,NEAREST_WATER_CONNECTION,BUILDING_PERMIT_NUMBER,BUILDING_NUMBER,COORDINATE_X,COORDINATE_Y) values(?,?,?,?,?,?,?,?,?,?,?,?,?,?,?,?,?,?,?,?,?,?,?,?,?,?,?,?,?)
2022-03-17 15:06:01,359 INFO com.vinsys.diam.processors.InsertionHelper [http-nio-9999-exec-2] Auditing into requests table
2022-03-17 15:06:01,361 INFO com.vinsys.diam.processors.InsertionHelper [http-nio-9999-exec-2] Before Execute Update
2022-03-17 15:06:01,371 INFO com.vinsys.diam.processors.InsertionHelper [http-nio-9999-exec-2] Execute Update Executed 1 
2022-03-17 15:06:01,372 INFO com.vinsys.diam.processors.InsertionHelper [http-nio-9999-exec-2] Query is INSERT INTO REQUESTS(REQUEST_ID,ACTUAL_PULL_DATE,CONSTRUCTION_PERMIT_NUMBER,OWNER_ID,OWNER_EN_NAME,OWNER_AR_NAME,PHONE,CR_NUMBER,WORK_START_ID,WORK_START_DATE_ISSUED,WILLAYATH,AREA,AREA_WAY,WAY_NAME,AREA_SIZE,BLOCK_NAME,PLOT_NUMBER,PLOT_TYPE,PREMISE_TYPE,SOCIAL_BENEFIT_NO,SOCIAL_BENEFIT_ISSUED_DATE,WATER_NETWORK,NO_OF_FAMILY_MEMBERS,OWNER_TYPE,NEAREST_WATER_CONNECTION,BUILDING_PERMIT_NUMBER,BUILDING_NUMBER,COORDINATE_X,COORDINATE_Y) values(?,?,?,?,?,?,?,?,?,?,?,?,?,?,?,?,?,?,?,?,?,?,?,?,?,?,?,?,?)
2022-03-17 15:06:01,624 INFO com.vinsys.diam.processors.InsertionHelper [http-nio-9999-exec-2] Auditing into requests table
2022-03-17 15:06:01,625 INFO com.vinsys.diam.processors.InsertionHelper [http-nio-9999-exec-2] Before Execute Update
2022-03-17 15:06:01,641 INFO com.vinsys.diam.processors.InsertionHelper [http-nio-9999-exec-2] Execute Update Executed 1 
2022-03-17 15:06:01,642 INFO com.vinsys.diam.processors.InsertionHelper [http-nio-9999-exec-2] Query is INSERT INTO REQUESTS(REQUEST_ID,ACTUAL_PULL_DATE,CONSTRUCTION_PERMIT_NUMBER,OWNER_ID,OWNER_EN_NAME,OWNER_AR_NAME,PHONE,CR_NUMBER,WORK_START_ID,WORK_START_DATE_ISSUED,WILLAYATH,AREA,AREA_WAY,WAY_NAME,AREA_SIZE,BLOCK_NAME,PLOT_NUMBER,PLOT_TYPE,PREMISE_TYPE,SOCIAL_BENEFIT_NO,SOCIAL_BENEFIT_ISSUED_DATE,WATER_NETWORK,NO_OF_FAMILY_MEMBERS,OWNER_TYPE,NEAREST_WATER_CONNECTION,BUILDING_PERMIT_NUMBER,BUILDING_NUMBER,COORDINATE_X,COORDINATE_Y) values(?,?,?,?,?,?,?,?,?,?,?,?,?,?,?,?,?,?,?,?,?,?,?,?,?,?,?,?,?)
2022-03-17 15:06:01,887 INFO com.vinsys.diam.processors.InsertionHelper [http-nio-9999-exec-2] Auditing into requests table
2022-03-17 15:06:01,889 INFO com.vinsys.diam.processors.InsertionHelper [http-nio-9999-exec-2] Before Execute Update
2022-03-17 15:06:01,900 INFO com.vinsys.diam.processors.InsertionHelper [http-nio-9999-exec-2] Execute Update Executed 1 
2022-03-17 15:06:01,900 INFO com.vinsys.diam.processors.InsertionHelper [http-nio-9999-exec-2] Query is INSERT INTO REQUESTS(REQUEST_ID,ACTUAL_PULL_DATE,CONSTRUCTION_PERMIT_NUMBER,OWNER_ID,OWNER_EN_NAME,OWNER_AR_NAME,PHONE,CR_NUMBER,WORK_START_ID,WORK_START_DATE_ISSUED,WILLAYATH,AREA,AREA_WAY,WAY_NAME,AREA_SIZE,BLOCK_NAME,PLOT_NUMBER,PLOT_TYPE,PREMISE_TYPE,SOCIAL_BENEFIT_NO,SOCIAL_BENEFIT_ISSUED_DATE,WATER_NETWORK,NO_OF_FAMILY_MEMBERS,OWNER_TYPE,NEAREST_WATER_CONNECTION,BUILDING_PERMIT_NUMBER,BUILDING_NUMBER,COORDINATE_X,COORDINATE_Y) values(?,?,?,?,?,?,?,?,?,?,?,?,?,?,?,?,?,?,?,?,?,?,?,?,?,?,?,?,?)
2022-03-17 15:06:02,151 INFO com.vinsys.diam.processors.InsertionHelper [http-nio-9999-exec-2] Auditing into requests table
2022-03-17 15:06:02,151 INFO com.vinsys.diam.processors.InsertionHelper [http-nio-9999-exec-2] Before Execute Update
2022-03-17 15:06:02,161 INFO com.vinsys.diam.processors.InsertionHelper [http-nio-9999-exec-2] Execute Update Executed 1 
2022-03-17 15:06:02,161 INFO com.vinsys.diam.processors.InsertionHelper [http-nio-9999-exec-2] Query is INSERT INTO REQUESTS(REQUEST_ID,ACTUAL_PULL_DATE,CONSTRUCTION_PERMIT_NUMBER,OWNER_ID,OWNER_EN_NAME,OWNER_AR_NAME,PHONE,CR_NUMBER,WORK_START_ID,WORK_START_DATE_ISSUED,WILLAYATH,AREA,AREA_WAY,WAY_NAME,AREA_SIZE,BLOCK_NAME,PLOT_NUMBER,PLOT_TYPE,PREMISE_TYPE,SOCIAL_BENEFIT_NO,SOCIAL_BENEFIT_ISSUED_DATE,WATER_NETWORK,NO_OF_FAMILY_MEMBERS,OWNER_TYPE,NEAREST_WATER_CONNECTION,BUILDING_PERMIT_NUMBER,BUILDING_NUMBER,COORDINATE_X,COORDINATE_Y) values(?,?,?,?,?,?,?,?,?,?,?,?,?,?,?,?,?,?,?,?,?,?,?,?,?,?,?,?,?)
2022-03-17 15:06:02,362 INFO com.vinsys.diam.processors.InsertionHelper [http-nio-9999-exec-2] Auditing into requests table
2022-03-17 15:06:02,363 INFO com.vinsys.diam.processors.InsertionHelper [http-nio-9999-exec-2] Before Execute Update
2022-03-17 15:06:02,371 INFO com.vinsys.diam.processors.InsertionHelper [http-nio-9999-exec-2] Execute Update Executed 1 
2022-03-17 15:06:02,372 INFO com.vinsys.diam.processors.InsertionHelper [http-nio-9999-exec-2] Query is INSERT INTO REQUESTS(REQUEST_ID,ACTUAL_PULL_DATE,CONSTRUCTION_PERMIT_NUMBER,OWNER_ID,OWNER_EN_NAME,OWNER_AR_NAME,PHONE,CR_NUMBER,WORK_START_ID,WORK_START_DATE_ISSUED,WILLAYATH,AREA,AREA_WAY,WAY_NAME,AREA_SIZE,BLOCK_NAME,PLOT_NUMBER,PLOT_TYPE,PREMISE_TYPE,SOCIAL_BENEFIT_NO,SOCIAL_BENEFIT_ISSUED_DATE,WATER_NETWORK,NO_OF_FAMILY_MEMBERS,OWNER_TYPE,NEAREST_WATER_CONNECTION,BUILDING_PERMIT_NUMBER,BUILDING_NUMBER,COORDINATE_X,COORDINATE_Y) values(?,?,?,?,?,?,?,?,?,?,?,?,?,?,?,?,?,?,?,?,?,?,?,?,?,?,?,?,?)
2022-03-17 15:06:02,564 INFO com.vinsys.diam.processors.InsertionHelper [http-nio-9999-exec-2] Auditing into requests table
2022-03-17 15:06:02,565 INFO com.vinsys.diam.processors.InsertionHelper [http-nio-9999-exec-2] Before Execute Update
2022-03-17 15:06:02,571 INFO com.vinsys.diam.processors.InsertionHelper [http-nio-9999-exec-2] Execute Update Executed 1 
2022-03-17 15:06:02,572 INFO com.vinsys.diam.processors.InsertionHelper [http-nio-9999-exec-2] Query is INSERT INTO REQUESTS(REQUEST_ID,ACTUAL_PULL_DATE,CONSTRUCTION_PERMIT_NUMBER,OWNER_ID,OWNER_EN_NAME,OWNER_AR_NAME,PHONE,CR_NUMBER,WORK_START_ID,WORK_START_DATE_ISSUED,WILLAYATH,AREA,AREA_WAY,WAY_NAME,AREA_SIZE,BLOCK_NAME,PLOT_NUMBER,PLOT_TYPE,PREMISE_TYPE,SOCIAL_BENEFIT_NO,SOCIAL_BENEFIT_ISSUED_DATE,WATER_NETWORK,NO_OF_FAMILY_MEMBERS,OWNER_TYPE,NEAREST_WATER_CONNECTION,BUILDING_PERMIT_NUMBER,BUILDING_NUMBER,COORDINATE_X,COORDINATE_Y) values(?,?,?,?,?,?,?,?,?,?,?,?,?,?,?,?,?,?,?,?,?,?,?,?,?,?,?,?,?)
2022-03-17 15:06:02,764 INFO com.vinsys.diam.processors.InsertionHelper [http-nio-9999-exec-2] Auditing into requests table
2022-03-17 15:06:02,764 INFO com.vinsys.diam.processors.InsertionHelper [http-nio-9999-exec-2] Before Execute Update
2022-03-17 15:06:02,779 INFO com.vinsys.diam.processors.InsertionHelper [http-nio-9999-exec-2] Execute Update Executed 1 
2022-03-17 15:06:02,779 INFO com.vinsys.diam.processors.InsertionHelper [http-nio-9999-exec-2] Query is INSERT INTO REQUESTS(REQUEST_ID,ACTUAL_PULL_DATE,CONSTRUCTION_PERMIT_NUMBER,OWNER_ID,OWNER_EN_NAME,OWNER_AR_NAME,PHONE,CR_NUMBER,WORK_START_ID,WORK_START_DATE_ISSUED,WILLAYATH,AREA,AREA_WAY,WAY_NAME,AREA_SIZE,BLOCK_NAME,PLOT_NUMBER,PLOT_TYPE,PREMISE_TYPE,SOCIAL_BENEFIT_NO,SOCIAL_BENEFIT_ISSUED_DATE,WATER_NETWORK,NO_OF_FAMILY_MEMBERS,OWNER_TYPE,NEAREST_WATER_CONNECTION,BUILDING_PERMIT_NUMBER,BUILDING_NUMBER,COORDINATE_X,COORDINATE_Y) values(?,?,?,?,?,?,?,?,?,?,?,?,?,?,?,?,?,?,?,?,?,?,?,?,?,?,?,?,?)
2022-03-17 15:06:02,939 INFO com.vinsys.diam.processors.InsertionHelper [http-nio-9999-exec-2] Auditing into requests table
2022-03-17 15:06:02,941 INFO com.vinsys.diam.processors.InsertionHelper [http-nio-9999-exec-2] Before Execute Update
2022-03-17 15:06:02,959 INFO com.vinsys.diam.processors.InsertionHelper [http-nio-9999-exec-2] Execute Update Executed 1 
2022-03-17 15:06:02,959 INFO com.vinsys.diam.processors.InsertionHelper [http-nio-9999-exec-2] Query is INSERT INTO REQUESTS(REQUEST_ID,ACTUAL_PULL_DATE,CONSTRUCTION_PERMIT_NUMBER,OWNER_ID,OWNER_EN_NAME,OWNER_AR_NAME,PHONE,CR_NUMBER,WORK_START_ID,WORK_START_DATE_ISSUED,WILLAYATH,AREA,AREA_WAY,WAY_NAME,AREA_SIZE,BLOCK_NAME,PLOT_NUMBER,PLOT_TYPE,PREMISE_TYPE,SOCIAL_BENEFIT_NO,SOCIAL_BENEFIT_ISSUED_DATE,WATER_NETWORK,NO_OF_FAMILY_MEMBERS,OWNER_TYPE,NEAREST_WATER_CONNECTION,BUILDING_PERMIT_NUMBER,BUILDING_NUMBER,COORDINATE_X,COORDINATE_Y) values(?,?,?,?,?,?,?,?,?,?,?,?,?,?,?,?,?,?,?,?,?,?,?,?,?,?,?,?,?)
2022-03-17 15:06:03,154 INFO com.vinsys.diam.processors.InsertionHelper [http-nio-9999-exec-2] Auditing into requests table
2022-03-17 15:06:03,155 INFO com.vinsys.diam.processors.InsertionHelper [http-nio-9999-exec-2] Before Execute Update
2022-03-17 15:06:03,163 INFO com.vinsys.diam.processors.InsertionHelper [http-nio-9999-exec-2] Execute Update Executed 1 
2022-03-17 15:06:03,164 INFO com.vinsys.diam.processors.InsertionHelper [http-nio-9999-exec-2] Query is INSERT INTO REQUESTS(REQUEST_ID,ACTUAL_PULL_DATE,CONSTRUCTION_PERMIT_NUMBER,OWNER_ID,OWNER_EN_NAME,OWNER_AR_NAME,PHONE,CR_NUMBER,WORK_START_ID,WORK_START_DATE_ISSUED,WILLAYATH,AREA,AREA_WAY,WAY_NAME,AREA_SIZE,BLOCK_NAME,PLOT_NUMBER,PLOT_TYPE,PREMISE_TYPE,SOCIAL_BENEFIT_NO,SOCIAL_BENEFIT_ISSUED_DATE,WATER_NETWORK,NO_OF_FAMILY_MEMBERS,OWNER_TYPE,NEAREST_WATER_CONNECTION,BUILDING_PERMIT_NUMBER,BUILDING_NUMBER,COORDINATE_X,COORDINATE_Y) values(?,?,?,?,?,?,?,?,?,?,?,?,?,?,?,?,?,?,?,?,?,?,?,?,?,?,?,?,?)
2022-03-17 15:06:03,355 INFO com.vinsys.diam.processors.InsertionHelper [http-nio-9999-exec-2] Auditing into requests table
2022-03-17 15:06:03,357 INFO com.vinsys.diam.processors.InsertionHelper [http-nio-9999-exec-2] Before Execute Update
2022-03-17 15:06:03,367 INFO com.vinsys.diam.processors.InsertionHelper [http-nio-9999-exec-2] Execute Update Executed 1 
2022-03-17 15:06:03,368 INFO com.vinsys.diam.processors.InsertionHelper [http-nio-9999-exec-2] Query is INSERT INTO REQUESTS(REQUEST_ID,ACTUAL_PULL_DATE,CONSTRUCTION_PERMIT_NUMBER,OWNER_ID,OWNER_EN_NAME,OWNER_AR_NAME,PHONE,CR_NUMBER,WORK_START_ID,WORK_START_DATE_ISSUED,WILLAYATH,AREA,AREA_WAY,WAY_NAME,AREA_SIZE,BLOCK_NAME,PLOT_NUMBER,PLOT_TYPE,PREMISE_TYPE,SOCIAL_BENEFIT_NO,SOCIAL_BENEFIT_ISSUED_DATE,WATER_NETWORK,NO_OF_FAMILY_MEMBERS,OWNER_TYPE,NEAREST_WATER_CONNECTION,BUILDING_PERMIT_NUMBER,BUILDING_NUMBER,COORDINATE_X,COORDINATE_Y) values(?,?,?,?,?,?,?,?,?,?,?,?,?,?,?,?,?,?,?,?,?,?,?,?,?,?,?,?,?)
2022-03-17 15:06:03,567 INFO com.vinsys.diam.processors.InsertionHelper [http-nio-9999-exec-2] Auditing into requests table
2022-03-17 15:06:03,568 INFO com.vinsys.diam.processors.InsertionHelper [http-nio-9999-exec-2] Before Execute Update
2022-03-17 15:06:03,578 INFO com.vinsys.diam.processors.InsertionHelper [http-nio-9999-exec-2] Execute Update Executed 1 
2022-03-17 15:06:03,578 INFO com.vinsys.diam.processors.InsertionHelper [http-nio-9999-exec-2] Query is INSERT INTO REQUESTS(REQUEST_ID,ACTUAL_PULL_DATE,CONSTRUCTION_PERMIT_NUMBER,OWNER_ID,OWNER_EN_NAME,OWNER_AR_NAME,PHONE,CR_NUMBER,WORK_START_ID,WORK_START_DATE_ISSUED,WILLAYATH,AREA,AREA_WAY,WAY_NAME,AREA_SIZE,BLOCK_NAME,PLOT_NUMBER,PLOT_TYPE,PREMISE_TYPE,SOCIAL_BENEFIT_NO,SOCIAL_BENEFIT_ISSUED_DATE,WATER_NETWORK,NO_OF_FAMILY_MEMBERS,OWNER_TYPE,NEAREST_WATER_CONNECTION,BUILDING_PERMIT_NUMBER,BUILDING_NUMBER,COORDINATE_X,COORDINATE_Y) values(?,?,?,?,?,?,?,?,?,?,?,?,?,?,?,?,?,?,?,?,?,?,?,?,?,?,?,?,?)
2022-03-17 15:06:03,604 INFO com.vinsys.diam.interceptor.BaseInterceptor [http-nio-9999-exec-2] In post handle
2022-03-17 15:06:03,606 INFO com.vinsys.diam.processors.AuditLogProcessor [http-nio-9999-exec-2] Auditing records in AuditDataProcessor.
2022-03-17 15:06:04,038 INFO com.vinsys.diam.processors.AuditLogProcessor [pool-2-thread-1] Auditing in database.
2022-03-17 15:14:22,510 INFO org.springframework.boot.admin.SpringApplicationAdminMXBeanRegistrar$SpringApplicationAdmin [RMI TCP Connection(21)-127.0.0.1] Application shutdown requested.
2022-03-17 15:14:22,544 INFO org.springframework.scheduling.concurrent.ExecutorConfigurationSupport [RMI TCP Connection(21)-127.0.0.1] Shutting down ExecutorService 'applicationTaskExecutor'
2022-03-17 15:14:29,003 INFO org.springframework.boot.StartupInfoLogger [main] Starting DemoApplication using Java 16.0.1 on VINSYSLT0182 with PID 16100 (D:\PAW\updated_PAW_ESB\paw-esb-services\target\classes started by admin in D:\PAW\updated_PAW_ESB\paw-esb-services)
2022-03-17 15:14:29,013 INFO org.springframework.boot.SpringApplication [main] No active profile set, falling back to default profiles: default
2022-03-17 15:14:36,526 INFO org.springframework.context.support.PostProcessorRegistrationDelegate$BeanPostProcessorChecker [main] Bean 'org.springframework.ws.config.annotation.DelegatingWsConfiguration' of type [org.springframework.ws.config.annotation.DelegatingWsConfiguration$$EnhancerBySpringCGLIB$$ddbb6894] is not eligible for getting processed by all BeanPostProcessors (for example: not eligible for auto-proxying)
2022-03-17 15:14:36,592 INFO org.springframework.ws.soap.addressing.server.AbstractAddressingEndpointMapping [main] Supporting [WS-Addressing August 2004, WS-Addressing 1.0]
2022-03-17 15:14:36,982 INFO org.springframework.boot.web.embedded.tomcat.TomcatWebServer [main] Tomcat initialized with port(s): 9999 (http)
2022-03-17 15:14:36,999 INFO org.apache.juli.logging.DirectJDKLog [main] Initializing ProtocolHandler ["http-nio-9999"]
2022-03-17 15:14:37,000 INFO org.apache.juli.logging.DirectJDKLog [main] Starting service [Tomcat]
2022-03-17 15:14:37,000 INFO org.apache.juli.logging.DirectJDKLog [main] Starting Servlet engine: [Apache Tomcat/9.0.45]
2022-03-17 15:14:37,179 INFO org.apache.juli.logging.DirectJDKLog [main] Initializing Spring embedded WebApplicationContext
2022-03-17 15:14:37,180 INFO org.springframework.boot.web.servlet.context.ServletWebServerApplicationContext [main] Root WebApplicationContext: initialization completed in 8085 ms
2022-03-17 15:14:37,779 INFO org.springframework.ws.soap.saaj.SaajSoapMessageFactory [main] Creating SAAJ 1.3 MessageFactory with SOAP 1.1 Protocol
2022-03-17 15:14:37,983 INFO org.springframework.scheduling.concurrent.ExecutorConfigurationSupport [main] Initializing ExecutorService 'applicationTaskExecutor'
2022-03-17 15:14:38,568 INFO org.springframework.boot.actuate.endpoint.web.EndpointLinksResolver [main] Exposing 2 endpoint(s) beneath base path '/actuator'
2022-03-17 15:14:38,615 INFO org.apache.juli.logging.DirectJDKLog [main] Starting ProtocolHandler ["http-nio-9999"]
2022-03-17 15:14:38,674 INFO org.springframework.boot.web.embedded.tomcat.TomcatWebServer [main] Tomcat started on port(s): 9999 (http) with context path ''
2022-03-17 15:14:38,704 INFO org.springframework.boot.StartupInfoLogger [main] Started DemoApplication in 10.186 seconds (JVM running for 11.793)
2022-03-17 15:14:40,817 INFO org.apache.juli.logging.DirectJDKLog [RMI TCP Connection(4)-127.0.0.1] Initializing Spring DispatcherServlet 'dispatcherServlet'
2022-03-17 15:14:40,817 INFO org.springframework.web.servlet.FrameworkServlet [RMI TCP Connection(4)-127.0.0.1] Initializing Servlet 'dispatcherServlet'
2022-03-17 15:14:40,820 INFO org.springframework.web.servlet.FrameworkServlet [RMI TCP Connection(4)-127.0.0.1] Completed initialization in 2 ms
2022-03-17 15:15:52,912 INFO com.vinsys.diam.interceptor.BaseInterceptor [http-nio-9999-exec-2] Inside prehandle
2022-03-17 15:15:52,919 INFO com.vinsys.diam.interceptor.BaseInterceptor [http-nio-9999-exec-2] ############Request Processing started for request-id AMR-INT223451232 and esbURL is /api/v1/getdata
2022-03-17 15:15:52,925 INFO com.vinsys.diam.filters.GetDetails [http-nio-9999-exec-2] Inside getEncryption status.. for service code getdata
2022-03-17 15:15:54,141 INFO com.vinsys.diam.interceptor.BaseInterceptor [http-nio-9999-exec-2] Inside DDOS filtering
2022-03-17 15:15:54,142 INFO com.vinsys.diam.filters.GetDetails [http-nio-9999-exec-2] Inside get error codes.
2022-03-17 15:15:54,459 INFO com.vinsys.diam.filters.AuthenticationFilter [http-nio-9999-exec-2] inside request param validation
2022-03-17 15:15:54,459 INFO com.vinsys.diam.filters.AuthenticationFilter [http-nio-9999-exec-2] In Timestamp validation
2022-03-17 15:15:54,460 INFO com.vinsys.diam.filters.AuthenticationFilter [http-nio-9999-exec-2] The timestamp difference is--
2022-03-17 15:15:54,462 INFO com.vinsys.diam.filters.AuthenticationFilter [http-nio-9999-exec-2] Validating auth key for consumerCode AMR with auth key bbcf4432d0d34e029d8a5a170a0e730d
2022-03-17 15:15:54,462 INFO com.vinsys.diam.filters.AuthenticationFilter [http-nio-9999-exec-2] Inside getAuthKeyFromDB..
2022-03-17 15:15:54,676 INFO com.vinsys.diam.filters.AuthenticationFilter [http-nio-9999-exec-2] Auth Key from DB for Consumer code AMR is  bbcf4432d0d34e029d8a5a170a0e730d
2022-03-17 15:15:54,676 INFO com.vinsys.diam.filters.AuthenticationFilter [http-nio-9999-exec-2] Inside getAuthKeyFromDB..
2022-03-17 15:15:54,903 INFO com.vinsys.diam.filters.AuthenticationFilter [http-nio-9999-exec-2] Whitelisted
2022-03-17 15:15:54,904 INFO com.vinsys.diam.filters.AuthenticationFilter [http-nio-9999-exec-2] Inside is whiteListed
2022-03-17 15:15:55,135 INFO com.vinsys.diam.controllers.PAWESBServices [http-nio-9999-exec-2] Entered::AbstractEmailDelivery::getRestTemplate()
2022-03-17 15:15:55,612 INFO com.vinsys.diam.processors.InsertionHelper [http-nio-9999-exec-2] Auditing into requests table
2022-03-17 15:15:55,618 INFO com.vinsys.diam.processors.InsertionHelper [http-nio-9999-exec-2] Before Execute Update
2022-03-17 15:15:55,648 INFO com.vinsys.diam.processors.InsertionHelper [http-nio-9999-exec-2] Execute Update Executed 1 
2022-03-17 15:15:55,649 INFO com.vinsys.diam.processors.InsertionHelper [http-nio-9999-exec-2] Query is INSERT INTO REQUESTS(REQUEST_ID,ACTUAL_PULL_DATE,CONSTRUCTION_PERMIT_NUMBER,OWNER_ID,OWNER_EN_NAME,OWNER_AR_NAME,PHONE,CR_NUMBER,WORK_START_ID,WORK_START_DATE_ISSUED,WILLAYATH,AREA,AREA_WAY,WAY_NAME,AREA_SIZE,BLOCK_NAME,PLOT_NUMBER,PLOT_TYPE,PREMISE_TYPE,SOCIAL_BENEFIT_NO,SOCIAL_BENEFIT_ISSUED_DATE,WATER_NETWORK,NO_OF_FAMILY_MEMBERS,OWNER_TYPE,NEAREST_WATER_CONNECTION,BUILDING_PERMIT_NUMBER,BUILDING_NUMBER,COORDINATE_X,COORDINATE_Y) values(?,?,?,?,?,?,?,?,?,?,?,?,?,?,?,?,?,?,?,?,?,?,?,?,?,?,?,?,?)
2022-03-17 15:15:55,874 INFO com.vinsys.diam.processors.InsertionHelper [http-nio-9999-exec-2] Auditing into requests table
2022-03-17 15:15:55,877 INFO com.vinsys.diam.processors.InsertionHelper [http-nio-9999-exec-2] Before Execute Update
2022-03-17 15:15:55,891 INFO com.vinsys.diam.processors.InsertionHelper [http-nio-9999-exec-2] Execute Update Executed 1 
2022-03-17 15:15:55,892 INFO com.vinsys.diam.processors.InsertionHelper [http-nio-9999-exec-2] Query is INSERT INTO REQUESTS(REQUEST_ID,ACTUAL_PULL_DATE,CONSTRUCTION_PERMIT_NUMBER,OWNER_ID,OWNER_EN_NAME,OWNER_AR_NAME,PHONE,CR_NUMBER,WORK_START_ID,WORK_START_DATE_ISSUED,WILLAYATH,AREA,AREA_WAY,WAY_NAME,AREA_SIZE,BLOCK_NAME,PLOT_NUMBER,PLOT_TYPE,PREMISE_TYPE,SOCIAL_BENEFIT_NO,SOCIAL_BENEFIT_ISSUED_DATE,WATER_NETWORK,NO_OF_FAMILY_MEMBERS,OWNER_TYPE,NEAREST_WATER_CONNECTION,BUILDING_PERMIT_NUMBER,BUILDING_NUMBER,COORDINATE_X,COORDINATE_Y) values(?,?,?,?,?,?,?,?,?,?,?,?,?,?,?,?,?,?,?,?,?,?,?,?,?,?,?,?,?)
2022-03-17 15:15:56,106 INFO com.vinsys.diam.processors.InsertionHelper [http-nio-9999-exec-2] Auditing into requests table
2022-03-17 15:15:56,109 INFO com.vinsys.diam.processors.InsertionHelper [http-nio-9999-exec-2] Before Execute Update
2022-03-17 15:15:56,121 INFO com.vinsys.diam.processors.InsertionHelper [http-nio-9999-exec-2] Execute Update Executed 1 
2022-03-17 15:15:56,122 INFO com.vinsys.diam.processors.InsertionHelper [http-nio-9999-exec-2] Query is INSERT INTO REQUESTS(REQUEST_ID,ACTUAL_PULL_DATE,CONSTRUCTION_PERMIT_NUMBER,OWNER_ID,OWNER_EN_NAME,OWNER_AR_NAME,PHONE,CR_NUMBER,WORK_START_ID,WORK_START_DATE_ISSUED,WILLAYATH,AREA,AREA_WAY,WAY_NAME,AREA_SIZE,BLOCK_NAME,PLOT_NUMBER,PLOT_TYPE,PREMISE_TYPE,SOCIAL_BENEFIT_NO,SOCIAL_BENEFIT_ISSUED_DATE,WATER_NETWORK,NO_OF_FAMILY_MEMBERS,OWNER_TYPE,NEAREST_WATER_CONNECTION,BUILDING_PERMIT_NUMBER,BUILDING_NUMBER,COORDINATE_X,COORDINATE_Y) values(?,?,?,?,?,?,?,?,?,?,?,?,?,?,?,?,?,?,?,?,?,?,?,?,?,?,?,?,?)
2022-03-17 15:15:56,334 INFO com.vinsys.diam.processors.InsertionHelper [http-nio-9999-exec-2] Auditing into requests table
2022-03-17 15:15:56,336 INFO com.vinsys.diam.processors.InsertionHelper [http-nio-9999-exec-2] Before Execute Update
2022-03-17 15:15:56,362 INFO com.vinsys.diam.processors.InsertionHelper [http-nio-9999-exec-2] Execute Update Executed 1 
2022-03-17 15:15:56,363 INFO com.vinsys.diam.processors.InsertionHelper [http-nio-9999-exec-2] Query is INSERT INTO REQUESTS(REQUEST_ID,ACTUAL_PULL_DATE,CONSTRUCTION_PERMIT_NUMBER,OWNER_ID,OWNER_EN_NAME,OWNER_AR_NAME,PHONE,CR_NUMBER,WORK_START_ID,WORK_START_DATE_ISSUED,WILLAYATH,AREA,AREA_WAY,WAY_NAME,AREA_SIZE,BLOCK_NAME,PLOT_NUMBER,PLOT_TYPE,PREMISE_TYPE,SOCIAL_BENEFIT_NO,SOCIAL_BENEFIT_ISSUED_DATE,WATER_NETWORK,NO_OF_FAMILY_MEMBERS,OWNER_TYPE,NEAREST_WATER_CONNECTION,BUILDING_PERMIT_NUMBER,BUILDING_NUMBER,COORDINATE_X,COORDINATE_Y) values(?,?,?,?,?,?,?,?,?,?,?,?,?,?,?,?,?,?,?,?,?,?,?,?,?,?,?,?,?)
2022-03-17 15:15:56,576 INFO com.vinsys.diam.processors.InsertionHelper [http-nio-9999-exec-2] Auditing into requests table
2022-03-17 15:15:56,578 INFO com.vinsys.diam.processors.InsertionHelper [http-nio-9999-exec-2] Before Execute Update
2022-03-17 15:15:56,589 INFO com.vinsys.diam.processors.InsertionHelper [http-nio-9999-exec-2] Execute Update Executed 1 
2022-03-17 15:15:56,589 INFO com.vinsys.diam.processors.InsertionHelper [http-nio-9999-exec-2] Query is INSERT INTO REQUESTS(REQUEST_ID,ACTUAL_PULL_DATE,CONSTRUCTION_PERMIT_NUMBER,OWNER_ID,OWNER_EN_NAME,OWNER_AR_NAME,PHONE,CR_NUMBER,WORK_START_ID,WORK_START_DATE_ISSUED,WILLAYATH,AREA,AREA_WAY,WAY_NAME,AREA_SIZE,BLOCK_NAME,PLOT_NUMBER,PLOT_TYPE,PREMISE_TYPE,SOCIAL_BENEFIT_NO,SOCIAL_BENEFIT_ISSUED_DATE,WATER_NETWORK,NO_OF_FAMILY_MEMBERS,OWNER_TYPE,NEAREST_WATER_CONNECTION,BUILDING_PERMIT_NUMBER,BUILDING_NUMBER,COORDINATE_X,COORDINATE_Y) values(?,?,?,?,?,?,?,?,?,?,?,?,?,?,?,?,?,?,?,?,?,?,?,?,?,?,?,?,?)
2022-03-17 15:15:56,809 INFO com.vinsys.diam.processors.InsertionHelper [http-nio-9999-exec-2] Auditing into requests table
2022-03-17 15:15:56,811 INFO com.vinsys.diam.processors.InsertionHelper [http-nio-9999-exec-2] Before Execute Update
2022-03-17 15:15:56,819 INFO com.vinsys.diam.processors.InsertionHelper [http-nio-9999-exec-2] Execute Update Executed 1 
2022-03-17 15:15:56,820 INFO com.vinsys.diam.processors.InsertionHelper [http-nio-9999-exec-2] Query is INSERT INTO REQUESTS(REQUEST_ID,ACTUAL_PULL_DATE,CONSTRUCTION_PERMIT_NUMBER,OWNER_ID,OWNER_EN_NAME,OWNER_AR_NAME,PHONE,CR_NUMBER,WORK_START_ID,WORK_START_DATE_ISSUED,WILLAYATH,AREA,AREA_WAY,WAY_NAME,AREA_SIZE,BLOCK_NAME,PLOT_NUMBER,PLOT_TYPE,PREMISE_TYPE,SOCIAL_BENEFIT_NO,SOCIAL_BENEFIT_ISSUED_DATE,WATER_NETWORK,NO_OF_FAMILY_MEMBERS,OWNER_TYPE,NEAREST_WATER_CONNECTION,BUILDING_PERMIT_NUMBER,BUILDING_NUMBER,COORDINATE_X,COORDINATE_Y) values(?,?,?,?,?,?,?,?,?,?,?,?,?,?,?,?,?,?,?,?,?,?,?,?,?,?,?,?,?)
2022-03-17 15:15:57,042 INFO com.vinsys.diam.processors.InsertionHelper [http-nio-9999-exec-2] Auditing into requests table
2022-03-17 15:15:57,044 INFO com.vinsys.diam.processors.InsertionHelper [http-nio-9999-exec-2] Before Execute Update
2022-03-17 15:15:57,055 INFO com.vinsys.diam.processors.InsertionHelper [http-nio-9999-exec-2] Execute Update Executed 1 
2022-03-17 15:15:57,056 INFO com.vinsys.diam.processors.InsertionHelper [http-nio-9999-exec-2] Query is INSERT INTO REQUESTS(REQUEST_ID,ACTUAL_PULL_DATE,CONSTRUCTION_PERMIT_NUMBER,OWNER_ID,OWNER_EN_NAME,OWNER_AR_NAME,PHONE,CR_NUMBER,WORK_START_ID,WORK_START_DATE_ISSUED,WILLAYATH,AREA,AREA_WAY,WAY_NAME,AREA_SIZE,BLOCK_NAME,PLOT_NUMBER,PLOT_TYPE,PREMISE_TYPE,SOCIAL_BENEFIT_NO,SOCIAL_BENEFIT_ISSUED_DATE,WATER_NETWORK,NO_OF_FAMILY_MEMBERS,OWNER_TYPE,NEAREST_WATER_CONNECTION,BUILDING_PERMIT_NUMBER,BUILDING_NUMBER,COORDINATE_X,COORDINATE_Y) values(?,?,?,?,?,?,?,?,?,?,?,?,?,?,?,?,?,?,?,?,?,?,?,?,?,?,?,?,?)
2022-03-17 15:15:57,269 INFO com.vinsys.diam.processors.InsertionHelper [http-nio-9999-exec-2] Auditing into requests table
2022-03-17 15:15:57,271 INFO com.vinsys.diam.processors.InsertionHelper [http-nio-9999-exec-2] Before Execute Update
2022-03-17 15:15:57,280 INFO com.vinsys.diam.processors.InsertionHelper [http-nio-9999-exec-2] Execute Update Executed 1 
2022-03-17 15:15:57,280 INFO com.vinsys.diam.processors.InsertionHelper [http-nio-9999-exec-2] Query is INSERT INTO REQUESTS(REQUEST_ID,ACTUAL_PULL_DATE,CONSTRUCTION_PERMIT_NUMBER,OWNER_ID,OWNER_EN_NAME,OWNER_AR_NAME,PHONE,CR_NUMBER,WORK_START_ID,WORK_START_DATE_ISSUED,WILLAYATH,AREA,AREA_WAY,WAY_NAME,AREA_SIZE,BLOCK_NAME,PLOT_NUMBER,PLOT_TYPE,PREMISE_TYPE,SOCIAL_BENEFIT_NO,SOCIAL_BENEFIT_ISSUED_DATE,WATER_NETWORK,NO_OF_FAMILY_MEMBERS,OWNER_TYPE,NEAREST_WATER_CONNECTION,BUILDING_PERMIT_NUMBER,BUILDING_NUMBER,COORDINATE_X,COORDINATE_Y) values(?,?,?,?,?,?,?,?,?,?,?,?,?,?,?,?,?,?,?,?,?,?,?,?,?,?,?,?,?)
2022-03-17 15:15:57,494 INFO com.vinsys.diam.processors.InsertionHelper [http-nio-9999-exec-2] Auditing into requests table
2022-03-17 15:15:57,495 INFO com.vinsys.diam.processors.InsertionHelper [http-nio-9999-exec-2] Before Execute Update
2022-03-17 15:15:57,504 INFO com.vinsys.diam.processors.InsertionHelper [http-nio-9999-exec-2] Execute Update Executed 1 
2022-03-17 15:15:57,504 INFO com.vinsys.diam.processors.InsertionHelper [http-nio-9999-exec-2] Query is INSERT INTO REQUESTS(REQUEST_ID,ACTUAL_PULL_DATE,CONSTRUCTION_PERMIT_NUMBER,OWNER_ID,OWNER_EN_NAME,OWNER_AR_NAME,PHONE,CR_NUMBER,WORK_START_ID,WORK_START_DATE_ISSUED,WILLAYATH,AREA,AREA_WAY,WAY_NAME,AREA_SIZE,BLOCK_NAME,PLOT_NUMBER,PLOT_TYPE,PREMISE_TYPE,SOCIAL_BENEFIT_NO,SOCIAL_BENEFIT_ISSUED_DATE,WATER_NETWORK,NO_OF_FAMILY_MEMBERS,OWNER_TYPE,NEAREST_WATER_CONNECTION,BUILDING_PERMIT_NUMBER,BUILDING_NUMBER,COORDINATE_X,COORDINATE_Y) values(?,?,?,?,?,?,?,?,?,?,?,?,?,?,?,?,?,?,?,?,?,?,?,?,?,?,?,?,?)
2022-03-17 15:15:57,718 INFO com.vinsys.diam.processors.InsertionHelper [http-nio-9999-exec-2] Auditing into requests table
2022-03-17 15:15:57,719 INFO com.vinsys.diam.processors.InsertionHelper [http-nio-9999-exec-2] Before Execute Update
2022-03-17 15:15:57,728 INFO com.vinsys.diam.processors.InsertionHelper [http-nio-9999-exec-2] Execute Update Executed 1 
2022-03-17 15:15:57,729 INFO com.vinsys.diam.processors.InsertionHelper [http-nio-9999-exec-2] Query is INSERT INTO REQUESTS(REQUEST_ID,ACTUAL_PULL_DATE,CONSTRUCTION_PERMIT_NUMBER,OWNER_ID,OWNER_EN_NAME,OWNER_AR_NAME,PHONE,CR_NUMBER,WORK_START_ID,WORK_START_DATE_ISSUED,WILLAYATH,AREA,AREA_WAY,WAY_NAME,AREA_SIZE,BLOCK_NAME,PLOT_NUMBER,PLOT_TYPE,PREMISE_TYPE,SOCIAL_BENEFIT_NO,SOCIAL_BENEFIT_ISSUED_DATE,WATER_NETWORK,NO_OF_FAMILY_MEMBERS,OWNER_TYPE,NEAREST_WATER_CONNECTION,BUILDING_PERMIT_NUMBER,BUILDING_NUMBER,COORDINATE_X,COORDINATE_Y) values(?,?,?,?,?,?,?,?,?,?,?,?,?,?,?,?,?,?,?,?,?,?,?,?,?,?,?,?,?)
2022-03-17 15:15:57,968 INFO com.vinsys.diam.processors.InsertionHelper [http-nio-9999-exec-2] Auditing into requests table
2022-03-17 15:15:57,969 INFO com.vinsys.diam.processors.InsertionHelper [http-nio-9999-exec-2] Before Execute Update
2022-03-17 15:15:57,977 INFO com.vinsys.diam.processors.InsertionHelper [http-nio-9999-exec-2] Execute Update Executed 1 
2022-03-17 15:15:57,978 INFO com.vinsys.diam.processors.InsertionHelper [http-nio-9999-exec-2] Query is INSERT INTO REQUESTS(REQUEST_ID,ACTUAL_PULL_DATE,CONSTRUCTION_PERMIT_NUMBER,OWNER_ID,OWNER_EN_NAME,OWNER_AR_NAME,PHONE,CR_NUMBER,WORK_START_ID,WORK_START_DATE_ISSUED,WILLAYATH,AREA,AREA_WAY,WAY_NAME,AREA_SIZE,BLOCK_NAME,PLOT_NUMBER,PLOT_TYPE,PREMISE_TYPE,SOCIAL_BENEFIT_NO,SOCIAL_BENEFIT_ISSUED_DATE,WATER_NETWORK,NO_OF_FAMILY_MEMBERS,OWNER_TYPE,NEAREST_WATER_CONNECTION,BUILDING_PERMIT_NUMBER,BUILDING_NUMBER,COORDINATE_X,COORDINATE_Y) values(?,?,?,?,?,?,?,?,?,?,?,?,?,?,?,?,?,?,?,?,?,?,?,?,?,?,?,?,?)
2022-03-17 15:15:58,184 INFO com.vinsys.diam.processors.InsertionHelper [http-nio-9999-exec-2] Auditing into requests table
2022-03-17 15:15:58,185 INFO com.vinsys.diam.processors.InsertionHelper [http-nio-9999-exec-2] Before Execute Update
2022-03-17 15:15:58,193 INFO com.vinsys.diam.processors.InsertionHelper [http-nio-9999-exec-2] Execute Update Executed 1 
2022-03-17 15:15:58,194 INFO com.vinsys.diam.processors.InsertionHelper [http-nio-9999-exec-2] Query is INSERT INTO REQUESTS(REQUEST_ID,ACTUAL_PULL_DATE,CONSTRUCTION_PERMIT_NUMBER,OWNER_ID,OWNER_EN_NAME,OWNER_AR_NAME,PHONE,CR_NUMBER,WORK_START_ID,WORK_START_DATE_ISSUED,WILLAYATH,AREA,AREA_WAY,WAY_NAME,AREA_SIZE,BLOCK_NAME,PLOT_NUMBER,PLOT_TYPE,PREMISE_TYPE,SOCIAL_BENEFIT_NO,SOCIAL_BENEFIT_ISSUED_DATE,WATER_NETWORK,NO_OF_FAMILY_MEMBERS,OWNER_TYPE,NEAREST_WATER_CONNECTION,BUILDING_PERMIT_NUMBER,BUILDING_NUMBER,COORDINATE_X,COORDINATE_Y) values(?,?,?,?,?,?,?,?,?,?,?,?,?,?,?,?,?,?,?,?,?,?,?,?,?,?,?,?,?)
2022-03-17 15:15:58,388 INFO com.vinsys.diam.processors.InsertionHelper [http-nio-9999-exec-2] Auditing into requests table
2022-03-17 15:15:58,388 INFO com.vinsys.diam.processors.InsertionHelper [http-nio-9999-exec-2] Before Execute Update
2022-03-17 15:15:58,396 INFO com.vinsys.diam.processors.InsertionHelper [http-nio-9999-exec-2] Execute Update Executed 1 
2022-03-17 15:15:58,397 INFO com.vinsys.diam.processors.InsertionHelper [http-nio-9999-exec-2] Query is INSERT INTO REQUESTS(REQUEST_ID,ACTUAL_PULL_DATE,CONSTRUCTION_PERMIT_NUMBER,OWNER_ID,OWNER_EN_NAME,OWNER_AR_NAME,PHONE,CR_NUMBER,WORK_START_ID,WORK_START_DATE_ISSUED,WILLAYATH,AREA,AREA_WAY,WAY_NAME,AREA_SIZE,BLOCK_NAME,PLOT_NUMBER,PLOT_TYPE,PREMISE_TYPE,SOCIAL_BENEFIT_NO,SOCIAL_BENEFIT_ISSUED_DATE,WATER_NETWORK,NO_OF_FAMILY_MEMBERS,OWNER_TYPE,NEAREST_WATER_CONNECTION,BUILDING_PERMIT_NUMBER,BUILDING_NUMBER,COORDINATE_X,COORDINATE_Y) values(?,?,?,?,?,?,?,?,?,?,?,?,?,?,?,?,?,?,?,?,?,?,?,?,?,?,?,?,?)
2022-03-17 15:15:58,591 INFO com.vinsys.diam.processors.InsertionHelper [http-nio-9999-exec-2] Auditing into requests table
2022-03-17 15:15:58,593 INFO com.vinsys.diam.processors.InsertionHelper [http-nio-9999-exec-2] Before Execute Update
2022-03-17 15:15:58,600 INFO com.vinsys.diam.processors.InsertionHelper [http-nio-9999-exec-2] Execute Update Executed 1 
2022-03-17 15:15:58,601 INFO com.vinsys.diam.processors.InsertionHelper [http-nio-9999-exec-2] Query is INSERT INTO REQUESTS(REQUEST_ID,ACTUAL_PULL_DATE,CONSTRUCTION_PERMIT_NUMBER,OWNER_ID,OWNER_EN_NAME,OWNER_AR_NAME,PHONE,CR_NUMBER,WORK_START_ID,WORK_START_DATE_ISSUED,WILLAYATH,AREA,AREA_WAY,WAY_NAME,AREA_SIZE,BLOCK_NAME,PLOT_NUMBER,PLOT_TYPE,PREMISE_TYPE,SOCIAL_BENEFIT_NO,SOCIAL_BENEFIT_ISSUED_DATE,WATER_NETWORK,NO_OF_FAMILY_MEMBERS,OWNER_TYPE,NEAREST_WATER_CONNECTION,BUILDING_PERMIT_NUMBER,BUILDING_NUMBER,COORDINATE_X,COORDINATE_Y) values(?,?,?,?,?,?,?,?,?,?,?,?,?,?,?,?,?,?,?,?,?,?,?,?,?,?,?,?,?)
2022-03-17 15:15:58,820 INFO com.vinsys.diam.processors.InsertionHelper [http-nio-9999-exec-2] Auditing into requests table
2022-03-17 15:15:58,821 INFO com.vinsys.diam.processors.InsertionHelper [http-nio-9999-exec-2] Before Execute Update
2022-03-17 15:15:58,830 INFO com.vinsys.diam.processors.InsertionHelper [http-nio-9999-exec-2] Execute Update Executed 1 
2022-03-17 15:15:58,830 INFO com.vinsys.diam.processors.InsertionHelper [http-nio-9999-exec-2] Query is INSERT INTO REQUESTS(REQUEST_ID,ACTUAL_PULL_DATE,CONSTRUCTION_PERMIT_NUMBER,OWNER_ID,OWNER_EN_NAME,OWNER_AR_NAME,PHONE,CR_NUMBER,WORK_START_ID,WORK_START_DATE_ISSUED,WILLAYATH,AREA,AREA_WAY,WAY_NAME,AREA_SIZE,BLOCK_NAME,PLOT_NUMBER,PLOT_TYPE,PREMISE_TYPE,SOCIAL_BENEFIT_NO,SOCIAL_BENEFIT_ISSUED_DATE,WATER_NETWORK,NO_OF_FAMILY_MEMBERS,OWNER_TYPE,NEAREST_WATER_CONNECTION,BUILDING_PERMIT_NUMBER,BUILDING_NUMBER,COORDINATE_X,COORDINATE_Y) values(?,?,?,?,?,?,?,?,?,?,?,?,?,?,?,?,?,?,?,?,?,?,?,?,?,?,?,?,?)
2022-03-17 15:15:59,021 INFO com.vinsys.diam.processors.InsertionHelper [http-nio-9999-exec-2] Auditing into requests table
2022-03-17 15:15:59,034 INFO com.vinsys.diam.processors.InsertionHelper [http-nio-9999-exec-2] Before Execute Update
2022-03-17 15:15:59,068 INFO com.vinsys.diam.processors.InsertionHelper [http-nio-9999-exec-2] Execute Update Executed 1 
2022-03-17 15:15:59,069 INFO com.vinsys.diam.processors.InsertionHelper [http-nio-9999-exec-2] Query is INSERT INTO REQUESTS(REQUEST_ID,ACTUAL_PULL_DATE,CONSTRUCTION_PERMIT_NUMBER,OWNER_ID,OWNER_EN_NAME,OWNER_AR_NAME,PHONE,CR_NUMBER,WORK_START_ID,WORK_START_DATE_ISSUED,WILLAYATH,AREA,AREA_WAY,WAY_NAME,AREA_SIZE,BLOCK_NAME,PLOT_NUMBER,PLOT_TYPE,PREMISE_TYPE,SOCIAL_BENEFIT_NO,SOCIAL_BENEFIT_ISSUED_DATE,WATER_NETWORK,NO_OF_FAMILY_MEMBERS,OWNER_TYPE,NEAREST_WATER_CONNECTION,BUILDING_PERMIT_NUMBER,BUILDING_NUMBER,COORDINATE_X,COORDINATE_Y) values(?,?,?,?,?,?,?,?,?,?,?,?,?,?,?,?,?,?,?,?,?,?,?,?,?,?,?,?,?)
2022-03-17 15:15:59,108 INFO com.vinsys.diam.interceptor.BaseInterceptor [http-nio-9999-exec-2] In post handle
2022-03-17 15:15:59,111 INFO com.vinsys.diam.processors.AuditLogProcessor [http-nio-9999-exec-2] Auditing records in AuditDataProcessor.
2022-03-17 15:15:59,438 INFO com.vinsys.diam.processors.AuditLogProcessor [pool-2-thread-1] Auditing in database.
2022-03-17 15:24:10,781 INFO org.springframework.boot.admin.SpringApplicationAdminMXBeanRegistrar$SpringApplicationAdmin [RMI TCP Connection(22)-127.0.0.1] Application shutdown requested.
2022-03-17 15:24:10,822 INFO org.springframework.scheduling.concurrent.ExecutorConfigurationSupport [RMI TCP Connection(22)-127.0.0.1] Shutting down ExecutorService 'applicationTaskExecutor'
2022-03-17 15:26:07,285 INFO org.springframework.boot.StartupInfoLogger [main] Starting DemoApplication using Java 16.0.1 on VINSYSLT0182 with PID 1108 (D:\PAW\updated_PAW_ESB\paw-esb-services\target\classes started by admin in D:\PAW\updated_PAW_ESB\paw-esb-services)
2022-03-17 15:26:07,288 INFO org.springframework.boot.SpringApplication [main] No active profile set, falling back to default profiles: default
2022-03-17 15:26:12,193 INFO org.springframework.context.support.PostProcessorRegistrationDelegate$BeanPostProcessorChecker [main] Bean 'org.springframework.ws.config.annotation.DelegatingWsConfiguration' of type [org.springframework.ws.config.annotation.DelegatingWsConfiguration$$EnhancerBySpringCGLIB$$fdaf366f] is not eligible for getting processed by all BeanPostProcessors (for example: not eligible for auto-proxying)
2022-03-17 15:26:12,240 INFO org.springframework.ws.soap.addressing.server.AbstractAddressingEndpointMapping [main] Supporting [WS-Addressing August 2004, WS-Addressing 1.0]
2022-03-17 15:26:12,525 INFO org.springframework.boot.web.embedded.tomcat.TomcatWebServer [main] Tomcat initialized with port(s): 9999 (http)
2022-03-17 15:26:12,538 INFO org.apache.juli.logging.DirectJDKLog [main] Initializing ProtocolHandler ["http-nio-9999"]
2022-03-17 15:26:12,539 INFO org.apache.juli.logging.DirectJDKLog [main] Starting service [Tomcat]
2022-03-17 15:26:12,539 INFO org.apache.juli.logging.DirectJDKLog [main] Starting Servlet engine: [Apache Tomcat/9.0.45]
2022-03-17 15:26:12,669 INFO org.apache.juli.logging.DirectJDKLog [main] Initializing Spring embedded WebApplicationContext
2022-03-17 15:26:12,669 INFO org.springframework.boot.web.servlet.context.ServletWebServerApplicationContext [main] Root WebApplicationContext: initialization completed in 5321 ms
2022-03-17 15:26:13,075 INFO org.springframework.ws.soap.saaj.SaajSoapMessageFactory [main] Creating SAAJ 1.3 MessageFactory with SOAP 1.1 Protocol
2022-03-17 15:26:13,216 INFO org.springframework.scheduling.concurrent.ExecutorConfigurationSupport [main] Initializing ExecutorService 'applicationTaskExecutor'
2022-03-17 15:26:13,612 INFO org.springframework.boot.actuate.endpoint.web.EndpointLinksResolver [main] Exposing 2 endpoint(s) beneath base path '/actuator'
2022-03-17 15:26:13,646 INFO org.apache.juli.logging.DirectJDKLog [main] Starting ProtocolHandler ["http-nio-9999"]
2022-03-17 15:26:13,688 INFO org.springframework.boot.web.embedded.tomcat.TomcatWebServer [main] Tomcat started on port(s): 9999 (http) with context path ''
2022-03-17 15:26:13,702 INFO org.springframework.boot.StartupInfoLogger [main] Started DemoApplication in 7.064 seconds (JVM running for 8.219)
2022-03-17 15:26:15,987 INFO org.apache.juli.logging.DirectJDKLog [RMI TCP Connection(3)-127.0.0.1] Initializing Spring DispatcherServlet 'dispatcherServlet'
2022-03-17 15:26:15,988 INFO org.springframework.web.servlet.FrameworkServlet [RMI TCP Connection(3)-127.0.0.1] Initializing Servlet 'dispatcherServlet'
2022-03-17 15:26:15,990 INFO org.springframework.web.servlet.FrameworkServlet [RMI TCP Connection(3)-127.0.0.1] Completed initialization in 2 ms
2022-03-17 15:28:39,405 INFO org.springframework.boot.admin.SpringApplicationAdminMXBeanRegistrar$SpringApplicationAdmin [RMI TCP Connection(14)-127.0.0.1] Application shutdown requested.
2022-03-17 15:28:39,625 INFO org.springframework.scheduling.concurrent.ExecutorConfigurationSupport [RMI TCP Connection(14)-127.0.0.1] Shutting down ExecutorService 'applicationTaskExecutor'
2022-03-17 15:28:47,987 INFO org.springframework.boot.StartupInfoLogger [main] Starting DemoApplication using Java 16.0.1 on VINSYSLT0182 with PID 16060 (D:\PAW\updated_PAW_ESB\paw-esb-services\target\classes started by admin in D:\PAW\updated_PAW_ESB\paw-esb-services)
2022-03-17 15:28:47,991 INFO org.springframework.boot.SpringApplication [main] No active profile set, falling back to default profiles: default
2022-03-17 15:28:52,917 INFO org.springframework.context.support.PostProcessorRegistrationDelegate$BeanPostProcessorChecker [main] Bean 'org.springframework.ws.config.annotation.DelegatingWsConfiguration' of type [org.springframework.ws.config.annotation.DelegatingWsConfiguration$$EnhancerBySpringCGLIB$$c59f084c] is not eligible for getting processed by all BeanPostProcessors (for example: not eligible for auto-proxying)
2022-03-17 15:28:52,953 INFO org.springframework.ws.soap.addressing.server.AbstractAddressingEndpointMapping [main] Supporting [WS-Addressing August 2004, WS-Addressing 1.0]
2022-03-17 15:28:53,167 INFO org.springframework.boot.web.embedded.tomcat.TomcatWebServer [main] Tomcat initialized with port(s): 9999 (http)
2022-03-17 15:28:53,180 INFO org.apache.juli.logging.DirectJDKLog [main] Initializing ProtocolHandler ["http-nio-9999"]
2022-03-17 15:28:53,181 INFO org.apache.juli.logging.DirectJDKLog [main] Starting service [Tomcat]
2022-03-17 15:28:53,181 INFO org.apache.juli.logging.DirectJDKLog [main] Starting Servlet engine: [Apache Tomcat/9.0.45]
2022-03-17 15:28:53,301 INFO org.apache.juli.logging.DirectJDKLog [main] Initializing Spring embedded WebApplicationContext
2022-03-17 15:28:53,302 INFO org.springframework.boot.web.servlet.context.ServletWebServerApplicationContext [main] Root WebApplicationContext: initialization completed in 5246 ms
2022-03-17 15:28:53,662 INFO org.springframework.ws.soap.saaj.SaajSoapMessageFactory [main] Creating SAAJ 1.3 MessageFactory with SOAP 1.1 Protocol
2022-03-17 15:28:53,789 INFO org.springframework.scheduling.concurrent.ExecutorConfigurationSupport [main] Initializing ExecutorService 'applicationTaskExecutor'
2022-03-17 15:28:54,183 INFO org.springframework.boot.actuate.endpoint.web.EndpointLinksResolver [main] Exposing 2 endpoint(s) beneath base path '/actuator'
2022-03-17 15:28:54,219 INFO org.apache.juli.logging.DirectJDKLog [main] Starting ProtocolHandler ["http-nio-9999"]
2022-03-17 15:28:54,281 INFO org.springframework.boot.web.embedded.tomcat.TomcatWebServer [main] Tomcat started on port(s): 9999 (http) with context path ''
2022-03-17 15:28:54,294 INFO org.springframework.boot.StartupInfoLogger [main] Started DemoApplication in 6.679 seconds (JVM running for 7.832)
2022-03-17 15:28:55,388 INFO org.apache.juli.logging.DirectJDKLog [RMI TCP Connection(4)-127.0.0.1] Initializing Spring DispatcherServlet 'dispatcherServlet'
2022-03-17 15:28:55,388 INFO org.springframework.web.servlet.FrameworkServlet [RMI TCP Connection(4)-127.0.0.1] Initializing Servlet 'dispatcherServlet'
2022-03-17 15:28:55,390 INFO org.springframework.web.servlet.FrameworkServlet [RMI TCP Connection(4)-127.0.0.1] Completed initialization in 1 ms
2022-03-17 15:28:58,929 INFO com.vinsys.diam.interceptor.BaseInterceptor [http-nio-9999-exec-2] Inside prehandle
2022-03-17 15:28:58,938 INFO com.vinsys.diam.interceptor.BaseInterceptor [http-nio-9999-exec-2] ############Request Processing started for request-id AMR-INT223451232 and esbURL is /api/v1/getdata
2022-03-17 15:28:58,942 INFO com.vinsys.diam.filters.GetDetails [http-nio-9999-exec-2] Inside getEncryption status.. for service code getdata
2022-03-17 15:29:00,081 INFO com.vinsys.diam.interceptor.BaseInterceptor [http-nio-9999-exec-2] Inside DDOS filtering
2022-03-17 15:29:00,081 INFO com.vinsys.diam.filters.GetDetails [http-nio-9999-exec-2] Inside get error codes.
2022-03-17 15:29:00,364 INFO com.vinsys.diam.filters.AuthenticationFilter [http-nio-9999-exec-2] inside request param validation
2022-03-17 15:29:00,365 INFO com.vinsys.diam.filters.AuthenticationFilter [http-nio-9999-exec-2] In Timestamp validation
2022-03-17 15:29:00,366 INFO com.vinsys.diam.filters.AuthenticationFilter [http-nio-9999-exec-2] The timestamp difference is--
2022-03-17 15:29:00,367 INFO com.vinsys.diam.filters.AuthenticationFilter [http-nio-9999-exec-2] Validating auth key for consumerCode AMR with auth key bbcf4432d0d34e029d8a5a170a0e730d
2022-03-17 15:29:00,368 INFO com.vinsys.diam.filters.AuthenticationFilter [http-nio-9999-exec-2] Inside getAuthKeyFromDB..
2022-03-17 15:29:00,598 INFO com.vinsys.diam.filters.AuthenticationFilter [http-nio-9999-exec-2] Auth Key from DB for Consumer code AMR is  bbcf4432d0d34e029d8a5a170a0e730d
2022-03-17 15:29:00,599 INFO com.vinsys.diam.filters.AuthenticationFilter [http-nio-9999-exec-2] Inside getAuthKeyFromDB..
2022-03-17 15:29:00,843 INFO com.vinsys.diam.filters.AuthenticationFilter [http-nio-9999-exec-2] Whitelisted
2022-03-17 15:29:00,845 INFO com.vinsys.diam.filters.AuthenticationFilter [http-nio-9999-exec-2] Inside is whiteListed
2022-03-17 15:29:01,181 INFO com.vinsys.diam.controllers.PAWESBServices [http-nio-9999-exec-2] Entered::AbstractEmailDelivery::getRestTemplate()
2022-03-17 15:29:01,466 INFO com.vinsys.diam.interceptor.BaseInterceptor [http-nio-9999-exec-2] In post handle
2022-03-17 15:29:01,467 INFO com.vinsys.diam.processors.AuditLogProcessor [http-nio-9999-exec-2] Auditing records in AuditDataProcessor.
2022-03-17 15:29:01,755 INFO com.vinsys.diam.processors.AuditLogProcessor [pool-2-thread-1] Auditing in database.
2022-03-17 15:29:59,311 INFO org.springframework.boot.admin.SpringApplicationAdminMXBeanRegistrar$SpringApplicationAdmin [RMI TCP Connection(9)-127.0.0.1] Application shutdown requested.
2022-03-17 15:29:59,369 INFO org.springframework.scheduling.concurrent.ExecutorConfigurationSupport [RMI TCP Connection(9)-127.0.0.1] Shutting down ExecutorService 'applicationTaskExecutor'
2022-03-17 15:43:41,577 INFO org.springframework.boot.StartupInfoLogger [main] Starting DemoApplication using Java 16.0.1 on VINSYSLT0182 with PID 14072 (D:\PAW\updated_PAW_ESB\paw-esb-services\target\classes started by admin in D:\PAW\updated_PAW_ESB\paw-esb-services)
2022-03-17 15:43:41,582 INFO org.springframework.boot.SpringApplication [main] No active profile set, falling back to default profiles: default
2022-03-17 15:43:46,942 INFO org.springframework.context.support.PostProcessorRegistrationDelegate$BeanPostProcessorChecker [main] Bean 'org.springframework.ws.config.annotation.DelegatingWsConfiguration' of type [org.springframework.ws.config.annotation.DelegatingWsConfiguration$$EnhancerBySpringCGLIB$$7606f3] is not eligible for getting processed by all BeanPostProcessors (for example: not eligible for auto-proxying)
2022-03-17 15:43:46,979 INFO org.springframework.ws.soap.addressing.server.AbstractAddressingEndpointMapping [main] Supporting [WS-Addressing August 2004, WS-Addressing 1.0]
2022-03-17 15:43:47,235 INFO org.springframework.boot.web.embedded.tomcat.TomcatWebServer [main] Tomcat initialized with port(s): 9999 (http)
2022-03-17 15:43:47,248 INFO org.apache.juli.logging.DirectJDKLog [main] Initializing ProtocolHandler ["http-nio-9999"]
2022-03-17 15:43:47,249 INFO org.apache.juli.logging.DirectJDKLog [main] Starting service [Tomcat]
2022-03-17 15:43:47,249 INFO org.apache.juli.logging.DirectJDKLog [main] Starting Servlet engine: [Apache Tomcat/9.0.45]
2022-03-17 15:43:47,382 INFO org.apache.juli.logging.DirectJDKLog [main] Initializing Spring embedded WebApplicationContext
2022-03-17 15:43:47,382 INFO org.springframework.boot.web.servlet.context.ServletWebServerApplicationContext [main] Root WebApplicationContext: initialization completed in 5736 ms
2022-03-17 15:43:47,818 INFO org.springframework.ws.soap.saaj.SaajSoapMessageFactory [main] Creating SAAJ 1.3 MessageFactory with SOAP 1.1 Protocol
2022-03-17 15:43:48,024 INFO org.springframework.scheduling.concurrent.ExecutorConfigurationSupport [main] Initializing ExecutorService 'applicationTaskExecutor'
2022-03-17 15:43:48,808 INFO org.springframework.boot.actuate.endpoint.web.EndpointLinksResolver [main] Exposing 2 endpoint(s) beneath base path '/actuator'
2022-03-17 15:43:48,877 INFO org.apache.juli.logging.DirectJDKLog [main] Starting ProtocolHandler ["http-nio-9999"]
2022-03-17 15:43:48,973 INFO org.springframework.boot.web.embedded.tomcat.TomcatWebServer [main] Tomcat started on port(s): 9999 (http) with context path ''
2022-03-17 15:43:49,017 INFO org.springframework.boot.StartupInfoLogger [main] Started DemoApplication in 7.82 seconds (JVM running for 8.997)
2022-03-17 15:43:50,475 INFO org.apache.juli.logging.DirectJDKLog [RMI TCP Connection(4)-127.0.0.1] Initializing Spring DispatcherServlet 'dispatcherServlet'
2022-03-17 15:43:50,476 INFO org.springframework.web.servlet.FrameworkServlet [RMI TCP Connection(4)-127.0.0.1] Initializing Servlet 'dispatcherServlet'
2022-03-17 15:43:50,478 INFO org.springframework.web.servlet.FrameworkServlet [RMI TCP Connection(4)-127.0.0.1] Completed initialization in 2 ms
2022-03-17 15:44:05,107 INFO com.vinsys.diam.interceptor.BaseInterceptor [http-nio-9999-exec-2] Inside prehandle
2022-03-17 15:44:05,111 INFO com.vinsys.diam.interceptor.BaseInterceptor [http-nio-9999-exec-2] ############Request Processing started for request-id AMR-INT223451232 and esbURL is /api/v1/getdata
2022-03-17 15:44:05,115 INFO com.vinsys.diam.filters.GetDetails [http-nio-9999-exec-2] Inside getEncryption status.. for service code getdata
2022-03-17 15:44:05,989 INFO com.vinsys.diam.interceptor.BaseInterceptor [http-nio-9999-exec-2] Inside DDOS filtering
2022-03-17 15:44:05,989 INFO com.vinsys.diam.filters.GetDetails [http-nio-9999-exec-2] Inside get error codes.
2022-03-17 15:44:06,331 INFO com.vinsys.diam.filters.AuthenticationFilter [http-nio-9999-exec-2] inside request param validation
2022-03-17 15:44:06,333 INFO com.vinsys.diam.filters.AuthenticationFilter [http-nio-9999-exec-2] In Timestamp validation
2022-03-17 15:44:06,338 INFO com.vinsys.diam.filters.AuthenticationFilter [http-nio-9999-exec-2] The timestamp difference is--
2022-03-17 15:44:06,339 INFO com.vinsys.diam.filters.AuthenticationFilter [http-nio-9999-exec-2] Validating auth key for consumerCode AMR with auth key bbcf4432d0d34e029d8a5a170a0e730d
2022-03-17 15:44:06,342 INFO com.vinsys.diam.filters.AuthenticationFilter [http-nio-9999-exec-2] Inside getAuthKeyFromDB..
2022-03-17 15:44:06,585 INFO com.vinsys.diam.filters.AuthenticationFilter [http-nio-9999-exec-2] Auth Key from DB for Consumer code AMR is  bbcf4432d0d34e029d8a5a170a0e730d
2022-03-17 15:44:06,586 INFO com.vinsys.diam.filters.AuthenticationFilter [http-nio-9999-exec-2] Inside getAuthKeyFromDB..
2022-03-17 15:44:06,803 INFO com.vinsys.diam.filters.AuthenticationFilter [http-nio-9999-exec-2] Whitelisted
2022-03-17 15:44:06,804 INFO com.vinsys.diam.filters.AuthenticationFilter [http-nio-9999-exec-2] Inside is whiteListed
2022-03-17 15:44:06,990 INFO com.vinsys.diam.controllers.PAWESBServices [http-nio-9999-exec-2] Entered::AbstractEmailDelivery::getRestTemplate()
2022-03-17 15:44:07,162 INFO com.vinsys.diam.interceptor.BaseInterceptor [http-nio-9999-exec-2] In post handle
2022-03-17 15:44:07,165 INFO com.vinsys.diam.processors.AuditLogProcessor [http-nio-9999-exec-2] Auditing records in AuditDataProcessor.
2022-03-17 15:44:07,508 INFO com.vinsys.diam.processors.AuditLogProcessor [pool-2-thread-1] Auditing in database.
2022-03-17 15:44:16,339 INFO org.springframework.boot.admin.SpringApplicationAdminMXBeanRegistrar$SpringApplicationAdmin [RMI TCP Connection(10)-127.0.0.1] Application shutdown requested.
2022-03-17 15:44:16,384 INFO org.springframework.scheduling.concurrent.ExecutorConfigurationSupport [RMI TCP Connection(10)-127.0.0.1] Shutting down ExecutorService 'applicationTaskExecutor'
2022-03-17 15:51:07,540 INFO org.springframework.boot.StartupInfoLogger [main] Starting DemoApplication using Java 16.0.1 on VINSYSLT0182 with PID 12540 (D:\PAW\updated_PAW_ESB\paw-esb-services\target\classes started by admin in D:\PAW\updated_PAW_ESB\paw-esb-services)
2022-03-17 15:51:07,543 INFO org.springframework.boot.SpringApplication [main] No active profile set, falling back to default profiles: default
2022-03-17 15:51:13,069 INFO org.springframework.context.support.PostProcessorRegistrationDelegate$BeanPostProcessorChecker [main] Bean 'org.springframework.ws.config.annotation.DelegatingWsConfiguration' of type [org.springframework.ws.config.annotation.DelegatingWsConfiguration$$EnhancerBySpringCGLIB$$151772c2] is not eligible for getting processed by all BeanPostProcessors (for example: not eligible for auto-proxying)
2022-03-17 15:51:13,106 INFO org.springframework.ws.soap.addressing.server.AbstractAddressingEndpointMapping [main] Supporting [WS-Addressing August 2004, WS-Addressing 1.0]
2022-03-17 15:51:13,410 INFO org.springframework.boot.web.embedded.tomcat.TomcatWebServer [main] Tomcat initialized with port(s): 9999 (http)
2022-03-17 15:51:13,426 INFO org.apache.juli.logging.DirectJDKLog [main] Initializing ProtocolHandler ["http-nio-9999"]
2022-03-17 15:51:13,427 INFO org.apache.juli.logging.DirectJDKLog [main] Starting service [Tomcat]
2022-03-17 15:51:13,427 INFO org.apache.juli.logging.DirectJDKLog [main] Starting Servlet engine: [Apache Tomcat/9.0.45]
2022-03-17 15:51:13,585 INFO org.apache.juli.logging.DirectJDKLog [main] Initializing Spring embedded WebApplicationContext
2022-03-17 15:51:13,586 INFO org.springframework.boot.web.servlet.context.ServletWebServerApplicationContext [main] Root WebApplicationContext: initialization completed in 5971 ms
2022-03-17 15:51:14,090 INFO org.springframework.ws.soap.saaj.SaajSoapMessageFactory [main] Creating SAAJ 1.3 MessageFactory with SOAP 1.1 Protocol
2022-03-17 15:51:14,236 INFO org.springframework.scheduling.concurrent.ExecutorConfigurationSupport [main] Initializing ExecutorService 'applicationTaskExecutor'
2022-03-17 15:51:14,715 INFO org.springframework.boot.actuate.endpoint.web.EndpointLinksResolver [main] Exposing 2 endpoint(s) beneath base path '/actuator'
2022-03-17 15:51:14,737 INFO org.apache.juli.logging.DirectJDKLog [main] Starting ProtocolHandler ["http-nio-9999"]
2022-03-17 15:51:14,779 INFO org.springframework.boot.web.embedded.tomcat.TomcatWebServer [main] Tomcat started on port(s): 9999 (http) with context path ''
2022-03-17 15:51:14,795 INFO org.springframework.boot.StartupInfoLogger [main] Started DemoApplication in 7.664 seconds (JVM running for 8.834)
2022-03-17 15:51:14,938 INFO org.apache.juli.logging.DirectJDKLog [RMI TCP Connection(1)-127.0.0.1] Initializing Spring DispatcherServlet 'dispatcherServlet'
2022-03-17 15:51:14,939 INFO org.springframework.web.servlet.FrameworkServlet [RMI TCP Connection(1)-127.0.0.1] Initializing Servlet 'dispatcherServlet'
2022-03-17 15:51:14,940 INFO org.springframework.web.servlet.FrameworkServlet [RMI TCP Connection(1)-127.0.0.1] Completed initialization in 0 ms
2022-03-17 15:51:27,823 INFO com.vinsys.diam.interceptor.BaseInterceptor [http-nio-9999-exec-1] Inside prehandle
2022-03-17 15:51:27,828 INFO com.vinsys.diam.interceptor.BaseInterceptor [http-nio-9999-exec-1] ############Request Processing started for request-id AMR-INT223451232 and esbURL is /api/v1/getdata
2022-03-17 15:51:27,831 INFO com.vinsys.diam.filters.GetDetails [http-nio-9999-exec-1] Inside getEncryption status.. for service code getdata
2022-03-17 15:51:28,413 INFO com.vinsys.diam.interceptor.BaseInterceptor [http-nio-9999-exec-1] Inside DDOS filtering
2022-03-17 15:51:28,414 INFO com.vinsys.diam.filters.GetDetails [http-nio-9999-exec-1] Inside get error codes.
2022-03-17 15:51:28,621 INFO com.vinsys.diam.filters.AuthenticationFilter [http-nio-9999-exec-1] inside request param validation
2022-03-17 15:51:28,622 INFO com.vinsys.diam.filters.AuthenticationFilter [http-nio-9999-exec-1] In Timestamp validation
2022-03-17 15:51:28,623 INFO com.vinsys.diam.filters.AuthenticationFilter [http-nio-9999-exec-1] The timestamp difference is--
2022-03-17 15:51:28,624 INFO com.vinsys.diam.filters.AuthenticationFilter [http-nio-9999-exec-1] Validating auth key for consumerCode AMR with auth key bbcf4432d0d34e029d8a5a170a0e730d
2022-03-17 15:51:28,624 INFO com.vinsys.diam.filters.AuthenticationFilter [http-nio-9999-exec-1] Inside getAuthKeyFromDB..
2022-03-17 15:51:28,840 INFO com.vinsys.diam.filters.AuthenticationFilter [http-nio-9999-exec-1] Auth Key from DB for Consumer code AMR is  bbcf4432d0d34e029d8a5a170a0e730d
2022-03-17 15:51:28,840 INFO com.vinsys.diam.filters.AuthenticationFilter [http-nio-9999-exec-1] Inside getAuthKeyFromDB..
2022-03-17 15:51:29,052 INFO com.vinsys.diam.filters.AuthenticationFilter [http-nio-9999-exec-1] Whitelisted
2022-03-17 15:51:29,052 INFO com.vinsys.diam.filters.AuthenticationFilter [http-nio-9999-exec-1] Inside is whiteListed
2022-03-17 15:51:29,275 INFO com.vinsys.diam.controllers.PAWESBServices [http-nio-9999-exec-1] Entered::AbstractEmailDelivery::getRestTemplate()
2022-03-17 15:51:29,613 INFO com.vinsys.diam.processors.InsertionHelper [http-nio-9999-exec-1] Auditing into requests table
2022-03-17 15:51:29,617 INFO com.vinsys.diam.processors.InsertionHelper [http-nio-9999-exec-1] Before Execute Update
2022-03-17 15:51:29,641 INFO com.vinsys.diam.processors.InsertionHelper [http-nio-9999-exec-1] Execute Update Executed 1 
2022-03-17 15:51:29,641 INFO com.vinsys.diam.processors.InsertionHelper [http-nio-9999-exec-1] Query is INSERT INTO REQUESTS(REQUEST_ID,ACTUAL_PULL_DATE,CONSTRUCTION_PERMIT_NUMBER,OWNER_ID,OWNER_EN_NAME,OWNER_AR_NAME,PHONE,CR_NUMBER,WORK_START_ID,WORK_START_DATE_ISSUED,WILLAYATH,AREA,AREA_WAY,WAY_NAME,AREA_SIZE,BLOCK_NAME,PLOT_NUMBER,PLOT_TYPE,PREMISE_TYPE,SOCIAL_BENEFIT_NO,SOCIAL_BENEFIT_ISSUED_DATE,WATER_NETWORK,NO_OF_FAMILY_MEMBERS,OWNER_TYPE,NEAREST_WATER_CONNECTION,BUILDING_PERMIT_NUMBER,BUILDING_NUMBER,COORDINATE_X,COORDINATE_Y) values(?,?,?,?,?,?,?,?,?,?,?,?,?,?,?,?,?,?,?,?,?,?,?,?,?,?,?,?,?)
2022-03-17 15:51:29,792 INFO com.vinsys.diam.processors.InsertionHelper [http-nio-9999-exec-1] Auditing into requests table
2022-03-17 15:51:29,796 INFO com.vinsys.diam.processors.InsertionHelper [http-nio-9999-exec-1] Before Execute Update
2022-03-17 15:51:29,812 INFO com.vinsys.diam.processors.InsertionHelper [http-nio-9999-exec-1] Execute Update Executed 1 
2022-03-17 15:51:29,813 INFO com.vinsys.diam.processors.InsertionHelper [http-nio-9999-exec-1] Query is INSERT INTO REQUESTS(REQUEST_ID,ACTUAL_PULL_DATE,CONSTRUCTION_PERMIT_NUMBER,OWNER_ID,OWNER_EN_NAME,OWNER_AR_NAME,PHONE,CR_NUMBER,WORK_START_ID,WORK_START_DATE_ISSUED,WILLAYATH,AREA,AREA_WAY,WAY_NAME,AREA_SIZE,BLOCK_NAME,PLOT_NUMBER,PLOT_TYPE,PREMISE_TYPE,SOCIAL_BENEFIT_NO,SOCIAL_BENEFIT_ISSUED_DATE,WATER_NETWORK,NO_OF_FAMILY_MEMBERS,OWNER_TYPE,NEAREST_WATER_CONNECTION,BUILDING_PERMIT_NUMBER,BUILDING_NUMBER,COORDINATE_X,COORDINATE_Y) values(?,?,?,?,?,?,?,?,?,?,?,?,?,?,?,?,?,?,?,?,?,?,?,?,?,?,?,?,?)
2022-03-17 15:51:29,955 INFO com.vinsys.diam.processors.InsertionHelper [http-nio-9999-exec-1] Auditing into requests table
2022-03-17 15:51:29,956 INFO com.vinsys.diam.processors.InsertionHelper [http-nio-9999-exec-1] Before Execute Update
2022-03-17 15:51:29,963 INFO com.vinsys.diam.processors.InsertionHelper [http-nio-9999-exec-1] Execute Update Executed 1 
2022-03-17 15:51:29,964 INFO com.vinsys.diam.processors.InsertionHelper [http-nio-9999-exec-1] Query is INSERT INTO REQUESTS(REQUEST_ID,ACTUAL_PULL_DATE,CONSTRUCTION_PERMIT_NUMBER,OWNER_ID,OWNER_EN_NAME,OWNER_AR_NAME,PHONE,CR_NUMBER,WORK_START_ID,WORK_START_DATE_ISSUED,WILLAYATH,AREA,AREA_WAY,WAY_NAME,AREA_SIZE,BLOCK_NAME,PLOT_NUMBER,PLOT_TYPE,PREMISE_TYPE,SOCIAL_BENEFIT_NO,SOCIAL_BENEFIT_ISSUED_DATE,WATER_NETWORK,NO_OF_FAMILY_MEMBERS,OWNER_TYPE,NEAREST_WATER_CONNECTION,BUILDING_PERMIT_NUMBER,BUILDING_NUMBER,COORDINATE_X,COORDINATE_Y) values(?,?,?,?,?,?,?,?,?,?,?,?,?,?,?,?,?,?,?,?,?,?,?,?,?,?,?,?,?)
2022-03-17 15:51:30,153 INFO com.vinsys.diam.processors.InsertionHelper [http-nio-9999-exec-1] Auditing into requests table
2022-03-17 15:51:30,155 INFO com.vinsys.diam.processors.InsertionHelper [http-nio-9999-exec-1] Before Execute Update
2022-03-17 15:51:30,164 INFO com.vinsys.diam.processors.InsertionHelper [http-nio-9999-exec-1] Execute Update Executed 1 
2022-03-17 15:51:30,165 INFO com.vinsys.diam.processors.InsertionHelper [http-nio-9999-exec-1] Query is INSERT INTO REQUESTS(REQUEST_ID,ACTUAL_PULL_DATE,CONSTRUCTION_PERMIT_NUMBER,OWNER_ID,OWNER_EN_NAME,OWNER_AR_NAME,PHONE,CR_NUMBER,WORK_START_ID,WORK_START_DATE_ISSUED,WILLAYATH,AREA,AREA_WAY,WAY_NAME,AREA_SIZE,BLOCK_NAME,PLOT_NUMBER,PLOT_TYPE,PREMISE_TYPE,SOCIAL_BENEFIT_NO,SOCIAL_BENEFIT_ISSUED_DATE,WATER_NETWORK,NO_OF_FAMILY_MEMBERS,OWNER_TYPE,NEAREST_WATER_CONNECTION,BUILDING_PERMIT_NUMBER,BUILDING_NUMBER,COORDINATE_X,COORDINATE_Y) values(?,?,?,?,?,?,?,?,?,?,?,?,?,?,?,?,?,?,?,?,?,?,?,?,?,?,?,?,?)
2022-03-17 15:51:30,319 INFO com.vinsys.diam.processors.InsertionHelper [http-nio-9999-exec-1] Auditing into requests table
2022-03-17 15:51:30,320 INFO com.vinsys.diam.processors.InsertionHelper [http-nio-9999-exec-1] Before Execute Update
2022-03-17 15:51:30,325 INFO com.vinsys.diam.processors.InsertionHelper [http-nio-9999-exec-1] Execute Update Executed 1 
2022-03-17 15:51:30,326 INFO com.vinsys.diam.processors.InsertionHelper [http-nio-9999-exec-1] Query is INSERT INTO REQUESTS(REQUEST_ID,ACTUAL_PULL_DATE,CONSTRUCTION_PERMIT_NUMBER,OWNER_ID,OWNER_EN_NAME,OWNER_AR_NAME,PHONE,CR_NUMBER,WORK_START_ID,WORK_START_DATE_ISSUED,WILLAYATH,AREA,AREA_WAY,WAY_NAME,AREA_SIZE,BLOCK_NAME,PLOT_NUMBER,PLOT_TYPE,PREMISE_TYPE,SOCIAL_BENEFIT_NO,SOCIAL_BENEFIT_ISSUED_DATE,WATER_NETWORK,NO_OF_FAMILY_MEMBERS,OWNER_TYPE,NEAREST_WATER_CONNECTION,BUILDING_PERMIT_NUMBER,BUILDING_NUMBER,COORDINATE_X,COORDINATE_Y) values(?,?,?,?,?,?,?,?,?,?,?,?,?,?,?,?,?,?,?,?,?,?,?,?,?,?,?,?,?)
2022-03-17 15:51:30,537 INFO com.vinsys.diam.processors.InsertionHelper [http-nio-9999-exec-1] Auditing into requests table
2022-03-17 15:51:30,538 INFO com.vinsys.diam.processors.InsertionHelper [http-nio-9999-exec-1] Before Execute Update
2022-03-17 15:51:30,545 INFO com.vinsys.diam.processors.InsertionHelper [http-nio-9999-exec-1] Execute Update Executed 1 
2022-03-17 15:51:30,546 INFO com.vinsys.diam.processors.InsertionHelper [http-nio-9999-exec-1] Query is INSERT INTO REQUESTS(REQUEST_ID,ACTUAL_PULL_DATE,CONSTRUCTION_PERMIT_NUMBER,OWNER_ID,OWNER_EN_NAME,OWNER_AR_NAME,PHONE,CR_NUMBER,WORK_START_ID,WORK_START_DATE_ISSUED,WILLAYATH,AREA,AREA_WAY,WAY_NAME,AREA_SIZE,BLOCK_NAME,PLOT_NUMBER,PLOT_TYPE,PREMISE_TYPE,SOCIAL_BENEFIT_NO,SOCIAL_BENEFIT_ISSUED_DATE,WATER_NETWORK,NO_OF_FAMILY_MEMBERS,OWNER_TYPE,NEAREST_WATER_CONNECTION,BUILDING_PERMIT_NUMBER,BUILDING_NUMBER,COORDINATE_X,COORDINATE_Y) values(?,?,?,?,?,?,?,?,?,?,?,?,?,?,?,?,?,?,?,?,?,?,?,?,?,?,?,?,?)
2022-03-17 15:51:30,699 INFO com.vinsys.diam.processors.InsertionHelper [http-nio-9999-exec-1] Auditing into requests table
2022-03-17 15:51:30,701 INFO com.vinsys.diam.processors.InsertionHelper [http-nio-9999-exec-1] Before Execute Update
2022-03-17 15:51:30,706 INFO com.vinsys.diam.processors.InsertionHelper [http-nio-9999-exec-1] Execute Update Executed 1 
2022-03-17 15:51:30,707 INFO com.vinsys.diam.processors.InsertionHelper [http-nio-9999-exec-1] Query is INSERT INTO REQUESTS(REQUEST_ID,ACTUAL_PULL_DATE,CONSTRUCTION_PERMIT_NUMBER,OWNER_ID,OWNER_EN_NAME,OWNER_AR_NAME,PHONE,CR_NUMBER,WORK_START_ID,WORK_START_DATE_ISSUED,WILLAYATH,AREA,AREA_WAY,WAY_NAME,AREA_SIZE,BLOCK_NAME,PLOT_NUMBER,PLOT_TYPE,PREMISE_TYPE,SOCIAL_BENEFIT_NO,SOCIAL_BENEFIT_ISSUED_DATE,WATER_NETWORK,NO_OF_FAMILY_MEMBERS,OWNER_TYPE,NEAREST_WATER_CONNECTION,BUILDING_PERMIT_NUMBER,BUILDING_NUMBER,COORDINATE_X,COORDINATE_Y) values(?,?,?,?,?,?,?,?,?,?,?,?,?,?,?,?,?,?,?,?,?,?,?,?,?,?,?,?,?)
2022-03-17 15:51:30,835 INFO com.vinsys.diam.processors.InsertionHelper [http-nio-9999-exec-1] Auditing into requests table
2022-03-17 15:51:30,837 INFO com.vinsys.diam.processors.InsertionHelper [http-nio-9999-exec-1] Before Execute Update
2022-03-17 15:51:30,843 INFO com.vinsys.diam.processors.InsertionHelper [http-nio-9999-exec-1] Execute Update Executed 1 
2022-03-17 15:51:30,844 INFO com.vinsys.diam.processors.InsertionHelper [http-nio-9999-exec-1] Query is INSERT INTO REQUESTS(REQUEST_ID,ACTUAL_PULL_DATE,CONSTRUCTION_PERMIT_NUMBER,OWNER_ID,OWNER_EN_NAME,OWNER_AR_NAME,PHONE,CR_NUMBER,WORK_START_ID,WORK_START_DATE_ISSUED,WILLAYATH,AREA,AREA_WAY,WAY_NAME,AREA_SIZE,BLOCK_NAME,PLOT_NUMBER,PLOT_TYPE,PREMISE_TYPE,SOCIAL_BENEFIT_NO,SOCIAL_BENEFIT_ISSUED_DATE,WATER_NETWORK,NO_OF_FAMILY_MEMBERS,OWNER_TYPE,NEAREST_WATER_CONNECTION,BUILDING_PERMIT_NUMBER,BUILDING_NUMBER,COORDINATE_X,COORDINATE_Y) values(?,?,?,?,?,?,?,?,?,?,?,?,?,?,?,?,?,?,?,?,?,?,?,?,?,?,?,?,?)
2022-03-17 15:51:30,997 INFO com.vinsys.diam.processors.InsertionHelper [http-nio-9999-exec-1] Auditing into requests table
2022-03-17 15:51:30,998 INFO com.vinsys.diam.processors.InsertionHelper [http-nio-9999-exec-1] Before Execute Update
2022-03-17 15:51:31,004 INFO com.vinsys.diam.processors.InsertionHelper [http-nio-9999-exec-1] Execute Update Executed 1 
2022-03-17 15:51:31,004 INFO com.vinsys.diam.processors.InsertionHelper [http-nio-9999-exec-1] Query is INSERT INTO REQUESTS(REQUEST_ID,ACTUAL_PULL_DATE,CONSTRUCTION_PERMIT_NUMBER,OWNER_ID,OWNER_EN_NAME,OWNER_AR_NAME,PHONE,CR_NUMBER,WORK_START_ID,WORK_START_DATE_ISSUED,WILLAYATH,AREA,AREA_WAY,WAY_NAME,AREA_SIZE,BLOCK_NAME,PLOT_NUMBER,PLOT_TYPE,PREMISE_TYPE,SOCIAL_BENEFIT_NO,SOCIAL_BENEFIT_ISSUED_DATE,WATER_NETWORK,NO_OF_FAMILY_MEMBERS,OWNER_TYPE,NEAREST_WATER_CONNECTION,BUILDING_PERMIT_NUMBER,BUILDING_NUMBER,COORDINATE_X,COORDINATE_Y) values(?,?,?,?,?,?,?,?,?,?,?,?,?,?,?,?,?,?,?,?,?,?,?,?,?,?,?,?,?)
2022-03-17 15:51:31,113 INFO com.vinsys.diam.processors.InsertionHelper [http-nio-9999-exec-1] Auditing into requests table
2022-03-17 15:51:31,113 INFO com.vinsys.diam.processors.InsertionHelper [http-nio-9999-exec-1] Before Execute Update
2022-03-17 15:51:31,118 INFO com.vinsys.diam.processors.InsertionHelper [http-nio-9999-exec-1] Execute Update Executed 1 
2022-03-17 15:51:31,118 INFO com.vinsys.diam.processors.InsertionHelper [http-nio-9999-exec-1] Query is INSERT INTO REQUESTS(REQUEST_ID,ACTUAL_PULL_DATE,CONSTRUCTION_PERMIT_NUMBER,OWNER_ID,OWNER_EN_NAME,OWNER_AR_NAME,PHONE,CR_NUMBER,WORK_START_ID,WORK_START_DATE_ISSUED,WILLAYATH,AREA,AREA_WAY,WAY_NAME,AREA_SIZE,BLOCK_NAME,PLOT_NUMBER,PLOT_TYPE,PREMISE_TYPE,SOCIAL_BENEFIT_NO,SOCIAL_BENEFIT_ISSUED_DATE,WATER_NETWORK,NO_OF_FAMILY_MEMBERS,OWNER_TYPE,NEAREST_WATER_CONNECTION,BUILDING_PERMIT_NUMBER,BUILDING_NUMBER,COORDINATE_X,COORDINATE_Y) values(?,?,?,?,?,?,?,?,?,?,?,?,?,?,?,?,?,?,?,?,?,?,?,?,?,?,?,?,?)
2022-03-17 15:51:31,231 INFO com.vinsys.diam.processors.InsertionHelper [http-nio-9999-exec-1] Auditing into requests table
2022-03-17 15:51:31,233 INFO com.vinsys.diam.processors.InsertionHelper [http-nio-9999-exec-1] Before Execute Update
2022-03-17 15:51:31,239 INFO com.vinsys.diam.processors.InsertionHelper [http-nio-9999-exec-1] Execute Update Executed 1 
2022-03-17 15:51:31,240 INFO com.vinsys.diam.processors.InsertionHelper [http-nio-9999-exec-1] Query is INSERT INTO REQUESTS(REQUEST_ID,ACTUAL_PULL_DATE,CONSTRUCTION_PERMIT_NUMBER,OWNER_ID,OWNER_EN_NAME,OWNER_AR_NAME,PHONE,CR_NUMBER,WORK_START_ID,WORK_START_DATE_ISSUED,WILLAYATH,AREA,AREA_WAY,WAY_NAME,AREA_SIZE,BLOCK_NAME,PLOT_NUMBER,PLOT_TYPE,PREMISE_TYPE,SOCIAL_BENEFIT_NO,SOCIAL_BENEFIT_ISSUED_DATE,WATER_NETWORK,NO_OF_FAMILY_MEMBERS,OWNER_TYPE,NEAREST_WATER_CONNECTION,BUILDING_PERMIT_NUMBER,BUILDING_NUMBER,COORDINATE_X,COORDINATE_Y) values(?,?,?,?,?,?,?,?,?,?,?,?,?,?,?,?,?,?,?,?,?,?,?,?,?,?,?,?,?)
2022-03-17 15:51:31,413 INFO com.vinsys.diam.processors.InsertionHelper [http-nio-9999-exec-1] Auditing into requests table
2022-03-17 15:51:31,416 INFO com.vinsys.diam.processors.InsertionHelper [http-nio-9999-exec-1] Before Execute Update
2022-03-17 15:51:31,428 INFO com.vinsys.diam.processors.InsertionHelper [http-nio-9999-exec-1] Execute Update Executed 1 
2022-03-17 15:51:31,429 INFO com.vinsys.diam.processors.InsertionHelper [http-nio-9999-exec-1] Query is INSERT INTO REQUESTS(REQUEST_ID,ACTUAL_PULL_DATE,CONSTRUCTION_PERMIT_NUMBER,OWNER_ID,OWNER_EN_NAME,OWNER_AR_NAME,PHONE,CR_NUMBER,WORK_START_ID,WORK_START_DATE_ISSUED,WILLAYATH,AREA,AREA_WAY,WAY_NAME,AREA_SIZE,BLOCK_NAME,PLOT_NUMBER,PLOT_TYPE,PREMISE_TYPE,SOCIAL_BENEFIT_NO,SOCIAL_BENEFIT_ISSUED_DATE,WATER_NETWORK,NO_OF_FAMILY_MEMBERS,OWNER_TYPE,NEAREST_WATER_CONNECTION,BUILDING_PERMIT_NUMBER,BUILDING_NUMBER,COORDINATE_X,COORDINATE_Y) values(?,?,?,?,?,?,?,?,?,?,?,?,?,?,?,?,?,?,?,?,?,?,?,?,?,?,?,?,?)
2022-03-17 15:51:31,629 INFO com.vinsys.diam.processors.InsertionHelper [http-nio-9999-exec-1] Auditing into requests table
2022-03-17 15:51:31,631 INFO com.vinsys.diam.processors.InsertionHelper [http-nio-9999-exec-1] Before Execute Update
2022-03-17 15:51:31,639 INFO com.vinsys.diam.processors.InsertionHelper [http-nio-9999-exec-1] Execute Update Executed 1 
2022-03-17 15:51:31,640 INFO com.vinsys.diam.processors.InsertionHelper [http-nio-9999-exec-1] Query is INSERT INTO REQUESTS(REQUEST_ID,ACTUAL_PULL_DATE,CONSTRUCTION_PERMIT_NUMBER,OWNER_ID,OWNER_EN_NAME,OWNER_AR_NAME,PHONE,CR_NUMBER,WORK_START_ID,WORK_START_DATE_ISSUED,WILLAYATH,AREA,AREA_WAY,WAY_NAME,AREA_SIZE,BLOCK_NAME,PLOT_NUMBER,PLOT_TYPE,PREMISE_TYPE,SOCIAL_BENEFIT_NO,SOCIAL_BENEFIT_ISSUED_DATE,WATER_NETWORK,NO_OF_FAMILY_MEMBERS,OWNER_TYPE,NEAREST_WATER_CONNECTION,BUILDING_PERMIT_NUMBER,BUILDING_NUMBER,COORDINATE_X,COORDINATE_Y) values(?,?,?,?,?,?,?,?,?,?,?,?,?,?,?,?,?,?,?,?,?,?,?,?,?,?,?,?,?)
2022-03-17 15:51:31,834 INFO com.vinsys.diam.processors.InsertionHelper [http-nio-9999-exec-1] Auditing into requests table
2022-03-17 15:51:31,835 INFO com.vinsys.diam.processors.InsertionHelper [http-nio-9999-exec-1] Before Execute Update
2022-03-17 15:51:31,843 INFO com.vinsys.diam.processors.InsertionHelper [http-nio-9999-exec-1] Execute Update Executed 1 
2022-03-17 15:51:31,844 INFO com.vinsys.diam.processors.InsertionHelper [http-nio-9999-exec-1] Query is INSERT INTO REQUESTS(REQUEST_ID,ACTUAL_PULL_DATE,CONSTRUCTION_PERMIT_NUMBER,OWNER_ID,OWNER_EN_NAME,OWNER_AR_NAME,PHONE,CR_NUMBER,WORK_START_ID,WORK_START_DATE_ISSUED,WILLAYATH,AREA,AREA_WAY,WAY_NAME,AREA_SIZE,BLOCK_NAME,PLOT_NUMBER,PLOT_TYPE,PREMISE_TYPE,SOCIAL_BENEFIT_NO,SOCIAL_BENEFIT_ISSUED_DATE,WATER_NETWORK,NO_OF_FAMILY_MEMBERS,OWNER_TYPE,NEAREST_WATER_CONNECTION,BUILDING_PERMIT_NUMBER,BUILDING_NUMBER,COORDINATE_X,COORDINATE_Y) values(?,?,?,?,?,?,?,?,?,?,?,?,?,?,?,?,?,?,?,?,?,?,?,?,?,?,?,?,?)
2022-03-17 15:51:32,057 INFO com.vinsys.diam.processors.InsertionHelper [http-nio-9999-exec-1] Auditing into requests table
2022-03-17 15:51:32,059 INFO com.vinsys.diam.processors.InsertionHelper [http-nio-9999-exec-1] Before Execute Update
2022-03-17 15:51:32,067 INFO com.vinsys.diam.processors.InsertionHelper [http-nio-9999-exec-1] Execute Update Executed 1 
2022-03-17 15:51:32,067 INFO com.vinsys.diam.processors.InsertionHelper [http-nio-9999-exec-1] Query is INSERT INTO REQUESTS(REQUEST_ID,ACTUAL_PULL_DATE,CONSTRUCTION_PERMIT_NUMBER,OWNER_ID,OWNER_EN_NAME,OWNER_AR_NAME,PHONE,CR_NUMBER,WORK_START_ID,WORK_START_DATE_ISSUED,WILLAYATH,AREA,AREA_WAY,WAY_NAME,AREA_SIZE,BLOCK_NAME,PLOT_NUMBER,PLOT_TYPE,PREMISE_TYPE,SOCIAL_BENEFIT_NO,SOCIAL_BENEFIT_ISSUED_DATE,WATER_NETWORK,NO_OF_FAMILY_MEMBERS,OWNER_TYPE,NEAREST_WATER_CONNECTION,BUILDING_PERMIT_NUMBER,BUILDING_NUMBER,COORDINATE_X,COORDINATE_Y) values(?,?,?,?,?,?,?,?,?,?,?,?,?,?,?,?,?,?,?,?,?,?,?,?,?,?,?,?,?)
2022-03-17 15:51:32,219 INFO com.vinsys.diam.processors.InsertionHelper [http-nio-9999-exec-1] Auditing into requests table
2022-03-17 15:51:32,220 INFO com.vinsys.diam.processors.InsertionHelper [http-nio-9999-exec-1] Before Execute Update
2022-03-17 15:51:32,229 INFO com.vinsys.diam.processors.InsertionHelper [http-nio-9999-exec-1] Execute Update Executed 1 
2022-03-17 15:51:32,229 INFO com.vinsys.diam.processors.InsertionHelper [http-nio-9999-exec-1] Query is INSERT INTO REQUESTS(REQUEST_ID,ACTUAL_PULL_DATE,CONSTRUCTION_PERMIT_NUMBER,OWNER_ID,OWNER_EN_NAME,OWNER_AR_NAME,PHONE,CR_NUMBER,WORK_START_ID,WORK_START_DATE_ISSUED,WILLAYATH,AREA,AREA_WAY,WAY_NAME,AREA_SIZE,BLOCK_NAME,PLOT_NUMBER,PLOT_TYPE,PREMISE_TYPE,SOCIAL_BENEFIT_NO,SOCIAL_BENEFIT_ISSUED_DATE,WATER_NETWORK,NO_OF_FAMILY_MEMBERS,OWNER_TYPE,NEAREST_WATER_CONNECTION,BUILDING_PERMIT_NUMBER,BUILDING_NUMBER,COORDINATE_X,COORDINATE_Y) values(?,?,?,?,?,?,?,?,?,?,?,?,?,?,?,?,?,?,?,?,?,?,?,?,?,?,?,?,?)
2022-03-17 15:51:32,253 INFO com.vinsys.diam.interceptor.BaseInterceptor [http-nio-9999-exec-1] In post handle
2022-03-17 15:51:32,255 INFO com.vinsys.diam.processors.AuditLogProcessor [http-nio-9999-exec-1] Auditing records in AuditDataProcessor.
2022-03-17 15:51:32,527 INFO com.vinsys.diam.processors.AuditLogProcessor [pool-2-thread-1] Auditing in database.
2022-03-17 16:21:56,091 INFO org.springframework.boot.admin.SpringApplicationAdminMXBeanRegistrar$SpringApplicationAdmin [RMI TCP Connection(29)-127.0.0.1] Application shutdown requested.
2022-03-17 16:21:56,125 INFO org.springframework.scheduling.concurrent.ExecutorConfigurationSupport [RMI TCP Connection(29)-127.0.0.1] Shutting down ExecutorService 'applicationTaskExecutor'
