2022-03-11 11:19:27,925 INFO org.springframework.boot.StartupInfoLogger [main] Starting DemoApplication using Java 16.0.1 on VINSYSLT0182 with PID 1420 (D:\PAW\updated_PAW_ESB\paw-esb-services\target\classes started by admin in D:\PAW\updated_PAW_ESB\paw-esb-services)
2022-03-11 11:19:27,935 INFO org.springframework.boot.SpringApplication [main] No active profile set, falling back to default profiles: default
2022-03-11 11:19:33,199 INFO org.springframework.context.support.PostProcessorRegistrationDelegate$BeanPostProcessorChecker [main] Bean 'org.springframework.ws.config.annotation.DelegatingWsConfiguration' of type [org.springframework.ws.config.annotation.DelegatingWsConfiguration$$EnhancerBySpringCGLIB$$7bf74d9b] is not eligible for getting processed by all BeanPostProcessors (for example: not eligible for auto-proxying)
2022-03-11 11:19:33,254 INFO org.springframework.ws.soap.addressing.server.AbstractAddressingEndpointMapping [main] Supporting [WS-Addressing August 2004, WS-Addressing 1.0]
2022-03-11 11:19:33,551 INFO org.springframework.boot.web.embedded.tomcat.TomcatWebServer [main] Tomcat initialized with port(s): 9999 (http)
2022-03-11 11:19:33,563 INFO org.apache.juli.logging.DirectJDKLog [main] Initializing ProtocolHandler ["http-nio-9999"]
2022-03-11 11:19:33,564 INFO org.apache.juli.logging.DirectJDKLog [main] Starting service [Tomcat]
2022-03-11 11:19:33,564 INFO org.apache.juli.logging.DirectJDKLog [main] Starting Servlet engine: [Apache Tomcat/9.0.45]
2022-03-11 11:19:33,704 INFO org.apache.juli.logging.DirectJDKLog [main] Initializing Spring embedded WebApplicationContext
2022-03-11 11:19:33,705 INFO org.springframework.boot.web.servlet.context.ServletWebServerApplicationContext [main] Root WebApplicationContext: initialization completed in 5686 ms
2022-03-11 11:19:34,148 INFO org.springframework.ws.soap.saaj.SaajSoapMessageFactory [main] Creating SAAJ 1.3 MessageFactory with SOAP 1.1 Protocol
2022-03-11 11:19:34,264 INFO org.springframework.scheduling.concurrent.ExecutorConfigurationSupport [main] Initializing ExecutorService 'applicationTaskExecutor'
2022-03-11 11:19:34,629 INFO org.springframework.boot.actuate.endpoint.web.EndpointLinksResolver [main] Exposing 2 endpoint(s) beneath base path '/actuator'
2022-03-11 11:19:34,653 INFO org.apache.juli.logging.DirectJDKLog [main] Starting ProtocolHandler ["http-nio-9999"]
2022-03-11 11:19:34,698 INFO org.springframework.boot.web.embedded.tomcat.TomcatWebServer [main] Tomcat started on port(s): 9999 (http) with context path ''
2022-03-11 11:19:34,716 INFO org.springframework.boot.StartupInfoLogger [main] Started DemoApplication in 7.177 seconds (JVM running for 8.721)
2022-03-11 11:19:35,288 INFO org.apache.juli.logging.DirectJDKLog [RMI TCP Connection(3)-127.0.0.1] Initializing Spring DispatcherServlet 'dispatcherServlet'
2022-03-11 11:19:35,288 INFO org.springframework.web.servlet.FrameworkServlet [RMI TCP Connection(3)-127.0.0.1] Initializing Servlet 'dispatcherServlet'
2022-03-11 11:19:35,290 INFO org.springframework.web.servlet.FrameworkServlet [RMI TCP Connection(3)-127.0.0.1] Completed initialization in 2 ms
2022-03-11 11:19:40,199 INFO com.vinsys.diam.interceptor.BaseInterceptor [http-nio-9999-exec-2] Inside prehandle
2022-03-11 11:19:40,202 INFO com.vinsys.diam.interceptor.BaseInterceptor [http-nio-9999-exec-2] ############Request Processing started for request-id AMR-INT223451232 and esbURL is /api/v1/getdata
2022-03-11 11:19:40,204 INFO com.vinsys.diam.filters.GetDetails [http-nio-9999-exec-2] Inside getEncryption status.. for service code getdata
2022-03-11 11:20:22,527 ERROR com.vinsys.diam.filters.GetDetails [http-nio-9999-exec-2] Error while fetching encryption status Cannot invoke "java.sql.Connection.prepareStatement(String)" because "con" is null
2022-03-11 11:20:22,527 INFO com.vinsys.diam.interceptor.BaseInterceptor [http-nio-9999-exec-2] Inside DDOS filtering
2022-03-11 11:20:22,528 INFO com.vinsys.diam.filters.GetDetails [http-nio-9999-exec-2] Inside get error codes.
2022-03-11 11:21:04,637 ERROR com.vinsys.diam.filters.GetDetails [http-nio-9999-exec-2] Error while fetching error codes Cannot invoke "java.sql.Connection.prepareStatement(String)" because "con" is null
2022-03-11 11:21:04,638 ERROR com.vinsys.diam.interceptor.BaseInterceptor [http-nio-9999-exec-2] Invalid ESB service code sent by request id AMR-INT223451232 
2022-03-11 11:21:04,642 INFO com.vinsys.diam.processors.ExceptionProcessor [http-nio-9999-exec-2] Auditing records in AuditDataProcessor.
2022-03-11 11:21:46,778 ERROR com.vinsys.diam.processors.ExceptionProcessor [pool-2-thread-1] Exception while Auditing records Cannot invoke "java.sql.Connection.prepareStatement(String)" because "con" is null
2022-03-11 12:18:04,685 INFO org.springframework.boot.admin.SpringApplicationAdminMXBeanRegistrar$SpringApplicationAdmin [RMI TCP Connection(71)-127.0.0.1] Application shutdown requested.
2022-03-11 12:18:04,725 INFO org.springframework.scheduling.concurrent.ExecutorConfigurationSupport [RMI TCP Connection(71)-127.0.0.1] Shutting down ExecutorService 'applicationTaskExecutor'
2022-03-11 12:18:10,947 INFO org.springframework.boot.StartupInfoLogger [main] Starting DemoApplication using Java 16.0.1 on VINSYSLT0182 with PID 5224 (D:\PAW\updated_PAW_ESB\paw-esb-services\target\classes started by admin in D:\PAW\updated_PAW_ESB\paw-esb-services)
2022-03-11 12:18:10,951 INFO org.springframework.boot.SpringApplication [main] No active profile set, falling back to default profiles: default
2022-03-11 12:18:16,271 INFO org.springframework.context.support.PostProcessorRegistrationDelegate$BeanPostProcessorChecker [main] Bean 'org.springframework.ws.config.annotation.DelegatingWsConfiguration' of type [org.springframework.ws.config.annotation.DelegatingWsConfiguration$$EnhancerBySpringCGLIB$$2a60d5de] is not eligible for getting processed by all BeanPostProcessors (for example: not eligible for auto-proxying)
2022-03-11 12:18:16,312 INFO org.springframework.ws.soap.addressing.server.AbstractAddressingEndpointMapping [main] Supporting [WS-Addressing August 2004, WS-Addressing 1.0]
2022-03-11 12:18:16,540 INFO org.springframework.boot.web.embedded.tomcat.TomcatWebServer [main] Tomcat initialized with port(s): 9999 (http)
2022-03-11 12:18:16,552 INFO org.apache.juli.logging.DirectJDKLog [main] Initializing ProtocolHandler ["http-nio-9999"]
2022-03-11 12:18:16,553 INFO org.apache.juli.logging.DirectJDKLog [main] Starting service [Tomcat]
2022-03-11 12:18:16,553 INFO org.apache.juli.logging.DirectJDKLog [main] Starting Servlet engine: [Apache Tomcat/9.0.45]
2022-03-11 12:18:16,673 INFO org.apache.juli.logging.DirectJDKLog [main] Initializing Spring embedded WebApplicationContext
2022-03-11 12:18:16,673 INFO org.springframework.boot.web.servlet.context.ServletWebServerApplicationContext [main] Root WebApplicationContext: initialization completed in 5657 ms
2022-03-11 12:18:17,037 INFO org.springframework.ws.soap.saaj.SaajSoapMessageFactory [main] Creating SAAJ 1.3 MessageFactory with SOAP 1.1 Protocol
2022-03-11 12:18:17,148 INFO org.springframework.scheduling.concurrent.ExecutorConfigurationSupport [main] Initializing ExecutorService 'applicationTaskExecutor'
2022-03-11 12:18:17,590 INFO org.springframework.boot.actuate.endpoint.web.EndpointLinksResolver [main] Exposing 2 endpoint(s) beneath base path '/actuator'
2022-03-11 12:18:17,616 INFO org.apache.juli.logging.DirectJDKLog [main] Starting ProtocolHandler ["http-nio-9999"]
2022-03-11 12:18:17,661 INFO org.springframework.boot.web.embedded.tomcat.TomcatWebServer [main] Tomcat started on port(s): 9999 (http) with context path ''
2022-03-11 12:18:17,682 INFO org.springframework.boot.StartupInfoLogger [main] Started DemoApplication in 7.123 seconds (JVM running for 8.56)
2022-03-11 12:18:18,464 INFO org.apache.juli.logging.DirectJDKLog [RMI TCP Connection(1)-127.0.0.1] Initializing Spring DispatcherServlet 'dispatcherServlet'
2022-03-11 12:18:18,464 INFO org.springframework.web.servlet.FrameworkServlet [RMI TCP Connection(1)-127.0.0.1] Initializing Servlet 'dispatcherServlet'
2022-03-11 12:18:18,466 INFO org.springframework.web.servlet.FrameworkServlet [RMI TCP Connection(1)-127.0.0.1] Completed initialization in 2 ms
2022-03-11 14:11:59,108 INFO org.springframework.boot.admin.SpringApplicationAdminMXBeanRegistrar$SpringApplicationAdmin [RMI TCP Connection(75)-127.0.0.1] Application shutdown requested.
2022-03-11 14:11:59,202 INFO org.springframework.scheduling.concurrent.ExecutorConfigurationSupport [RMI TCP Connection(75)-127.0.0.1] Shutting down ExecutorService 'applicationTaskExecutor'
2022-03-11 14:12:04,219 INFO org.springframework.boot.StartupInfoLogger [main] Starting DemoApplication using Java 16.0.1 on VINSYSLT0182 with PID 19904 (D:\PAW\updated_PAW_ESB\paw-esb-services\target\classes started by admin in D:\PAW\updated_PAW_ESB\paw-esb-services)
2022-03-11 14:12:04,222 INFO org.springframework.boot.SpringApplication [main] No active profile set, falling back to default profiles: default
2022-03-11 14:12:08,661 INFO org.springframework.context.support.PostProcessorRegistrationDelegate$BeanPostProcessorChecker [main] Bean 'org.springframework.ws.config.annotation.DelegatingWsConfiguration' of type [org.springframework.ws.config.annotation.DelegatingWsConfiguration$$EnhancerBySpringCGLIB$$fee67adc] is not eligible for getting processed by all BeanPostProcessors (for example: not eligible for auto-proxying)
2022-03-11 14:12:08,703 INFO org.springframework.ws.soap.addressing.server.AbstractAddressingEndpointMapping [main] Supporting [WS-Addressing August 2004, WS-Addressing 1.0]
2022-03-11 14:12:08,916 INFO org.springframework.boot.web.embedded.tomcat.TomcatWebServer [main] Tomcat initialized with port(s): 9999 (http)
2022-03-11 14:12:08,925 INFO org.apache.juli.logging.DirectJDKLog [main] Initializing ProtocolHandler ["http-nio-9999"]
2022-03-11 14:12:08,927 INFO org.apache.juli.logging.DirectJDKLog [main] Starting service [Tomcat]
2022-03-11 14:12:08,927 INFO org.apache.juli.logging.DirectJDKLog [main] Starting Servlet engine: [Apache Tomcat/9.0.45]
2022-03-11 14:12:09,036 INFO org.apache.juli.logging.DirectJDKLog [main] Initializing Spring embedded WebApplicationContext
2022-03-11 14:12:09,036 INFO org.springframework.boot.web.servlet.context.ServletWebServerApplicationContext [main] Root WebApplicationContext: initialization completed in 4766 ms
2022-03-11 14:12:09,350 INFO org.springframework.ws.soap.saaj.SaajSoapMessageFactory [main] Creating SAAJ 1.3 MessageFactory with SOAP 1.1 Protocol
2022-03-11 14:12:09,454 INFO org.springframework.scheduling.concurrent.ExecutorConfigurationSupport [main] Initializing ExecutorService 'applicationTaskExecutor'
2022-03-11 14:12:09,811 INFO org.springframework.boot.actuate.endpoint.web.EndpointLinksResolver [main] Exposing 2 endpoint(s) beneath base path '/actuator'
2022-03-11 14:12:09,839 INFO org.apache.juli.logging.DirectJDKLog [main] Starting ProtocolHandler ["http-nio-9999"]
2022-03-11 14:12:09,881 INFO org.springframework.boot.web.embedded.tomcat.TomcatWebServer [main] Tomcat started on port(s): 9999 (http) with context path ''
2022-03-11 14:12:09,895 INFO org.springframework.boot.StartupInfoLogger [main] Started DemoApplication in 6.009 seconds (JVM running for 6.995)
2022-03-11 14:12:10,816 INFO org.apache.juli.logging.DirectJDKLog [RMI TCP Connection(4)-127.0.0.1] Initializing Spring DispatcherServlet 'dispatcherServlet'
2022-03-11 14:12:10,816 INFO org.springframework.web.servlet.FrameworkServlet [RMI TCP Connection(4)-127.0.0.1] Initializing Servlet 'dispatcherServlet'
2022-03-11 14:12:10,817 INFO org.springframework.web.servlet.FrameworkServlet [RMI TCP Connection(4)-127.0.0.1] Completed initialization in 1 ms
2022-03-11 14:12:51,122 INFO com.vinsys.diam.interceptor.BaseInterceptor [http-nio-9999-exec-1] Inside prehandle
2022-03-11 14:12:51,127 INFO com.vinsys.diam.interceptor.BaseInterceptor [http-nio-9999-exec-1] ############Request Processing started for request-id AMR-INT223451232 and esbURL is /api/v1/getdata
2022-03-11 14:12:51,129 INFO com.vinsys.diam.filters.GetDetails [http-nio-9999-exec-1] Inside getEncryption status.. for service code getdata
2022-03-11 14:12:52,336 INFO com.vinsys.diam.interceptor.BaseInterceptor [http-nio-9999-exec-1] Inside DDOS filtering
2022-03-11 14:12:52,337 INFO com.vinsys.diam.filters.GetDetails [http-nio-9999-exec-1] Inside get error codes.
2022-03-11 14:12:52,631 INFO com.vinsys.diam.filters.AuthenticationFilter [http-nio-9999-exec-1] inside request param validation
2022-03-11 14:12:52,632 INFO com.vinsys.diam.filters.AuthenticationFilter [http-nio-9999-exec-1] In Timestamp validation
2022-03-11 14:12:52,634 INFO com.vinsys.diam.filters.AuthenticationFilter [http-nio-9999-exec-1] The timestamp difference is--
2022-03-11 14:12:52,635 INFO com.vinsys.diam.filters.AuthenticationFilter [http-nio-9999-exec-1] Validating auth key for consumerCode AMR with auth key bbcf4432d0d34e029d8a5a170a0e730d
2022-03-11 14:12:52,636 INFO com.vinsys.diam.filters.AuthenticationFilter [http-nio-9999-exec-1] Inside getAuthKeyFromDB..
2022-03-11 14:12:52,996 INFO com.vinsys.diam.filters.AuthenticationFilter [http-nio-9999-exec-1] Auth Key from DB for Consumer code AMR is  bbcf4432d0d34e029d8a5a170a0e730d
2022-03-11 14:12:52,997 INFO com.vinsys.diam.filters.AuthenticationFilter [http-nio-9999-exec-1] Inside getAuthKeyFromDB..
2022-03-11 14:12:53,258 INFO com.vinsys.diam.filters.AuthenticationFilter [http-nio-9999-exec-1] Whitelisted
2022-03-11 14:12:53,259 INFO com.vinsys.diam.filters.AuthenticationFilter [http-nio-9999-exec-1] Inside is whiteListed
2022-03-11 14:12:53,630 INFO com.vinsys.diam.controllers.PAWESBServices [http-nio-9999-exec-1] Entered::AbstractEmailDelivery::getRestTemplate()
2022-03-11 14:12:54,183 INFO com.vinsys.diam.interceptor.BaseInterceptor [http-nio-9999-exec-1] In post handle
2022-03-11 14:12:54,185 INFO com.vinsys.diam.processors.AuditLogProcessor [http-nio-9999-exec-1] Auditing records in AuditDataProcessor.
2022-03-11 14:12:54,564 INFO com.vinsys.diam.processors.AuditLogProcessor [pool-2-thread-1] Auditing in database.
2022-03-11 14:16:52,901 INFO org.springframework.boot.admin.SpringApplicationAdminMXBeanRegistrar$SpringApplicationAdmin [RMI TCP Connection(15)-127.0.0.1] Application shutdown requested.
2022-03-11 14:16:52,937 INFO org.springframework.scheduling.concurrent.ExecutorConfigurationSupport [RMI TCP Connection(15)-127.0.0.1] Shutting down ExecutorService 'applicationTaskExecutor'
2022-03-11 14:17:05,514 INFO org.springframework.boot.StartupInfoLogger [main] Starting DemoApplication using Java 16.0.1 on VINSYSLT0182 with PID 7832 (D:\PAW\updated_PAW_ESB\paw-esb-services\target\classes started by admin in D:\PAW\updated_PAW_ESB\paw-esb-services)
2022-03-11 14:17:05,517 INFO org.springframework.boot.SpringApplication [main] No active profile set, falling back to default profiles: default
2022-03-11 14:17:10,596 INFO org.springframework.context.support.PostProcessorRegistrationDelegate$BeanPostProcessorChecker [main] Bean 'org.springframework.ws.config.annotation.DelegatingWsConfiguration' of type [org.springframework.ws.config.annotation.DelegatingWsConfiguration$$EnhancerBySpringCGLIB$$564b9c5b] is not eligible for getting processed by all BeanPostProcessors (for example: not eligible for auto-proxying)
2022-03-11 14:17:10,628 INFO org.springframework.ws.soap.addressing.server.AbstractAddressingEndpointMapping [main] Supporting [WS-Addressing August 2004, WS-Addressing 1.0]
2022-03-11 14:17:10,834 INFO org.springframework.boot.web.embedded.tomcat.TomcatWebServer [main] Tomcat initialized with port(s): 9999 (http)
2022-03-11 14:17:10,844 INFO org.apache.juli.logging.DirectJDKLog [main] Initializing ProtocolHandler ["http-nio-9999"]
2022-03-11 14:17:10,845 INFO org.apache.juli.logging.DirectJDKLog [main] Starting service [Tomcat]
2022-03-11 14:17:10,845 INFO org.apache.juli.logging.DirectJDKLog [main] Starting Servlet engine: [Apache Tomcat/9.0.45]
2022-03-11 14:17:10,967 INFO org.apache.juli.logging.DirectJDKLog [main] Initializing Spring embedded WebApplicationContext
2022-03-11 14:17:10,967 INFO org.springframework.boot.web.servlet.context.ServletWebServerApplicationContext [main] Root WebApplicationContext: initialization completed in 5395 ms
2022-03-11 14:17:11,288 INFO org.springframework.ws.soap.saaj.SaajSoapMessageFactory [main] Creating SAAJ 1.3 MessageFactory with SOAP 1.1 Protocol
2022-03-11 14:17:11,394 INFO org.springframework.scheduling.concurrent.ExecutorConfigurationSupport [main] Initializing ExecutorService 'applicationTaskExecutor'
2022-03-11 14:17:11,782 INFO org.springframework.boot.actuate.endpoint.web.EndpointLinksResolver [main] Exposing 2 endpoint(s) beneath base path '/actuator'
2022-03-11 14:17:11,803 INFO org.apache.juli.logging.DirectJDKLog [main] Starting ProtocolHandler ["http-nio-9999"]
2022-03-11 14:17:11,844 INFO org.springframework.boot.web.embedded.tomcat.TomcatWebServer [main] Tomcat started on port(s): 9999 (http) with context path ''
2022-03-11 14:17:11,860 INFO org.springframework.boot.StartupInfoLogger [main] Started DemoApplication in 6.678 seconds (JVM running for 7.887)
2022-03-11 14:17:12,680 INFO org.apache.juli.logging.DirectJDKLog [RMI TCP Connection(3)-127.0.0.1] Initializing Spring DispatcherServlet 'dispatcherServlet'
2022-03-11 14:17:12,681 INFO org.springframework.web.servlet.FrameworkServlet [RMI TCP Connection(3)-127.0.0.1] Initializing Servlet 'dispatcherServlet'
2022-03-11 14:17:12,684 INFO org.springframework.web.servlet.FrameworkServlet [RMI TCP Connection(3)-127.0.0.1] Completed initialization in 2 ms
2022-03-11 14:17:22,389 INFO com.vinsys.diam.interceptor.BaseInterceptor [http-nio-9999-exec-1] Inside prehandle
2022-03-11 14:17:22,398 INFO com.vinsys.diam.interceptor.BaseInterceptor [http-nio-9999-exec-1] ############Request Processing started for request-id AMR-INT223451232 and esbURL is /api/v1/getdata
2022-03-11 14:17:22,402 INFO com.vinsys.diam.filters.GetDetails [http-nio-9999-exec-1] Inside getEncryption status.. for service code getdata
2022-03-11 14:17:23,563 INFO com.vinsys.diam.interceptor.BaseInterceptor [http-nio-9999-exec-1] Inside DDOS filtering
2022-03-11 14:17:23,564 INFO com.vinsys.diam.filters.GetDetails [http-nio-9999-exec-1] Inside get error codes.
2022-03-11 14:17:23,903 INFO com.vinsys.diam.filters.AuthenticationFilter [http-nio-9999-exec-1] inside request param validation
2022-03-11 14:17:23,904 INFO com.vinsys.diam.filters.AuthenticationFilter [http-nio-9999-exec-1] In Timestamp validation
2022-03-11 14:17:23,906 INFO com.vinsys.diam.filters.AuthenticationFilter [http-nio-9999-exec-1] The timestamp difference is--
2022-03-11 14:17:23,907 INFO com.vinsys.diam.filters.AuthenticationFilter [http-nio-9999-exec-1] Validating auth key for consumerCode AMR with auth key bbcf4432d0d34e029d8a5a170a0e730d
2022-03-11 14:17:23,907 INFO com.vinsys.diam.filters.AuthenticationFilter [http-nio-9999-exec-1] Inside getAuthKeyFromDB..
2022-03-11 14:17:24,215 INFO com.vinsys.diam.filters.AuthenticationFilter [http-nio-9999-exec-1] Auth Key from DB for Consumer code AMR is  bbcf4432d0d34e029d8a5a170a0e730d
2022-03-11 14:17:24,216 INFO com.vinsys.diam.filters.AuthenticationFilter [http-nio-9999-exec-1] Inside getAuthKeyFromDB..
2022-03-11 14:17:24,483 INFO com.vinsys.diam.filters.AuthenticationFilter [http-nio-9999-exec-1] Whitelisted
2022-03-11 14:17:24,484 INFO com.vinsys.diam.filters.AuthenticationFilter [http-nio-9999-exec-1] Inside is whiteListed
2022-03-11 14:17:24,821 INFO com.vinsys.diam.controllers.PAWESBServices [http-nio-9999-exec-1] Entered::AbstractEmailDelivery::getRestTemplate()
2022-03-11 14:17:25,094 INFO com.vinsys.diam.interceptor.BaseInterceptor [http-nio-9999-exec-1] In post handle
2022-03-11 14:17:25,096 INFO com.vinsys.diam.processors.AuditLogProcessor [http-nio-9999-exec-1] Auditing records in AuditDataProcessor.
2022-03-11 14:17:25,490 INFO com.vinsys.diam.processors.AuditLogProcessor [pool-2-thread-1] Auditing in database.
2022-03-11 14:18:48,044 INFO org.springframework.boot.admin.SpringApplicationAdminMXBeanRegistrar$SpringApplicationAdmin [RMI TCP Connection(13)-127.0.0.1] Application shutdown requested.
2022-03-11 14:18:48,079 INFO org.springframework.scheduling.concurrent.ExecutorConfigurationSupport [RMI TCP Connection(13)-127.0.0.1] Shutting down ExecutorService 'applicationTaskExecutor'
2022-03-11 14:18:52,971 INFO org.springframework.boot.StartupInfoLogger [main] Starting DemoApplication using Java 16.0.1 on VINSYSLT0182 with PID 17016 (D:\PAW\updated_PAW_ESB\paw-esb-services\target\classes started by admin in D:\PAW\updated_PAW_ESB\paw-esb-services)
2022-03-11 14:18:52,977 INFO org.springframework.boot.SpringApplication [main] No active profile set, falling back to default profiles: default
2022-03-11 14:18:57,328 INFO org.springframework.context.support.PostProcessorRegistrationDelegate$BeanPostProcessorChecker [main] Bean 'org.springframework.ws.config.annotation.DelegatingWsConfiguration' of type [org.springframework.ws.config.annotation.DelegatingWsConfiguration$$EnhancerBySpringCGLIB$$ddb0c891] is not eligible for getting processed by all BeanPostProcessors (for example: not eligible for auto-proxying)
2022-03-11 14:18:57,361 INFO org.springframework.ws.soap.addressing.server.AbstractAddressingEndpointMapping [main] Supporting [WS-Addressing August 2004, WS-Addressing 1.0]
2022-03-11 14:18:57,579 INFO org.springframework.boot.web.embedded.tomcat.TomcatWebServer [main] Tomcat initialized with port(s): 9999 (http)
2022-03-11 14:18:57,589 INFO org.apache.juli.logging.DirectJDKLog [main] Initializing ProtocolHandler ["http-nio-9999"]
2022-03-11 14:18:57,590 INFO org.apache.juli.logging.DirectJDKLog [main] Starting service [Tomcat]
2022-03-11 14:18:57,591 INFO org.apache.juli.logging.DirectJDKLog [main] Starting Servlet engine: [Apache Tomcat/9.0.45]
2022-03-11 14:18:57,690 INFO org.apache.juli.logging.DirectJDKLog [main] Initializing Spring embedded WebApplicationContext
2022-03-11 14:18:57,690 INFO org.springframework.boot.web.servlet.context.ServletWebServerApplicationContext [main] Root WebApplicationContext: initialization completed in 4643 ms
2022-03-11 14:18:58,020 INFO org.springframework.ws.soap.saaj.SaajSoapMessageFactory [main] Creating SAAJ 1.3 MessageFactory with SOAP 1.1 Protocol
2022-03-11 14:18:58,123 INFO org.springframework.scheduling.concurrent.ExecutorConfigurationSupport [main] Initializing ExecutorService 'applicationTaskExecutor'
2022-03-11 14:18:58,449 INFO org.springframework.boot.actuate.endpoint.web.EndpointLinksResolver [main] Exposing 2 endpoint(s) beneath base path '/actuator'
2022-03-11 14:18:58,469 INFO org.apache.juli.logging.DirectJDKLog [main] Starting ProtocolHandler ["http-nio-9999"]
2022-03-11 14:18:58,513 INFO org.springframework.boot.web.embedded.tomcat.TomcatWebServer [main] Tomcat started on port(s): 9999 (http) with context path ''
2022-03-11 14:18:58,530 INFO org.springframework.boot.StartupInfoLogger [main] Started DemoApplication in 5.897 seconds (JVM running for 7.07)
2022-03-11 14:18:59,677 INFO org.apache.juli.logging.DirectJDKLog [RMI TCP Connection(3)-127.0.0.1] Initializing Spring DispatcherServlet 'dispatcherServlet'
2022-03-11 14:18:59,678 INFO org.springframework.web.servlet.FrameworkServlet [RMI TCP Connection(3)-127.0.0.1] Initializing Servlet 'dispatcherServlet'
2022-03-11 14:18:59,679 INFO org.springframework.web.servlet.FrameworkServlet [RMI TCP Connection(3)-127.0.0.1] Completed initialization in 1 ms
2022-03-11 14:19:05,186 INFO com.vinsys.diam.interceptor.BaseInterceptor [http-nio-9999-exec-2] Inside prehandle
2022-03-11 14:19:05,189 INFO com.vinsys.diam.interceptor.BaseInterceptor [http-nio-9999-exec-2] ############Request Processing started for request-id AMR-INT223451232 and esbURL is /api/v1/getdata
2022-03-11 14:19:05,191 INFO com.vinsys.diam.filters.GetDetails [http-nio-9999-exec-2] Inside getEncryption status.. for service code getdata
2022-03-11 14:19:05,906 INFO com.vinsys.diam.interceptor.BaseInterceptor [http-nio-9999-exec-2] Inside DDOS filtering
2022-03-11 14:19:05,907 INFO com.vinsys.diam.filters.GetDetails [http-nio-9999-exec-2] Inside get error codes.
2022-03-11 14:19:06,182 INFO com.vinsys.diam.filters.AuthenticationFilter [http-nio-9999-exec-2] inside request param validation
2022-03-11 14:19:06,183 INFO com.vinsys.diam.filters.AuthenticationFilter [http-nio-9999-exec-2] In Timestamp validation
2022-03-11 14:19:06,184 INFO com.vinsys.diam.filters.AuthenticationFilter [http-nio-9999-exec-2] The timestamp difference is--
2022-03-11 14:19:06,185 INFO com.vinsys.diam.filters.AuthenticationFilter [http-nio-9999-exec-2] Validating auth key for consumerCode AMR with auth key bbcf4432d0d34e029d8a5a170a0e730d
2022-03-11 14:19:06,186 INFO com.vinsys.diam.filters.AuthenticationFilter [http-nio-9999-exec-2] Inside getAuthKeyFromDB..
2022-03-11 14:19:06,424 INFO com.vinsys.diam.filters.AuthenticationFilter [http-nio-9999-exec-2] Auth Key from DB for Consumer code AMR is  bbcf4432d0d34e029d8a5a170a0e730d
2022-03-11 14:19:06,424 INFO com.vinsys.diam.filters.AuthenticationFilter [http-nio-9999-exec-2] Inside getAuthKeyFromDB..
2022-03-11 14:19:06,764 INFO com.vinsys.diam.filters.AuthenticationFilter [http-nio-9999-exec-2] Whitelisted
2022-03-11 14:19:06,764 INFO com.vinsys.diam.filters.AuthenticationFilter [http-nio-9999-exec-2] Inside is whiteListed
2022-03-11 14:19:07,046 INFO com.vinsys.diam.controllers.PAWESBServices [http-nio-9999-exec-2] Entered::AbstractEmailDelivery::getRestTemplate()
2022-03-11 14:19:07,367 INFO com.vinsys.diam.interceptor.BaseInterceptor [http-nio-9999-exec-2] In post handle
2022-03-11 14:19:07,369 INFO com.vinsys.diam.processors.AuditLogProcessor [http-nio-9999-exec-2] Auditing records in AuditDataProcessor.
2022-03-11 14:19:07,772 INFO com.vinsys.diam.processors.AuditLogProcessor [pool-2-thread-1] Auditing in database.
2022-03-11 14:23:26,151 INFO org.springframework.boot.admin.SpringApplicationAdminMXBeanRegistrar$SpringApplicationAdmin [RMI TCP Connection(15)-127.0.0.1] Application shutdown requested.
2022-03-11 14:23:26,196 INFO org.springframework.scheduling.concurrent.ExecutorConfigurationSupport [RMI TCP Connection(15)-127.0.0.1] Shutting down ExecutorService 'applicationTaskExecutor'
2022-03-11 14:23:30,829 INFO org.springframework.boot.StartupInfoLogger [main] Starting DemoApplication using Java 16.0.1 on VINSYSLT0182 with PID 1400 (D:\PAW\updated_PAW_ESB\paw-esb-services\target\classes started by admin in D:\PAW\updated_PAW_ESB\paw-esb-services)
2022-03-11 14:23:30,833 INFO org.springframework.boot.SpringApplication [main] No active profile set, falling back to default profiles: default
2022-03-11 14:23:35,232 INFO org.springframework.context.support.PostProcessorRegistrationDelegate$BeanPostProcessorChecker [main] Bean 'org.springframework.ws.config.annotation.DelegatingWsConfiguration' of type [org.springframework.ws.config.annotation.DelegatingWsConfiguration$$EnhancerBySpringCGLIB$$2c24f4b9] is not eligible for getting processed by all BeanPostProcessors (for example: not eligible for auto-proxying)
2022-03-11 14:23:35,263 INFO org.springframework.ws.soap.addressing.server.AbstractAddressingEndpointMapping [main] Supporting [WS-Addressing August 2004, WS-Addressing 1.0]
2022-03-11 14:23:35,487 INFO org.springframework.boot.web.embedded.tomcat.TomcatWebServer [main] Tomcat initialized with port(s): 9999 (http)
2022-03-11 14:23:35,498 INFO org.apache.juli.logging.DirectJDKLog [main] Initializing ProtocolHandler ["http-nio-9999"]
2022-03-11 14:23:35,499 INFO org.apache.juli.logging.DirectJDKLog [main] Starting service [Tomcat]
2022-03-11 14:23:35,499 INFO org.apache.juli.logging.DirectJDKLog [main] Starting Servlet engine: [Apache Tomcat/9.0.45]
2022-03-11 14:23:35,609 INFO org.apache.juli.logging.DirectJDKLog [main] Initializing Spring embedded WebApplicationContext
2022-03-11 14:23:35,609 INFO org.springframework.boot.web.servlet.context.ServletWebServerApplicationContext [main] Root WebApplicationContext: initialization completed in 4729 ms
2022-03-11 14:23:35,941 INFO org.springframework.ws.soap.saaj.SaajSoapMessageFactory [main] Creating SAAJ 1.3 MessageFactory with SOAP 1.1 Protocol
2022-03-11 14:23:36,042 INFO org.springframework.scheduling.concurrent.ExecutorConfigurationSupport [main] Initializing ExecutorService 'applicationTaskExecutor'
2022-03-11 14:23:36,362 INFO org.springframework.boot.actuate.endpoint.web.EndpointLinksResolver [main] Exposing 2 endpoint(s) beneath base path '/actuator'
2022-03-11 14:23:36,384 INFO org.apache.juli.logging.DirectJDKLog [main] Starting ProtocolHandler ["http-nio-9999"]
2022-03-11 14:23:36,434 INFO org.springframework.boot.web.embedded.tomcat.TomcatWebServer [main] Tomcat started on port(s): 9999 (http) with context path ''
2022-03-11 14:23:36,447 INFO org.springframework.boot.StartupInfoLogger [main] Started DemoApplication in 5.934 seconds (JVM running for 6.906)
2022-03-11 14:23:36,594 INFO org.apache.juli.logging.DirectJDKLog [RMI TCP Connection(3)-127.0.0.1] Initializing Spring DispatcherServlet 'dispatcherServlet'
2022-03-11 14:23:36,594 INFO org.springframework.web.servlet.FrameworkServlet [RMI TCP Connection(3)-127.0.0.1] Initializing Servlet 'dispatcherServlet'
2022-03-11 14:23:36,596 INFO org.springframework.web.servlet.FrameworkServlet [RMI TCP Connection(3)-127.0.0.1] Completed initialization in 1 ms
2022-03-11 14:23:42,201 INFO com.vinsys.diam.interceptor.BaseInterceptor [http-nio-9999-exec-2] Inside prehandle
2022-03-11 14:23:42,206 INFO com.vinsys.diam.interceptor.BaseInterceptor [http-nio-9999-exec-2] ############Request Processing started for request-id AMR-INT223451232 and esbURL is /api/v1/getdata
2022-03-11 14:23:42,208 INFO com.vinsys.diam.filters.GetDetails [http-nio-9999-exec-2] Inside getEncryption status.. for service code getdata
2022-03-11 14:23:42,902 INFO com.vinsys.diam.interceptor.BaseInterceptor [http-nio-9999-exec-2] Inside DDOS filtering
2022-03-11 14:23:42,904 INFO com.vinsys.diam.filters.GetDetails [http-nio-9999-exec-2] Inside get error codes.
2022-03-11 14:23:43,160 INFO com.vinsys.diam.filters.AuthenticationFilter [http-nio-9999-exec-2] inside request param validation
2022-03-11 14:23:43,161 INFO com.vinsys.diam.filters.AuthenticationFilter [http-nio-9999-exec-2] In Timestamp validation
2022-03-11 14:23:43,162 INFO com.vinsys.diam.filters.AuthenticationFilter [http-nio-9999-exec-2] The timestamp difference is--
2022-03-11 14:23:43,164 ERROR com.vinsys.diam.interceptor.BaseInterceptor [http-nio-9999-exec-2] Invalid timestamp
2022-03-11 14:23:43,165 INFO com.vinsys.diam.processors.ExceptionProcessor [http-nio-9999-exec-2] Auditing records in AuditDataProcessor.
2022-03-11 14:23:43,395 INFO com.vinsys.diam.processors.ExceptionProcessor [pool-2-thread-1] Auditing in database.
2022-03-11 14:23:50,518 INFO com.vinsys.diam.interceptor.BaseInterceptor [http-nio-9999-exec-3] Inside prehandle
2022-03-11 14:23:50,518 INFO com.vinsys.diam.interceptor.BaseInterceptor [http-nio-9999-exec-3] ############Request Processing started for request-id AMR-INT223451232 and esbURL is /api/v1/getdata
2022-03-11 14:23:50,519 INFO com.vinsys.diam.filters.GetDetails [http-nio-9999-exec-3] Inside getEncryption status.. for service code getdata
2022-03-11 14:23:50,791 INFO com.vinsys.diam.interceptor.BaseInterceptor [http-nio-9999-exec-3] Inside DDOS filtering
2022-03-11 14:23:50,791 INFO com.vinsys.diam.filters.GetDetails [http-nio-9999-exec-3] Inside get error codes.
2022-03-11 14:23:51,102 INFO com.vinsys.diam.filters.AuthenticationFilter [http-nio-9999-exec-3] inside request param validation
2022-03-11 14:23:51,103 INFO com.vinsys.diam.filters.AuthenticationFilter [http-nio-9999-exec-3] In Timestamp validation
2022-03-11 14:23:51,104 INFO com.vinsys.diam.filters.AuthenticationFilter [http-nio-9999-exec-3] The timestamp difference is--
2022-03-11 14:23:51,104 INFO com.vinsys.diam.filters.AuthenticationFilter [http-nio-9999-exec-3] Validating auth key for consumerCode AMR with auth key bbcf4432d0d34e029d8a5a170a0e730d
2022-03-11 14:23:51,105 INFO com.vinsys.diam.filters.AuthenticationFilter [http-nio-9999-exec-3] Inside getAuthKeyFromDB..
2022-03-11 14:23:51,392 INFO com.vinsys.diam.filters.AuthenticationFilter [http-nio-9999-exec-3] Auth Key from DB for Consumer code AMR is  bbcf4432d0d34e029d8a5a170a0e730d
2022-03-11 14:23:51,392 INFO com.vinsys.diam.filters.AuthenticationFilter [http-nio-9999-exec-3] Inside getAuthKeyFromDB..
2022-03-11 14:23:51,644 INFO com.vinsys.diam.filters.AuthenticationFilter [http-nio-9999-exec-3] Whitelisted
2022-03-11 14:23:51,645 INFO com.vinsys.diam.filters.AuthenticationFilter [http-nio-9999-exec-3] Inside is whiteListed
2022-03-11 14:23:52,041 INFO com.vinsys.diam.controllers.PAWESBServices [http-nio-9999-exec-3] Entered::AbstractEmailDelivery::getRestTemplate()
2022-03-11 14:23:52,385 INFO com.vinsys.diam.interceptor.BaseInterceptor [http-nio-9999-exec-3] In post handle
2022-03-11 14:23:52,390 INFO com.vinsys.diam.processors.AuditLogProcessor [http-nio-9999-exec-3] Auditing records in AuditDataProcessor.
2022-03-11 14:23:52,793 INFO com.vinsys.diam.processors.AuditLogProcessor [pool-3-thread-1] Auditing in database.
2022-03-11 14:25:55,079 INFO org.springframework.boot.admin.SpringApplicationAdminMXBeanRegistrar$SpringApplicationAdmin [RMI TCP Connection(13)-127.0.0.1] Application shutdown requested.
2022-03-11 14:25:55,118 INFO org.springframework.scheduling.concurrent.ExecutorConfigurationSupport [RMI TCP Connection(13)-127.0.0.1] Shutting down ExecutorService 'applicationTaskExecutor'
2022-03-11 14:25:59,666 INFO org.springframework.boot.StartupInfoLogger [main] Starting DemoApplication using Java 16.0.1 on VINSYSLT0182 with PID 22448 (D:\PAW\updated_PAW_ESB\paw-esb-services\target\classes started by admin in D:\PAW\updated_PAW_ESB\paw-esb-services)
2022-03-11 14:25:59,669 INFO org.springframework.boot.SpringApplication [main] No active profile set, falling back to default profiles: default
2022-03-11 14:26:04,205 INFO org.springframework.context.support.PostProcessorRegistrationDelegate$BeanPostProcessorChecker [main] Bean 'org.springframework.ws.config.annotation.DelegatingWsConfiguration' of type [org.springframework.ws.config.annotation.DelegatingWsConfiguration$$EnhancerBySpringCGLIB$$d8be2ed6] is not eligible for getting processed by all BeanPostProcessors (for example: not eligible for auto-proxying)
2022-03-11 14:26:04,239 INFO org.springframework.ws.soap.addressing.server.AbstractAddressingEndpointMapping [main] Supporting [WS-Addressing August 2004, WS-Addressing 1.0]
2022-03-11 14:26:04,470 INFO org.springframework.boot.web.embedded.tomcat.TomcatWebServer [main] Tomcat initialized with port(s): 9999 (http)
2022-03-11 14:26:04,483 INFO org.apache.juli.logging.DirectJDKLog [main] Initializing ProtocolHandler ["http-nio-9999"]
2022-03-11 14:26:04,483 INFO org.apache.juli.logging.DirectJDKLog [main] Starting service [Tomcat]
2022-03-11 14:26:04,483 INFO org.apache.juli.logging.DirectJDKLog [main] Starting Servlet engine: [Apache Tomcat/9.0.45]
2022-03-11 14:26:04,606 INFO org.apache.juli.logging.DirectJDKLog [main] Initializing Spring embedded WebApplicationContext
2022-03-11 14:26:04,607 INFO org.springframework.boot.web.servlet.context.ServletWebServerApplicationContext [main] Root WebApplicationContext: initialization completed in 4883 ms
2022-03-11 14:26:04,964 INFO org.springframework.ws.soap.saaj.SaajSoapMessageFactory [main] Creating SAAJ 1.3 MessageFactory with SOAP 1.1 Protocol
2022-03-11 14:26:05,069 INFO org.springframework.scheduling.concurrent.ExecutorConfigurationSupport [main] Initializing ExecutorService 'applicationTaskExecutor'
2022-03-11 14:26:05,399 INFO org.springframework.boot.actuate.endpoint.web.EndpointLinksResolver [main] Exposing 2 endpoint(s) beneath base path '/actuator'
2022-03-11 14:26:05,421 INFO org.apache.juli.logging.DirectJDKLog [main] Starting ProtocolHandler ["http-nio-9999"]
2022-03-11 14:26:05,476 INFO org.springframework.boot.web.embedded.tomcat.TomcatWebServer [main] Tomcat started on port(s): 9999 (http) with context path ''
2022-03-11 14:26:05,488 INFO org.springframework.boot.StartupInfoLogger [main] Started DemoApplication in 6.153 seconds (JVM running for 7.084)
2022-03-11 14:26:05,977 INFO org.apache.juli.logging.DirectJDKLog [RMI TCP Connection(4)-127.0.0.1] Initializing Spring DispatcherServlet 'dispatcherServlet'
2022-03-11 14:26:05,977 INFO org.springframework.web.servlet.FrameworkServlet [RMI TCP Connection(4)-127.0.0.1] Initializing Servlet 'dispatcherServlet'
2022-03-11 14:26:05,978 INFO org.springframework.web.servlet.FrameworkServlet [RMI TCP Connection(4)-127.0.0.1] Completed initialization in 1 ms
2022-03-11 14:26:12,176 INFO com.vinsys.diam.interceptor.BaseInterceptor [http-nio-9999-exec-1] Inside prehandle
2022-03-11 14:26:12,179 INFO com.vinsys.diam.interceptor.BaseInterceptor [http-nio-9999-exec-1] ############Request Processing started for request-id AMR-INT223451232 and esbURL is /api/v1/getdata
2022-03-11 14:26:12,181 INFO com.vinsys.diam.filters.GetDetails [http-nio-9999-exec-1] Inside getEncryption status.. for service code getdata
2022-03-11 14:26:12,883 INFO com.vinsys.diam.interceptor.BaseInterceptor [http-nio-9999-exec-1] Inside DDOS filtering
2022-03-11 14:26:12,883 INFO com.vinsys.diam.filters.GetDetails [http-nio-9999-exec-1] Inside get error codes.
2022-03-11 14:26:13,110 INFO com.vinsys.diam.filters.AuthenticationFilter [http-nio-9999-exec-1] inside request param validation
2022-03-11 14:26:13,110 INFO com.vinsys.diam.filters.AuthenticationFilter [http-nio-9999-exec-1] In Timestamp validation
2022-03-11 14:26:13,112 INFO com.vinsys.diam.filters.AuthenticationFilter [http-nio-9999-exec-1] The timestamp difference is--
2022-03-11 14:26:13,112 INFO com.vinsys.diam.filters.AuthenticationFilter [http-nio-9999-exec-1] Validating auth key for consumerCode AMR with auth key bbcf4432d0d34e029d8a5a170a0e730d
2022-03-11 14:26:13,113 INFO com.vinsys.diam.filters.AuthenticationFilter [http-nio-9999-exec-1] Inside getAuthKeyFromDB..
2022-03-11 14:26:13,430 INFO com.vinsys.diam.filters.AuthenticationFilter [http-nio-9999-exec-1] Auth Key from DB for Consumer code AMR is  bbcf4432d0d34e029d8a5a170a0e730d
2022-03-11 14:26:13,431 INFO com.vinsys.diam.filters.AuthenticationFilter [http-nio-9999-exec-1] Inside getAuthKeyFromDB..
2022-03-11 14:26:13,642 INFO com.vinsys.diam.filters.AuthenticationFilter [http-nio-9999-exec-1] Whitelisted
2022-03-11 14:26:13,643 INFO com.vinsys.diam.filters.AuthenticationFilter [http-nio-9999-exec-1] Inside is whiteListed
2022-03-11 14:26:13,926 INFO com.vinsys.diam.controllers.PAWESBServices [http-nio-9999-exec-1] Entered::AbstractEmailDelivery::getRestTemplate()
2022-03-11 14:26:14,493 INFO com.vinsys.diam.interceptor.BaseInterceptor [http-nio-9999-exec-1] In post handle
2022-03-11 14:26:14,495 INFO com.vinsys.diam.processors.AuditLogProcessor [http-nio-9999-exec-1] Auditing records in AuditDataProcessor.
2022-03-11 14:26:14,880 INFO com.vinsys.diam.processors.AuditLogProcessor [pool-2-thread-1] Auditing in database.
2022-03-11 14:33:01,703 INFO com.vinsys.diam.interceptor.BaseInterceptor [http-nio-9999-exec-5] Inside prehandle
2022-03-11 14:33:01,704 INFO com.vinsys.diam.interceptor.BaseInterceptor [http-nio-9999-exec-5] ############Request Processing started for request-id AMR-INT223451232 and esbURL is /api/v1/getdata
2022-03-11 14:33:01,705 INFO com.vinsys.diam.filters.GetDetails [http-nio-9999-exec-5] Inside getEncryption status.. for service code getdata
2022-03-11 14:33:01,988 INFO com.vinsys.diam.interceptor.BaseInterceptor [http-nio-9999-exec-5] Inside DDOS filtering
2022-03-11 14:33:01,989 INFO com.vinsys.diam.filters.GetDetails [http-nio-9999-exec-5] Inside get error codes.
2022-03-11 14:33:02,278 INFO com.vinsys.diam.filters.AuthenticationFilter [http-nio-9999-exec-5] inside request param validation
2022-03-11 14:33:02,279 INFO com.vinsys.diam.filters.AuthenticationFilter [http-nio-9999-exec-5] In Timestamp validation
2022-03-11 14:33:02,280 INFO com.vinsys.diam.filters.AuthenticationFilter [http-nio-9999-exec-5] The timestamp difference is--
2022-03-11 14:33:02,280 INFO com.vinsys.diam.filters.AuthenticationFilter [http-nio-9999-exec-5] Validating auth key for consumerCode AMR with auth key bbcf4432d0d34e029d8a5a170a0e730d
2022-03-11 14:33:02,280 INFO com.vinsys.diam.filters.AuthenticationFilter [http-nio-9999-exec-5] Inside getAuthKeyFromDB..
2022-03-11 14:33:02,528 INFO com.vinsys.diam.filters.AuthenticationFilter [http-nio-9999-exec-5] Auth Key from DB for Consumer code AMR is  bbcf4432d0d34e029d8a5a170a0e730d
2022-03-11 14:33:02,529 INFO com.vinsys.diam.filters.AuthenticationFilter [http-nio-9999-exec-5] Inside getAuthKeyFromDB..
2022-03-11 14:33:02,738 INFO com.vinsys.diam.filters.AuthenticationFilter [http-nio-9999-exec-5] Whitelisted
2022-03-11 14:33:02,739 INFO com.vinsys.diam.filters.AuthenticationFilter [http-nio-9999-exec-5] Inside is whiteListed
2022-03-11 14:33:02,969 INFO com.vinsys.diam.controllers.PAWESBServices [http-nio-9999-exec-5] Entered::AbstractEmailDelivery::getRestTemplate()
2022-03-11 14:33:03,291 INFO com.vinsys.diam.interceptor.BaseInterceptor [http-nio-9999-exec-5] In post handle
2022-03-11 14:33:03,292 INFO com.vinsys.diam.processors.AuditLogProcessor [http-nio-9999-exec-5] Auditing records in AuditDataProcessor.
2022-03-11 14:33:03,645 INFO com.vinsys.diam.processors.AuditLogProcessor [pool-3-thread-1] Auditing in database.
2022-03-11 14:33:50,933 INFO org.springframework.boot.admin.SpringApplicationAdminMXBeanRegistrar$SpringApplicationAdmin [RMI TCP Connection(18)-127.0.0.1] Application shutdown requested.
2022-03-11 14:33:50,978 INFO org.springframework.scheduling.concurrent.ExecutorConfigurationSupport [RMI TCP Connection(18)-127.0.0.1] Shutting down ExecutorService 'applicationTaskExecutor'
2022-03-11 14:33:55,751 INFO org.springframework.boot.StartupInfoLogger [main] Starting DemoApplication using Java 16.0.1 on VINSYSLT0182 with PID 9904 (D:\PAW\updated_PAW_ESB\paw-esb-services\target\classes started by admin in D:\PAW\updated_PAW_ESB\paw-esb-services)
2022-03-11 14:33:55,754 INFO org.springframework.boot.SpringApplication [main] No active profile set, falling back to default profiles: default
2022-03-11 14:33:59,933 INFO org.springframework.context.support.PostProcessorRegistrationDelegate$BeanPostProcessorChecker [main] Bean 'org.springframework.ws.config.annotation.DelegatingWsConfiguration' of type [org.springframework.ws.config.annotation.DelegatingWsConfiguration$$EnhancerBySpringCGLIB$$f5196477] is not eligible for getting processed by all BeanPostProcessors (for example: not eligible for auto-proxying)
2022-03-11 14:33:59,966 INFO org.springframework.ws.soap.addressing.server.AbstractAddressingEndpointMapping [main] Supporting [WS-Addressing August 2004, WS-Addressing 1.0]
2022-03-11 14:34:00,187 INFO org.springframework.boot.web.embedded.tomcat.TomcatWebServer [main] Tomcat initialized with port(s): 9999 (http)
2022-03-11 14:34:00,200 INFO org.apache.juli.logging.DirectJDKLog [main] Initializing ProtocolHandler ["http-nio-9999"]
2022-03-11 14:34:00,201 INFO org.apache.juli.logging.DirectJDKLog [main] Starting service [Tomcat]
2022-03-11 14:34:00,202 INFO org.apache.juli.logging.DirectJDKLog [main] Starting Servlet engine: [Apache Tomcat/9.0.45]
2022-03-11 14:34:00,320 INFO org.apache.juli.logging.DirectJDKLog [main] Initializing Spring embedded WebApplicationContext
2022-03-11 14:34:00,320 INFO org.springframework.boot.web.servlet.context.ServletWebServerApplicationContext [main] Root WebApplicationContext: initialization completed in 4516 ms
2022-03-11 14:34:00,665 INFO org.springframework.ws.soap.saaj.SaajSoapMessageFactory [main] Creating SAAJ 1.3 MessageFactory with SOAP 1.1 Protocol
2022-03-11 14:34:00,777 INFO org.springframework.scheduling.concurrent.ExecutorConfigurationSupport [main] Initializing ExecutorService 'applicationTaskExecutor'
2022-03-11 14:34:01,114 INFO org.springframework.boot.actuate.endpoint.web.EndpointLinksResolver [main] Exposing 2 endpoint(s) beneath base path '/actuator'
2022-03-11 14:34:01,146 INFO org.apache.juli.logging.DirectJDKLog [main] Starting ProtocolHandler ["http-nio-9999"]
2022-03-11 14:34:01,197 INFO org.springframework.boot.web.embedded.tomcat.TomcatWebServer [main] Tomcat started on port(s): 9999 (http) with context path ''
2022-03-11 14:34:01,210 INFO org.springframework.boot.StartupInfoLogger [main] Started DemoApplication in 5.768 seconds (JVM running for 6.663)
2022-03-11 14:34:02,930 INFO org.apache.juli.logging.DirectJDKLog [RMI TCP Connection(4)-127.0.0.1] Initializing Spring DispatcherServlet 'dispatcherServlet'
2022-03-11 14:34:02,930 INFO org.springframework.web.servlet.FrameworkServlet [RMI TCP Connection(4)-127.0.0.1] Initializing Servlet 'dispatcherServlet'
2022-03-11 14:34:02,931 INFO org.springframework.web.servlet.FrameworkServlet [RMI TCP Connection(4)-127.0.0.1] Completed initialization in 1 ms
2022-03-11 14:34:08,000 INFO com.vinsys.diam.interceptor.BaseInterceptor [http-nio-9999-exec-2] Inside prehandle
2022-03-11 14:34:08,003 INFO com.vinsys.diam.interceptor.BaseInterceptor [http-nio-9999-exec-2] ############Request Processing started for request-id AMR-INT223451232 and esbURL is /api/v1/getdata
2022-03-11 14:34:08,005 INFO com.vinsys.diam.filters.GetDetails [http-nio-9999-exec-2] Inside getEncryption status.. for service code getdata
2022-03-11 14:34:08,618 INFO com.vinsys.diam.interceptor.BaseInterceptor [http-nio-9999-exec-2] Inside DDOS filtering
2022-03-11 14:34:08,618 INFO com.vinsys.diam.filters.GetDetails [http-nio-9999-exec-2] Inside get error codes.
2022-03-11 14:34:08,858 INFO com.vinsys.diam.filters.AuthenticationFilter [http-nio-9999-exec-2] inside request param validation
2022-03-11 14:34:08,859 INFO com.vinsys.diam.filters.AuthenticationFilter [http-nio-9999-exec-2] In Timestamp validation
2022-03-11 14:34:08,860 INFO com.vinsys.diam.filters.AuthenticationFilter [http-nio-9999-exec-2] The timestamp difference is--
2022-03-11 14:34:08,861 INFO com.vinsys.diam.filters.AuthenticationFilter [http-nio-9999-exec-2] Validating auth key for consumerCode AMR with auth key bbcf4432d0d34e029d8a5a170a0e730d
2022-03-11 14:34:08,862 INFO com.vinsys.diam.filters.AuthenticationFilter [http-nio-9999-exec-2] Inside getAuthKeyFromDB..
2022-03-11 14:34:09,148 INFO com.vinsys.diam.filters.AuthenticationFilter [http-nio-9999-exec-2] Auth Key from DB for Consumer code AMR is  bbcf4432d0d34e029d8a5a170a0e730d
2022-03-11 14:34:09,149 INFO com.vinsys.diam.filters.AuthenticationFilter [http-nio-9999-exec-2] Inside getAuthKeyFromDB..
2022-03-11 14:34:09,384 INFO com.vinsys.diam.filters.AuthenticationFilter [http-nio-9999-exec-2] Whitelisted
2022-03-11 14:34:09,386 INFO com.vinsys.diam.filters.AuthenticationFilter [http-nio-9999-exec-2] Inside is whiteListed
2022-03-11 14:34:09,645 INFO com.vinsys.diam.controllers.PAWESBServices [http-nio-9999-exec-2] Entered::AbstractEmailDelivery::getRestTemplate()
2022-03-11 14:34:09,768 INFO com.vinsys.diam.interceptor.BaseInterceptor [http-nio-9999-exec-2] In post handle
2022-03-11 14:34:09,776 INFO com.vinsys.diam.processors.AuditLogProcessor [http-nio-9999-exec-2] Auditing records in AuditDataProcessor.
2022-03-11 14:34:10,114 INFO com.vinsys.diam.processors.AuditLogProcessor [pool-2-thread-1] Auditing in database.
2022-03-11 14:35:34,924 INFO com.vinsys.diam.interceptor.BaseInterceptor [http-nio-9999-exec-5] Inside prehandle
2022-03-11 14:35:34,924 INFO com.vinsys.diam.interceptor.BaseInterceptor [http-nio-9999-exec-5] ############Request Processing started for request-id AMR-INT223451232 and esbURL is /api/v1/getdata
2022-03-11 14:35:34,925 INFO com.vinsys.diam.filters.GetDetails [http-nio-9999-exec-5] Inside getEncryption status.. for service code getdata
2022-03-11 14:35:35,227 INFO com.vinsys.diam.interceptor.BaseInterceptor [http-nio-9999-exec-5] Inside DDOS filtering
2022-03-11 14:35:35,227 INFO com.vinsys.diam.filters.GetDetails [http-nio-9999-exec-5] Inside get error codes.
2022-03-11 14:35:35,507 INFO com.vinsys.diam.filters.AuthenticationFilter [http-nio-9999-exec-5] inside request param validation
2022-03-11 14:35:35,508 INFO com.vinsys.diam.filters.AuthenticationFilter [http-nio-9999-exec-5] In Timestamp validation
2022-03-11 14:35:35,509 INFO com.vinsys.diam.filters.AuthenticationFilter [http-nio-9999-exec-5] The timestamp difference is--
2022-03-11 14:35:35,510 INFO com.vinsys.diam.filters.AuthenticationFilter [http-nio-9999-exec-5] Validating auth key for consumerCode AMR with auth key bbcf4432d0d34e029d8a5a170a0e730d
2022-03-11 14:35:35,511 INFO com.vinsys.diam.filters.AuthenticationFilter [http-nio-9999-exec-5] Inside getAuthKeyFromDB..
2022-03-11 14:35:35,798 INFO com.vinsys.diam.filters.AuthenticationFilter [http-nio-9999-exec-5] Auth Key from DB for Consumer code AMR is  bbcf4432d0d34e029d8a5a170a0e730d
2022-03-11 14:35:35,800 INFO com.vinsys.diam.filters.AuthenticationFilter [http-nio-9999-exec-5] Inside getAuthKeyFromDB..
2022-03-11 14:35:36,060 INFO com.vinsys.diam.filters.AuthenticationFilter [http-nio-9999-exec-5] Whitelisted
2022-03-11 14:35:36,060 INFO com.vinsys.diam.filters.AuthenticationFilter [http-nio-9999-exec-5] Inside is whiteListed
2022-03-11 14:35:36,308 INFO com.vinsys.diam.controllers.PAWESBServices [http-nio-9999-exec-5] Entered::AbstractEmailDelivery::getRestTemplate()
2022-03-11 14:35:36,502 INFO com.vinsys.diam.interceptor.BaseInterceptor [http-nio-9999-exec-5] In post handle
2022-03-11 14:35:36,503 INFO com.vinsys.diam.processors.AuditLogProcessor [http-nio-9999-exec-5] Auditing records in AuditDataProcessor.
2022-03-11 14:35:36,945 INFO com.vinsys.diam.processors.AuditLogProcessor [pool-3-thread-1] Auditing in database.
2022-03-11 15:15:19,276 INFO org.springframework.boot.admin.SpringApplicationAdminMXBeanRegistrar$SpringApplicationAdmin [RMI TCP Connection(54)-127.0.0.1] Application shutdown requested.
2022-03-11 15:15:19,313 INFO org.springframework.scheduling.concurrent.ExecutorConfigurationSupport [RMI TCP Connection(54)-127.0.0.1] Shutting down ExecutorService 'applicationTaskExecutor'
2022-03-11 15:26:31,986 INFO org.springframework.boot.StartupInfoLogger [main] Starting DemoApplication using Java 16.0.1 on VINSYSLT0182 with PID 16884 (D:\PAW\updated_PAW_ESB\paw-esb-services\target\classes started by admin in D:\PAW\updated_PAW_ESB\paw-esb-services)
2022-03-11 15:26:31,988 INFO org.springframework.boot.SpringApplication [main] No active profile set, falling back to default profiles: default
2022-03-11 15:26:37,090 INFO org.springframework.context.support.PostProcessorRegistrationDelegate$BeanPostProcessorChecker [main] Bean 'org.springframework.ws.config.annotation.DelegatingWsConfiguration' of type [org.springframework.ws.config.annotation.DelegatingWsConfiguration$$EnhancerBySpringCGLIB$$7bf74d9b] is not eligible for getting processed by all BeanPostProcessors (for example: not eligible for auto-proxying)
2022-03-11 15:26:37,129 INFO org.springframework.ws.soap.addressing.server.AbstractAddressingEndpointMapping [main] Supporting [WS-Addressing August 2004, WS-Addressing 1.0]
2022-03-11 15:26:37,442 INFO org.springframework.boot.web.embedded.tomcat.TomcatWebServer [main] Tomcat initialized with port(s): 9999 (http)
2022-03-11 15:26:37,455 INFO org.apache.juli.logging.DirectJDKLog [main] Initializing ProtocolHandler ["http-nio-9999"]
2022-03-11 15:26:37,455 INFO org.apache.juli.logging.DirectJDKLog [main] Starting service [Tomcat]
2022-03-11 15:26:37,456 INFO org.apache.juli.logging.DirectJDKLog [main] Starting Servlet engine: [Apache Tomcat/9.0.45]
2022-03-11 15:26:37,601 INFO org.apache.juli.logging.DirectJDKLog [main] Initializing Spring embedded WebApplicationContext
2022-03-11 15:26:37,601 INFO org.springframework.boot.web.servlet.context.ServletWebServerApplicationContext [main] Root WebApplicationContext: initialization completed in 5553 ms
2022-03-11 15:26:37,996 INFO org.springframework.ws.soap.saaj.SaajSoapMessageFactory [main] Creating SAAJ 1.3 MessageFactory with SOAP 1.1 Protocol
2022-03-11 15:26:38,139 INFO org.springframework.scheduling.concurrent.ExecutorConfigurationSupport [main] Initializing ExecutorService 'applicationTaskExecutor'
2022-03-11 15:26:38,468 INFO org.springframework.boot.actuate.endpoint.web.EndpointLinksResolver [main] Exposing 2 endpoint(s) beneath base path '/actuator'
2022-03-11 15:26:38,490 INFO org.apache.juli.logging.DirectJDKLog [main] Starting ProtocolHandler ["http-nio-9999"]
2022-03-11 15:26:38,546 INFO org.springframework.boot.web.embedded.tomcat.TomcatWebServer [main] Tomcat started on port(s): 9999 (http) with context path ''
2022-03-11 15:26:38,566 INFO org.springframework.boot.StartupInfoLogger [main] Started DemoApplication in 6.915 seconds (JVM running for 7.948)
2022-03-11 15:26:39,238 INFO org.apache.juli.logging.DirectJDKLog [RMI TCP Connection(3)-127.0.0.1] Initializing Spring DispatcherServlet 'dispatcherServlet'
2022-03-11 15:26:39,238 INFO org.springframework.web.servlet.FrameworkServlet [RMI TCP Connection(3)-127.0.0.1] Initializing Servlet 'dispatcherServlet'
2022-03-11 15:26:39,239 INFO org.springframework.web.servlet.FrameworkServlet [RMI TCP Connection(3)-127.0.0.1] Completed initialization in 0 ms
2022-03-11 15:27:29,303 INFO com.vinsys.diam.interceptor.BaseInterceptor [http-nio-9999-exec-1] Inside prehandle
2022-03-11 15:27:29,307 INFO com.vinsys.diam.interceptor.BaseInterceptor [http-nio-9999-exec-1] ############Request Processing started for request-id AMR-INT223451232 and esbURL is /api/v1/getdata
2022-03-11 15:27:29,309 INFO com.vinsys.diam.filters.GetDetails [http-nio-9999-exec-1] Inside getEncryption status.. for service code getdata
2022-03-11 15:27:29,950 INFO com.vinsys.diam.interceptor.BaseInterceptor [http-nio-9999-exec-1] Inside DDOS filtering
2022-03-11 15:27:29,950 INFO com.vinsys.diam.filters.GetDetails [http-nio-9999-exec-1] Inside get error codes.
2022-03-11 15:27:30,180 INFO com.vinsys.diam.filters.AuthenticationFilter [http-nio-9999-exec-1] inside request param validation
2022-03-11 15:27:30,180 INFO com.vinsys.diam.filters.AuthenticationFilter [http-nio-9999-exec-1] In Timestamp validation
2022-03-11 15:27:30,181 INFO com.vinsys.diam.filters.AuthenticationFilter [http-nio-9999-exec-1] The timestamp difference is--
2022-03-11 15:27:30,181 INFO com.vinsys.diam.filters.AuthenticationFilter [http-nio-9999-exec-1] Validating auth key for consumerCode AMR with auth key bbcf4432d0d34e029d8a5a170a0e730d
2022-03-11 15:27:30,181 INFO com.vinsys.diam.filters.AuthenticationFilter [http-nio-9999-exec-1] Inside getAuthKeyFromDB..
2022-03-11 15:27:30,390 INFO com.vinsys.diam.filters.AuthenticationFilter [http-nio-9999-exec-1] Auth Key from DB for Consumer code AMR is  bbcf4432d0d34e029d8a5a170a0e730d
2022-03-11 15:27:30,390 INFO com.vinsys.diam.filters.AuthenticationFilter [http-nio-9999-exec-1] Inside getAuthKeyFromDB..
2022-03-11 15:27:30,650 INFO com.vinsys.diam.filters.AuthenticationFilter [http-nio-9999-exec-1] Whitelisted
2022-03-11 15:27:30,650 INFO com.vinsys.diam.filters.AuthenticationFilter [http-nio-9999-exec-1] Inside is whiteListed
2022-03-11 15:27:30,903 INFO com.vinsys.diam.controllers.PAWESBServices [http-nio-9999-exec-1] Entered::AbstractEmailDelivery::getRestTemplate()
2022-03-11 15:27:31,226 INFO com.vinsys.diam.interceptor.BaseInterceptor [http-nio-9999-exec-1] In post handle
2022-03-11 15:27:31,228 INFO com.vinsys.diam.processors.AuditLogProcessor [http-nio-9999-exec-1] Auditing records in AuditDataProcessor.
2022-03-11 15:27:31,613 INFO com.vinsys.diam.processors.AuditLogProcessor [pool-2-thread-1] Auditing in database.
2022-03-11 15:34:03,937 INFO org.springframework.boot.admin.SpringApplicationAdminMXBeanRegistrar$SpringApplicationAdmin [RMI TCP Connection(21)-127.0.0.1] Application shutdown requested.
2022-03-11 15:34:03,976 INFO org.springframework.scheduling.concurrent.ExecutorConfigurationSupport [RMI TCP Connection(21)-127.0.0.1] Shutting down ExecutorService 'applicationTaskExecutor'
2022-03-11 15:34:08,926 INFO org.springframework.boot.StartupInfoLogger [main] Starting DemoApplication using Java 16.0.1 on VINSYSLT0182 with PID 14704 (D:\PAW\updated_PAW_ESB\paw-esb-services\target\classes started by admin in D:\PAW\updated_PAW_ESB\paw-esb-services)
2022-03-11 15:34:08,930 INFO org.springframework.boot.SpringApplication [main] No active profile set, falling back to default profiles: default
2022-03-11 15:34:13,752 INFO org.springframework.context.support.PostProcessorRegistrationDelegate$BeanPostProcessorChecker [main] Bean 'org.springframework.ws.config.annotation.DelegatingWsConfiguration' of type [org.springframework.ws.config.annotation.DelegatingWsConfiguration$$EnhancerBySpringCGLIB$$2c24f4b9] is not eligible for getting processed by all BeanPostProcessors (for example: not eligible for auto-proxying)
2022-03-11 15:34:13,789 INFO org.springframework.ws.soap.addressing.server.AbstractAddressingEndpointMapping [main] Supporting [WS-Addressing August 2004, WS-Addressing 1.0]
2022-03-11 15:34:14,044 INFO org.springframework.boot.web.embedded.tomcat.TomcatWebServer [main] Tomcat initialized with port(s): 9999 (http)
2022-03-11 15:34:14,058 INFO org.apache.juli.logging.DirectJDKLog [main] Initializing ProtocolHandler ["http-nio-9999"]
2022-03-11 15:34:14,059 INFO org.apache.juli.logging.DirectJDKLog [main] Starting service [Tomcat]
2022-03-11 15:34:14,059 INFO org.apache.juli.logging.DirectJDKLog [main] Starting Servlet engine: [Apache Tomcat/9.0.45]
2022-03-11 15:34:14,235 INFO org.apache.juli.logging.DirectJDKLog [main] Initializing Spring embedded WebApplicationContext
2022-03-11 15:34:14,235 INFO org.springframework.boot.web.servlet.context.ServletWebServerApplicationContext [main] Root WebApplicationContext: initialization completed in 5230 ms
2022-03-11 15:34:14,619 INFO org.springframework.ws.soap.saaj.SaajSoapMessageFactory [main] Creating SAAJ 1.3 MessageFactory with SOAP 1.1 Protocol
2022-03-11 15:34:14,725 INFO org.springframework.scheduling.concurrent.ExecutorConfigurationSupport [main] Initializing ExecutorService 'applicationTaskExecutor'
2022-03-11 15:34:15,173 INFO org.springframework.boot.actuate.endpoint.web.EndpointLinksResolver [main] Exposing 2 endpoint(s) beneath base path '/actuator'
2022-03-11 15:34:15,238 INFO org.apache.juli.logging.DirectJDKLog [main] Starting ProtocolHandler ["http-nio-9999"]
2022-03-11 15:34:15,333 INFO org.springframework.boot.web.embedded.tomcat.TomcatWebServer [main] Tomcat started on port(s): 9999 (http) with context path ''
2022-03-11 15:34:15,359 INFO org.springframework.boot.StartupInfoLogger [main] Started DemoApplication in 6.891 seconds (JVM running for 7.997)
2022-03-11 15:34:15,412 INFO org.apache.juli.logging.DirectJDKLog [RMI TCP Connection(3)-127.0.0.1] Initializing Spring DispatcherServlet 'dispatcherServlet'
2022-03-11 15:34:15,412 INFO org.springframework.web.servlet.FrameworkServlet [RMI TCP Connection(3)-127.0.0.1] Initializing Servlet 'dispatcherServlet'
2022-03-11 15:34:15,415 INFO org.springframework.web.servlet.FrameworkServlet [RMI TCP Connection(3)-127.0.0.1] Completed initialization in 3 ms
2022-03-11 15:34:54,518 INFO com.vinsys.diam.interceptor.BaseInterceptor [http-nio-9999-exec-1] Inside prehandle
2022-03-11 15:34:54,522 INFO com.vinsys.diam.interceptor.BaseInterceptor [http-nio-9999-exec-1] ############Request Processing started for request-id AMR-INT223451232 and esbURL is /api/v1/getdata
2022-03-11 15:34:54,525 INFO com.vinsys.diam.filters.GetDetails [http-nio-9999-exec-1] Inside getEncryption status.. for service code getdata
2022-03-11 15:34:55,192 INFO com.vinsys.diam.interceptor.BaseInterceptor [http-nio-9999-exec-1] Inside DDOS filtering
2022-03-11 15:34:55,192 INFO com.vinsys.diam.filters.GetDetails [http-nio-9999-exec-1] Inside get error codes.
2022-03-11 15:34:55,407 INFO com.vinsys.diam.filters.AuthenticationFilter [http-nio-9999-exec-1] inside request param validation
2022-03-11 15:34:55,408 INFO com.vinsys.diam.filters.AuthenticationFilter [http-nio-9999-exec-1] In Timestamp validation
2022-03-11 15:34:55,408 INFO com.vinsys.diam.filters.AuthenticationFilter [http-nio-9999-exec-1] The timestamp difference is--
2022-03-11 15:34:55,408 INFO com.vinsys.diam.filters.AuthenticationFilter [http-nio-9999-exec-1] Validating auth key for consumerCode AMR with auth key bbcf4432d0d34e029d8a5a170a0e730d
2022-03-11 15:34:55,409 INFO com.vinsys.diam.filters.AuthenticationFilter [http-nio-9999-exec-1] Inside getAuthKeyFromDB..
2022-03-11 15:34:55,609 INFO com.vinsys.diam.filters.AuthenticationFilter [http-nio-9999-exec-1] Auth Key from DB for Consumer code AMR is  bbcf4432d0d34e029d8a5a170a0e730d
2022-03-11 15:34:55,609 INFO com.vinsys.diam.filters.AuthenticationFilter [http-nio-9999-exec-1] Inside getAuthKeyFromDB..
2022-03-11 15:34:55,807 INFO com.vinsys.diam.filters.AuthenticationFilter [http-nio-9999-exec-1] Whitelisted
2022-03-11 15:34:55,807 INFO com.vinsys.diam.filters.AuthenticationFilter [http-nio-9999-exec-1] Inside is whiteListed
2022-03-11 15:34:56,031 INFO com.vinsys.diam.controllers.PAWESBServices [http-nio-9999-exec-1] Entered::AbstractEmailDelivery::getRestTemplate()
2022-03-11 15:34:56,215 INFO com.vinsys.diam.interceptor.BaseInterceptor [http-nio-9999-exec-1] In post handle
2022-03-11 15:34:56,217 INFO com.vinsys.diam.processors.AuditLogProcessor [http-nio-9999-exec-1] Auditing records in AuditDataProcessor.
2022-03-11 15:34:56,565 INFO com.vinsys.diam.processors.AuditLogProcessor [pool-2-thread-1] Auditing in database.
2022-03-11 15:47:47,941 INFO org.springframework.boot.admin.SpringApplicationAdminMXBeanRegistrar$SpringApplicationAdmin [RMI TCP Connection(26)-127.0.0.1] Application shutdown requested.
2022-03-11 15:47:47,981 INFO org.springframework.scheduling.concurrent.ExecutorConfigurationSupport [RMI TCP Connection(26)-127.0.0.1] Shutting down ExecutorService 'applicationTaskExecutor'
2022-03-11 15:47:56,458 INFO org.springframework.boot.StartupInfoLogger [main] Starting DemoApplication using Java 16.0.1 on VINSYSLT0182 with PID 14596 (D:\PAW\updated_PAW_ESB\paw-esb-services\target\classes started by admin in D:\PAW\updated_PAW_ESB\paw-esb-services)
2022-03-11 15:47:56,460 INFO org.springframework.boot.SpringApplication [main] No active profile set, falling back to default profiles: default
2022-03-11 15:48:01,508 INFO org.springframework.context.support.PostProcessorRegistrationDelegate$BeanPostProcessorChecker [main] Bean 'org.springframework.ws.config.annotation.DelegatingWsConfiguration' of type [org.springframework.ws.config.annotation.DelegatingWsConfiguration$$EnhancerBySpringCGLIB$$7606f3] is not eligible for getting processed by all BeanPostProcessors (for example: not eligible for auto-proxying)
2022-03-11 15:48:01,546 INFO org.springframework.ws.soap.addressing.server.AbstractAddressingEndpointMapping [main] Supporting [WS-Addressing August 2004, WS-Addressing 1.0]
2022-03-11 15:48:01,816 INFO org.springframework.boot.web.embedded.tomcat.TomcatWebServer [main] Tomcat initialized with port(s): 9999 (http)
2022-03-11 15:48:01,829 INFO org.apache.juli.logging.DirectJDKLog [main] Initializing ProtocolHandler ["http-nio-9999"]
2022-03-11 15:48:01,829 INFO org.apache.juli.logging.DirectJDKLog [main] Starting service [Tomcat]
2022-03-11 15:48:01,829 INFO org.apache.juli.logging.DirectJDKLog [main] Starting Servlet engine: [Apache Tomcat/9.0.45]
2022-03-11 15:48:01,968 INFO org.apache.juli.logging.DirectJDKLog [main] Initializing Spring embedded WebApplicationContext
2022-03-11 15:48:01,968 INFO org.springframework.boot.web.servlet.context.ServletWebServerApplicationContext [main] Root WebApplicationContext: initialization completed in 5443 ms
2022-03-11 15:48:02,551 INFO org.springframework.ws.soap.saaj.SaajSoapMessageFactory [main] Creating SAAJ 1.3 MessageFactory with SOAP 1.1 Protocol
2022-03-11 15:48:02,756 INFO org.springframework.scheduling.concurrent.ExecutorConfigurationSupport [main] Initializing ExecutorService 'applicationTaskExecutor'
2022-03-11 15:48:03,291 INFO org.springframework.boot.actuate.endpoint.web.EndpointLinksResolver [main] Exposing 2 endpoint(s) beneath base path '/actuator'
2022-03-11 15:48:03,330 INFO org.apache.juli.logging.DirectJDKLog [main] Starting ProtocolHandler ["http-nio-9999"]
2022-03-11 15:48:03,384 INFO org.springframework.boot.web.embedded.tomcat.TomcatWebServer [main] Tomcat started on port(s): 9999 (http) with context path ''
2022-03-11 15:48:03,403 INFO org.springframework.boot.StartupInfoLogger [main] Started DemoApplication in 7.275 seconds (JVM running for 8.492)
2022-03-11 15:48:04,368 INFO org.apache.juli.logging.DirectJDKLog [RMI TCP Connection(4)-127.0.0.1] Initializing Spring DispatcherServlet 'dispatcherServlet'
2022-03-11 15:48:04,369 INFO org.springframework.web.servlet.FrameworkServlet [RMI TCP Connection(4)-127.0.0.1] Initializing Servlet 'dispatcherServlet'
2022-03-11 15:48:04,370 INFO org.springframework.web.servlet.FrameworkServlet [RMI TCP Connection(4)-127.0.0.1] Completed initialization in 1 ms
2022-03-11 15:48:14,789 INFO com.vinsys.diam.interceptor.BaseInterceptor [http-nio-9999-exec-1] Inside prehandle
2022-03-11 15:48:14,793 INFO com.vinsys.diam.interceptor.BaseInterceptor [http-nio-9999-exec-1] ############Request Processing started for request-id AMR-INT223451232 and esbURL is /api/v1/getdata
2022-03-11 15:48:14,796 INFO com.vinsys.diam.filters.GetDetails [http-nio-9999-exec-1] Inside getEncryption status.. for service code getdata
2022-03-11 15:48:15,484 INFO com.vinsys.diam.interceptor.BaseInterceptor [http-nio-9999-exec-1] Inside DDOS filtering
2022-03-11 15:48:15,484 INFO com.vinsys.diam.filters.GetDetails [http-nio-9999-exec-1] Inside get error codes.
2022-03-11 15:48:15,772 INFO com.vinsys.diam.filters.AuthenticationFilter [http-nio-9999-exec-1] inside request param validation
2022-03-11 15:48:15,772 INFO com.vinsys.diam.filters.AuthenticationFilter [http-nio-9999-exec-1] In Timestamp validation
2022-03-11 15:48:15,773 INFO com.vinsys.diam.filters.AuthenticationFilter [http-nio-9999-exec-1] The timestamp difference is--
2022-03-11 15:48:15,773 INFO com.vinsys.diam.filters.AuthenticationFilter [http-nio-9999-exec-1] Validating auth key for consumerCode AMR with auth key bbcf4432d0d34e029d8a5a170a0e730d
2022-03-11 15:48:15,774 INFO com.vinsys.diam.filters.AuthenticationFilter [http-nio-9999-exec-1] Inside getAuthKeyFromDB..
2022-03-11 15:48:15,994 INFO com.vinsys.diam.filters.AuthenticationFilter [http-nio-9999-exec-1] Auth Key from DB for Consumer code AMR is  bbcf4432d0d34e029d8a5a170a0e730d
2022-03-11 15:48:15,995 INFO com.vinsys.diam.filters.AuthenticationFilter [http-nio-9999-exec-1] Inside getAuthKeyFromDB..
2022-03-11 15:48:16,217 INFO com.vinsys.diam.filters.AuthenticationFilter [http-nio-9999-exec-1] Whitelisted
2022-03-11 15:48:16,217 INFO com.vinsys.diam.filters.AuthenticationFilter [http-nio-9999-exec-1] Inside is whiteListed
2022-03-11 15:48:16,474 INFO com.vinsys.diam.controllers.PAWESBServices [http-nio-9999-exec-1] Entered::AbstractEmailDelivery::getRestTemplate()
2022-03-11 15:48:16,609 INFO com.vinsys.diam.interceptor.BaseInterceptor [http-nio-9999-exec-1] In post handle
2022-03-11 15:48:16,611 INFO com.vinsys.diam.processors.AuditLogProcessor [http-nio-9999-exec-1] Auditing records in AuditDataProcessor.
2022-03-11 15:48:17,023 INFO com.vinsys.diam.processors.AuditLogProcessor [pool-2-thread-1] Auditing in database.
2022-03-11 15:49:57,598 INFO com.vinsys.diam.interceptor.BaseInterceptor [http-nio-9999-exec-5] Inside prehandle
2022-03-11 15:49:57,598 INFO com.vinsys.diam.interceptor.BaseInterceptor [http-nio-9999-exec-5] ############Request Processing started for request-id AMR-INT223451232 and esbURL is /api/v1/getdata
2022-03-11 15:49:57,599 INFO com.vinsys.diam.filters.GetDetails [http-nio-9999-exec-5] Inside getEncryption status.. for service code getdata
2022-03-11 15:49:57,812 INFO com.vinsys.diam.interceptor.BaseInterceptor [http-nio-9999-exec-5] Inside DDOS filtering
2022-03-11 15:49:57,812 INFO com.vinsys.diam.filters.GetDetails [http-nio-9999-exec-5] Inside get error codes.
2022-03-11 15:49:58,003 INFO com.vinsys.diam.filters.AuthenticationFilter [http-nio-9999-exec-5] inside request param validation
2022-03-11 15:49:58,004 INFO com.vinsys.diam.filters.AuthenticationFilter [http-nio-9999-exec-5] In Timestamp validation
2022-03-11 15:49:58,004 INFO com.vinsys.diam.filters.AuthenticationFilter [http-nio-9999-exec-5] The timestamp difference is--
2022-03-11 15:49:58,004 INFO com.vinsys.diam.filters.AuthenticationFilter [http-nio-9999-exec-5] Validating auth key for consumerCode AMR with auth key bbcf4432d0d34e029d8a5a170a0e730d
2022-03-11 15:49:58,004 INFO com.vinsys.diam.filters.AuthenticationFilter [http-nio-9999-exec-5] Inside getAuthKeyFromDB..
2022-03-11 15:49:58,197 INFO com.vinsys.diam.filters.AuthenticationFilter [http-nio-9999-exec-5] Auth Key from DB for Consumer code AMR is  bbcf4432d0d34e029d8a5a170a0e730d
2022-03-11 15:49:58,197 INFO com.vinsys.diam.filters.AuthenticationFilter [http-nio-9999-exec-5] Inside getAuthKeyFromDB..
2022-03-11 15:49:58,372 INFO com.vinsys.diam.filters.AuthenticationFilter [http-nio-9999-exec-5] Whitelisted
2022-03-11 15:49:58,372 INFO com.vinsys.diam.filters.AuthenticationFilter [http-nio-9999-exec-5] Inside is whiteListed
2022-03-11 15:49:58,542 INFO com.vinsys.diam.controllers.PAWESBServices [http-nio-9999-exec-5] Entered::AbstractEmailDelivery::getRestTemplate()
2022-03-11 15:49:58,578 INFO com.vinsys.diam.interceptor.BaseInterceptor [http-nio-9999-exec-5] In post handle
2022-03-11 15:49:58,579 INFO com.vinsys.diam.processors.AuditLogProcessor [http-nio-9999-exec-5] Auditing records in AuditDataProcessor.
2022-03-11 15:49:58,912 INFO com.vinsys.diam.processors.AuditLogProcessor [pool-3-thread-1] Auditing in database.
2022-03-11 15:50:09,512 INFO org.springframework.boot.admin.SpringApplicationAdminMXBeanRegistrar$SpringApplicationAdmin [RMI TCP Connection(11)-127.0.0.1] Application shutdown requested.
2022-03-11 15:50:09,550 INFO org.springframework.scheduling.concurrent.ExecutorConfigurationSupport [RMI TCP Connection(11)-127.0.0.1] Shutting down ExecutorService 'applicationTaskExecutor'
2022-03-11 15:50:14,563 INFO org.springframework.boot.StartupInfoLogger [main] Starting DemoApplication using Java 16.0.1 on VINSYSLT0182 with PID 4828 (D:\PAW\updated_PAW_ESB\paw-esb-services\target\classes started by admin in D:\PAW\updated_PAW_ESB\paw-esb-services)
2022-03-11 15:50:14,567 INFO org.springframework.boot.SpringApplication [main] No active profile set, falling back to default profiles: default
2022-03-11 15:50:19,599 INFO org.springframework.context.support.PostProcessorRegistrationDelegate$BeanPostProcessorChecker [main] Bean 'org.springframework.ws.config.annotation.DelegatingWsConfiguration' of type [org.springframework.ws.config.annotation.DelegatingWsConfiguration$$EnhancerBySpringCGLIB$$3c61493b] is not eligible for getting processed by all BeanPostProcessors (for example: not eligible for auto-proxying)
2022-03-11 15:50:19,634 INFO org.springframework.ws.soap.addressing.server.AbstractAddressingEndpointMapping [main] Supporting [WS-Addressing August 2004, WS-Addressing 1.0]
2022-03-11 15:50:19,909 INFO org.springframework.boot.web.embedded.tomcat.TomcatWebServer [main] Tomcat initialized with port(s): 9999 (http)
2022-03-11 15:50:19,924 INFO org.apache.juli.logging.DirectJDKLog [main] Initializing ProtocolHandler ["http-nio-9999"]
2022-03-11 15:50:19,925 INFO org.apache.juli.logging.DirectJDKLog [main] Starting service [Tomcat]
2022-03-11 15:50:19,925 INFO org.apache.juli.logging.DirectJDKLog [main] Starting Servlet engine: [Apache Tomcat/9.0.45]
2022-03-11 15:50:20,052 INFO org.apache.juli.logging.DirectJDKLog [main] Initializing Spring embedded WebApplicationContext
2022-03-11 15:50:20,052 INFO org.springframework.boot.web.servlet.context.ServletWebServerApplicationContext [main] Root WebApplicationContext: initialization completed in 5415 ms
2022-03-11 15:50:20,394 INFO org.springframework.ws.soap.saaj.SaajSoapMessageFactory [main] Creating SAAJ 1.3 MessageFactory with SOAP 1.1 Protocol
2022-03-11 15:50:20,504 INFO org.springframework.scheduling.concurrent.ExecutorConfigurationSupport [main] Initializing ExecutorService 'applicationTaskExecutor'
2022-03-11 15:50:20,848 INFO org.springframework.boot.actuate.endpoint.web.EndpointLinksResolver [main] Exposing 2 endpoint(s) beneath base path '/actuator'
2022-03-11 15:50:20,870 INFO org.apache.juli.logging.DirectJDKLog [main] Starting ProtocolHandler ["http-nio-9999"]
2022-03-11 15:50:20,936 INFO org.springframework.boot.web.embedded.tomcat.TomcatWebServer [main] Tomcat started on port(s): 9999 (http) with context path ''
2022-03-11 15:50:20,956 INFO org.springframework.boot.StartupInfoLogger [main] Started DemoApplication in 6.779 seconds (JVM running for 7.915)
2022-03-11 15:50:21,051 INFO org.apache.juli.logging.DirectJDKLog [RMI TCP Connection(3)-127.0.0.1] Initializing Spring DispatcherServlet 'dispatcherServlet'
2022-03-11 15:50:21,051 INFO org.springframework.web.servlet.FrameworkServlet [RMI TCP Connection(3)-127.0.0.1] Initializing Servlet 'dispatcherServlet'
2022-03-11 15:50:21,052 INFO org.springframework.web.servlet.FrameworkServlet [RMI TCP Connection(3)-127.0.0.1] Completed initialization in 0 ms
2022-03-11 15:50:26,229 INFO com.vinsys.diam.interceptor.BaseInterceptor [http-nio-9999-exec-1] Inside prehandle
2022-03-11 15:50:26,233 INFO com.vinsys.diam.interceptor.BaseInterceptor [http-nio-9999-exec-1] ############Request Processing started for request-id AMR-INT223451232 and esbURL is /api/v1/getdata
2022-03-11 15:50:26,235 INFO com.vinsys.diam.filters.GetDetails [http-nio-9999-exec-1] Inside getEncryption status.. for service code getdata
2022-03-11 15:50:26,842 INFO com.vinsys.diam.interceptor.BaseInterceptor [http-nio-9999-exec-1] Inside DDOS filtering
2022-03-11 15:50:26,843 INFO com.vinsys.diam.filters.GetDetails [http-nio-9999-exec-1] Inside get error codes.
2022-03-11 15:50:27,068 INFO com.vinsys.diam.filters.AuthenticationFilter [http-nio-9999-exec-1] inside request param validation
2022-03-11 15:50:27,068 INFO com.vinsys.diam.filters.AuthenticationFilter [http-nio-9999-exec-1] In Timestamp validation
2022-03-11 15:50:27,069 INFO com.vinsys.diam.filters.AuthenticationFilter [http-nio-9999-exec-1] The timestamp difference is--
2022-03-11 15:50:27,069 INFO com.vinsys.diam.filters.AuthenticationFilter [http-nio-9999-exec-1] Validating auth key for consumerCode AMR with auth key bbcf4432d0d34e029d8a5a170a0e730d
2022-03-11 15:50:27,069 INFO com.vinsys.diam.filters.AuthenticationFilter [http-nio-9999-exec-1] Inside getAuthKeyFromDB..
2022-03-11 15:50:27,273 INFO com.vinsys.diam.filters.AuthenticationFilter [http-nio-9999-exec-1] Auth Key from DB for Consumer code AMR is  bbcf4432d0d34e029d8a5a170a0e730d
2022-03-11 15:50:27,273 INFO com.vinsys.diam.filters.AuthenticationFilter [http-nio-9999-exec-1] Inside getAuthKeyFromDB..
2022-03-11 15:50:27,482 INFO com.vinsys.diam.filters.AuthenticationFilter [http-nio-9999-exec-1] Whitelisted
2022-03-11 15:50:27,482 INFO com.vinsys.diam.filters.AuthenticationFilter [http-nio-9999-exec-1] Inside is whiteListed
2022-03-11 15:50:27,704 INFO com.vinsys.diam.controllers.PAWESBServices [http-nio-9999-exec-1] Entered::AbstractEmailDelivery::getRestTemplate()
2022-03-11 15:50:27,844 INFO com.vinsys.diam.interceptor.BaseInterceptor [http-nio-9999-exec-1] In post handle
2022-03-11 15:50:27,846 INFO com.vinsys.diam.processors.AuditLogProcessor [http-nio-9999-exec-1] Auditing records in AuditDataProcessor.
2022-03-11 15:50:28,071 INFO com.vinsys.diam.processors.AuditLogProcessor [pool-2-thread-1] Auditing in database.
2022-03-11 18:46:31,173 INFO org.springframework.boot.admin.SpringApplicationAdminMXBeanRegistrar$SpringApplicationAdmin [RMI TCP Connection(110)-127.0.0.1] Application shutdown requested.
2022-03-11 18:46:31,227 INFO org.springframework.scheduling.concurrent.ExecutorConfigurationSupport [RMI TCP Connection(110)-127.0.0.1] Shutting down ExecutorService 'applicationTaskExecutor'
