2023-06-21 23:09:12,663 INFO org.hibernate.validator.internal.util.Version [background-preinit] HV000001: Hibernate Validator 6.2.5.Final
2023-06-21 23:09:12,699 INFO org.springframework.boot.StartupInfoLogger [main] Starting DemoApplication using Java 11.0.10 on DIAM-ITAMIDWARE with PID 20808 (D:\Vinsys-owwsc\PAW-diamservice\diamservices\target\classes started by PAMIDMGMT in D:\Vinsys-owwsc\PAW-diamservice\diamservices)
2023-06-21 23:09:12,701 INFO org.springframework.boot.SpringApplication [main] No active profile set, falling back to 1 default profile: "default"
2023-06-21 23:09:21,758 INFO org.springframework.context.support.PostProcessorRegistrationDelegate$BeanPostProcessorChecker [main] Bean 'org.springframework.ws.config.annotation.DelegatingWsConfiguration' of type [org.springframework.ws.config.annotation.DelegatingWsConfiguration$$EnhancerBySpringCGLIB$$df6b7e33] is not eligible for getting processed by all BeanPostProcessors (for example: not eligible for auto-proxying)
2023-06-21 23:09:21,849 INFO org.springframework.ws.soap.addressing.server.AbstractAddressingEndpointMapping [main] Supporting [WS-Addressing August 2004, WS-Addressing 1.0]
2023-06-21 23:09:22,259 INFO org.springframework.boot.web.embedded.tomcat.TomcatWebServer [main] Tomcat initialized with port(s): 9999 (http)
2023-06-21 23:09:22,277 INFO org.apache.juli.logging.DirectJDKLog [main] Initializing ProtocolHandler ["http-nio-9999"]
2023-06-21 23:09:22,283 INFO org.apache.juli.logging.DirectJDKLog [main] Starting service [Tomcat]
2023-06-21 23:09:22,283 INFO org.apache.juli.logging.DirectJDKLog [main] Starting Servlet engine: [Apache Tomcat/9.0.71]
2023-06-21 23:09:22,535 INFO org.apache.juli.logging.DirectJDKLog [main] Initializing Spring embedded WebApplicationContext
2023-06-21 23:09:22,535 INFO org.springframework.boot.web.servlet.context.ServletWebServerApplicationContext [main] Root WebApplicationContext: initialization completed in 9752 ms
2023-06-21 23:09:24,423 INFO org.springframework.boot.actuate.endpoint.web.EndpointLinksResolver [main] Exposing 1 endpoint(s) beneath base path '/actuator'
2023-06-21 23:09:24,472 INFO org.apache.juli.logging.DirectJDKLog [main] Starting ProtocolHandler ["http-nio-9999"]
2023-06-21 23:09:24,498 INFO org.springframework.boot.web.embedded.tomcat.TomcatWebServer [main] Tomcat started on port(s): 9999 (http) with context path ''
2023-06-21 23:09:24,520 INFO org.springframework.boot.StartupInfoLogger [main] Started DemoApplication in 12.812 seconds (JVM running for 18.56)
2023-06-21 23:13:04,673 INFO org.apache.juli.logging.DirectJDKLog [http-nio-9999-exec-1] Initializing Spring DispatcherServlet 'dispatcherServlet'
2023-06-21 23:13:04,674 INFO org.springframework.web.servlet.FrameworkServlet [http-nio-9999-exec-1] Initializing Servlet 'dispatcherServlet'
2023-06-21 23:13:04,678 INFO org.springframework.web.servlet.FrameworkServlet [http-nio-9999-exec-1] Completed initialization in 4 ms
2023-06-21 23:13:04,930 INFO com.vinsys.diam.interceptor.BaseInterceptor [http-nio-9999-exec-1] Inside prehandle
2023-06-21 23:13:04,937 INFO com.vinsys.diam.interceptor.BaseInterceptor [http-nio-9999-exec-1] ############Request Processing started for request-id Test2345601 and esbURL is /api/v1/gettrafficinformaton
2023-06-21 23:13:04,941 INFO com.vinsys.diam.filters.GetDetails [http-nio-9999-exec-1] Inside getEncryption status.. for service code gettrafficinformaton
2023-06-21 23:13:47,537 ERROR com.vinsys.diam.filters.GetDetails [http-nio-9999-exec-1] Error while fetching encryption status null
2023-06-21 23:13:47,537 INFO com.vinsys.diam.interceptor.BaseInterceptor [http-nio-9999-exec-1] Inside DDOS filtering
2023-06-21 23:13:47,537 INFO com.vinsys.diam.filters.GetDetails [http-nio-9999-exec-1] Inside get error codes.
2023-06-21 23:14:22,971 INFO com.vinsys.diam.interceptor.BaseInterceptor [http-nio-9999-exec-2] Inside prehandle
2023-06-21 23:14:22,977 INFO com.vinsys.diam.interceptor.BaseInterceptor [http-nio-9999-exec-2] ############Request Processing started for request-id Test2345601 and esbURL is /api/v1/gettrafficinformaton
2023-06-21 23:14:22,989 INFO com.vinsys.diam.filters.GetDetails [http-nio-9999-exec-2] Inside getEncryption status.. for service code gettrafficinformaton
2023-06-21 23:14:29,566 ERROR com.vinsys.diam.filters.GetDetails [http-nio-9999-exec-1] Error while fetching error codes null
2023-06-21 23:14:29,567 ERROR com.vinsys.diam.interceptor.BaseInterceptor [http-nio-9999-exec-1] Invalid ESB service code sent by request id Test2345601 
2023-06-21 23:14:29,578 INFO com.vinsys.diam.processors.ExceptionProcessor [http-nio-9999-exec-1] Auditing records in AuditDataProcessor.
2023-06-21 23:15:05,006 ERROR com.vinsys.diam.filters.GetDetails [http-nio-9999-exec-2] Error while fetching encryption status null
2023-06-21 23:15:05,006 INFO com.vinsys.diam.interceptor.BaseInterceptor [http-nio-9999-exec-2] Inside DDOS filtering
2023-06-21 23:15:05,007 INFO com.vinsys.diam.filters.GetDetails [http-nio-9999-exec-2] Inside get error codes.
2023-06-21 23:15:11,630 ERROR com.vinsys.diam.processors.ExceptionProcessor [pool-2-thread-1] Exception while Auditing records null
2023-06-21 23:15:47,020 ERROR com.vinsys.diam.filters.GetDetails [http-nio-9999-exec-2] Error while fetching error codes null
2023-06-21 23:15:47,021 ERROR com.vinsys.diam.interceptor.BaseInterceptor [http-nio-9999-exec-2] Invalid ESB service code sent by request id Test2345601 
2023-06-21 23:15:47,021 INFO com.vinsys.diam.processors.ExceptionProcessor [http-nio-9999-exec-2] Auditing records in AuditDataProcessor.
2023-06-21 23:15:53,281 INFO org.springframework.boot.admin.SpringApplicationAdminMXBeanRegistrar$SpringApplicationAdmin [RMI TCP Connection(10)-127.0.0.1] Application shutdown requested.
2023-06-21 23:15:53,361 INFO org.apache.juli.logging.DirectJDKLog [RMI TCP Connection(10)-127.0.0.1] Pausing ProtocolHandler ["http-nio-9999"]
2023-06-21 23:15:53,362 INFO org.apache.juli.logging.DirectJDKLog [RMI TCP Connection(10)-127.0.0.1] Stopping service [Tomcat]
2023-06-21 23:15:53,366 INFO org.apache.juli.logging.DirectJDKLog [RMI TCP Connection(10)-127.0.0.1] Waiting for [1] instance(s) to be deallocated for Servlet [dispatcherServlet]
2023-06-21 23:15:53,724 INFO org.springframework.boot.admin.SpringApplicationAdminMXBeanRegistrar$SpringApplicationAdmin [RMI TCP Connection(11)-127.0.0.1] Application shutdown requested.
2023-06-21 23:15:54,382 INFO org.apache.juli.logging.DirectJDKLog [RMI TCP Connection(10)-127.0.0.1] Waiting for [1] instance(s) to be deallocated for Servlet [dispatcherServlet]
2023-06-21 23:15:55,387 INFO org.apache.juli.logging.DirectJDKLog [RMI TCP Connection(10)-127.0.0.1] Waiting for [1] instance(s) to be deallocated for Servlet [dispatcherServlet]
2023-06-21 23:15:55,489 INFO org.apache.juli.logging.DirectJDKLog [RMI TCP Connection(10)-127.0.0.1] Destroying Spring FrameworkServlet 'dispatcherServlet'
2023-06-21 23:15:55,502 WARN org.apache.juli.logging.DirectJDKLog [RMI TCP Connection(10)-127.0.0.1] The web application [ROOT] is still processing a request that has yet to finish. This is very likely to create a memory leak. You can control the time allowed for requests to finish by using the unloadDelay attribute of the standard Context implementation. Stack trace of request processing thread:[
 java.base@11.0.10/jdk.internal.misc.Unsafe.park(Native Method)
 java.base@11.0.10/java.util.concurrent.locks.LockSupport.parkNanos(LockSupport.java:234)
 java.base@11.0.10/java.util.concurrent.locks.AbstractQueuedSynchronizer$ConditionObject.awaitNanos(AbstractQueuedSynchronizer.java:2123)
 java.base@11.0.10/java.util.concurrent.ThreadPoolExecutor.awaitTermination(ThreadPoolExecutor.java:1454)
 app//com.vinsys.diam.processors.ExceptionProcessor.process(ExceptionProcessor.java:92)
 app//com.vinsys.diam.interceptor.BaseInterceptor.preHandle(BaseInterceptor.java:474)
 app//org.springframework.web.servlet.HandlerExecutionChain.applyPreHandle(HandlerExecutionChain.java:148)
 app//org.springframework.web.servlet.DispatcherServlet.doDispatch(DispatcherServlet.java:1066)
 app//org.springframework.web.servlet.DispatcherServlet.doService(DispatcherServlet.java:964)
 app//org.springframework.web.servlet.FrameworkServlet.processRequest(FrameworkServlet.java:1006)
 app//org.springframework.web.servlet.FrameworkServlet.doPost(FrameworkServlet.java:909)
 app//javax.servlet.http.HttpServlet.service(HttpServlet.java:665)
 app//org.springframework.web.servlet.FrameworkServlet.service(FrameworkServlet.java:883)
 app//javax.servlet.http.HttpServlet.service(HttpServlet.java:750)
 app//org.apache.catalina.core.ApplicationFilterChain.internalDoFilter(ApplicationFilterChain.java:227)
 app//org.apache.catalina.core.ApplicationFilterChain.doFilter(ApplicationFilterChain.java:162)
 app//org.apache.tomcat.websocket.server.WsFilter.doFilter(WsFilter.java:53)
 app//org.apache.catalina.core.ApplicationFilterChain.internalDoFilter(ApplicationFilterChain.java:189)
 app//org.apache.catalina.core.ApplicationFilterChain.doFilter(ApplicationFilterChain.java:162)
 app//org.springframework.web.filter.RequestContextFilter.doFilterInternal(RequestContextFilter.java:100)
 app//org.springframework.web.filter.OncePerRequestFilter.doFilter(OncePerRequestFilter.java:117)
 app//org.apache.catalina.core.ApplicationFilterChain.internalDoFilter(ApplicationFilterChain.java:189)
 app//org.apache.catalina.core.ApplicationFilterChain.doFilter(ApplicationFilterChain.java:162)
 app//org.springframework.web.filter.FormContentFilter.doFilterInternal(FormContentFilter.java:93)
 app//org.springframework.web.filter.OncePerRequestFilter.doFilter(OncePerRequestFilter.java:117)
 app//org.apache.catalina.core.ApplicationFilterChain.internalDoFilter(ApplicationFilterChain.java:189)
 app//org.apache.catalina.core.ApplicationFilterChain.doFilter(ApplicationFilterChain.java:162)
 app//org.springframework.boot.actuate.metrics.web.servlet.WebMvcMetricsFilter.doFilterInternal(WebMvcMetricsFilter.java:96)
 app//org.springframework.web.filter.OncePerRequestFilter.doFilter(OncePerRequestFilter.java:117)
 app//org.apache.catalina.core.ApplicationFilterChain.internalDoFilter(ApplicationFilterChain.java:189)
 app//org.apache.catalina.core.ApplicationFilterChain.doFilter(ApplicationFilterChain.java:162)
 app//org.springframework.web.filter.CharacterEncodingFilter.doFilterInternal(CharacterEncodingFilter.java:201)
 app//org.springframework.web.filter.OncePerRequestFilter.doFilter(OncePerRequestFilter.java:117)
 app//org.apache.catalina.core.ApplicationFilterChain.internalDoFilter(ApplicationFilterChain.java:189)
 app//org.apache.catalina.core.ApplicationFilterChain.doFilter(ApplicationFilterChain.java:162)
 app//org.apache.catalina.core.StandardWrapperValve.invoke(StandardWrapperValve.java:177)
 app//org.apache.catalina.core.StandardContextValve.invoke(StandardContextValve.java:97)
 app//org.apache.catalina.authenticator.AuthenticatorBase.invoke(AuthenticatorBase.java:541)
 app//org.apache.catalina.core.StandardHostValve.invoke(StandardHostValve.java:135)
 app//org.apache.catalina.valves.ErrorReportValve.invoke(ErrorReportValve.java:92)
 app//org.apache.catalina.core.StandardEngineValve.invoke(StandardEngineValve.java:78)
 app//org.apache.catalina.connector.CoyoteAdapter.service(CoyoteAdapter.java:360)
 app//org.apache.coyote.http11.Http11Processor.service(Http11Processor.java:399)
 app//org.apache.coyote.AbstractProcessorLight.process(AbstractProcessorLight.java:65)
 app//org.apache.coyote.AbstractProtocol$ConnectionHandler.process(AbstractProtocol.java:891)
 app//org.apache.tomcat.util.net.NioEndpoint$SocketProcessor.doRun(NioEndpoint.java:1784)
 app//org.apache.tomcat.util.net.SocketProcessorBase.run(SocketProcessorBase.java:49)
 app//org.apache.tomcat.util.threads.ThreadPoolExecutor.runWorker(ThreadPoolExecutor.java:1191)
 app//org.apache.tomcat.util.threads.ThreadPoolExecutor$Worker.run(ThreadPoolExecutor.java:659)
 app//org.apache.tomcat.util.threads.TaskThread$WrappingRunnable.run(TaskThread.java:61)
 java.base@11.0.10/java.lang.Thread.run(Thread.java:834)]
2023-06-21 23:15:55,504 WARN org.apache.juli.logging.DirectJDKLog [RMI TCP Connection(10)-127.0.0.1] The web application [ROOT] appears to have started a thread named [oracle.jdbc.driver.BlockSource.ThreadedCachingBlockSource.BlockReleaser] but has failed to stop it. This is very likely to create a memory leak. Stack trace of thread:
 java.base@11.0.10/jdk.internal.misc.Unsafe.park(Native Method)
 java.base@11.0.10/java.util.concurrent.locks.LockSupport.parkNanos(LockSupport.java:234)
 java.base@11.0.10/java.util.concurrent.locks.AbstractQueuedSynchronizer$ConditionObject.awaitNanos(AbstractQueuedSynchronizer.java:2123)
 app//oracle.jdbc.internal.Monitor$WaitableMonitor.monitorWait(Monitor.java:259)
 app//oracle.jdbc.internal.Monitor$WaitableMonitor.monitorWait(Monitor.java:241)
 app//oracle.jdbc.driver.BlockSource$ThreadedCachingBlockSource$BlockReleaser.run(BlockSource.java:346)
2023-06-21 23:15:55,505 WARN org.apache.juli.logging.DirectJDKLog [RMI TCP Connection(10)-127.0.0.1] The web application [ROOT] appears to have started a thread named [InterruptTimer] but has failed to stop it. This is very likely to create a memory leak. Stack trace of thread:
 java.base@11.0.10/java.lang.Object.wait(Native Method)
 java.base@11.0.10/java.lang.Object.wait(Object.java:328)
 java.base@11.0.10/java.util.TimerThread.mainLoop(Timer.java:527)
 java.base@11.0.10/java.util.TimerThread.run(Timer.java:506)
2023-06-21 23:15:55,509 WARN org.apache.juli.logging.DirectJDKLog [RMI TCP Connection(10)-127.0.0.1] The web application [ROOT] appears to have started a thread named [pool-3-thread-1] but has failed to stop it. This is very likely to create a memory leak. Stack trace of thread:
 java.base@11.0.10/sun.nio.ch.Net.connect0(Native Method)
 java.base@11.0.10/sun.nio.ch.Net.connect(Net.java:476)
 java.base@11.0.10/sun.nio.ch.Net.connect(Net.java:468)
 java.base@11.0.10/sun.nio.ch.SocketChannelImpl.connect(SocketChannelImpl.java:694)
 java.base@11.0.10/java.nio.channels.SocketChannel.open(SocketChannel.java:194)
 app//oracle.net.nt.TimeoutSocketChannel.connect(TimeoutSocketChannel.java:184)
 app//oracle.net.nt.TimeoutSocketChannel.<init>(TimeoutSocketChannel.java:158)
 app//oracle.net.nt.TcpNTAdapter.establishSocket(TcpNTAdapter.java:381)
 app//oracle.net.nt.TcpNTAdapter.doLocalDNSLookupConnect(TcpNTAdapter.java:304)
 app//oracle.net.nt.TcpNTAdapter.connect(TcpNTAdapter.java:266)
 app//oracle.net.nt.ConnOption.connect(ConnOption.java:238)
 app//oracle.net.nt.ConnStrategy.executeConnOption(ConnStrategy.java:967)
 app//oracle.net.nt.ConnStrategy.execute(ConnStrategy.java:648)
 app//oracle.net.resolver.AddrResolution.resolveAndExecute(AddrResolution.java:569)
 app//oracle.net.ns.NSProtocol.establishConnection(NSProtocol.java:933)
 app//oracle.net.ns.NSProtocol.connect(NSProtocol.java:346)
 app//oracle.jdbc.driver.T4CConnection.connect(T4CConnection.java:2372)
 app//oracle.jdbc.driver.T4CConnection.logon(T4CConnection.java:657)
 app//oracle.jdbc.driver.PhysicalConnection.connect(PhysicalConnection.java:1042)
 app//oracle.jdbc.driver.T4CDriverExtension.getConnection(T4CDriverExtension.java:90)
 app//oracle.jdbc.driver.OracleDriver.connect(OracleDriver.java:733)
 app//oracle.jdbc.driver.OracleDriver.connect(OracleDriver.java:649)
 platform/java.sql@11.0.10/java.sql.DriverManager.getConnection(DriverManager.java:677)
 platform/java.sql@11.0.10/java.sql.DriverManager.getConnection(DriverManager.java:228)
 app//com.vinsys.diam.esb.ConnectionHelper.getConnection(ConnectionHelper.java:32)
 app//com.vinsys.diam.processors.ExceptionProcessor.lambda$0(ExceptionProcessor.java:36)
 app//com.vinsys.diam.processors.ExceptionProcessor$$Lambda$1025/0x000000080086f040.run(Unknown Source)
 java.base@11.0.10/java.util.concurrent.ThreadPoolExecutor.runWorker(ThreadPoolExecutor.java:1128)
 java.base@11.0.10/java.util.concurrent.ThreadPoolExecutor$Worker.run(ThreadPoolExecutor.java:628)
 java.base@11.0.10/java.lang.Thread.run(Thread.java:834)
2023-06-21 23:15:55,514 INFO org.apache.juli.logging.DirectJDKLog [RMI TCP Connection(10)-127.0.0.1] Stopping ProtocolHandler ["http-nio-9999"]
2023-06-21 23:15:55,535 INFO org.apache.juli.logging.DirectJDKLog [RMI TCP Connection(10)-127.0.0.1] Destroying ProtocolHandler ["http-nio-9999"]
2023-06-21 23:19:42,582 INFO org.springframework.boot.StartupInfoLogger [main] Starting DemoApplication using Java 11.0.10 on DIAM-ITAMIDWARE with PID 36532 (D:\Vinsys-owwsc\PAW-diamservice\diamservices\target\classes started by PAMIDMGMT in D:\Vinsys-owwsc\PAW-diamservice\diamservices)
2023-06-21 23:19:42,589 INFO org.springframework.boot.SpringApplication [main] No active profile set, falling back to 1 default profile: "default"
2023-06-21 23:19:42,598 INFO org.hibernate.validator.internal.util.Version [background-preinit] HV000001: Hibernate Validator 6.2.5.Final
2023-06-21 23:19:52,029 INFO org.springframework.context.support.PostProcessorRegistrationDelegate$BeanPostProcessorChecker [main] Bean 'org.springframework.ws.config.annotation.DelegatingWsConfiguration' of type [org.springframework.ws.config.annotation.DelegatingWsConfiguration$$EnhancerBySpringCGLIB$$651212e1] is not eligible for getting processed by all BeanPostProcessors (for example: not eligible for auto-proxying)
2023-06-21 23:19:52,089 INFO org.springframework.ws.soap.addressing.server.AbstractAddressingEndpointMapping [main] Supporting [WS-Addressing August 2004, WS-Addressing 1.0]
2023-06-21 23:19:52,499 INFO org.springframework.boot.web.embedded.tomcat.TomcatWebServer [main] Tomcat initialized with port(s): 9999 (http)
2023-06-21 23:19:52,520 INFO org.apache.juli.logging.DirectJDKLog [main] Initializing ProtocolHandler ["http-nio-9999"]
2023-06-21 23:19:52,525 INFO org.apache.juli.logging.DirectJDKLog [main] Starting service [Tomcat]
2023-06-21 23:19:52,530 INFO org.apache.juli.logging.DirectJDKLog [main] Starting Servlet engine: [Apache Tomcat/9.0.71]
2023-06-21 23:19:52,850 INFO org.apache.juli.logging.DirectJDKLog [main] Initializing Spring embedded WebApplicationContext
2023-06-21 23:19:52,851 INFO org.springframework.boot.web.servlet.context.ServletWebServerApplicationContext [main] Root WebApplicationContext: initialization completed in 10176 ms
2023-06-21 23:19:54,740 INFO org.springframework.boot.actuate.endpoint.web.EndpointLinksResolver [main] Exposing 1 endpoint(s) beneath base path '/actuator'
2023-06-21 23:19:54,790 INFO org.apache.juli.logging.DirectJDKLog [main] Starting ProtocolHandler ["http-nio-9999"]
2023-06-21 23:19:54,837 INFO org.springframework.boot.web.embedded.tomcat.TomcatWebServer [main] Tomcat started on port(s): 9999 (http) with context path ''
2023-06-21 23:19:54,883 INFO org.springframework.boot.StartupInfoLogger [main] Started DemoApplication in 12.884 seconds (JVM running for 14.548)
2023-06-21 23:22:03,947 INFO org.apache.juli.logging.DirectJDKLog [http-nio-9999-exec-1] Initializing Spring DispatcherServlet 'dispatcherServlet'
2023-06-21 23:22:03,947 INFO org.springframework.web.servlet.FrameworkServlet [http-nio-9999-exec-1] Initializing Servlet 'dispatcherServlet'
2023-06-21 23:22:03,952 INFO org.springframework.web.servlet.FrameworkServlet [http-nio-9999-exec-1] Completed initialization in 5 ms
2023-06-21 23:22:04,714 INFO org.apache.cxf.wsdl.service.factory.ReflectionServiceFactoryBean [http-nio-9999-exec-1] Creating Service {urn:rop-gov-om:TrafficInformation}TrafficInformation_Entities.ws.provider.TrafficInformation_ASE from WSDL: file:/D:/Vinsys-owwsc/PAW-diamservice/diamservices/target/classes/trafficinfo.wsdl
2023-06-21 23:22:06,090 WARN org.apache.cxf.ws.policy.AssertionBuilderRegistryImpl [http-nio-9999-exec-1] No assertion builder for type {http://docs.oasis-open.org/ws-sx/ws-securitypolicy/200702}WssX509PkiPathV1Token10 registered.
2023-06-21 23:22:12,320 INFO org.apache.cxf.interceptor.AbstractLoggingInterceptor [http-nio-9999-exec-1] Outbound Message
---------------------------
ID: 1
Address: https://integ.mtcit.gov.om/ws/NRS/TrafficInformation/ASE
Encoding: UTF-8
Http-Method: POST
Content-Type: text/xml
Headers: {Accept=[*/*], SOAPAction=["TrafficInformation_Entities_ws_provider_TrafficInformation_ASE_Binder_TrafficInformation"]}
Payload: <soap:Envelope xmlns:soap="http://schemas.xmlsoap.org/soap/envelope/"><soap:Header><wsse:Security xmlns:wsse="http://docs.oasis-open.org/wss/2004/01/oasis-200401-wss-wssecurity-secext-1.0.xsd" xmlns:wsu="http://docs.oasis-open.org/wss/2004/01/oasis-200401-wss-wssecurity-utility-1.0.xsd" soap:mustUnderstand="1"><xenc:EncryptedKey xmlns:xenc="http://www.w3.org/2001/04/xmlenc#" Id="EK-240d2053-d8a2-4177-ae14-3e742288dc7d"><xenc:EncryptionMethod Algorithm="http://www.w3.org/2001/04/xmlenc#rsa-oaep-mgf1p"/><ds:KeyInfo xmlns:ds="http://www.w3.org/2000/09/xmldsig#"><wsse:SecurityTokenReference><ds:X509Data><ds:X509IssuerSerial><ds:X509IssuerName>CN=Device CA - 2,OU=Government,O=OMAN National PKI Center,C=OM</ds:X509IssuerName><ds:X509SerialNumber>1492170274824964943981879417902113701081313</ds:X509SerialNumber></ds:X509IssuerSerial></ds:X509Data></wsse:SecurityTokenReference></ds:KeyInfo><xenc:CipherData><xenc:CipherValue>Vqzox5lj4eoobPo67vkAyxWnEAOY9NWo0tSR0FucSX/V80cbzTe1AUrgidv4wtfu/glEoi5Pid+yRSWjhydmlhoo0q+fzGYvi74GKVu9yxhYHL3EOT8uo+/7LFYCpQZfWaxynrlrlcMogNf/vIFnuaKht3iTRu06InIx8ja6LePnLJBCEMYZ4zIrS1wvbXOthg1M88ZmqEuq/Gf9YO8qbEOWuNiXFJeCTxgUWKzjsQxJG+cW/NkZhqqq70v3lCXUXw5Ji8XdUz2P2GWH1ZPg9jab8sRm6Mt/nTzZ0ne8DFY5fcBZleeo6u7A/Hk8is8zTphttu4O6nm6iYG1y9wviw==</xenc:CipherValue></xenc:CipherData><xenc:ReferenceList><xenc:DataReference URI="#ED-5b92458e-4925-4a73-b38f-8de00f6d0314"/></xenc:ReferenceList></xenc:EncryptedKey><ds:Signature xmlns:ds="http://www.w3.org/2000/09/xmldsig#" Id="SIG-4e142c51-ba4f-45eb-9005-3ba8ca78736d"><ds:SignedInfo><ds:CanonicalizationMethod Algorithm="http://www.w3.org/2001/10/xml-exc-c14n#"><ec:InclusiveNamespaces xmlns:ec="http://www.w3.org/2001/10/xml-exc-c14n#" PrefixList="soap"/></ds:CanonicalizationMethod><ds:SignatureMethod Algorithm="http://www.w3.org/2000/09/xmldsig#rsa-sha1"/><ds:Reference URI="#id-02248b45-c974-41a5-ad72-52e13c4504cc"><ds:Transforms><ds:Transform Algorithm="http://www.w3.org/2001/10/xml-exc-c14n#"/></ds:Transforms><ds:DigestMethod Algorithm="http://www.w3.org/2000/09/xmldsig#sha1"/><ds:DigestValue>1Euqp8WQMBpIEkZOEXQF4dp4xAA=</ds:DigestValue></ds:Reference></ds:SignedInfo><ds:SignatureValue>RqfixcMUHVZ1WZFiPiiOYAjoPKmz2+TRg+lXnhfCB6Un9VB0kJASWn9tZ7J+lY+h4Y7x9LB7zKmDAtLgnQAz8nJHcsaYuSXtGK5UesRfxHxa8jJIvEgcv8h3aFEy18p3FQguSnDz1rw7hzaj3uNpqvPYWTjpTWgEsey0Hla4ppIYyoYedUk/m4pWBVeN8cib2m1xUI9N4J253WePJmUqn/sKTqMxVZ4dsuoNRYS/oXtKJ6KK3HBfm5jWrPe9ESFqiSebF8ZRDNj3x66p8D9UJH62PiXKOoRcc4Lg+7DYIe7HiQrTzHTZ+I8A9X7LmCfpanuF/EVKChCky4pbwvcdHA==</ds:SignatureValue><ds:KeyInfo Id="KI-a10b1517-a366-4d3f-81de-c1524dde4a68"><wsse:SecurityTokenReference xmlns:wsse="http://docs.oasis-open.org/wss/2004/01/oasis-200401-wss-wssecurity-secext-1.0.xsd" xmlns:wsu="http://docs.oasis-open.org/wss/2004/01/oasis-200401-wss-wssecurity-utility-1.0.xsd" wsu:Id="STR-52cd94db-1d1c-46d7-bb42-24232fb64feb"><ds:X509Data><ds:X509IssuerSerial><ds:X509IssuerName>CN=Device CA - 2,OU=Commercial,O=OMAN National PKI Center,C=OM</ds:X509IssuerName><ds:X509SerialNumber>1492453297571196631912955112579436115908439</ds:X509SerialNumber></ds:X509IssuerSerial></ds:X509Data></wsse:SecurityTokenReference></ds:KeyInfo></ds:Signature><wsu:Timestamp wsu:Id="TS-3ed79e33-8962-401b-8b41-ee307d7169e0"><wsu:Created>2023-06-21T19:22:06.590Z</wsu:Created><wsu:Expires>2023-06-21T19:38:46.590Z</wsu:Expires></wsu:Timestamp></wsse:Security></soap:Header><soap:Body xmlns:wsu="http://docs.oasis-open.org/wss/2004/01/oasis-200401-wss-wssecurity-utility-1.0.xsd" wsu:Id="id-02248b45-c974-41a5-ad72-52e13c4504cc"><xenc:EncryptedData xmlns:xenc="http://www.w3.org/2001/04/xmlenc#" Id="ED-5b92458e-4925-4a73-b38f-8de00f6d0314" Type="http://www.w3.org/2001/04/xmlenc#Content"><xenc:EncryptionMethod Algorithm="http://www.w3.org/2001/04/xmlenc#aes128-cbc"/><ds:KeyInfo xmlns:ds="http://www.w3.org/2000/09/xmldsig#"><wsse:SecurityTokenReference xmlns:wsse="http://docs.oasis-open.org/wss/2004/01/oasis-200401-wss-wssecurity-secext-1.0.xsd" xmlns:wsse11="http://docs.oasis-open.org/wss/oasis-wss-wssecurity-secext-1.1.xsd" wsse11:TokenType="http://docs.oasis-open.org/wss/oasis-wss-soap-message-security-1.1#EncryptedKey"><wsse:Reference URI="#EK-240d2053-d8a2-4177-ae14-3e742288dc7d"/></wsse:SecurityTokenReference></ds:KeyInfo><xenc:CipherData><xenc:CipherValue>/MZbQPixg6eSG90xyBl+8C7kfxkh5IpV1sBP8jj3ffXpa11ASlQjecMcIOpTZ+SLyavbF8ZQ6XcFn5ybFFjjxXhxLp85F0Xvtue6ZRMcxC1F77RPDM8GCUgtsb6W4/GGds02lVhwwZPg2XyUEjrXywQxWcmGvALcBaCatYFkwhel0d6WDyfpZcXkeD0/1Lqp+CQcNFo/NiDZAHx6cn29CdI0lc8kF9jYvJHXOIvJ+9a7Q8fYY0VxipSbM3mP4QyaEOejRzZMv5n3HNU51JTBK+JrRajuZ+jFHeGoJM1mWlM=</xenc:CipherValue></xenc:CipherData></xenc:EncryptedData></soap:Body></soap:Envelope>
--------------------------------------
2023-06-21 23:22:12,876 INFO org.apache.cxf.interceptor.AbstractLoggingInterceptor [http-nio-9999-exec-1] Inbound Message
----------------------------
ID: 1
Response-Code: 200
Encoding: UTF-8
Content-Type: text/xml; charset=UTF-8
Headers: {Accept=[*/*], connection=[close], content-type=[text/xml; charset=UTF-8], date=[Wed, 21 Jun 2023 19:18:44 GMT], operationname=[Prod], SOAPAction=["TrafficInformation_Entities_ws_provider_TrafficInformation_ASE_Binder_TrafficInformation"], transfer-encoding=[chunked]}
Payload: <?xml version='1.0' encoding='UTF-8'?><soapenv:Envelope xmlns:soapenv="http://schemas.xmlsoap.org/soap/envelope/"><soapenv:Header><wsse:Security xmlns:wsse="http://docs.oasis-open.org/wss/2004/01/oasis-200401-wss-wssecurity-secext-1.0.xsd" xmlns:wsu="http://docs.oasis-open.org/wss/2004/01/oasis-200401-wss-wssecurity-utility-1.0.xsd" soapenv:mustUnderstand="1"><wsu:Timestamp wsu:Id="TS-4771173"><wsu:Created>2023-06-21T19:22:12.875Z</wsu:Created><wsu:Expires>2023-06-21T19:27:12.875Z</wsu:Expires></wsu:Timestamp><xenc:EncryptedKey xmlns:xenc="http://www.w3.org/2001/04/xmlenc#" Id="EK-02c7d87d-2faf-4796-badb-d3c81a2ffb37"><xenc:EncryptionMethod Algorithm="http://www.w3.org/2001/04/xmlenc#rsa-1_5" /><ds:KeyInfo xmlns:ds="http://www.w3.org/2000/09/xmldsig#"><wsse:SecurityTokenReference><ds:X509Data><ds:X509IssuerSerial><ds:X509IssuerName>CN=Device CA - 2,OU=Commercial,O=OMAN National PKI Center,C=OM</ds:X509IssuerName><ds:X509SerialNumber>1492453297571196631912955112579436115908439</ds:X509SerialNumber></ds:X509IssuerSerial></ds:X509Data></wsse:SecurityTokenReference></ds:KeyInfo><xenc:CipherData><xenc:CipherValue>ycvejy74XmFlil79mSuem1cGGUm+95XK1NlAyn2qnF/zcyQNWc4c/Hlf9QcuHNCTNU1MD4NXhu7wMjfD3BN83m26WK6qXnSkiTELomahGKqqn9S2YlqpbIR6FQOrr1OvT+18m4l6XYskimmHS78sr0YamrzxYh5zAO0HRbC8gJsesw4PaEjv9NpwJw1+W14jEPyk3fw17t4eM5xRjNs1SXMsix/KfpT+bljPAn8smWinZ6cF1zKwRh44sDQsN3bGexOaQP22VRppd5cDNIxFpb2f+PnSt19JoVcxpRQBI40wSoYWwwhFAVfXcTh1FhPMWJMJNJqpVWxiw/KUcgG+AA==</xenc:CipherValue></xenc:CipherData><xenc:ReferenceList><xenc:DataReference URI="#ED-4771176" /></xenc:ReferenceList></xenc:EncryptedKey><wsse11:SignatureConfirmation xmlns:wsse11="http://docs.oasis-open.org/wss/oasis-wss-wssecurity-secext-1.1.xsd" Value="RqfixcMUHVZ1WZFiPiiOYAjoPKmz2+TRg+lXnhfCB6Un9VB0kJASWn9tZ7J+lY+h4Y7x9LB7zKmDAtLgnQAz8nJHcsaYuSXtGK5UesRfxHxa8jJIvEgcv8h3aFEy18p3FQguSnDz1rw7hzaj3uNpqvPYWTjpTWgEsey0Hla4ppIYyoYedUk/m4pWBVeN8cib2m1xUI9N4J253WePJmUqn/sKTqMxVZ4dsuoNRYS/oXtKJ6KK3HBfm5jWrPe9ESFqiSebF8ZRDNj3x66p8D9UJH62PiXKOoRcc4Lg+7DYIe7HiQrTzHTZ+I8A9X7LmCfpanuF/EVKChCky4pbwvcdHA==" wsu:Id="SC-4771174" /><ds:Signature xmlns:ds="http://www.w3.org/2000/09/xmldsig#" Id="SIG-4771175"><ds:SignedInfo><ds:CanonicalizationMethod Algorithm="http://www.w3.org/2001/10/xml-exc-c14n#"><ec:InclusiveNamespaces xmlns:ec="http://www.w3.org/2001/10/xml-exc-c14n#" PrefixList="soapenv" /></ds:CanonicalizationMethod><ds:SignatureMethod Algorithm="http://www.w3.org/2000/09/xmldsig#rsa-sha1" /><ds:Reference URI="#Id-1386933351"><ds:Transforms><ds:Transform Algorithm="http://www.w3.org/2001/10/xml-exc-c14n#" /></ds:Transforms><ds:DigestMethod Algorithm="http://www.w3.org/2000/09/xmldsig#sha1" /><ds:DigestValue>4cUIblQEQ4Fm1a2MHfL4kTXpXAI=</ds:DigestValue></ds:Reference><ds:Reference URI="#TS-4771173"><ds:Transforms><ds:Transform Algorithm="http://www.w3.org/2001/10/xml-exc-c14n#"><ec:InclusiveNamespaces xmlns:ec="http://www.w3.org/2001/10/xml-exc-c14n#" PrefixList="soapenv wsse" /></ds:Transform></ds:Transforms><ds:DigestMethod Algorithm="http://www.w3.org/2000/09/xmldsig#sha1" /><ds:DigestValue>GRU50pP4wC9ixgWVBa5poRGLe4I=</ds:DigestValue></ds:Reference><ds:Reference URI="#SC-4771174"><ds:Transforms><ds:Transform Algorithm="http://www.w3.org/2001/10/xml-exc-c14n#"><ec:InclusiveNamespaces xmlns:ec="http://www.w3.org/2001/10/xml-exc-c14n#" PrefixList="soapenv wsse" /></ds:Transform></ds:Transforms><ds:DigestMethod Algorithm="http://www.w3.org/2000/09/xmldsig#sha1" /><ds:DigestValue>hal4c+wBbbhLTCP7ke8JZgFAJSA=</ds:DigestValue></ds:Reference></ds:SignedInfo><ds:SignatureValue>LJk3Gy/Wej03FnT8bnIC8XFr02/N71+0oUH44NQTd84D1OkdpnD5A8m59kuvpslRTtuVD+3N0jbnTuMk9UQiOJWNmrlkvRENx4M5SZfpCqF7Qlj9IXlFAnsuwXe0k0VV2wIzmQLhVSblL+SafYMi0pL1pjXivprKWFfaSI7iYxesys2ppjRdfw+ZJ3t2aDxXA5cH9djvnwL53/TZH0Do6f4HHo++zxqE7v/J6lLmCKQ4c+iaQB/+u6TPxUgZ+KfM/Gu9pzCKnbDq0bDul90ExVwus+jlMYRTCiWi66kaUHf+tQYURvaRSq3gTi7gX4qE3CD51bfSSDEISqZVtGT5gQ==</ds:SignatureValue><ds:KeyInfo Id="KI-39CC322AF7F54D5FB916873753328753862838"><wsse:SecurityTokenReference wsu:Id="STR-39CC322AF7F54D5FB916873753328753862839"><ds:X509Data><ds:X509IssuerSerial><ds:X509IssuerName>CN=Device CA - 2,OU=Government,O=OMAN National PKI Center,C=OM</ds:X509IssuerName><ds:X509SerialNumber>1492170274824964943981879417902113701081313</ds:X509SerialNumber></ds:X509IssuerSerial></ds:X509Data></wsse:SecurityTokenReference></ds:KeyInfo></ds:Signature></wsse:Security></soapenv:Header><soapenv:Body xmlns:wsu="http://docs.oasis-open.org/wss/2004/01/oasis-200401-wss-wssecurity-utility-1.0.xsd" wsu:Id="Id-1386933351"><xenc:EncryptedData xmlns:xenc="http://www.w3.org/2001/04/xmlenc#" Id="ED-4771176" Type="http://www.w3.org/2001/04/xmlenc#Content"><xenc:EncryptionMethod Algorithm="http://www.w3.org/2001/04/xmlenc#tripledes-cbc" /><ds:KeyInfo xmlns:ds="http://www.w3.org/2000/09/xmldsig#"><wsse:SecurityTokenReference xmlns:wsse="http://docs.oasis-open.org/wss/2004/01/oasis-200401-wss-wssecurity-secext-1.0.xsd" xmlns:wsse11="http://docs.oasis-open.org/wss/oasis-wss-wssecurity-secext-1.1.xsd" wsse11:TokenType="http://docs.oasis-open.org/wss/oasis-wss-soap-message-security-1.1#EncryptedKey"><wsse:Reference URI="#EK-02c7d87d-2faf-4796-badb-d3c81a2ffb37" /></wsse:SecurityTokenReference></ds:KeyInfo><xenc:CipherData><xenc:CipherValue>WzGPH7N8T3jgRFHmsmlFwqPJr/WRY25nlyTBVJ+eNytUgnb7yjg/UAg/ajzFkwhfk/bftVvIrmj1pdLXV7+2KM4WS9WAdsZOknm47JflJIHJSHHmROvfZY5MtxmEnQ/IaDk/A0bZ+hBzHdmLst0QPkb7JH8Qmu6P6oEO5TRZuBEX7/4DWgWuRFXIYKDu0w9ep7sR+jUgPLJTEQEZu0M12G6c28BnI0Z1c76mzZ5D0h7skMSnoYGbHu5Ms0oAOola7kaSRxZOmE0fkr57ntHc+wOIgG8woiDfEmj9XuNGRVAOwFOorPmJ6TB9E7FQMtUpTAnGaG54mk2anD0GM0O/tZHZA9gnw83GQA35gnuNFfRmyw4tVvNc2E32jW0Byga7ppi1aNGVRp5bsATh3z9cfvbTpeFKJze+fYGqpjl0M5fiIePMRkK+qzYYcDsEPE4ylLQaYsrcOAfgTarqOVnP4eaRcyRmKs01T7YMDoYAOURJAyTDzh+bHrGt/40K8uwb9ow/DAPj1eMk/31dpMds9Px1CoaF9tBR</xenc:CipherValue></xenc:CipherData></xenc:EncryptedData></soapenv:Body></soapenv:Envelope>
--------------------------------------
2023-06-21 23:22:13,428 INFO org.ehcache.core.EhcacheManager [http-nio-9999-exec-1] Cache 'org.apache.cxf.ws.security.tokenstore.TokenStore-730214923' created in EhcacheManager.
