2023-04-14 09:56:58,762 INFO org.hibernate.validator.internal.util.Version [background-preinit] HV000001: Hibernate Validator 6.1.7.Final
2023-04-14 09:56:58,768 INFO org.springframework.boot.StartupInfoLogger [main] Starting DemoApplication using Java 11.0.10 on VIN-WTC-TP-070 with PID 7368 (E:\PAW-diamservice\diamservices\target\classes started by admin in E:\PAW-diamservice\diamservices)
2023-04-14 09:56:58,783 INFO org.springframework.boot.SpringApplication [main] No active profile set, falling back to default profiles: default
2023-04-14 09:57:06,868 INFO org.springframework.context.support.PostProcessorRegistrationDelegate$BeanPostProcessorChecker [main] Bean 'org.springframework.ws.config.annotation.DelegatingWsConfiguration' of type [org.springframework.ws.config.annotation.DelegatingWsConfiguration$$EnhancerBySpringCGLIB$$6b43c3df] is not eligible for getting processed by all BeanPostProcessors (for example: not eligible for auto-proxying)
2023-04-14 09:57:06,950 INFO org.springframework.ws.soap.addressing.server.AbstractAddressingEndpointMapping [main] Supporting [WS-Addressing August 2004, WS-Addressing 1.0]
2023-04-14 09:57:07,318 INFO org.springframework.boot.web.embedded.tomcat.TomcatWebServer [main] Tomcat initialized with port(s): 9999 (http)
2023-04-14 09:57:07,337 INFO org.apache.juli.logging.DirectJDKLog [main] Initializing ProtocolHandler ["http-nio-9999"]
2023-04-14 09:57:07,338 INFO org.apache.juli.logging.DirectJDKLog [main] Starting service [Tomcat]
2023-04-14 09:57:07,338 INFO org.apache.juli.logging.DirectJDKLog [main] Starting Servlet engine: [Apache Tomcat/9.0.45]
2023-04-14 09:57:07,577 INFO org.apache.juli.logging.DirectJDKLog [main] Initializing Spring embedded WebApplicationContext
2023-04-14 09:57:07,578 INFO org.springframework.boot.web.servlet.context.ServletWebServerApplicationContext [main] Root WebApplicationContext: initialization completed in 8570 ms
2023-04-14 09:57:08,222 INFO org.springframework.ws.soap.saaj.SaajSoapMessageFactory [main] Creating SAAJ 1.3 MessageFactory with SOAP 1.1 Protocol
2023-04-14 09:57:08,417 INFO org.springframework.scheduling.concurrent.ExecutorConfigurationSupport [main] Initializing ExecutorService 'applicationTaskExecutor'
2023-04-14 09:57:09,043 INFO org.springframework.scheduling.concurrent.ExecutorConfigurationSupport [main] Initializing ExecutorService 'taskScheduler'
2023-04-14 09:57:09,091 INFO org.springframework.boot.actuate.endpoint.web.EndpointLinksResolver [main] Exposing 2 endpoint(s) beneath base path '/actuator'
2023-04-14 09:57:09,125 INFO org.apache.juli.logging.DirectJDKLog [main] Starting ProtocolHandler ["http-nio-9999"]
2023-04-14 09:57:09,186 INFO org.springframework.boot.web.embedded.tomcat.TomcatWebServer [main] Tomcat started on port(s): 9999 (http) with context path ''
2023-04-14 09:57:09,210 INFO org.springframework.boot.StartupInfoLogger [main] Started DemoApplication in 10.987 seconds (JVM running for 12.981)
2023-04-14 09:57:09,542 INFO org.apache.juli.logging.DirectJDKLog [RMI TCP Connection(3)-127.0.0.1] Initializing Spring DispatcherServlet 'dispatcherServlet'
2023-04-14 09:57:09,543 INFO org.springframework.web.servlet.FrameworkServlet [RMI TCP Connection(3)-127.0.0.1] Initializing Servlet 'dispatcherServlet'
2023-04-14 09:57:09,545 INFO org.springframework.web.servlet.FrameworkServlet [RMI TCP Connection(3)-127.0.0.1] Completed initialization in 2 ms
2023-04-14 09:57:15,020 INFO com.vinsys.diam.interceptor.BaseInterceptor [http-nio-9999-exec-2] Inside prehandle
2023-04-14 09:57:15,026 INFO com.vinsys.diam.interceptor.BaseInterceptor [http-nio-9999-exec-2] ############Request Processing started for request-id AMR-INT223451232d and esbURL is /api/v1/getpersoninformation
2023-04-14 09:57:15,027 INFO com.vinsys.diam.filters.GetDetails [http-nio-9999-exec-2] Inside getEncryption status.. for service code getpersoninformation
2023-04-14 09:57:15,933 INFO com.vinsys.diam.interceptor.BaseInterceptor [http-nio-9999-exec-2] Inside DDOS filtering
2023-04-14 09:57:15,934 INFO com.vinsys.diam.filters.GetDetails [http-nio-9999-exec-2] Inside get error codes.
2023-04-14 09:57:16,089 INFO com.vinsys.diam.filters.AuthenticationFilter [http-nio-9999-exec-2] inside request param validation
2023-04-14 09:57:16,089 INFO com.vinsys.diam.filters.AuthenticationFilter [http-nio-9999-exec-2] In Timestamp validation
2023-04-14 09:57:16,090 INFO com.vinsys.diam.filters.AuthenticationFilter [http-nio-9999-exec-2] The timestamp difference is--
2023-04-14 09:57:16,091 INFO com.vinsys.diam.filters.AuthenticationFilter [http-nio-9999-exec-2] Validating auth key for consumerCode AMR with auth key bbcf4432d0d34e029d8a5a170a0e730d
2023-04-14 09:57:16,091 INFO com.vinsys.diam.filters.AuthenticationFilter [http-nio-9999-exec-2] Inside getAuthKeyFromDB..
2023-04-14 09:57:16,255 INFO com.vinsys.diam.filters.AuthenticationFilter [http-nio-9999-exec-2] Auth Key from DB for Consumer code AMR is  bbcf4432d0d34e029d8a5a170a0e730d
2023-04-14 09:57:16,256 INFO com.vinsys.diam.filters.AuthenticationFilter [http-nio-9999-exec-2] Inside getAuthKeyFromDB..
2023-04-14 09:57:16,385 INFO com.vinsys.diam.filters.AuthenticationFilter [http-nio-9999-exec-2] Whitelisted
2023-04-14 09:57:16,385 INFO com.vinsys.diam.filters.AuthenticationFilter [http-nio-9999-exec-2] Inside is whiteListed
2023-04-14 09:57:16,592 INFO com.vinsys.diam.controllers.PAWESBServices [http-nio-9999-exec-2] personrequestobject :: 
2023-04-14 09:57:18,552 ERROR com.vinsys.diam.controllers.PAWESBServices [http-nio-9999-exec-2] Exception while processing 
javax.xml.ws.WebServiceException: org.apache.cxf.service.factory.ServiceConstructionException: Failed to create service.
	at org.apache.cxf.jaxws.ServiceImpl.initialize(ServiceImpl.java:162)
	at org.apache.cxf.jaxws.ServiceImpl.<init>(ServiceImpl.java:128)
	at org.apache.cxf.jaxws.spi.ProviderImpl.createServiceDelegate(ProviderImpl.java:82)
	at javax.xml.ws.Service.<init>(Service.java:82)
	at om.gov.rop.person.PersonInformationEntitiesExternalWsPersonInformationWSSPASEITA.<init>(PersonInformationEntitiesExternalWsPersonInformationWSSPASEITA.java:50)
	at com.vinsys.diam.controllers.PAWESBServices.getPersonInformation(PAWESBServices.java:785)
	at java.base/jdk.internal.reflect.NativeMethodAccessorImpl.invoke0(Native Method)
	at java.base/jdk.internal.reflect.NativeMethodAccessorImpl.invoke(NativeMethodAccessorImpl.java:62)
	at java.base/jdk.internal.reflect.DelegatingMethodAccessorImpl.invoke(DelegatingMethodAccessorImpl.java:43)
	at java.base/java.lang.reflect.Method.invoke(Method.java:566)
	at org.springframework.web.method.support.InvocableHandlerMethod.doInvoke(InvocableHandlerMethod.java:197)
	at org.springframework.web.method.support.InvocableHandlerMethod.invokeForRequest(InvocableHandlerMethod.java:141)
	at org.springframework.web.servlet.mvc.method.annotation.ServletInvocableHandlerMethod.invokeAndHandle(ServletInvocableHandlerMethod.java:106)
	at org.springframework.web.servlet.mvc.method.annotation.RequestMappingHandlerAdapter.invokeHandlerMethod(RequestMappingHandlerAdapter.java:894)
	at org.springframework.web.servlet.mvc.method.annotation.RequestMappingHandlerAdapter.handleInternal(RequestMappingHandlerAdapter.java:808)
	at org.springframework.web.servlet.mvc.method.AbstractHandlerMethodAdapter.handle(AbstractHandlerMethodAdapter.java:87)
	at org.springframework.web.servlet.DispatcherServlet.doDispatch(DispatcherServlet.java:1060)
	at org.springframework.web.servlet.DispatcherServlet.doService(DispatcherServlet.java:962)
	at org.springframework.web.servlet.FrameworkServlet.processRequest(FrameworkServlet.java:1006)
	at org.springframework.web.servlet.FrameworkServlet.doPost(FrameworkServlet.java:909)
	at javax.servlet.http.HttpServlet.service(HttpServlet.java:652)
	at org.springframework.web.servlet.FrameworkServlet.service(FrameworkServlet.java:883)
	at javax.servlet.http.HttpServlet.service(HttpServlet.java:733)
	at org.apache.catalina.core.ApplicationFilterChain.internalDoFilter(ApplicationFilterChain.java:227)
	at org.apache.catalina.core.ApplicationFilterChain.doFilter(ApplicationFilterChain.java:162)
	at org.apache.tomcat.websocket.server.WsFilter.doFilter(WsFilter.java:53)
	at org.apache.catalina.core.ApplicationFilterChain.internalDoFilter(ApplicationFilterChain.java:189)
	at org.apache.catalina.core.ApplicationFilterChain.doFilter(ApplicationFilterChain.java:162)
	at org.springframework.web.filter.RequestContextFilter.doFilterInternal(RequestContextFilter.java:100)
	at org.springframework.web.filter.OncePerRequestFilter.doFilter(OncePerRequestFilter.java:119)
	at org.apache.catalina.core.ApplicationFilterChain.internalDoFilter(ApplicationFilterChain.java:189)
	at org.apache.catalina.core.ApplicationFilterChain.doFilter(ApplicationFilterChain.java:162)
	at org.springframework.web.filter.FormContentFilter.doFilterInternal(FormContentFilter.java:93)
	at org.springframework.web.filter.OncePerRequestFilter.doFilter(OncePerRequestFilter.java:119)
	at org.apache.catalina.core.ApplicationFilterChain.internalDoFilter(ApplicationFilterChain.java:189)
	at org.apache.catalina.core.ApplicationFilterChain.doFilter(ApplicationFilterChain.java:162)
	at org.springframework.boot.actuate.metrics.web.servlet.WebMvcMetricsFilter.doFilterInternal(WebMvcMetricsFilter.java:93)
	at org.springframework.web.filter.OncePerRequestFilter.doFilter(OncePerRequestFilter.java:119)
	at org.apache.catalina.core.ApplicationFilterChain.internalDoFilter(ApplicationFilterChain.java:189)
	at org.apache.catalina.core.ApplicationFilterChain.doFilter(ApplicationFilterChain.java:162)
	at org.springframework.web.filter.CharacterEncodingFilter.doFilterInternal(CharacterEncodingFilter.java:201)
	at org.springframework.web.filter.OncePerRequestFilter.doFilter(OncePerRequestFilter.java:119)
	at org.apache.catalina.core.ApplicationFilterChain.internalDoFilter(ApplicationFilterChain.java:189)
	at org.apache.catalina.core.ApplicationFilterChain.doFilter(ApplicationFilterChain.java:162)
	at org.apache.catalina.core.StandardWrapperValve.invoke(StandardWrapperValve.java:202)
	at org.apache.catalina.core.StandardContextValve.invoke(StandardContextValve.java:97)
	at org.apache.catalina.authenticator.AuthenticatorBase.invoke(AuthenticatorBase.java:542)
	at org.apache.catalina.core.StandardHostValve.invoke(StandardHostValve.java:143)
	at org.apache.catalina.valves.ErrorReportValve.invoke(ErrorReportValve.java:92)
	at org.apache.catalina.core.StandardEngineValve.invoke(StandardEngineValve.java:78)
	at org.apache.catalina.connector.CoyoteAdapter.service(CoyoteAdapter.java:357)
	at org.apache.coyote.http11.Http11Processor.service(Http11Processor.java:374)
	at org.apache.coyote.AbstractProcessorLight.process(AbstractProcessorLight.java:65)
	at org.apache.coyote.AbstractProtocol$ConnectionHandler.process(AbstractProtocol.java:893)
	at org.apache.tomcat.util.net.NioEndpoint$SocketProcessor.doRun(NioEndpoint.java:1707)
	at org.apache.tomcat.util.net.SocketProcessorBase.run(SocketProcessorBase.java:49)
	at java.base/java.util.concurrent.ThreadPoolExecutor.runWorker(ThreadPoolExecutor.java:1128)
	at java.base/java.util.concurrent.ThreadPoolExecutor$Worker.run(ThreadPoolExecutor.java:628)
	at org.apache.tomcat.util.threads.TaskThread$WrappingRunnable.run(TaskThread.java:61)
	at java.base/java.lang.Thread.run(Thread.java:834)
Caused by: org.apache.cxf.service.factory.ServiceConstructionException: Failed to create service.
	at org.apache.cxf.wsdl11.WSDLServiceFactory.<init>(WSDLServiceFactory.java:87)
	at org.apache.cxf.jaxws.ServiceImpl.initializePorts(ServiceImpl.java:217)
	at org.apache.cxf.jaxws.ServiceImpl.initialize(ServiceImpl.java:160)
	... 59 common frames omitted
Caused by: javax.wsdl.WSDLException: WSDLException: faultCode=PARSER_ERROR: Problem parsing 'https://proxy-tst.mtcit.gov.om/ws/NRS/ws/PersonInformation_Entities.External.ws:PersonInformation_WSSP_ASE/PersonInformation_Entities_External_ws_PersonInformation_WSSP_ASE_Port?wsdl'.: java.net.UnknownHostException: proxy-tst.mtcit.gov.om
	at com.ibm.wsdl.xml.WSDLReaderImpl.getDocument(WSDLReaderImpl.java:2198)
	at com.ibm.wsdl.xml.WSDLReaderImpl.readWSDL(WSDLReaderImpl.java:2390)
	at com.ibm.wsdl.xml.WSDLReaderImpl.readWSDL(WSDLReaderImpl.java:2422)
	at org.apache.cxf.wsdl11.WSDLManagerImpl.loadDefinition(WSDLManagerImpl.java:266)
	at org.apache.cxf.wsdl11.WSDLManagerImpl.getDefinition(WSDLManagerImpl.java:165)
	at org.apache.cxf.wsdl11.WSDLServiceFactory.<init>(WSDLServiceFactory.java:85)
	... 61 common frames omitted
Caused by: java.net.UnknownHostException: proxy-tst.mtcit.gov.om
	at java.base/java.net.AbstractPlainSocketImpl.connect(AbstractPlainSocketImpl.java:220)
	at java.base/java.net.SocksSocketImpl.connect(SocksSocketImpl.java:392)
	at java.base/java.net.Socket.connect(Socket.java:608)
	at java.base/sun.security.ssl.SSLSocketImpl.connect(SSLSocketImpl.java:287)
	at java.base/sun.security.ssl.BaseSSLSocketImpl.connect(BaseSSLSocketImpl.java:173)
	at java.base/sun.net.NetworkClient.doConnect(NetworkClient.java:182)
	at java.base/sun.net.www.http.HttpClient.openServer(HttpClient.java:474)
	at java.base/sun.net.www.http.HttpClient.openServer(HttpClient.java:569)
	at java.base/sun.net.www.protocol.https.HttpsClient.<init>(HttpsClient.java:265)
	at java.base/sun.net.www.protocol.https.HttpsClient.New(HttpsClient.java:372)
	at java.base/sun.net.www.protocol.https.AbstractDelegateHttpsURLConnection.getNewHttpClient(AbstractDelegateHttpsURLConnection.java:191)
	at java.base/sun.net.www.protocol.http.HttpURLConnection.plainConnect0(HttpURLConnection.java:1187)
	at java.base/sun.net.www.protocol.http.HttpURLConnection.plainConnect(HttpURLConnection.java:1081)
	at java.base/sun.net.www.protocol.https.AbstractDelegateHttpsURLConnection.connect(AbstractDelegateHttpsURLConnection.java:177)
	at java.base/sun.net.www.protocol.http.HttpURLConnection.getInputStream0(HttpURLConnection.java:1592)
	at java.base/sun.net.www.protocol.http.HttpURLConnection.getInputStream(HttpURLConnection.java:1520)
	at java.base/sun.net.www.protocol.https.HttpsURLConnectionImpl.getInputStream(HttpsURLConnectionImpl.java:250)
	at java.xml/com.sun.org.apache.xerces.internal.impl.XMLEntityManager.setupCurrentEntity(XMLEntityManager.java:676)
	at java.xml/com.sun.org.apache.xerces.internal.impl.XMLVersionDetector.determineDocVersion(XMLVersionDetector.java:150)
	at java.xml/com.sun.org.apache.xerces.internal.parsers.XML11Configuration.parse(XML11Configuration.java:860)
	at java.xml/com.sun.org.apache.xerces.internal.parsers.XML11Configuration.parse(XML11Configuration.java:824)
	at java.xml/com.sun.org.apache.xerces.internal.parsers.XMLParser.parse(XMLParser.java:141)
	at java.xml/com.sun.org.apache.xerces.internal.parsers.DOMParser.parse(DOMParser.java:246)
	at java.xml/com.sun.org.apache.xerces.internal.jaxp.DocumentBuilderImpl.parse(DocumentBuilderImpl.java:339)
	at com.ibm.wsdl.xml.WSDLReaderImpl.getDocument(WSDLReaderImpl.java:2188)
	... 66 common frames omitted
2023-04-14 09:57:18,573 INFO com.vinsys.diam.interceptor.BaseInterceptor [http-nio-9999-exec-2] In post handle
2023-04-14 09:57:18,575 INFO com.vinsys.diam.processors.AuditLogProcessor [http-nio-9999-exec-2] Auditing records in AuditDataProcessor.
2023-04-14 09:57:18,742 INFO com.vinsys.diam.processors.AuditLogProcessor [pool-2-thread-1] Auditing in database.
2023-04-14 10:34:27,327 INFO org.hibernate.validator.internal.util.Version [background-preinit] HV000001: Hibernate Validator 6.1.7.Final
2023-04-14 10:34:27,332 INFO org.springframework.boot.StartupInfoLogger [main] Starting DemoApplication using Java 11.0.10 on VIN-WTC-TP-070 with PID 22672 (E:\PAW-diamservice\diamservices\target\classes started by admin in E:\PAW-diamservice\diamservices)
2023-04-14 10:34:27,337 INFO org.springframework.boot.SpringApplication [main] No active profile set, falling back to default profiles: default
2023-04-14 10:34:33,867 INFO org.springframework.context.support.PostProcessorRegistrationDelegate$BeanPostProcessorChecker [main] Bean 'org.springframework.ws.config.annotation.DelegatingWsConfiguration' of type [org.springframework.ws.config.annotation.DelegatingWsConfiguration$$EnhancerBySpringCGLIB$$cc5f2d18] is not eligible for getting processed by all BeanPostProcessors (for example: not eligible for auto-proxying)
2023-04-14 10:34:33,903 INFO org.springframework.ws.soap.addressing.server.AbstractAddressingEndpointMapping [main] Supporting [WS-Addressing August 2004, WS-Addressing 1.0]
2023-04-14 10:34:34,169 INFO org.springframework.boot.web.embedded.tomcat.TomcatWebServer [main] Tomcat initialized with port(s): 9999 (http)
2023-04-14 10:34:34,182 INFO org.apache.juli.logging.DirectJDKLog [main] Initializing ProtocolHandler ["http-nio-9999"]
2023-04-14 10:34:34,183 INFO org.apache.juli.logging.DirectJDKLog [main] Starting service [Tomcat]
2023-04-14 10:34:34,183 INFO org.apache.juli.logging.DirectJDKLog [main] Starting Servlet engine: [Apache Tomcat/9.0.45]
2023-04-14 10:34:34,369 INFO org.apache.juli.logging.DirectJDKLog [main] Initializing Spring embedded WebApplicationContext
2023-04-14 10:34:34,370 INFO org.springframework.boot.web.servlet.context.ServletWebServerApplicationContext [main] Root WebApplicationContext: initialization completed in 6960 ms
2023-04-14 10:34:34,978 INFO org.springframework.ws.soap.saaj.SaajSoapMessageFactory [main] Creating SAAJ 1.3 MessageFactory with SOAP 1.1 Protocol
2023-04-14 10:34:35,145 INFO org.springframework.scheduling.concurrent.ExecutorConfigurationSupport [main] Initializing ExecutorService 'applicationTaskExecutor'
2023-04-14 10:34:35,753 INFO org.springframework.scheduling.concurrent.ExecutorConfigurationSupport [main] Initializing ExecutorService 'taskScheduler'
2023-04-14 10:34:35,821 INFO org.springframework.boot.actuate.endpoint.web.EndpointLinksResolver [main] Exposing 2 endpoint(s) beneath base path '/actuator'
2023-04-14 10:34:35,849 INFO org.apache.juli.logging.DirectJDKLog [main] Starting ProtocolHandler ["http-nio-9999"]
2023-04-14 10:34:35,900 INFO org.springframework.boot.web.embedded.tomcat.TomcatWebServer [main] Tomcat started on port(s): 9999 (http) with context path ''
2023-04-14 10:34:35,920 INFO org.springframework.boot.StartupInfoLogger [main] Started DemoApplication in 10.948 seconds (JVM running for 12.851)
2023-04-14 10:34:36,547 INFO org.apache.juli.logging.DirectJDKLog [RMI TCP Connection(3)-127.0.0.1] Initializing Spring DispatcherServlet 'dispatcherServlet'
2023-04-14 10:34:36,548 INFO org.springframework.web.servlet.FrameworkServlet [RMI TCP Connection(3)-127.0.0.1] Initializing Servlet 'dispatcherServlet'
2023-04-14 10:34:36,549 INFO org.springframework.web.servlet.FrameworkServlet [RMI TCP Connection(3)-127.0.0.1] Completed initialization in 1 ms
2023-04-14 10:34:41,768 INFO com.vinsys.diam.interceptor.BaseInterceptor [http-nio-9999-exec-2] Inside prehandle
2023-04-14 10:34:41,773 INFO com.vinsys.diam.interceptor.BaseInterceptor [http-nio-9999-exec-2] ############Request Processing started for request-id AMR-INT223451232d and esbURL is /api/v1/getpersoninformation
2023-04-14 10:34:41,774 INFO com.vinsys.diam.filters.GetDetails [http-nio-9999-exec-2] Inside getEncryption status.. for service code getpersoninformation
2023-04-14 10:34:42,460 INFO com.vinsys.diam.interceptor.BaseInterceptor [http-nio-9999-exec-2] Inside DDOS filtering
2023-04-14 10:34:42,461 INFO com.vinsys.diam.filters.GetDetails [http-nio-9999-exec-2] Inside get error codes.
2023-04-14 10:34:42,574 INFO com.vinsys.diam.filters.AuthenticationFilter [http-nio-9999-exec-2] inside request param validation
2023-04-14 10:34:42,574 INFO com.vinsys.diam.filters.AuthenticationFilter [http-nio-9999-exec-2] In Timestamp validation
2023-04-14 10:34:42,577 INFO com.vinsys.diam.filters.AuthenticationFilter [http-nio-9999-exec-2] The timestamp difference is--
2023-04-14 10:34:42,577 INFO com.vinsys.diam.filters.AuthenticationFilter [http-nio-9999-exec-2] Validating auth key for consumerCode AMR with auth key bbcf4432d0d34e029d8a5a170a0e730d
2023-04-14 10:34:42,578 INFO com.vinsys.diam.filters.AuthenticationFilter [http-nio-9999-exec-2] Inside getAuthKeyFromDB..
2023-04-14 10:34:42,755 INFO com.vinsys.diam.filters.AuthenticationFilter [http-nio-9999-exec-2] Auth Key from DB for Consumer code AMR is  bbcf4432d0d34e029d8a5a170a0e730d
2023-04-14 10:34:42,756 INFO com.vinsys.diam.filters.AuthenticationFilter [http-nio-9999-exec-2] Inside getAuthKeyFromDB..
2023-04-14 10:34:42,961 INFO com.vinsys.diam.filters.AuthenticationFilter [http-nio-9999-exec-2] Whitelisted
2023-04-14 10:34:42,962 INFO com.vinsys.diam.filters.AuthenticationFilter [http-nio-9999-exec-2] Inside is whiteListed
2023-04-14 10:34:43,256 INFO com.vinsys.diam.controllers.PAWESBServices [http-nio-9999-exec-2] personrequestobject :: 
2023-04-14 10:34:43,723 INFO org.apache.cxf.wsdl.service.factory.ReflectionServiceFactoryBean [http-nio-9999-exec-2] Creating Service {urn:rop-gov-om:person}PersonInformation_Entities.External.ws.PersonInformation_WSSP_ASE_ITA from WSDL: file:/E:/PAW-diamservice/diamservices/src/main/resources/wsdl1/PersonUAT.wsdl
2023-04-14 10:34:44,661 WARN org.apache.cxf.ws.policy.AssertionBuilderRegistryImpl [http-nio-9999-exec-2] No assertion builder for type {http://docs.oasis-open.org/ws-sx/ws-securitypolicy/200702}WssX509PkiPathV1Token10 registered.
2023-04-14 10:34:44,691 WARN org.apache.cxf.common.logging.LogUtils [http-nio-9999-exec-2] Interceptor for {urn:rop-gov-om:person}PersonInformation_Entities.External.ws.PersonInformation_WSSP_ASE_ITA#{urn:rop-gov-om:person}PersonInformation has thrown exception, unwinding now
org.apache.cxf.ws.policy.PolicyException: Reference to policy ROP X509 Authentication, Signature and Encryption could not be resolved.
	at org.apache.cxf.ws.policy.attachment.AbstractPolicyProvider.checkResolved(AbstractPolicyProvider.java:93)
	at org.apache.cxf.ws.policy.attachment.wsdl11.Wsdl11AttachmentPolicyProvider.resolveReference(Wsdl11AttachmentPolicyProvider.java:274)
	at org.apache.cxf.ws.policy.attachment.wsdl11.Wsdl11AttachmentPolicyProvider.getElementPolicy(Wsdl11AttachmentPolicyProvider.java:220)
	at org.apache.cxf.ws.policy.attachment.wsdl11.Wsdl11AttachmentPolicyProvider.getEffectivePolicy(Wsdl11AttachmentPolicyProvider.java:136)
	at org.apache.cxf.ws.policy.PolicyEngineImpl.getAggregatedMessagePolicy(PolicyEngineImpl.java:500)
	at org.apache.cxf.ws.policy.EffectivePolicyImpl.initialisePolicy(EffectivePolicyImpl.java:175)
	at org.apache.cxf.ws.policy.EffectivePolicyImpl.initialise(EffectivePolicyImpl.java:95)
	at org.apache.cxf.ws.policy.PolicyEngineImpl.getEffectiveClientRequestPolicy(PolicyEngineImpl.java:214)
	at org.apache.cxf.ws.policy.PolicyOutInterceptor.handle(PolicyOutInterceptor.java:98)
	at org.apache.cxf.ws.policy.AbstractPolicyInterceptor.handleMessage(AbstractPolicyInterceptor.java:44)
	at org.apache.cxf.phase.PhaseInterceptorChain.doIntercept(PhaseInterceptorChain.java:307)
	at org.apache.cxf.endpoint.ClientImpl.doInvoke(ClientImpl.java:528)
	at org.apache.cxf.endpoint.ClientImpl.invoke(ClientImpl.java:439)
	at org.apache.cxf.endpoint.ClientImpl.invoke(ClientImpl.java:354)
	at org.apache.cxf.endpoint.ClientImpl.invoke(ClientImpl.java:312)
	at org.apache.cxf.frontend.ClientProxy.invokeSync(ClientProxy.java:96)
	at org.apache.cxf.jaxws.JaxWsClientProxy.invoke(JaxWsClientProxy.java:140)
	at com.sun.proxy.$Proxy142.personInformation(Unknown Source)
	at com.vinsys.diam.controllers.PAWESBServices.getPersonInformation(PAWESBServices.java:799)
	at java.base/jdk.internal.reflect.NativeMethodAccessorImpl.invoke0(Native Method)
	at java.base/jdk.internal.reflect.NativeMethodAccessorImpl.invoke(NativeMethodAccessorImpl.java:62)
	at java.base/jdk.internal.reflect.DelegatingMethodAccessorImpl.invoke(DelegatingMethodAccessorImpl.java:43)
	at java.base/java.lang.reflect.Method.invoke(Method.java:566)
	at org.springframework.web.method.support.InvocableHandlerMethod.doInvoke(InvocableHandlerMethod.java:197)
	at org.springframework.web.method.support.InvocableHandlerMethod.invokeForRequest(InvocableHandlerMethod.java:141)
	at org.springframework.web.servlet.mvc.method.annotation.ServletInvocableHandlerMethod.invokeAndHandle(ServletInvocableHandlerMethod.java:106)
	at org.springframework.web.servlet.mvc.method.annotation.RequestMappingHandlerAdapter.invokeHandlerMethod(RequestMappingHandlerAdapter.java:894)
	at org.springframework.web.servlet.mvc.method.annotation.RequestMappingHandlerAdapter.handleInternal(RequestMappingHandlerAdapter.java:808)
	at org.springframework.web.servlet.mvc.method.AbstractHandlerMethodAdapter.handle(AbstractHandlerMethodAdapter.java:87)
	at org.springframework.web.servlet.DispatcherServlet.doDispatch(DispatcherServlet.java:1060)
	at org.springframework.web.servlet.DispatcherServlet.doService(DispatcherServlet.java:962)
	at org.springframework.web.servlet.FrameworkServlet.processRequest(FrameworkServlet.java:1006)
	at org.springframework.web.servlet.FrameworkServlet.doPost(FrameworkServlet.java:909)
	at javax.servlet.http.HttpServlet.service(HttpServlet.java:652)
	at org.springframework.web.servlet.FrameworkServlet.service(FrameworkServlet.java:883)
	at javax.servlet.http.HttpServlet.service(HttpServlet.java:733)
	at org.apache.catalina.core.ApplicationFilterChain.internalDoFilter(ApplicationFilterChain.java:227)
	at org.apache.catalina.core.ApplicationFilterChain.doFilter(ApplicationFilterChain.java:162)
	at org.apache.tomcat.websocket.server.WsFilter.doFilter(WsFilter.java:53)
	at org.apache.catalina.core.ApplicationFilterChain.internalDoFilter(ApplicationFilterChain.java:189)
	at org.apache.catalina.core.ApplicationFilterChain.doFilter(ApplicationFilterChain.java:162)
	at org.springframework.web.filter.RequestContextFilter.doFilterInternal(RequestContextFilter.java:100)
	at org.springframework.web.filter.OncePerRequestFilter.doFilter(OncePerRequestFilter.java:119)
	at org.apache.catalina.core.ApplicationFilterChain.internalDoFilter(ApplicationFilterChain.java:189)
	at org.apache.catalina.core.ApplicationFilterChain.doFilter(ApplicationFilterChain.java:162)
	at org.springframework.web.filter.FormContentFilter.doFilterInternal(FormContentFilter.java:93)
	at org.springframework.web.filter.OncePerRequestFilter.doFilter(OncePerRequestFilter.java:119)
	at org.apache.catalina.core.ApplicationFilterChain.internalDoFilter(ApplicationFilterChain.java:189)
	at org.apache.catalina.core.ApplicationFilterChain.doFilter(ApplicationFilterChain.java:162)
	at org.springframework.boot.actuate.metrics.web.servlet.WebMvcMetricsFilter.doFilterInternal(WebMvcMetricsFilter.java:93)
	at org.springframework.web.filter.OncePerRequestFilter.doFilter(OncePerRequestFilter.java:119)
	at org.apache.catalina.core.ApplicationFilterChain.internalDoFilter(ApplicationFilterChain.java:189)
	at org.apache.catalina.core.ApplicationFilterChain.doFilter(ApplicationFilterChain.java:162)
	at org.springframework.web.filter.CharacterEncodingFilter.doFilterInternal(CharacterEncodingFilter.java:201)
	at org.springframework.web.filter.OncePerRequestFilter.doFilter(OncePerRequestFilter.java:119)
	at org.apache.catalina.core.ApplicationFilterChain.internalDoFilter(ApplicationFilterChain.java:189)
	at org.apache.catalina.core.ApplicationFilterChain.doFilter(ApplicationFilterChain.java:162)
	at org.apache.catalina.core.StandardWrapperValve.invoke(StandardWrapperValve.java:202)
	at org.apache.catalina.core.StandardContextValve.invoke(StandardContextValve.java:97)
	at org.apache.catalina.authenticator.AuthenticatorBase.invoke(AuthenticatorBase.java:542)
	at org.apache.catalina.core.StandardHostValve.invoke(StandardHostValve.java:143)
	at org.apache.catalina.valves.ErrorReportValve.invoke(ErrorReportValve.java:92)
	at org.apache.catalina.core.StandardEngineValve.invoke(StandardEngineValve.java:78)
	at org.apache.catalina.connector.CoyoteAdapter.service(CoyoteAdapter.java:357)
	at org.apache.coyote.http11.Http11Processor.service(Http11Processor.java:374)
	at org.apache.coyote.AbstractProcessorLight.process(AbstractProcessorLight.java:65)
	at org.apache.coyote.AbstractProtocol$ConnectionHandler.process(AbstractProtocol.java:893)
	at org.apache.tomcat.util.net.NioEndpoint$SocketProcessor.doRun(NioEndpoint.java:1707)
	at org.apache.tomcat.util.net.SocketProcessorBase.run(SocketProcessorBase.java:49)
	at java.base/java.util.concurrent.ThreadPoolExecutor.runWorker(ThreadPoolExecutor.java:1128)
	at java.base/java.util.concurrent.ThreadPoolExecutor$Worker.run(ThreadPoolExecutor.java:628)
	at org.apache.tomcat.util.threads.TaskThread$WrappingRunnable.run(TaskThread.java:61)
	at java.base/java.lang.Thread.run(Thread.java:834)
2023-04-14 10:34:44,734 ERROR com.vinsys.diam.controllers.PAWESBServices [http-nio-9999-exec-2] Exception while processing 
javax.xml.ws.soap.SOAPFaultException: Reference to policy ROP X509 Authentication, Signature and Encryption could not be resolved.
	at org.apache.cxf.jaxws.JaxWsClientProxy.mapException(JaxWsClientProxy.java:195)
	at org.apache.cxf.jaxws.JaxWsClientProxy.invoke(JaxWsClientProxy.java:145)
	at com.sun.proxy.$Proxy142.personInformation(Unknown Source)
	at com.vinsys.diam.controllers.PAWESBServices.getPersonInformation(PAWESBServices.java:799)
	at java.base/jdk.internal.reflect.NativeMethodAccessorImpl.invoke0(Native Method)
	at java.base/jdk.internal.reflect.NativeMethodAccessorImpl.invoke(NativeMethodAccessorImpl.java:62)
	at java.base/jdk.internal.reflect.DelegatingMethodAccessorImpl.invoke(DelegatingMethodAccessorImpl.java:43)
	at java.base/java.lang.reflect.Method.invoke(Method.java:566)
	at org.springframework.web.method.support.InvocableHandlerMethod.doInvoke(InvocableHandlerMethod.java:197)
	at org.springframework.web.method.support.InvocableHandlerMethod.invokeForRequest(InvocableHandlerMethod.java:141)
	at org.springframework.web.servlet.mvc.method.annotation.ServletInvocableHandlerMethod.invokeAndHandle(ServletInvocableHandlerMethod.java:106)
	at org.springframework.web.servlet.mvc.method.annotation.RequestMappingHandlerAdapter.invokeHandlerMethod(RequestMappingHandlerAdapter.java:894)
	at org.springframework.web.servlet.mvc.method.annotation.RequestMappingHandlerAdapter.handleInternal(RequestMappingHandlerAdapter.java:808)
	at org.springframework.web.servlet.mvc.method.AbstractHandlerMethodAdapter.handle(AbstractHandlerMethodAdapter.java:87)
	at org.springframework.web.servlet.DispatcherServlet.doDispatch(DispatcherServlet.java:1060)
	at org.springframework.web.servlet.DispatcherServlet.doService(DispatcherServlet.java:962)
	at org.springframework.web.servlet.FrameworkServlet.processRequest(FrameworkServlet.java:1006)
	at org.springframework.web.servlet.FrameworkServlet.doPost(FrameworkServlet.java:909)
	at javax.servlet.http.HttpServlet.service(HttpServlet.java:652)
	at org.springframework.web.servlet.FrameworkServlet.service(FrameworkServlet.java:883)
	at javax.servlet.http.HttpServlet.service(HttpServlet.java:733)
	at org.apache.catalina.core.ApplicationFilterChain.internalDoFilter(ApplicationFilterChain.java:227)
	at org.apache.catalina.core.ApplicationFilterChain.doFilter(ApplicationFilterChain.java:162)
	at org.apache.tomcat.websocket.server.WsFilter.doFilter(WsFilter.java:53)
	at org.apache.catalina.core.ApplicationFilterChain.internalDoFilter(ApplicationFilterChain.java:189)
	at org.apache.catalina.core.ApplicationFilterChain.doFilter(ApplicationFilterChain.java:162)
	at org.springframework.web.filter.RequestContextFilter.doFilterInternal(RequestContextFilter.java:100)
	at org.springframework.web.filter.OncePerRequestFilter.doFilter(OncePerRequestFilter.java:119)
	at org.apache.catalina.core.ApplicationFilterChain.internalDoFilter(ApplicationFilterChain.java:189)
	at org.apache.catalina.core.ApplicationFilterChain.doFilter(ApplicationFilterChain.java:162)
	at org.springframework.web.filter.FormContentFilter.doFilterInternal(FormContentFilter.java:93)
	at org.springframework.web.filter.OncePerRequestFilter.doFilter(OncePerRequestFilter.java:119)
	at org.apache.catalina.core.ApplicationFilterChain.internalDoFilter(ApplicationFilterChain.java:189)
	at org.apache.catalina.core.ApplicationFilterChain.doFilter(ApplicationFilterChain.java:162)
	at org.springframework.boot.actuate.metrics.web.servlet.WebMvcMetricsFilter.doFilterInternal(WebMvcMetricsFilter.java:93)
	at org.springframework.web.filter.OncePerRequestFilter.doFilter(OncePerRequestFilter.java:119)
	at org.apache.catalina.core.ApplicationFilterChain.internalDoFilter(ApplicationFilterChain.java:189)
	at org.apache.catalina.core.ApplicationFilterChain.doFilter(ApplicationFilterChain.java:162)
	at org.springframework.web.filter.CharacterEncodingFilter.doFilterInternal(CharacterEncodingFilter.java:201)
	at org.springframework.web.filter.OncePerRequestFilter.doFilter(OncePerRequestFilter.java:119)
	at org.apache.catalina.core.ApplicationFilterChain.internalDoFilter(ApplicationFilterChain.java:189)
	at org.apache.catalina.core.ApplicationFilterChain.doFilter(ApplicationFilterChain.java:162)
	at org.apache.catalina.core.StandardWrapperValve.invoke(StandardWrapperValve.java:202)
	at org.apache.catalina.core.StandardContextValve.invoke(StandardContextValve.java:97)
	at org.apache.catalina.authenticator.AuthenticatorBase.invoke(AuthenticatorBase.java:542)
	at org.apache.catalina.core.StandardHostValve.invoke(StandardHostValve.java:143)
	at org.apache.catalina.valves.ErrorReportValve.invoke(ErrorReportValve.java:92)
	at org.apache.catalina.core.StandardEngineValve.invoke(StandardEngineValve.java:78)
	at org.apache.catalina.connector.CoyoteAdapter.service(CoyoteAdapter.java:357)
	at org.apache.coyote.http11.Http11Processor.service(Http11Processor.java:374)
	at org.apache.coyote.AbstractProcessorLight.process(AbstractProcessorLight.java:65)
	at org.apache.coyote.AbstractProtocol$ConnectionHandler.process(AbstractProtocol.java:893)
	at org.apache.tomcat.util.net.NioEndpoint$SocketProcessor.doRun(NioEndpoint.java:1707)
	at org.apache.tomcat.util.net.SocketProcessorBase.run(SocketProcessorBase.java:49)
	at java.base/java.util.concurrent.ThreadPoolExecutor.runWorker(ThreadPoolExecutor.java:1128)
	at java.base/java.util.concurrent.ThreadPoolExecutor$Worker.run(ThreadPoolExecutor.java:628)
	at org.apache.tomcat.util.threads.TaskThread$WrappingRunnable.run(TaskThread.java:61)
	at java.base/java.lang.Thread.run(Thread.java:834)
Caused by: org.apache.cxf.ws.policy.PolicyException: Reference to policy ROP X509 Authentication, Signature and Encryption could not be resolved.
	at org.apache.cxf.ws.policy.attachment.AbstractPolicyProvider.checkResolved(AbstractPolicyProvider.java:93)
	at org.apache.cxf.ws.policy.attachment.wsdl11.Wsdl11AttachmentPolicyProvider.resolveReference(Wsdl11AttachmentPolicyProvider.java:274)
	at org.apache.cxf.ws.policy.attachment.wsdl11.Wsdl11AttachmentPolicyProvider.getElementPolicy(Wsdl11AttachmentPolicyProvider.java:220)
	at org.apache.cxf.ws.policy.attachment.wsdl11.Wsdl11AttachmentPolicyProvider.getEffectivePolicy(Wsdl11AttachmentPolicyProvider.java:136)
	at org.apache.cxf.ws.policy.PolicyEngineImpl.getAggregatedMessagePolicy(PolicyEngineImpl.java:500)
	at org.apache.cxf.ws.policy.EffectivePolicyImpl.initialisePolicy(EffectivePolicyImpl.java:175)
	at org.apache.cxf.ws.policy.EffectivePolicyImpl.initialise(EffectivePolicyImpl.java:95)
	at org.apache.cxf.ws.policy.PolicyEngineImpl.getEffectiveClientRequestPolicy(PolicyEngineImpl.java:214)
	at org.apache.cxf.ws.policy.PolicyOutInterceptor.handle(PolicyOutInterceptor.java:98)
	at org.apache.cxf.ws.policy.AbstractPolicyInterceptor.handleMessage(AbstractPolicyInterceptor.java:44)
	at org.apache.cxf.phase.PhaseInterceptorChain.doIntercept(PhaseInterceptorChain.java:307)
	at org.apache.cxf.endpoint.ClientImpl.doInvoke(ClientImpl.java:528)
	at org.apache.cxf.endpoint.ClientImpl.invoke(ClientImpl.java:439)
	at org.apache.cxf.endpoint.ClientImpl.invoke(ClientImpl.java:354)
	at org.apache.cxf.endpoint.ClientImpl.invoke(ClientImpl.java:312)
	at org.apache.cxf.frontend.ClientProxy.invokeSync(ClientProxy.java:96)
	at org.apache.cxf.jaxws.JaxWsClientProxy.invoke(JaxWsClientProxy.java:140)
	... 56 common frames omitted
2023-04-14 10:34:44,746 INFO com.vinsys.diam.interceptor.BaseInterceptor [http-nio-9999-exec-2] In post handle
2023-04-14 10:34:44,747 INFO com.vinsys.diam.processors.AuditLogProcessor [http-nio-9999-exec-2] Auditing records in AuditDataProcessor.
2023-04-14 10:34:44,853 INFO com.vinsys.diam.processors.AuditLogProcessor [pool-2-thread-1] Auditing in database.
2023-04-14 10:36:48,870 INFO org.springframework.boot.StartupInfoLogger [main] Starting DemoApplication using Java 11.0.10 on VIN-WTC-TP-070 with PID 13376 (E:\PAW-diamservice\diamservices\target\classes started by admin in E:\PAW-diamservice\diamservices)
2023-04-14 10:36:48,869 INFO org.hibernate.validator.internal.util.Version [background-preinit] HV000001: Hibernate Validator 6.1.7.Final
2023-04-14 10:36:48,875 INFO org.springframework.boot.SpringApplication [main] No active profile set, falling back to default profiles: default
2023-04-14 10:36:55,202 INFO org.springframework.context.support.PostProcessorRegistrationDelegate$BeanPostProcessorChecker [main] Bean 'org.springframework.ws.config.annotation.DelegatingWsConfiguration' of type [org.springframework.ws.config.annotation.DelegatingWsConfiguration$$EnhancerBySpringCGLIB$$baaaa166] is not eligible for getting processed by all BeanPostProcessors (for example: not eligible for auto-proxying)
2023-04-14 10:36:55,238 INFO org.springframework.ws.soap.addressing.server.AbstractAddressingEndpointMapping [main] Supporting [WS-Addressing August 2004, WS-Addressing 1.0]
2023-04-14 10:36:55,500 INFO org.springframework.boot.web.embedded.tomcat.TomcatWebServer [main] Tomcat initialized with port(s): 9999 (http)
2023-04-14 10:36:55,514 INFO org.apache.juli.logging.DirectJDKLog [main] Initializing ProtocolHandler ["http-nio-9999"]
2023-04-14 10:36:55,514 INFO org.apache.juli.logging.DirectJDKLog [main] Starting service [Tomcat]
2023-04-14 10:36:55,515 INFO org.apache.juli.logging.DirectJDKLog [main] Starting Servlet engine: [Apache Tomcat/9.0.45]
2023-04-14 10:36:55,708 INFO org.apache.juli.logging.DirectJDKLog [main] Initializing Spring embedded WebApplicationContext
2023-04-14 10:36:55,708 INFO org.springframework.boot.web.servlet.context.ServletWebServerApplicationContext [main] Root WebApplicationContext: initialization completed in 6766 ms
2023-04-14 10:36:56,252 INFO org.springframework.ws.soap.saaj.SaajSoapMessageFactory [main] Creating SAAJ 1.3 MessageFactory with SOAP 1.1 Protocol
2023-04-14 10:36:56,432 INFO org.springframework.scheduling.concurrent.ExecutorConfigurationSupport [main] Initializing ExecutorService 'applicationTaskExecutor'
2023-04-14 10:36:56,996 INFO org.springframework.scheduling.concurrent.ExecutorConfigurationSupport [main] Initializing ExecutorService 'taskScheduler'
2023-04-14 10:36:57,040 INFO org.springframework.boot.actuate.endpoint.web.EndpointLinksResolver [main] Exposing 2 endpoint(s) beneath base path '/actuator'
2023-04-14 10:36:57,071 INFO org.apache.juli.logging.DirectJDKLog [main] Starting ProtocolHandler ["http-nio-9999"]
2023-04-14 10:36:57,118 INFO org.springframework.boot.web.embedded.tomcat.TomcatWebServer [main] Tomcat started on port(s): 9999 (http) with context path ''
2023-04-14 10:36:57,138 INFO org.springframework.boot.StartupInfoLogger [main] Started DemoApplication in 8.705 seconds (JVM running for 10.321)
2023-04-14 10:36:57,591 INFO org.apache.juli.logging.DirectJDKLog [RMI TCP Connection(3)-127.0.0.1] Initializing Spring DispatcherServlet 'dispatcherServlet'
2023-04-14 10:36:57,591 INFO org.springframework.web.servlet.FrameworkServlet [RMI TCP Connection(3)-127.0.0.1] Initializing Servlet 'dispatcherServlet'
2023-04-14 10:36:57,593 INFO org.springframework.web.servlet.FrameworkServlet [RMI TCP Connection(3)-127.0.0.1] Completed initialization in 2 ms
2023-04-14 10:37:02,107 INFO com.vinsys.diam.interceptor.BaseInterceptor [http-nio-9999-exec-1] Inside prehandle
2023-04-14 10:37:02,114 INFO com.vinsys.diam.interceptor.BaseInterceptor [http-nio-9999-exec-1] ############Request Processing started for request-id AMR-INT223451232d and esbURL is /api/v1/getpersoninformation
2023-04-14 10:37:02,115 INFO com.vinsys.diam.filters.GetDetails [http-nio-9999-exec-1] Inside getEncryption status.. for service code getpersoninformation
2023-04-14 10:37:02,814 INFO com.vinsys.diam.interceptor.BaseInterceptor [http-nio-9999-exec-1] Inside DDOS filtering
2023-04-14 10:37:02,815 INFO com.vinsys.diam.filters.GetDetails [http-nio-9999-exec-1] Inside get error codes.
2023-04-14 10:37:02,931 INFO com.vinsys.diam.filters.AuthenticationFilter [http-nio-9999-exec-1] inside request param validation
2023-04-14 10:37:02,931 INFO com.vinsys.diam.filters.AuthenticationFilter [http-nio-9999-exec-1] In Timestamp validation
2023-04-14 10:37:02,932 INFO com.vinsys.diam.filters.AuthenticationFilter [http-nio-9999-exec-1] The timestamp difference is--
2023-04-14 10:37:02,933 INFO com.vinsys.diam.filters.AuthenticationFilter [http-nio-9999-exec-1] Validating auth key for consumerCode AMR with auth key bbcf4432d0d34e029d8a5a170a0e730d
2023-04-14 10:37:02,933 INFO com.vinsys.diam.filters.AuthenticationFilter [http-nio-9999-exec-1] Inside getAuthKeyFromDB..
2023-04-14 10:37:03,082 INFO com.vinsys.diam.filters.AuthenticationFilter [http-nio-9999-exec-1] Auth Key from DB for Consumer code AMR is  bbcf4432d0d34e029d8a5a170a0e730d
2023-04-14 10:37:03,083 INFO com.vinsys.diam.filters.AuthenticationFilter [http-nio-9999-exec-1] Inside getAuthKeyFromDB..
2023-04-14 10:37:03,253 INFO com.vinsys.diam.filters.AuthenticationFilter [http-nio-9999-exec-1] Whitelisted
2023-04-14 10:37:03,254 INFO com.vinsys.diam.filters.AuthenticationFilter [http-nio-9999-exec-1] Inside is whiteListed
2023-04-14 10:37:03,520 INFO com.vinsys.diam.controllers.PAWESBServices [http-nio-9999-exec-1] personrequestobject :: 
2023-04-14 10:37:04,520 ERROR com.vinsys.diam.controllers.PAWESBServices [http-nio-9999-exec-1] Exception while processing 
javax.xml.ws.WebServiceException: org.apache.cxf.service.factory.ServiceConstructionException: Failed to create service.
	at org.apache.cxf.jaxws.ServiceImpl.initialize(ServiceImpl.java:162)
	at org.apache.cxf.jaxws.ServiceImpl.<init>(ServiceImpl.java:128)
	at org.apache.cxf.jaxws.spi.ProviderImpl.createServiceDelegate(ProviderImpl.java:82)
	at javax.xml.ws.Service.<init>(Service.java:82)
	at om.gov.rop.person.PersonInformationEntitiesExternalWsPersonInformationWSSPASEITA.<init>(PersonInformationEntitiesExternalWsPersonInformationWSSPASEITA.java:50)
	at com.vinsys.diam.controllers.PAWESBServices.getPersonInformation(PAWESBServices.java:785)
	at java.base/jdk.internal.reflect.NativeMethodAccessorImpl.invoke0(Native Method)
	at java.base/jdk.internal.reflect.NativeMethodAccessorImpl.invoke(NativeMethodAccessorImpl.java:62)
	at java.base/jdk.internal.reflect.DelegatingMethodAccessorImpl.invoke(DelegatingMethodAccessorImpl.java:43)
	at java.base/java.lang.reflect.Method.invoke(Method.java:566)
	at org.springframework.web.method.support.InvocableHandlerMethod.doInvoke(InvocableHandlerMethod.java:197)
	at org.springframework.web.method.support.InvocableHandlerMethod.invokeForRequest(InvocableHandlerMethod.java:141)
	at org.springframework.web.servlet.mvc.method.annotation.ServletInvocableHandlerMethod.invokeAndHandle(ServletInvocableHandlerMethod.java:106)
	at org.springframework.web.servlet.mvc.method.annotation.RequestMappingHandlerAdapter.invokeHandlerMethod(RequestMappingHandlerAdapter.java:894)
	at org.springframework.web.servlet.mvc.method.annotation.RequestMappingHandlerAdapter.handleInternal(RequestMappingHandlerAdapter.java:808)
	at org.springframework.web.servlet.mvc.method.AbstractHandlerMethodAdapter.handle(AbstractHandlerMethodAdapter.java:87)
	at org.springframework.web.servlet.DispatcherServlet.doDispatch(DispatcherServlet.java:1060)
	at org.springframework.web.servlet.DispatcherServlet.doService(DispatcherServlet.java:962)
	at org.springframework.web.servlet.FrameworkServlet.processRequest(FrameworkServlet.java:1006)
	at org.springframework.web.servlet.FrameworkServlet.doPost(FrameworkServlet.java:909)
	at javax.servlet.http.HttpServlet.service(HttpServlet.java:652)
	at org.springframework.web.servlet.FrameworkServlet.service(FrameworkServlet.java:883)
	at javax.servlet.http.HttpServlet.service(HttpServlet.java:733)
	at org.apache.catalina.core.ApplicationFilterChain.internalDoFilter(ApplicationFilterChain.java:227)
	at org.apache.catalina.core.ApplicationFilterChain.doFilter(ApplicationFilterChain.java:162)
	at org.apache.tomcat.websocket.server.WsFilter.doFilter(WsFilter.java:53)
	at org.apache.catalina.core.ApplicationFilterChain.internalDoFilter(ApplicationFilterChain.java:189)
	at org.apache.catalina.core.ApplicationFilterChain.doFilter(ApplicationFilterChain.java:162)
	at org.springframework.web.filter.RequestContextFilter.doFilterInternal(RequestContextFilter.java:100)
	at org.springframework.web.filter.OncePerRequestFilter.doFilter(OncePerRequestFilter.java:119)
	at org.apache.catalina.core.ApplicationFilterChain.internalDoFilter(ApplicationFilterChain.java:189)
	at org.apache.catalina.core.ApplicationFilterChain.doFilter(ApplicationFilterChain.java:162)
	at org.springframework.web.filter.FormContentFilter.doFilterInternal(FormContentFilter.java:93)
	at org.springframework.web.filter.OncePerRequestFilter.doFilter(OncePerRequestFilter.java:119)
	at org.apache.catalina.core.ApplicationFilterChain.internalDoFilter(ApplicationFilterChain.java:189)
	at org.apache.catalina.core.ApplicationFilterChain.doFilter(ApplicationFilterChain.java:162)
	at org.springframework.boot.actuate.metrics.web.servlet.WebMvcMetricsFilter.doFilterInternal(WebMvcMetricsFilter.java:93)
	at org.springframework.web.filter.OncePerRequestFilter.doFilter(OncePerRequestFilter.java:119)
	at org.apache.catalina.core.ApplicationFilterChain.internalDoFilter(ApplicationFilterChain.java:189)
	at org.apache.catalina.core.ApplicationFilterChain.doFilter(ApplicationFilterChain.java:162)
	at org.springframework.web.filter.CharacterEncodingFilter.doFilterInternal(CharacterEncodingFilter.java:201)
	at org.springframework.web.filter.OncePerRequestFilter.doFilter(OncePerRequestFilter.java:119)
	at org.apache.catalina.core.ApplicationFilterChain.internalDoFilter(ApplicationFilterChain.java:189)
	at org.apache.catalina.core.ApplicationFilterChain.doFilter(ApplicationFilterChain.java:162)
	at org.apache.catalina.core.StandardWrapperValve.invoke(StandardWrapperValve.java:202)
	at org.apache.catalina.core.StandardContextValve.invoke(StandardContextValve.java:97)
	at org.apache.catalina.authenticator.AuthenticatorBase.invoke(AuthenticatorBase.java:542)
	at org.apache.catalina.core.StandardHostValve.invoke(StandardHostValve.java:143)
	at org.apache.catalina.valves.ErrorReportValve.invoke(ErrorReportValve.java:92)
	at org.apache.catalina.core.StandardEngineValve.invoke(StandardEngineValve.java:78)
	at org.apache.catalina.connector.CoyoteAdapter.service(CoyoteAdapter.java:357)
	at org.apache.coyote.http11.Http11Processor.service(Http11Processor.java:374)
	at org.apache.coyote.AbstractProcessorLight.process(AbstractProcessorLight.java:65)
	at org.apache.coyote.AbstractProtocol$ConnectionHandler.process(AbstractProtocol.java:893)
	at org.apache.tomcat.util.net.NioEndpoint$SocketProcessor.doRun(NioEndpoint.java:1707)
	at org.apache.tomcat.util.net.SocketProcessorBase.run(SocketProcessorBase.java:49)
	at java.base/java.util.concurrent.ThreadPoolExecutor.runWorker(ThreadPoolExecutor.java:1128)
	at java.base/java.util.concurrent.ThreadPoolExecutor$Worker.run(ThreadPoolExecutor.java:628)
	at org.apache.tomcat.util.threads.TaskThread$WrappingRunnable.run(TaskThread.java:61)
	at java.base/java.lang.Thread.run(Thread.java:834)
Caused by: org.apache.cxf.service.factory.ServiceConstructionException: Failed to create service.
	at org.apache.cxf.wsdl11.WSDLServiceFactory.<init>(WSDLServiceFactory.java:87)
	at org.apache.cxf.jaxws.ServiceImpl.initializePorts(ServiceImpl.java:217)
	at org.apache.cxf.jaxws.ServiceImpl.initialize(ServiceImpl.java:160)
	... 59 common frames omitted
Caused by: javax.wsdl.WSDLException: WSDLException: faultCode=PARSER_ERROR: Problem parsing 'https://proxy-tst.mtcit.gov.om/ws/NRS/ws/PersonInformation_Entities.External.ws:PersonInformation_WSSP_ASE/PersonInformation_Entities_External_ws_PersonInformation_WSSP_ASE_Port?wsdl'.: java.net.UnknownHostException: proxy-tst.mtcit.gov.om
	at com.ibm.wsdl.xml.WSDLReaderImpl.getDocument(WSDLReaderImpl.java:2198)
	at com.ibm.wsdl.xml.WSDLReaderImpl.readWSDL(WSDLReaderImpl.java:2390)
	at com.ibm.wsdl.xml.WSDLReaderImpl.readWSDL(WSDLReaderImpl.java:2422)
	at org.apache.cxf.wsdl11.WSDLManagerImpl.loadDefinition(WSDLManagerImpl.java:266)
	at org.apache.cxf.wsdl11.WSDLManagerImpl.getDefinition(WSDLManagerImpl.java:165)
	at org.apache.cxf.wsdl11.WSDLServiceFactory.<init>(WSDLServiceFactory.java:85)
	... 61 common frames omitted
Caused by: java.net.UnknownHostException: proxy-tst.mtcit.gov.om
	at java.base/java.net.AbstractPlainSocketImpl.connect(AbstractPlainSocketImpl.java:220)
	at java.base/java.net.SocksSocketImpl.connect(SocksSocketImpl.java:392)
	at java.base/java.net.Socket.connect(Socket.java:608)
	at java.base/sun.security.ssl.SSLSocketImpl.connect(SSLSocketImpl.java:287)
	at java.base/sun.security.ssl.BaseSSLSocketImpl.connect(BaseSSLSocketImpl.java:173)
	at java.base/sun.net.NetworkClient.doConnect(NetworkClient.java:182)
	at java.base/sun.net.www.http.HttpClient.openServer(HttpClient.java:474)
	at java.base/sun.net.www.http.HttpClient.openServer(HttpClient.java:569)
	at java.base/sun.net.www.protocol.https.HttpsClient.<init>(HttpsClient.java:265)
	at java.base/sun.net.www.protocol.https.HttpsClient.New(HttpsClient.java:372)
	at java.base/sun.net.www.protocol.https.AbstractDelegateHttpsURLConnection.getNewHttpClient(AbstractDelegateHttpsURLConnection.java:191)
	at java.base/sun.net.www.protocol.http.HttpURLConnection.plainConnect0(HttpURLConnection.java:1187)
	at java.base/sun.net.www.protocol.http.HttpURLConnection.plainConnect(HttpURLConnection.java:1081)
	at java.base/sun.net.www.protocol.https.AbstractDelegateHttpsURLConnection.connect(AbstractDelegateHttpsURLConnection.java:177)
	at java.base/sun.net.www.protocol.http.HttpURLConnection.getInputStream0(HttpURLConnection.java:1592)
	at java.base/sun.net.www.protocol.http.HttpURLConnection.getInputStream(HttpURLConnection.java:1520)
	at java.base/sun.net.www.protocol.https.HttpsURLConnectionImpl.getInputStream(HttpsURLConnectionImpl.java:250)
	at java.xml/com.sun.org.apache.xerces.internal.impl.XMLEntityManager.setupCurrentEntity(XMLEntityManager.java:676)
	at java.xml/com.sun.org.apache.xerces.internal.impl.XMLVersionDetector.determineDocVersion(XMLVersionDetector.java:150)
	at java.xml/com.sun.org.apache.xerces.internal.parsers.XML11Configuration.parse(XML11Configuration.java:860)
	at java.xml/com.sun.org.apache.xerces.internal.parsers.XML11Configuration.parse(XML11Configuration.java:824)
	at java.xml/com.sun.org.apache.xerces.internal.parsers.XMLParser.parse(XMLParser.java:141)
	at java.xml/com.sun.org.apache.xerces.internal.parsers.DOMParser.parse(DOMParser.java:246)
	at java.xml/com.sun.org.apache.xerces.internal.jaxp.DocumentBuilderImpl.parse(DocumentBuilderImpl.java:339)
	at com.ibm.wsdl.xml.WSDLReaderImpl.getDocument(WSDLReaderImpl.java:2188)
	... 66 common frames omitted
2023-04-14 10:37:04,538 INFO com.vinsys.diam.interceptor.BaseInterceptor [http-nio-9999-exec-1] In post handle
2023-04-14 10:37:04,539 INFO com.vinsys.diam.processors.AuditLogProcessor [http-nio-9999-exec-1] Auditing records in AuditDataProcessor.
2023-04-14 10:37:04,651 INFO com.vinsys.diam.processors.AuditLogProcessor [pool-2-thread-1] Auditing in database.
2023-04-14 12:39:09,893 INFO com.vinsys.diam.interceptor.BaseInterceptor [http-nio-9999-exec-4] Inside prehandle
2023-04-14 12:39:09,900 INFO com.vinsys.diam.interceptor.BaseInterceptor [http-nio-9999-exec-4] ############Request Processing started for request-id AMCHT-INWRD-T01183 and esbURL is /api/acctvalidation
2023-04-14 12:39:09,901 INFO com.vinsys.diam.interceptor.BaseInterceptor [http-nio-9999-exec-4] Invalid URL sent by requestId AMCHT-INWRD-T01183
2023-04-14 12:41:18,738 INFO com.vinsys.diam.interceptor.BaseInterceptor [http-nio-9999-exec-8] Inside prehandle
2023-04-14 12:41:18,739 INFO com.vinsys.diam.interceptor.BaseInterceptor [http-nio-9999-exec-8] ############Request Processing started for request-id AMCHT-INWRD-T01183 and esbURL is /api/acctvalidation
2023-04-14 12:41:18,740 INFO com.vinsys.diam.interceptor.BaseInterceptor [http-nio-9999-exec-8] Invalid URL sent by requestId AMCHT-INWRD-T01183
2023-04-14 12:41:48,060 INFO com.vinsys.diam.interceptor.BaseInterceptor [http-nio-9999-exec-9] Inside prehandle
2023-04-14 12:41:48,060 INFO com.vinsys.diam.interceptor.BaseInterceptor [http-nio-9999-exec-9] ############Request Processing started for request-id AMCHT-INWRD-T01183 and esbURL is /api/acctvalidation
2023-04-14 12:41:48,061 INFO com.vinsys.diam.interceptor.BaseInterceptor [http-nio-9999-exec-9] Invalid URL sent by requestId AMCHT-INWRD-T01183
2023-04-14 15:31:48,514 INFO org.hibernate.validator.internal.util.Version [background-preinit] HV000001: Hibernate Validator 6.1.7.Final
2023-04-14 15:31:48,524 INFO org.springframework.boot.StartupInfoLogger [main] Starting DemoApplication using Java 11.0.10 on VIN-WTC-TP-070 with PID 2472 (E:\PAW-diamservice\diamservices\target\classes started by admin in E:\PAW-diamservice\diamservices)
2023-04-14 15:31:48,526 INFO org.springframework.boot.SpringApplication [main] No active profile set, falling back to default profiles: default
2023-04-14 15:31:56,115 INFO org.springframework.context.support.PostProcessorRegistrationDelegate$BeanPostProcessorChecker [main] Bean 'org.springframework.ws.config.annotation.DelegatingWsConfiguration' of type [org.springframework.ws.config.annotation.DelegatingWsConfiguration$$EnhancerBySpringCGLIB$$f6e5ac16] is not eligible for getting processed by all BeanPostProcessors (for example: not eligible for auto-proxying)
2023-04-14 15:31:56,165 INFO org.springframework.ws.soap.addressing.server.AbstractAddressingEndpointMapping [main] Supporting [WS-Addressing August 2004, WS-Addressing 1.0]
2023-04-14 15:31:56,480 INFO org.springframework.boot.web.embedded.tomcat.TomcatWebServer [main] Tomcat initialized with port(s): 9999 (http)
2023-04-14 15:31:56,499 INFO org.apache.juli.logging.DirectJDKLog [main] Initializing ProtocolHandler ["http-nio-9999"]
2023-04-14 15:31:56,500 INFO org.apache.juli.logging.DirectJDKLog [main] Starting service [Tomcat]
2023-04-14 15:31:56,501 INFO org.apache.juli.logging.DirectJDKLog [main] Starting Servlet engine: [Apache Tomcat/9.0.45]
2023-04-14 15:31:56,750 INFO org.apache.juli.logging.DirectJDKLog [main] Initializing Spring embedded WebApplicationContext
2023-04-14 15:31:56,750 INFO org.springframework.boot.web.servlet.context.ServletWebServerApplicationContext [main] Root WebApplicationContext: initialization completed in 8113 ms
2023-04-14 15:31:57,493 INFO org.springframework.ws.soap.saaj.SaajSoapMessageFactory [main] Creating SAAJ 1.3 MessageFactory with SOAP 1.1 Protocol
2023-04-14 15:31:57,674 INFO org.springframework.scheduling.concurrent.ExecutorConfigurationSupport [main] Initializing ExecutorService 'applicationTaskExecutor'
2023-04-14 15:31:58,287 INFO org.springframework.scheduling.concurrent.ExecutorConfigurationSupport [main] Initializing ExecutorService 'taskScheduler'
2023-04-14 15:31:58,324 INFO org.springframework.boot.actuate.endpoint.web.EndpointLinksResolver [main] Exposing 2 endpoint(s) beneath base path '/actuator'
2023-04-14 15:31:58,377 INFO org.apache.juli.logging.DirectJDKLog [main] Starting ProtocolHandler ["http-nio-9999"]
2023-04-14 15:31:58,428 INFO org.springframework.boot.web.embedded.tomcat.TomcatWebServer [main] Tomcat started on port(s): 9999 (http) with context path ''
2023-04-14 15:31:58,453 INFO org.springframework.boot.StartupInfoLogger [main] Started DemoApplication in 10.563 seconds (JVM running for 13.601)
2023-04-14 15:32:00,080 INFO org.apache.juli.logging.DirectJDKLog [RMI TCP Connection(3)-127.0.0.1] Initializing Spring DispatcherServlet 'dispatcherServlet'
2023-04-14 15:32:00,080 INFO org.springframework.web.servlet.FrameworkServlet [RMI TCP Connection(3)-127.0.0.1] Initializing Servlet 'dispatcherServlet'
2023-04-14 15:32:00,082 INFO org.springframework.web.servlet.FrameworkServlet [RMI TCP Connection(3)-127.0.0.1] Completed initialization in 2 ms
2023-04-14 15:34:03,995 INFO com.vinsys.diam.interceptor.BaseInterceptor [http-nio-9999-exec-1] Inside prehandle
2023-04-14 15:34:04,000 INFO com.vinsys.diam.interceptor.BaseInterceptor [http-nio-9999-exec-1] ############Request Processing started for request-id AMR-INT223451232d and esbURL is /api/v1/getpersoninformation
2023-04-14 15:34:04,002 INFO com.vinsys.diam.filters.GetDetails [http-nio-9999-exec-1] Inside getEncryption status.. for service code getpersoninformation
2023-04-14 15:34:04,750 INFO com.vinsys.diam.interceptor.BaseInterceptor [http-nio-9999-exec-1] Inside DDOS filtering
2023-04-14 15:34:04,751 INFO com.vinsys.diam.filters.GetDetails [http-nio-9999-exec-1] Inside get error codes.
2023-04-14 15:34:04,864 INFO com.vinsys.diam.filters.AuthenticationFilter [http-nio-9999-exec-1] inside request param validation
2023-04-14 15:34:04,865 INFO com.vinsys.diam.filters.AuthenticationFilter [http-nio-9999-exec-1] In Timestamp validation
2023-04-14 15:34:04,866 INFO com.vinsys.diam.filters.AuthenticationFilter [http-nio-9999-exec-1] The timestamp difference is--
2023-04-14 15:34:04,866 INFO com.vinsys.diam.filters.AuthenticationFilter [http-nio-9999-exec-1] Validating auth key for consumerCode AMR with auth key bbcf4432d0d34e029d8a5a170a0e730d
2023-04-14 15:34:04,866 INFO com.vinsys.diam.filters.AuthenticationFilter [http-nio-9999-exec-1] Inside getAuthKeyFromDB..
2023-04-14 15:34:04,980 INFO com.vinsys.diam.filters.AuthenticationFilter [http-nio-9999-exec-1] Auth Key from DB for Consumer code AMR is  bbcf4432d0d34e029d8a5a170a0e730d
2023-04-14 15:34:04,981 INFO com.vinsys.diam.filters.AuthenticationFilter [http-nio-9999-exec-1] Inside getAuthKeyFromDB..
2023-04-14 15:34:05,085 INFO com.vinsys.diam.filters.AuthenticationFilter [http-nio-9999-exec-1] Whitelisted
2023-04-14 15:34:05,086 INFO com.vinsys.diam.filters.AuthenticationFilter [http-nio-9999-exec-1] Inside is whiteListed
2023-04-14 15:34:05,248 INFO com.vinsys.diam.controllers.PAWESBServices [http-nio-9999-exec-1] personrequestobject :: 
2023-04-14 15:34:06,382 ERROR com.vinsys.diam.controllers.PAWESBServices [http-nio-9999-exec-1] Exception while processing 
javax.xml.ws.WebServiceException: org.apache.cxf.service.factory.ServiceConstructionException: Failed to create service.
	at org.apache.cxf.jaxws.ServiceImpl.initialize(ServiceImpl.java:162)
	at org.apache.cxf.jaxws.ServiceImpl.<init>(ServiceImpl.java:128)
	at org.apache.cxf.jaxws.spi.ProviderImpl.createServiceDelegate(ProviderImpl.java:82)
	at javax.xml.ws.Service.<init>(Service.java:82)
	at om.gov.rop.person.PersonInformationEntitiesExternalWsPersonInformationWSSPASEITA.<init>(PersonInformationEntitiesExternalWsPersonInformationWSSPASEITA.java:50)
	at com.vinsys.diam.controllers.PAWESBServices.getPersonInformation(PAWESBServices.java:785)
	at java.base/jdk.internal.reflect.NativeMethodAccessorImpl.invoke0(Native Method)
	at java.base/jdk.internal.reflect.NativeMethodAccessorImpl.invoke(NativeMethodAccessorImpl.java:62)
	at java.base/jdk.internal.reflect.DelegatingMethodAccessorImpl.invoke(DelegatingMethodAccessorImpl.java:43)
	at java.base/java.lang.reflect.Method.invoke(Method.java:566)
	at org.springframework.web.method.support.InvocableHandlerMethod.doInvoke(InvocableHandlerMethod.java:197)
	at org.springframework.web.method.support.InvocableHandlerMethod.invokeForRequest(InvocableHandlerMethod.java:141)
	at org.springframework.web.servlet.mvc.method.annotation.ServletInvocableHandlerMethod.invokeAndHandle(ServletInvocableHandlerMethod.java:106)
	at org.springframework.web.servlet.mvc.method.annotation.RequestMappingHandlerAdapter.invokeHandlerMethod(RequestMappingHandlerAdapter.java:894)
	at org.springframework.web.servlet.mvc.method.annotation.RequestMappingHandlerAdapter.handleInternal(RequestMappingHandlerAdapter.java:808)
	at org.springframework.web.servlet.mvc.method.AbstractHandlerMethodAdapter.handle(AbstractHandlerMethodAdapter.java:87)
	at org.springframework.web.servlet.DispatcherServlet.doDispatch(DispatcherServlet.java:1060)
	at org.springframework.web.servlet.DispatcherServlet.doService(DispatcherServlet.java:962)
	at org.springframework.web.servlet.FrameworkServlet.processRequest(FrameworkServlet.java:1006)
	at org.springframework.web.servlet.FrameworkServlet.doPost(FrameworkServlet.java:909)
	at javax.servlet.http.HttpServlet.service(HttpServlet.java:652)
	at org.springframework.web.servlet.FrameworkServlet.service(FrameworkServlet.java:883)
	at javax.servlet.http.HttpServlet.service(HttpServlet.java:733)
	at org.apache.catalina.core.ApplicationFilterChain.internalDoFilter(ApplicationFilterChain.java:227)
	at org.apache.catalina.core.ApplicationFilterChain.doFilter(ApplicationFilterChain.java:162)
	at org.apache.tomcat.websocket.server.WsFilter.doFilter(WsFilter.java:53)
	at org.apache.catalina.core.ApplicationFilterChain.internalDoFilter(ApplicationFilterChain.java:189)
	at org.apache.catalina.core.ApplicationFilterChain.doFilter(ApplicationFilterChain.java:162)
	at org.springframework.web.filter.RequestContextFilter.doFilterInternal(RequestContextFilter.java:100)
	at org.springframework.web.filter.OncePerRequestFilter.doFilter(OncePerRequestFilter.java:119)
	at org.apache.catalina.core.ApplicationFilterChain.internalDoFilter(ApplicationFilterChain.java:189)
	at org.apache.catalina.core.ApplicationFilterChain.doFilter(ApplicationFilterChain.java:162)
	at org.springframework.web.filter.FormContentFilter.doFilterInternal(FormContentFilter.java:93)
	at org.springframework.web.filter.OncePerRequestFilter.doFilter(OncePerRequestFilter.java:119)
	at org.apache.catalina.core.ApplicationFilterChain.internalDoFilter(ApplicationFilterChain.java:189)
	at org.apache.catalina.core.ApplicationFilterChain.doFilter(ApplicationFilterChain.java:162)
	at org.springframework.boot.actuate.metrics.web.servlet.WebMvcMetricsFilter.doFilterInternal(WebMvcMetricsFilter.java:93)
	at org.springframework.web.filter.OncePerRequestFilter.doFilter(OncePerRequestFilter.java:119)
	at org.apache.catalina.core.ApplicationFilterChain.internalDoFilter(ApplicationFilterChain.java:189)
	at org.apache.catalina.core.ApplicationFilterChain.doFilter(ApplicationFilterChain.java:162)
	at org.springframework.web.filter.CharacterEncodingFilter.doFilterInternal(CharacterEncodingFilter.java:201)
	at org.springframework.web.filter.OncePerRequestFilter.doFilter(OncePerRequestFilter.java:119)
	at org.apache.catalina.core.ApplicationFilterChain.internalDoFilter(ApplicationFilterChain.java:189)
	at org.apache.catalina.core.ApplicationFilterChain.doFilter(ApplicationFilterChain.java:162)
	at org.apache.catalina.core.StandardWrapperValve.invoke(StandardWrapperValve.java:202)
	at org.apache.catalina.core.StandardContextValve.invoke(StandardContextValve.java:97)
	at org.apache.catalina.authenticator.AuthenticatorBase.invoke(AuthenticatorBase.java:542)
	at org.apache.catalina.core.StandardHostValve.invoke(StandardHostValve.java:143)
	at org.apache.catalina.valves.ErrorReportValve.invoke(ErrorReportValve.java:92)
	at org.apache.catalina.core.StandardEngineValve.invoke(StandardEngineValve.java:78)
	at org.apache.catalina.connector.CoyoteAdapter.service(CoyoteAdapter.java:357)
	at org.apache.coyote.http11.Http11Processor.service(Http11Processor.java:374)
	at org.apache.coyote.AbstractProcessorLight.process(AbstractProcessorLight.java:65)
	at org.apache.coyote.AbstractProtocol$ConnectionHandler.process(AbstractProtocol.java:893)
	at org.apache.tomcat.util.net.NioEndpoint$SocketProcessor.doRun(NioEndpoint.java:1707)
	at org.apache.tomcat.util.net.SocketProcessorBase.run(SocketProcessorBase.java:49)
	at java.base/java.util.concurrent.ThreadPoolExecutor.runWorker(ThreadPoolExecutor.java:1128)
	at java.base/java.util.concurrent.ThreadPoolExecutor$Worker.run(ThreadPoolExecutor.java:628)
	at org.apache.tomcat.util.threads.TaskThread$WrappingRunnable.run(TaskThread.java:61)
	at java.base/java.lang.Thread.run(Thread.java:834)
Caused by: org.apache.cxf.service.factory.ServiceConstructionException: Failed to create service.
	at org.apache.cxf.wsdl11.WSDLServiceFactory.<init>(WSDLServiceFactory.java:87)
	at org.apache.cxf.jaxws.ServiceImpl.initializePorts(ServiceImpl.java:217)
	at org.apache.cxf.jaxws.ServiceImpl.initialize(ServiceImpl.java:160)
	... 59 common frames omitted
Caused by: javax.wsdl.WSDLException: WSDLException: faultCode=PARSER_ERROR: Problem parsing 'https://proxy-tst.mtcit.gov.om/ws/NRS/ws/PersonInformation_Entities.External.ws:PersonInformation_WSSP_ASE/PersonInformation_Entities_External_ws_PersonInformation_WSSP_ASE_Port?wsdl'.: java.net.UnknownHostException: proxy-tst.mtcit.gov.om
	at com.ibm.wsdl.xml.WSDLReaderImpl.getDocument(WSDLReaderImpl.java:2198)
	at com.ibm.wsdl.xml.WSDLReaderImpl.readWSDL(WSDLReaderImpl.java:2390)
	at com.ibm.wsdl.xml.WSDLReaderImpl.readWSDL(WSDLReaderImpl.java:2422)
	at org.apache.cxf.wsdl11.WSDLManagerImpl.loadDefinition(WSDLManagerImpl.java:266)
	at org.apache.cxf.wsdl11.WSDLManagerImpl.getDefinition(WSDLManagerImpl.java:165)
	at org.apache.cxf.wsdl11.WSDLServiceFactory.<init>(WSDLServiceFactory.java:85)
	... 61 common frames omitted
Caused by: java.net.UnknownHostException: proxy-tst.mtcit.gov.om
	at java.base/java.net.AbstractPlainSocketImpl.connect(AbstractPlainSocketImpl.java:220)
	at java.base/java.net.SocksSocketImpl.connect(SocksSocketImpl.java:392)
	at java.base/java.net.Socket.connect(Socket.java:608)
	at java.base/sun.security.ssl.SSLSocketImpl.connect(SSLSocketImpl.java:287)
	at java.base/sun.security.ssl.BaseSSLSocketImpl.connect(BaseSSLSocketImpl.java:173)
	at java.base/sun.net.NetworkClient.doConnect(NetworkClient.java:182)
	at java.base/sun.net.www.http.HttpClient.openServer(HttpClient.java:474)
	at java.base/sun.net.www.http.HttpClient.openServer(HttpClient.java:569)
	at java.base/sun.net.www.protocol.https.HttpsClient.<init>(HttpsClient.java:265)
	at java.base/sun.net.www.protocol.https.HttpsClient.New(HttpsClient.java:372)
	at java.base/sun.net.www.protocol.https.AbstractDelegateHttpsURLConnection.getNewHttpClient(AbstractDelegateHttpsURLConnection.java:191)
	at java.base/sun.net.www.protocol.http.HttpURLConnection.plainConnect0(HttpURLConnection.java:1187)
	at java.base/sun.net.www.protocol.http.HttpURLConnection.plainConnect(HttpURLConnection.java:1081)
	at java.base/sun.net.www.protocol.https.AbstractDelegateHttpsURLConnection.connect(AbstractDelegateHttpsURLConnection.java:177)
	at java.base/sun.net.www.protocol.http.HttpURLConnection.getInputStream0(HttpURLConnection.java:1592)
	at java.base/sun.net.www.protocol.http.HttpURLConnection.getInputStream(HttpURLConnection.java:1520)
	at java.base/sun.net.www.protocol.https.HttpsURLConnectionImpl.getInputStream(HttpsURLConnectionImpl.java:250)
	at java.xml/com.sun.org.apache.xerces.internal.impl.XMLEntityManager.setupCurrentEntity(XMLEntityManager.java:676)
	at java.xml/com.sun.org.apache.xerces.internal.impl.XMLVersionDetector.determineDocVersion(XMLVersionDetector.java:150)
	at java.xml/com.sun.org.apache.xerces.internal.parsers.XML11Configuration.parse(XML11Configuration.java:860)
	at java.xml/com.sun.org.apache.xerces.internal.parsers.XML11Configuration.parse(XML11Configuration.java:824)
	at java.xml/com.sun.org.apache.xerces.internal.parsers.XMLParser.parse(XMLParser.java:141)
	at java.xml/com.sun.org.apache.xerces.internal.parsers.DOMParser.parse(DOMParser.java:246)
	at java.xml/com.sun.org.apache.xerces.internal.jaxp.DocumentBuilderImpl.parse(DocumentBuilderImpl.java:339)
	at com.ibm.wsdl.xml.WSDLReaderImpl.getDocument(WSDLReaderImpl.java:2188)
	... 66 common frames omitted
2023-04-14 15:34:06,413 INFO com.vinsys.diam.interceptor.BaseInterceptor [http-nio-9999-exec-1] In post handle
2023-04-14 15:34:06,415 INFO com.vinsys.diam.processors.AuditLogProcessor [http-nio-9999-exec-1] Auditing records in AuditDataProcessor.
2023-04-14 15:34:06,556 INFO com.vinsys.diam.processors.AuditLogProcessor [pool-2-thread-1] Auditing in database.
