2022-07-04 12:10:37,379 INFO org.springframework.boot.StartupInfoLogger [main] Starting DemoApplication using Java 11.0.10 on VINSYSLT0182 with PID 14792 (D:\PAW\diam\diamservices\target\classes started by admin in D:\PAW\diam\diamservices)
2022-07-04 12:10:37,373 INFO org.hibernate.validator.internal.util.Version [background-preinit] HV000001: Hibernate Validator 6.1.7.Final
2022-07-04 12:10:37,389 INFO org.springframework.boot.SpringApplication [main] No active profile set, falling back to default profiles: default
2022-07-04 12:10:49,446 INFO org.springframework.context.support.PostProcessorRegistrationDelegate$BeanPostProcessorChecker [main] Bean 'org.springframework.ws.config.annotation.DelegatingWsConfiguration' of type [org.springframework.ws.config.annotation.DelegatingWsConfiguration$$EnhancerBySpringCGLIB$$fa02460] is not eligible for getting processed by all BeanPostProcessors (for example: not eligible for auto-proxying)
2022-07-04 12:10:49,534 INFO org.springframework.ws.soap.addressing.server.AbstractAddressingEndpointMapping [main] Supporting [WS-Addressing August 2004, WS-Addressing 1.0]
2022-07-04 12:10:50,084 INFO org.springframework.boot.web.embedded.tomcat.TomcatWebServer [main] Tomcat initialized with port(s): 9999 (http)
2022-07-04 12:10:50,103 INFO org.apache.juli.logging.DirectJDKLog [main] Initializing ProtocolHandler ["http-nio-9999"]
2022-07-04 12:10:50,105 INFO org.apache.juli.logging.DirectJDKLog [main] Starting service [Tomcat]
2022-07-04 12:10:50,105 INFO org.apache.juli.logging.DirectJDKLog [main] Starting Servlet engine: [Apache Tomcat/9.0.45]
2022-07-04 12:10:50,340 INFO org.apache.juli.logging.DirectJDKLog [main] Initializing Spring embedded WebApplicationContext
2022-07-04 12:10:50,341 INFO org.springframework.boot.web.servlet.context.ServletWebServerApplicationContext [main] Root WebApplicationContext: initialization completed in 12816 ms
2022-07-04 12:10:51,337 INFO org.springframework.ws.soap.saaj.SaajSoapMessageFactory [main] Creating SAAJ 1.3 MessageFactory with SOAP 1.1 Protocol
2022-07-04 12:10:51,536 INFO org.springframework.scheduling.concurrent.ExecutorConfigurationSupport [main] Initializing ExecutorService 'applicationTaskExecutor'
2022-07-04 12:10:52,239 INFO org.springframework.scheduling.concurrent.ExecutorConfigurationSupport [main] Initializing ExecutorService 'taskScheduler'
2022-07-04 12:10:52,302 INFO org.springframework.boot.actuate.endpoint.web.EndpointLinksResolver [main] Exposing 2 endpoint(s) beneath base path '/actuator'
2022-07-04 12:10:52,344 INFO org.apache.juli.logging.DirectJDKLog [main] Starting ProtocolHandler ["http-nio-9999"]
2022-07-04 12:10:52,405 INFO org.springframework.boot.web.embedded.tomcat.TomcatWebServer [main] Tomcat started on port(s): 9999 (http) with context path ''
2022-07-04 12:10:52,463 INFO org.springframework.boot.StartupInfoLogger [main] Started DemoApplication in 15.696 seconds (JVM running for 18.666)
2022-07-04 12:10:54,402 INFO org.apache.juli.logging.DirectJDKLog [RMI TCP Connection(4)-127.0.0.1] Initializing Spring DispatcherServlet 'dispatcherServlet'
2022-07-04 12:10:54,403 INFO org.springframework.web.servlet.FrameworkServlet [RMI TCP Connection(4)-127.0.0.1] Initializing Servlet 'dispatcherServlet'
2022-07-04 12:10:54,406 INFO org.springframework.web.servlet.FrameworkServlet [RMI TCP Connection(4)-127.0.0.1] Completed initialization in 3 ms
2022-07-04 12:11:05,036 INFO com.vinsys.diam.controllers.PAWESBServices [scheduling-1] Entered::PAWESBServices::getRestTemplate()
2022-07-04 12:11:05,064 INFO com.vinsys.diam.controllers.PAWESBServices [scheduling-1] calling getData target for Insertion in Phase 1
2022-07-04 12:11:05,551 INFO com.vinsys.diam.controllers.PAWESBServices [scheduling-1] Inserting records into REQUESTS table from phase 1 
2022-07-04 12:11:05,552 INFO com.vinsys.diam.controllers.PAWESBServices [scheduling-1] Inserting records into REQUESTS table from phase 1 
2022-07-04 12:11:06,571 INFO com.vinsys.diam.processors.InsertionHelper [scheduling-1] Auditing into requests table
2022-07-04 12:11:06,786 INFO com.vinsys.diam.processors.InsertionHelper [scheduling-1] Before Execute Update
2022-07-04 12:11:07,028 INFO com.vinsys.diam.controllers.PAWESBServices [scheduling-1] Inserting records into REQUESTS table from phase 1 
2022-07-04 12:11:07,589 INFO com.vinsys.diam.processors.InsertionHelper [scheduling-1] Auditing into requests table
2022-07-04 12:11:07,593 INFO com.vinsys.diam.processors.InsertionHelper [scheduling-1] Before Execute Update
2022-07-04 12:11:07,823 INFO com.vinsys.diam.controllers.PAWESBServices [scheduling-1] Inserting records into REQUESTS table from phase 1 
2022-07-04 12:11:07,824 INFO com.vinsys.diam.controllers.PAWESBServices [scheduling-1] Inserting records into REQUESTS table from phase 1 
2022-07-04 12:11:07,824 INFO com.vinsys.diam.controllers.PAWESBServices [scheduling-1] Inserting records into REQUESTS table from phase 1 
2022-07-04 12:11:07,824 INFO com.vinsys.diam.controllers.PAWESBServices [scheduling-1] Inserting records into REQUESTS table from phase 1 
2022-07-04 12:11:08,106 INFO com.vinsys.diam.processors.InsertionHelper [scheduling-1] Auditing into requests table
2022-07-04 12:11:08,107 INFO com.vinsys.diam.processors.InsertionHelper [scheduling-1] Before Execute Update
2022-07-04 12:11:08,209 INFO com.vinsys.diam.controllers.PAWESBServices [scheduling-1] Inserting records into REQUESTS table from phase 1 
2022-07-04 12:11:08,478 INFO com.vinsys.diam.processors.InsertionHelper [scheduling-1] Auditing into requests table
2022-07-04 12:11:08,480 INFO com.vinsys.diam.processors.InsertionHelper [scheduling-1] Before Execute Update
2022-07-04 12:11:08,569 INFO com.vinsys.diam.controllers.PAWESBServices [scheduling-1] Inserting records into REQUESTS table from phase 1 
2022-07-04 12:11:08,570 INFO com.vinsys.diam.controllers.PAWESBServices [scheduling-1] Inserting records into REQUESTS table from phase 1 
2022-07-04 12:11:08,806 INFO com.vinsys.diam.processors.InsertionHelper [scheduling-1] Auditing into requests table
2022-07-04 12:11:08,808 INFO com.vinsys.diam.processors.InsertionHelper [scheduling-1] Before Execute Update
2022-07-04 12:11:08,879 INFO com.vinsys.diam.controllers.PAWESBServices [scheduling-1] Inserting records into REQUESTS table from phase 1 
2022-07-04 12:11:09,094 INFO com.vinsys.diam.processors.InsertionHelper [scheduling-1] Auditing into requests table
2022-07-04 12:11:09,098 INFO com.vinsys.diam.processors.InsertionHelper [scheduling-1] Before Execute Update
2022-07-04 12:11:09,179 INFO com.vinsys.diam.controllers.PAWESBServices [scheduling-1] Inserting records into REQUESTS table from phase 1 
2022-07-04 12:11:09,180 INFO com.vinsys.diam.controllers.PAWESBServices [scheduling-1] Inserting records into REQUESTS table from phase 1 
2022-07-04 12:11:09,181 INFO com.vinsys.diam.controllers.PAWESBServices [scheduling-1] Inserting records into REQUESTS table from phase 1 
2022-07-04 12:11:09,380 INFO com.vinsys.diam.processors.InsertionHelper [scheduling-1] Auditing into requests table
2022-07-04 12:11:09,382 INFO com.vinsys.diam.processors.InsertionHelper [scheduling-1] Before Execute Update
2022-07-04 12:11:09,456 INFO com.vinsys.diam.controllers.PAWESBServices [scheduling-1] Inserting records into REQUESTS table from phase 1 
2022-07-04 12:11:09,457 INFO com.vinsys.diam.controllers.PAWESBServices [scheduling-1] Inserting records into REQUESTS table from phase 1 
2022-07-04 12:11:09,457 INFO com.vinsys.diam.controllers.PAWESBServices [scheduling-1] Inserting records into REQUESTS table from phase 1 
2022-07-04 12:11:09,457 INFO com.vinsys.diam.controllers.PAWESBServices [scheduling-1] Inserting records into REQUESTS table from phase 1 
2022-07-04 12:11:09,629 INFO com.vinsys.diam.processors.InsertionHelper [scheduling-1] Auditing into requests table
2022-07-04 12:11:09,632 INFO com.vinsys.diam.processors.InsertionHelper [scheduling-1] Before Execute Update
2022-07-04 12:11:09,723 INFO com.vinsys.diam.controllers.PAWESBServices [scheduling-1] Inserting records into REQUESTS table from phase 1 
2022-07-04 12:11:09,724 INFO com.vinsys.diam.controllers.PAWESBServices [scheduling-1] Inserting records into REQUESTS table from phase 1 
2022-07-04 12:11:09,725 INFO com.vinsys.diam.controllers.PAWESBServices [scheduling-1] Inserting records into REQUESTS table from phase 1 
2022-07-04 12:11:09,725 INFO com.vinsys.diam.controllers.PAWESBServices [scheduling-1] Inserting records into REQUESTS table from phase 1 
2022-07-04 12:11:09,725 INFO com.vinsys.diam.controllers.PAWESBServices [scheduling-1] Inserting records into REQUESTS table from phase 1 
2022-07-04 12:11:09,925 INFO com.vinsys.diam.processors.InsertionHelper [scheduling-1] Auditing into requests table
2022-07-04 12:11:09,927 INFO com.vinsys.diam.processors.InsertionHelper [scheduling-1] Before Execute Update
2022-07-04 12:11:10,025 INFO com.vinsys.diam.controllers.PAWESBServices [scheduling-1] Inserting records into REQUESTS table from phase 1 
2022-07-04 12:11:10,322 INFO com.vinsys.diam.processors.InsertionHelper [scheduling-1] Auditing into requests table
2022-07-04 12:11:10,323 INFO com.vinsys.diam.processors.InsertionHelper [scheduling-1] Before Execute Update
2022-07-04 12:11:10,403 INFO com.vinsys.diam.controllers.PAWESBServices [scheduling-1] Entered in phase 2
2022-07-04 12:11:10,405 INFO com.vinsys.diam.processors.AuditLogProcessor [scheduling-1] Auditing records in AuditDataProcessor.
2022-07-04 12:11:10,766 INFO com.vinsys.diam.processors.AuditLogProcessor [pool-2-thread-1] Auditing in database.
2022-07-04 12:11:10,774 INFO com.vinsys.diam.controllers.PAWESBServices [scheduling-1] Entered::PAWESBServices::getRestTemplate()
2022-07-04 12:11:10,796 INFO com.vinsys.diam.controllers.PAWESBServices [scheduling-1] calling MEDC target
2022-07-04 12:11:10,846 INFO com.vinsys.diam.controllers.PAWESBServices [scheduling-1] Updating REQUESTS table from MEDC 
2022-07-04 12:11:11,088 INFO com.vinsys.diam.processors.InsertionHelper [scheduling-1] updating requests table
2022-07-04 12:11:11,104 INFO com.vinsys.diam.processors.InsertionHelper [scheduling-1] Execute Update Executed 0 
2022-07-04 12:11:11,104 INFO com.vinsys.diam.processors.InsertionHelper [scheduling-1] Query is UPDATE REQUESTS SET EMAIL_ID=?,OWNER_EN_NAME=?,WILLAYATH=?,COORDINATE_N1=?,COORDINATE_N2=?,COORDINATE_E1=?,COORDINATE_E2=? WHERE OWNER_ID=? AND REQUEST_ID=?
2022-07-04 12:11:11,123 INFO com.vinsys.diam.processors.AuditLogProcessor [scheduling-1] Auditing records in AuditDataProcessor.
2022-07-04 12:11:11,384 INFO com.vinsys.diam.processors.AuditLogProcessor [pool-3-thread-1] Auditing in database.
2022-07-04 12:11:11,396 INFO com.vinsys.diam.controllers.PAWESBServices [scheduling-1] Entered::PAWESBServices::getRestTemplate()
2022-07-04 12:11:11,413 INFO com.vinsys.diam.controllers.PAWESBServices [scheduling-1] calling MM-New Target 
2022-07-04 12:11:11,439 INFO com.vinsys.diam.controllers.PAWESBServices [scheduling-1] updating REQUESTS table from MM-New
2022-07-04 12:11:11,614 INFO com.vinsys.diam.processors.InsertionHelper [scheduling-1] updating requests table
2022-07-04 12:11:11,625 INFO com.vinsys.diam.processors.InsertionHelper [scheduling-1] Execute Update Executed 0 
2022-07-04 12:11:11,625 INFO com.vinsys.diam.processors.InsertionHelper [scheduling-1] Query is UPDATE REQUESTS SET CROOKIE_NUMBER=?,LAND_AREA=?,CERTIFIED_BUILDING_AREA=? WHERE OWNER_ID=? AND REQUEST_ID=?
2022-07-04 12:11:11,636 INFO com.vinsys.diam.processors.AuditLogProcessor [scheduling-1] Auditing records in AuditDataProcessor.
2022-07-04 12:11:11,806 INFO com.vinsys.diam.processors.AuditLogProcessor [pool-4-thread-1] Auditing in database.
2022-07-04 12:11:11,817 ERROR com.vinsys.diam.controllers.PAWESBServices [scheduling-1] =========================getting null coordinates=======================
2022-07-04 12:11:11,817 INFO com.vinsys.diam.processors.ExceptionProcessor [scheduling-1] Auditing records in AuditDataProcessor.
2022-07-04 12:11:12,276 INFO com.vinsys.diam.processors.ExceptionProcessor [pool-5-thread-1] Auditing in database.
2022-07-04 12:11:12,281 INFO com.vinsys.diam.controllers.PAWESBServices [scheduling-1] Entered::PAWESBServices::getRestTemplate()
2022-07-04 12:11:12,296 INFO com.vinsys.diam.controllers.PAWESBServices [scheduling-1] calling MEDC target
2022-07-04 12:11:12,323 INFO com.vinsys.diam.controllers.PAWESBServices [scheduling-1] Updating REQUESTS table from MEDC 
2022-07-04 12:11:12,792 INFO com.vinsys.diam.processors.InsertionHelper [scheduling-1] updating requests table
2022-07-04 12:11:12,800 INFO com.vinsys.diam.processors.InsertionHelper [scheduling-1] Execute Update Executed 0 
2022-07-04 12:11:12,800 INFO com.vinsys.diam.processors.InsertionHelper [scheduling-1] Query is UPDATE REQUESTS SET EMAIL_ID=?,OWNER_EN_NAME=?,WILLAYATH=?,COORDINATE_N1=?,COORDINATE_N2=?,COORDINATE_E1=?,COORDINATE_E2=? WHERE OWNER_ID=? AND REQUEST_ID=?
2022-07-04 12:11:12,805 INFO com.vinsys.diam.processors.AuditLogProcessor [scheduling-1] Auditing records in AuditDataProcessor.
2022-07-04 12:11:13,088 INFO com.vinsys.diam.processors.AuditLogProcessor [pool-6-thread-1] Auditing in database.
2022-07-04 12:11:13,095 INFO com.vinsys.diam.controllers.PAWESBServices [scheduling-1] Entered::PAWESBServices::getRestTemplate()
2022-07-04 12:11:13,110 INFO com.vinsys.diam.controllers.PAWESBServices [scheduling-1] calling MM-New Target 
2022-07-04 12:11:13,157 INFO com.vinsys.diam.controllers.PAWESBServices [scheduling-1] updating REQUESTS table from MM-New
2022-07-04 12:11:13,477 INFO com.vinsys.diam.processors.InsertionHelper [scheduling-1] updating requests table
2022-07-04 12:11:13,484 INFO com.vinsys.diam.processors.InsertionHelper [scheduling-1] Execute Update Executed 0 
2022-07-04 12:11:13,485 INFO com.vinsys.diam.processors.InsertionHelper [scheduling-1] Query is UPDATE REQUESTS SET CROOKIE_NUMBER=?,LAND_AREA=?,CERTIFIED_BUILDING_AREA=? WHERE OWNER_ID=? AND REQUEST_ID=?
2022-07-04 12:11:13,489 INFO com.vinsys.diam.processors.AuditLogProcessor [scheduling-1] Auditing records in AuditDataProcessor.
2022-07-04 12:11:13,722 INFO com.vinsys.diam.processors.AuditLogProcessor [pool-7-thread-1] Auditing in database.
2022-07-04 12:11:13,728 ERROR com.vinsys.diam.controllers.PAWESBServices [scheduling-1] =========================getting null coordinates=======================
2022-07-04 12:11:13,729 INFO com.vinsys.diam.processors.ExceptionProcessor [scheduling-1] Auditing records in AuditDataProcessor.
2022-07-04 12:11:13,969 INFO com.vinsys.diam.processors.ExceptionProcessor [pool-8-thread-1] Auditing in database.
2022-07-04 12:11:13,977 INFO com.vinsys.diam.controllers.PAWESBServices [scheduling-1] Entered::PAWESBServices::getRestTemplate()
2022-07-04 12:11:14,000 INFO com.vinsys.diam.controllers.PAWESBServices [scheduling-1] calling MEDC target
2022-07-04 12:11:14,043 INFO com.vinsys.diam.controllers.PAWESBServices [scheduling-1] Updating REQUESTS table from MEDC 
2022-07-04 12:11:14,338 INFO com.vinsys.diam.processors.InsertionHelper [scheduling-1] updating requests table
2022-07-04 12:11:14,343 INFO com.vinsys.diam.processors.InsertionHelper [scheduling-1] Execute Update Executed 0 
2022-07-04 12:11:14,343 INFO com.vinsys.diam.processors.InsertionHelper [scheduling-1] Query is UPDATE REQUESTS SET EMAIL_ID=?,OWNER_EN_NAME=?,WILLAYATH=?,COORDINATE_N1=?,COORDINATE_N2=?,COORDINATE_E1=?,COORDINATE_E2=? WHERE OWNER_ID=? AND REQUEST_ID=?
2022-07-04 12:11:14,348 INFO com.vinsys.diam.processors.AuditLogProcessor [scheduling-1] Auditing records in AuditDataProcessor.
2022-07-04 12:11:14,582 INFO com.vinsys.diam.processors.AuditLogProcessor [pool-9-thread-1] Auditing in database.
2022-07-04 12:11:14,587 INFO com.vinsys.diam.controllers.PAWESBServices [scheduling-1] Entered::PAWESBServices::getRestTemplate()
2022-07-04 12:11:14,603 INFO com.vinsys.diam.controllers.PAWESBServices [scheduling-1] calling MM-New Target 
2022-07-04 12:11:14,630 INFO com.vinsys.diam.controllers.PAWESBServices [scheduling-1] updating REQUESTS table from MM-New
2022-07-04 12:11:15,059 INFO com.vinsys.diam.processors.InsertionHelper [scheduling-1] updating requests table
2022-07-04 12:11:15,071 INFO com.vinsys.diam.processors.InsertionHelper [scheduling-1] Execute Update Executed 0 
2022-07-04 12:11:15,072 INFO com.vinsys.diam.processors.InsertionHelper [scheduling-1] Query is UPDATE REQUESTS SET CROOKIE_NUMBER=?,LAND_AREA=?,CERTIFIED_BUILDING_AREA=? WHERE OWNER_ID=? AND REQUEST_ID=?
2022-07-04 12:11:15,077 INFO com.vinsys.diam.processors.AuditLogProcessor [scheduling-1] Auditing records in AuditDataProcessor.
2022-07-04 12:11:15,427 INFO com.vinsys.diam.processors.AuditLogProcessor [pool-10-thread-1] Auditing in database.
2022-07-04 12:11:15,433 INFO com.vinsys.diam.controllers.PAWESBServices [scheduling-1] Entered::PAWESBServices::getRestTemplate()
2022-07-04 12:11:15,453 INFO com.vinsys.diam.controllers.PAWESBServices [scheduling-1] calling MOSD target
2022-07-04 12:11:15,487 INFO com.vinsys.diam.controllers.PAWESBServices [scheduling-1] updating REQUESTS table from MOSD
2022-07-04 12:11:15,781 INFO com.vinsys.diam.processors.InsertionHelper [scheduling-1] updating requests table
2022-07-04 12:11:15,797 INFO com.vinsys.diam.processors.InsertionHelper [scheduling-1] Execute Update Executed 0 
2022-07-04 12:11:15,798 INFO com.vinsys.diam.processors.InsertionHelper [scheduling-1] Query is UPDATE REQUESTS SET NO_OF_FAMILY_MEMBERS=?,SOCIAL_BENEFIT_ISSUED_DATE=?,SOCIAL_BENEFIT_NO=? WHERE  OWNER_ID=? AND REQUEST_ID=?
2022-07-04 12:11:15,807 INFO com.vinsys.diam.processors.AuditLogProcessor [scheduling-1] Auditing records in AuditDataProcessor.
2022-07-04 12:11:15,988 INFO com.vinsys.diam.processors.AuditLogProcessor [pool-11-thread-1] Auditing in database.
2022-07-04 12:11:15,992 ERROR com.vinsys.diam.controllers.PAWESBServices [scheduling-1] =========================getting null coordinates=======================
2022-07-04 12:11:15,992 INFO com.vinsys.diam.processors.ExceptionProcessor [scheduling-1] Auditing records in AuditDataProcessor.
2022-07-04 12:11:16,187 INFO com.vinsys.diam.processors.ExceptionProcessor [pool-12-thread-1] Auditing in database.
2022-07-04 12:11:16,191 INFO com.vinsys.diam.controllers.PAWESBServices [scheduling-1] Entered::PAWESBServices::getRestTemplate()
2022-07-04 12:11:16,215 INFO com.vinsys.diam.controllers.PAWESBServices [scheduling-1] calling MEDC target
2022-07-04 12:11:16,253 INFO com.vinsys.diam.controllers.PAWESBServices [scheduling-1] Updating REQUESTS table from MEDC 
2022-07-04 12:11:16,472 INFO com.vinsys.diam.processors.InsertionHelper [scheduling-1] updating requests table
2022-07-04 12:11:16,479 INFO com.vinsys.diam.processors.InsertionHelper [scheduling-1] Execute Update Executed 0 
2022-07-04 12:11:16,480 INFO com.vinsys.diam.processors.InsertionHelper [scheduling-1] Query is UPDATE REQUESTS SET EMAIL_ID=?,OWNER_EN_NAME=?,WILLAYATH=?,COORDINATE_N1=?,COORDINATE_N2=?,COORDINATE_E1=?,COORDINATE_E2=? WHERE OWNER_ID=? AND REQUEST_ID=?
2022-07-04 12:11:16,484 INFO com.vinsys.diam.processors.AuditLogProcessor [scheduling-1] Auditing records in AuditDataProcessor.
2022-07-04 12:11:16,675 INFO com.vinsys.diam.processors.AuditLogProcessor [pool-13-thread-1] Auditing in database.
2022-07-04 12:11:16,680 INFO com.vinsys.diam.controllers.PAWESBServices [scheduling-1] Entered::PAWESBServices::getRestTemplate()
2022-07-04 12:11:16,695 INFO com.vinsys.diam.controllers.PAWESBServices [scheduling-1] calling MM-New Target 
2022-07-04 12:11:16,727 INFO com.vinsys.diam.controllers.PAWESBServices [scheduling-1] updating REQUESTS table from MM-New
2022-07-04 12:11:17,265 INFO com.vinsys.diam.processors.InsertionHelper [scheduling-1] updating requests table
2022-07-04 12:11:17,273 INFO com.vinsys.diam.processors.InsertionHelper [scheduling-1] Execute Update Executed 0 
2022-07-04 12:11:17,273 INFO com.vinsys.diam.processors.InsertionHelper [scheduling-1] Query is UPDATE REQUESTS SET CROOKIE_NUMBER=?,LAND_AREA=?,CERTIFIED_BUILDING_AREA=? WHERE OWNER_ID=? AND REQUEST_ID=?
2022-07-04 12:11:17,277 INFO com.vinsys.diam.processors.AuditLogProcessor [scheduling-1] Auditing records in AuditDataProcessor.
2022-07-04 12:11:17,693 INFO com.vinsys.diam.processors.AuditLogProcessor [pool-14-thread-1] Auditing in database.
2022-07-04 12:11:17,701 INFO com.vinsys.diam.controllers.PAWESBServices [scheduling-1] Entered::PAWESBServices::getRestTemplate()
2022-07-04 12:11:17,722 INFO com.vinsys.diam.controllers.PAWESBServices [scheduling-1] calling MOSD target
2022-07-04 12:11:17,748 INFO com.vinsys.diam.controllers.PAWESBServices [scheduling-1] updating REQUESTS table from MOSD
2022-07-04 12:11:18,095 INFO com.vinsys.diam.processors.InsertionHelper [scheduling-1] updating requests table
2022-07-04 12:11:18,108 INFO com.vinsys.diam.processors.InsertionHelper [scheduling-1] Execute Update Executed 0 
2022-07-04 12:11:18,108 INFO com.vinsys.diam.processors.InsertionHelper [scheduling-1] Query is UPDATE REQUESTS SET NO_OF_FAMILY_MEMBERS=?,SOCIAL_BENEFIT_ISSUED_DATE=?,SOCIAL_BENEFIT_NO=? WHERE  OWNER_ID=? AND REQUEST_ID=?
2022-07-04 12:11:18,111 INFO com.vinsys.diam.processors.AuditLogProcessor [scheduling-1] Auditing records in AuditDataProcessor.
2022-07-04 12:11:18,327 INFO com.vinsys.diam.processors.AuditLogProcessor [pool-15-thread-1] Auditing in database.
2022-07-04 12:11:18,334 ERROR com.vinsys.diam.controllers.PAWESBServices [scheduling-1] =========================getting null coordinates=======================
2022-07-04 12:11:18,335 INFO com.vinsys.diam.processors.ExceptionProcessor [scheduling-1] Auditing records in AuditDataProcessor.
2022-07-04 12:11:18,779 INFO com.vinsys.diam.processors.ExceptionProcessor [pool-16-thread-1] Auditing in database.
2022-07-04 12:11:18,782 INFO com.vinsys.diam.controllers.PAWESBServices [scheduling-1] Entered::PAWESBServices::getRestTemplate()
2022-07-04 12:11:18,790 INFO com.vinsys.diam.controllers.PAWESBServices [scheduling-1] calling MEDC target
2022-07-04 12:11:18,807 INFO com.vinsys.diam.controllers.PAWESBServices [scheduling-1] Updating REQUESTS table from MEDC 
2022-07-04 12:11:19,071 INFO com.vinsys.diam.processors.InsertionHelper [scheduling-1] updating requests table
2022-07-04 12:11:19,078 INFO com.vinsys.diam.processors.InsertionHelper [scheduling-1] Execute Update Executed 0 
2022-07-04 12:11:19,078 INFO com.vinsys.diam.processors.InsertionHelper [scheduling-1] Query is UPDATE REQUESTS SET EMAIL_ID=?,OWNER_EN_NAME=?,WILLAYATH=?,COORDINATE_N1=?,COORDINATE_N2=?,COORDINATE_E1=?,COORDINATE_E2=? WHERE OWNER_ID=? AND REQUEST_ID=?
2022-07-04 12:11:19,095 INFO com.vinsys.diam.processors.AuditLogProcessor [scheduling-1] Auditing records in AuditDataProcessor.
2022-07-04 12:11:19,341 INFO com.vinsys.diam.processors.AuditLogProcessor [pool-17-thread-1] Auditing in database.
2022-07-04 12:11:19,349 INFO com.vinsys.diam.controllers.PAWESBServices [scheduling-1] Entered::PAWESBServices::getRestTemplate()
2022-07-04 12:11:19,382 INFO com.vinsys.diam.controllers.PAWESBServices [scheduling-1] calling MM-New Target 
2022-07-04 12:11:19,411 INFO com.vinsys.diam.controllers.PAWESBServices [scheduling-1] updating REQUESTS table from MM-New
2022-07-04 12:11:19,586 INFO com.vinsys.diam.processors.InsertionHelper [scheduling-1] updating requests table
2022-07-04 12:11:19,590 INFO com.vinsys.diam.processors.InsertionHelper [scheduling-1] Execute Update Executed 0 
2022-07-04 12:11:19,590 INFO com.vinsys.diam.processors.InsertionHelper [scheduling-1] Query is UPDATE REQUESTS SET CROOKIE_NUMBER=?,LAND_AREA=?,CERTIFIED_BUILDING_AREA=? WHERE OWNER_ID=? AND REQUEST_ID=?
2022-07-04 12:11:19,596 INFO com.vinsys.diam.processors.AuditLogProcessor [scheduling-1] Auditing records in AuditDataProcessor.
2022-07-04 12:11:20,179 INFO com.vinsys.diam.processors.AuditLogProcessor [pool-18-thread-1] Auditing in database.
2022-07-04 12:11:20,197 INFO com.vinsys.diam.controllers.PAWESBServices [scheduling-1] Entered::PAWESBServices::getRestTemplate()
2022-07-04 12:11:20,216 INFO com.vinsys.diam.controllers.PAWESBServices [scheduling-1] calling MOSD target
2022-07-04 12:11:20,258 INFO com.vinsys.diam.controllers.PAWESBServices [scheduling-1] updating REQUESTS table from MOSD
2022-07-04 12:11:20,525 INFO com.vinsys.diam.processors.InsertionHelper [scheduling-1] updating requests table
2022-07-04 12:11:20,531 INFO com.vinsys.diam.processors.InsertionHelper [scheduling-1] Execute Update Executed 0 
2022-07-04 12:11:20,531 INFO com.vinsys.diam.processors.InsertionHelper [scheduling-1] Query is UPDATE REQUESTS SET NO_OF_FAMILY_MEMBERS=?,SOCIAL_BENEFIT_ISSUED_DATE=?,SOCIAL_BENEFIT_NO=? WHERE  OWNER_ID=? AND REQUEST_ID=?
2022-07-04 12:11:20,536 INFO com.vinsys.diam.processors.AuditLogProcessor [scheduling-1] Auditing records in AuditDataProcessor.
2022-07-04 12:11:20,794 INFO com.vinsys.diam.processors.AuditLogProcessor [pool-19-thread-1] Auditing in database.
2022-07-04 12:11:20,804 ERROR com.vinsys.diam.controllers.PAWESBServices [scheduling-1] =========================getting null coordinates=======================
2022-07-04 12:11:20,805 INFO com.vinsys.diam.processors.ExceptionProcessor [scheduling-1] Auditing records in AuditDataProcessor.
2022-07-04 12:11:21,180 INFO com.vinsys.diam.processors.ExceptionProcessor [pool-20-thread-1] Auditing in database.
2022-07-04 12:11:21,184 INFO com.vinsys.diam.controllers.PAWESBServices [scheduling-1] Entered::PAWESBServices::getRestTemplate()
2022-07-04 12:11:21,199 INFO com.vinsys.diam.controllers.PAWESBServices [scheduling-1] calling MEDC target
2022-07-04 12:11:21,222 INFO com.vinsys.diam.controllers.PAWESBServices [scheduling-1] Updating REQUESTS table from MEDC 
2022-07-04 12:11:21,440 INFO com.vinsys.diam.processors.InsertionHelper [scheduling-1] updating requests table
2022-07-04 12:11:21,445 INFO com.vinsys.diam.processors.InsertionHelper [scheduling-1] Execute Update Executed 0 
2022-07-04 12:11:21,445 INFO com.vinsys.diam.processors.InsertionHelper [scheduling-1] Query is UPDATE REQUESTS SET EMAIL_ID=?,OWNER_EN_NAME=?,WILLAYATH=?,COORDINATE_N1=?,COORDINATE_N2=?,COORDINATE_E1=?,COORDINATE_E2=? WHERE OWNER_ID=? AND REQUEST_ID=?
2022-07-04 12:11:21,490 INFO com.vinsys.diam.processors.AuditLogProcessor [scheduling-1] Auditing records in AuditDataProcessor.
2022-07-04 12:11:21,731 INFO com.vinsys.diam.processors.AuditLogProcessor [pool-21-thread-1] Auditing in database.
2022-07-04 12:11:21,736 INFO com.vinsys.diam.controllers.PAWESBServices [scheduling-1] Entered::PAWESBServices::getRestTemplate()
2022-07-04 12:11:21,755 INFO com.vinsys.diam.controllers.PAWESBServices [scheduling-1] calling MM-New Target 
2022-07-04 12:11:21,798 INFO com.vinsys.diam.controllers.PAWESBServices [scheduling-1] updating REQUESTS table from MM-New
2022-07-04 12:11:22,020 INFO com.vinsys.diam.processors.InsertionHelper [scheduling-1] updating requests table
2022-07-04 12:11:22,024 INFO com.vinsys.diam.processors.InsertionHelper [scheduling-1] Execute Update Executed 0 
2022-07-04 12:11:22,024 INFO com.vinsys.diam.processors.InsertionHelper [scheduling-1] Query is UPDATE REQUESTS SET CROOKIE_NUMBER=?,LAND_AREA=?,CERTIFIED_BUILDING_AREA=? WHERE OWNER_ID=? AND REQUEST_ID=?
2022-07-04 12:11:22,030 INFO com.vinsys.diam.processors.AuditLogProcessor [scheduling-1] Auditing records in AuditDataProcessor.
2022-07-04 12:11:23,075 INFO com.vinsys.diam.processors.AuditLogProcessor [pool-22-thread-1] Auditing in database.
2022-07-04 12:11:23,080 INFO com.vinsys.diam.controllers.PAWESBServices [scheduling-1] Entered::PAWESBServices::getRestTemplate()
2022-07-04 12:11:23,099 INFO com.vinsys.diam.controllers.PAWESBServices [scheduling-1] calling MOSD target
2022-07-04 12:11:23,120 INFO com.vinsys.diam.controllers.PAWESBServices [scheduling-1] updating REQUESTS table from MOSD
2022-07-04 12:11:23,373 INFO com.vinsys.diam.processors.InsertionHelper [scheduling-1] updating requests table
2022-07-04 12:11:23,377 INFO com.vinsys.diam.processors.InsertionHelper [scheduling-1] Execute Update Executed 0 
2022-07-04 12:11:23,377 INFO com.vinsys.diam.processors.InsertionHelper [scheduling-1] Query is UPDATE REQUESTS SET NO_OF_FAMILY_MEMBERS=?,SOCIAL_BENEFIT_ISSUED_DATE=?,SOCIAL_BENEFIT_NO=? WHERE  OWNER_ID=? AND REQUEST_ID=?
2022-07-04 12:11:23,393 INFO com.vinsys.diam.processors.AuditLogProcessor [scheduling-1] Auditing records in AuditDataProcessor.
2022-07-04 12:11:23,691 INFO com.vinsys.diam.processors.AuditLogProcessor [pool-23-thread-1] Auditing in database.
2022-07-04 12:11:23,695 ERROR com.vinsys.diam.controllers.PAWESBServices [scheduling-1] =========================getting null coordinates=======================
2022-07-04 12:11:23,695 INFO com.vinsys.diam.processors.ExceptionProcessor [scheduling-1] Auditing records in AuditDataProcessor.
2022-07-04 12:11:24,213 INFO com.vinsys.diam.processors.ExceptionProcessor [pool-24-thread-1] Auditing in database.
2022-07-04 12:11:24,226 INFO com.vinsys.diam.controllers.PAWESBServices [scheduling-1] Entered::PAWESBServices::getRestTemplate()
2022-07-04 12:11:24,251 INFO com.vinsys.diam.controllers.PAWESBServices [scheduling-1] calling MEDC target
2022-07-04 12:11:24,283 INFO com.vinsys.diam.controllers.PAWESBServices [scheduling-1] Updating REQUESTS table from MEDC 
2022-07-04 12:11:24,582 INFO com.vinsys.diam.processors.InsertionHelper [scheduling-1] updating requests table
2022-07-04 12:11:24,589 INFO com.vinsys.diam.processors.InsertionHelper [scheduling-1] Execute Update Executed 0 
2022-07-04 12:11:24,589 INFO com.vinsys.diam.processors.InsertionHelper [scheduling-1] Query is UPDATE REQUESTS SET EMAIL_ID=?,OWNER_EN_NAME=?,WILLAYATH=?,COORDINATE_N1=?,COORDINATE_N2=?,COORDINATE_E1=?,COORDINATE_E2=? WHERE OWNER_ID=? AND REQUEST_ID=?
2022-07-04 12:11:24,593 INFO com.vinsys.diam.processors.AuditLogProcessor [scheduling-1] Auditing records in AuditDataProcessor.
2022-07-04 12:11:24,826 INFO com.vinsys.diam.processors.AuditLogProcessor [pool-25-thread-1] Auditing in database.
2022-07-04 12:11:24,833 INFO com.vinsys.diam.controllers.PAWESBServices [scheduling-1] Entered::PAWESBServices::getRestTemplate()
2022-07-04 12:11:24,850 INFO com.vinsys.diam.controllers.PAWESBServices [scheduling-1] calling MM-New Target 
2022-07-04 12:11:24,880 INFO com.vinsys.diam.controllers.PAWESBServices [scheduling-1] updating REQUESTS table from MM-New
2022-07-04 12:11:25,167 INFO com.vinsys.diam.processors.InsertionHelper [scheduling-1] updating requests table
2022-07-04 12:11:25,174 INFO com.vinsys.diam.processors.InsertionHelper [scheduling-1] Execute Update Executed 0 
2022-07-04 12:11:25,175 INFO com.vinsys.diam.processors.InsertionHelper [scheduling-1] Query is UPDATE REQUESTS SET CROOKIE_NUMBER=?,LAND_AREA=?,CERTIFIED_BUILDING_AREA=? WHERE OWNER_ID=? AND REQUEST_ID=?
2022-07-04 12:11:25,182 INFO com.vinsys.diam.processors.AuditLogProcessor [scheduling-1] Auditing records in AuditDataProcessor.
2022-07-04 12:11:25,437 INFO com.vinsys.diam.processors.AuditLogProcessor [pool-26-thread-1] Auditing in database.
2022-07-04 12:11:25,442 INFO com.vinsys.diam.controllers.PAWESBServices [scheduling-1] Entered::PAWESBServices::getRestTemplate()
2022-07-04 12:11:25,459 INFO com.vinsys.diam.controllers.PAWESBServices [scheduling-1] calling MOSD target
2022-07-04 12:11:25,480 INFO com.vinsys.diam.controllers.PAWESBServices [scheduling-1] updating REQUESTS table from MOSD
2022-07-04 12:11:25,682 INFO com.vinsys.diam.processors.InsertionHelper [scheduling-1] updating requests table
2022-07-04 12:11:25,688 INFO com.vinsys.diam.processors.InsertionHelper [scheduling-1] Execute Update Executed 0 
2022-07-04 12:11:25,688 INFO com.vinsys.diam.processors.InsertionHelper [scheduling-1] Query is UPDATE REQUESTS SET NO_OF_FAMILY_MEMBERS=?,SOCIAL_BENEFIT_ISSUED_DATE=?,SOCIAL_BENEFIT_NO=? WHERE  OWNER_ID=? AND REQUEST_ID=?
2022-07-04 12:11:25,693 INFO com.vinsys.diam.processors.AuditLogProcessor [scheduling-1] Auditing records in AuditDataProcessor.
2022-07-04 12:11:25,933 INFO com.vinsys.diam.processors.AuditLogProcessor [pool-27-thread-1] Auditing in database.
2022-07-04 12:11:25,937 ERROR com.vinsys.diam.controllers.PAWESBServices [scheduling-1] =========================getting null coordinates=======================
2022-07-04 12:11:25,938 INFO com.vinsys.diam.processors.ExceptionProcessor [scheduling-1] Auditing records in AuditDataProcessor.
2022-07-04 12:11:26,155 INFO com.vinsys.diam.processors.ExceptionProcessor [pool-28-thread-1] Auditing in database.
2022-07-04 12:11:26,160 INFO com.vinsys.diam.controllers.PAWESBServices [scheduling-1] Entered::PAWESBServices::getRestTemplate()
2022-07-04 12:11:26,178 INFO com.vinsys.diam.controllers.PAWESBServices [scheduling-1] calling MEDC target
2022-07-04 12:11:26,196 INFO com.vinsys.diam.controllers.PAWESBServices [scheduling-1] Updating REQUESTS table from MEDC 
2022-07-04 12:11:26,403 INFO com.vinsys.diam.processors.InsertionHelper [scheduling-1] updating requests table
2022-07-04 12:11:26,407 INFO com.vinsys.diam.processors.InsertionHelper [scheduling-1] Execute Update Executed 0 
2022-07-04 12:11:26,407 INFO com.vinsys.diam.processors.InsertionHelper [scheduling-1] Query is UPDATE REQUESTS SET EMAIL_ID=?,OWNER_EN_NAME=?,WILLAYATH=?,COORDINATE_N1=?,COORDINATE_N2=?,COORDINATE_E1=?,COORDINATE_E2=? WHERE OWNER_ID=? AND REQUEST_ID=?
2022-07-04 12:11:26,410 INFO com.vinsys.diam.processors.AuditLogProcessor [scheduling-1] Auditing records in AuditDataProcessor.
2022-07-04 12:11:26,560 INFO com.vinsys.diam.processors.AuditLogProcessor [pool-29-thread-1] Auditing in database.
2022-07-04 12:11:26,567 INFO com.vinsys.diam.controllers.PAWESBServices [scheduling-1] Entered::PAWESBServices::getRestTemplate()
2022-07-04 12:11:26,577 INFO com.vinsys.diam.controllers.PAWESBServices [scheduling-1] calling MM-New Target 
2022-07-04 12:11:26,594 INFO com.vinsys.diam.controllers.PAWESBServices [scheduling-1] updating REQUESTS table from MM-New
2022-07-04 12:11:26,830 INFO com.vinsys.diam.processors.InsertionHelper [scheduling-1] updating requests table
2022-07-04 12:11:26,838 INFO com.vinsys.diam.processors.InsertionHelper [scheduling-1] Execute Update Executed 0 
2022-07-04 12:11:26,839 INFO com.vinsys.diam.processors.InsertionHelper [scheduling-1] Query is UPDATE REQUESTS SET CROOKIE_NUMBER=?,LAND_AREA=?,CERTIFIED_BUILDING_AREA=? WHERE OWNER_ID=? AND REQUEST_ID=?
2022-07-04 12:11:26,844 INFO com.vinsys.diam.processors.AuditLogProcessor [scheduling-1] Auditing records in AuditDataProcessor.
2022-07-04 12:11:28,049 INFO com.vinsys.diam.processors.AuditLogProcessor [pool-30-thread-1] Auditing in database.
2022-07-04 12:11:28,055 INFO com.vinsys.diam.controllers.PAWESBServices [scheduling-1] Entered::PAWESBServices::getRestTemplate()
2022-07-04 12:11:28,070 INFO com.vinsys.diam.controllers.PAWESBServices [scheduling-1] calling MOSD target
2022-07-04 12:11:28,099 INFO com.vinsys.diam.controllers.PAWESBServices [scheduling-1] updating REQUESTS table from MOSD
2022-07-04 12:11:28,392 INFO com.vinsys.diam.processors.InsertionHelper [scheduling-1] updating requests table
2022-07-04 12:11:28,430 INFO com.vinsys.diam.processors.InsertionHelper [scheduling-1] Execute Update Executed 0 
2022-07-04 12:11:28,430 INFO com.vinsys.diam.processors.InsertionHelper [scheduling-1] Query is UPDATE REQUESTS SET NO_OF_FAMILY_MEMBERS=?,SOCIAL_BENEFIT_ISSUED_DATE=?,SOCIAL_BENEFIT_NO=? WHERE  OWNER_ID=? AND REQUEST_ID=?
2022-07-04 12:11:28,469 INFO com.vinsys.diam.processors.AuditLogProcessor [scheduling-1] Auditing records in AuditDataProcessor.
2022-07-04 12:11:28,847 INFO com.vinsys.diam.processors.AuditLogProcessor [pool-31-thread-1] Auditing in database.
2022-07-04 12:11:28,868 ERROR com.vinsys.diam.controllers.PAWESBServices [scheduling-1] =========================getting null coordinates=======================
2022-07-04 12:11:28,868 INFO com.vinsys.diam.processors.ExceptionProcessor [scheduling-1] Auditing records in AuditDataProcessor.
2022-07-04 12:11:29,221 INFO com.vinsys.diam.processors.ExceptionProcessor [pool-32-thread-1] Auditing in database.
2022-07-04 12:11:29,258 INFO com.vinsys.diam.controllers.PAWESBServices [scheduling-1] Entered::PAWESBServices::getRestTemplate()
2022-07-04 12:11:29,274 INFO com.vinsys.diam.controllers.PAWESBServices [scheduling-1] calling MEDC target
2022-07-04 12:11:29,298 INFO com.vinsys.diam.controllers.PAWESBServices [scheduling-1] Updating REQUESTS table from MEDC 
2022-07-04 12:11:29,667 INFO com.vinsys.diam.processors.InsertionHelper [scheduling-1] updating requests table
2022-07-04 12:11:29,677 INFO com.vinsys.diam.processors.InsertionHelper [scheduling-1] Execute Update Executed 0 
2022-07-04 12:11:29,677 INFO com.vinsys.diam.processors.InsertionHelper [scheduling-1] Query is UPDATE REQUESTS SET EMAIL_ID=?,OWNER_EN_NAME=?,WILLAYATH=?,COORDINATE_N1=?,COORDINATE_N2=?,COORDINATE_E1=?,COORDINATE_E2=? WHERE OWNER_ID=? AND REQUEST_ID=?
2022-07-04 12:11:29,681 INFO com.vinsys.diam.processors.AuditLogProcessor [scheduling-1] Auditing records in AuditDataProcessor.
2022-07-04 12:11:30,294 INFO com.vinsys.diam.processors.AuditLogProcessor [pool-33-thread-1] Auditing in database.
2022-07-04 12:11:30,299 INFO com.vinsys.diam.controllers.PAWESBServices [scheduling-1] Entered::PAWESBServices::getRestTemplate()
2022-07-04 12:11:30,317 INFO com.vinsys.diam.controllers.PAWESBServices [scheduling-1] calling MM-New Target 
2022-07-04 12:11:30,338 INFO com.vinsys.diam.controllers.PAWESBServices [scheduling-1] updating REQUESTS table from MM-New
2022-07-04 12:11:30,544 INFO com.vinsys.diam.processors.InsertionHelper [scheduling-1] updating requests table
2022-07-04 12:11:30,548 INFO com.vinsys.diam.processors.InsertionHelper [scheduling-1] Execute Update Executed 0 
2022-07-04 12:11:30,548 INFO com.vinsys.diam.processors.InsertionHelper [scheduling-1] Query is UPDATE REQUESTS SET CROOKIE_NUMBER=?,LAND_AREA=?,CERTIFIED_BUILDING_AREA=? WHERE OWNER_ID=? AND REQUEST_ID=?
2022-07-04 12:11:30,552 INFO com.vinsys.diam.processors.AuditLogProcessor [scheduling-1] Auditing records in AuditDataProcessor.
2022-07-04 12:11:30,782 INFO com.vinsys.diam.processors.AuditLogProcessor [pool-34-thread-1] Auditing in database.
2022-07-04 12:11:30,786 INFO com.vinsys.diam.controllers.PAWESBServices [scheduling-1] Entered::PAWESBServices::getRestTemplate()
2022-07-04 12:11:30,801 INFO com.vinsys.diam.controllers.PAWESBServices [scheduling-1] calling MOSD target
2022-07-04 12:11:30,819 INFO com.vinsys.diam.controllers.PAWESBServices [scheduling-1] updating REQUESTS table from MOSD
2022-07-04 12:11:31,008 INFO com.vinsys.diam.processors.InsertionHelper [scheduling-1] updating requests table
2022-07-04 12:11:31,014 INFO com.vinsys.diam.processors.InsertionHelper [scheduling-1] Execute Update Executed 0 
2022-07-04 12:11:31,014 INFO com.vinsys.diam.processors.InsertionHelper [scheduling-1] Query is UPDATE REQUESTS SET NO_OF_FAMILY_MEMBERS=?,SOCIAL_BENEFIT_ISSUED_DATE=?,SOCIAL_BENEFIT_NO=? WHERE  OWNER_ID=? AND REQUEST_ID=?
2022-07-04 12:11:31,032 INFO com.vinsys.diam.processors.AuditLogProcessor [scheduling-1] Auditing records in AuditDataProcessor.
2022-07-04 12:11:31,191 INFO com.vinsys.diam.processors.AuditLogProcessor [pool-35-thread-1] Auditing in database.
2022-07-04 12:11:31,194 ERROR com.vinsys.diam.controllers.PAWESBServices [scheduling-1] =========================getting null coordinates=======================
2022-07-04 12:11:31,194 INFO com.vinsys.diam.processors.ExceptionProcessor [scheduling-1] Auditing records in AuditDataProcessor.
2022-07-04 12:11:31,380 INFO com.vinsys.diam.processors.ExceptionProcessor [pool-36-thread-1] Auditing in database.
2022-07-04 12:11:31,385 INFO com.vinsys.diam.controllers.PAWESBServices [scheduling-1] Entered::PAWESBServices::getRestTemplate()
2022-07-04 12:11:31,395 INFO com.vinsys.diam.controllers.PAWESBServices [scheduling-1] calling MEDC target
2022-07-04 12:11:31,420 INFO com.vinsys.diam.controllers.PAWESBServices [scheduling-1] Updating REQUESTS table from MEDC 
2022-07-04 12:11:31,637 INFO com.vinsys.diam.processors.InsertionHelper [scheduling-1] updating requests table
2022-07-04 12:11:31,662 INFO com.vinsys.diam.processors.InsertionHelper [scheduling-1] Execute Update Executed 0 
2022-07-04 12:11:31,662 INFO com.vinsys.diam.processors.InsertionHelper [scheduling-1] Query is UPDATE REQUESTS SET EMAIL_ID=?,OWNER_EN_NAME=?,WILLAYATH=?,COORDINATE_N1=?,COORDINATE_N2=?,COORDINATE_E1=?,COORDINATE_E2=? WHERE OWNER_ID=? AND REQUEST_ID=?
2022-07-04 12:11:31,666 INFO com.vinsys.diam.processors.AuditLogProcessor [scheduling-1] Auditing records in AuditDataProcessor.
2022-07-04 12:11:31,933 INFO com.vinsys.diam.processors.AuditLogProcessor [pool-37-thread-1] Auditing in database.
2022-07-04 12:11:31,939 INFO com.vinsys.diam.controllers.PAWESBServices [scheduling-1] Entered::PAWESBServices::getRestTemplate()
2022-07-04 12:11:31,959 INFO com.vinsys.diam.controllers.PAWESBServices [scheduling-1] calling MM-New Target 
2022-07-04 12:11:31,981 INFO com.vinsys.diam.controllers.PAWESBServices [scheduling-1] updating REQUESTS table from MM-New
2022-07-04 12:11:32,250 INFO com.vinsys.diam.processors.InsertionHelper [scheduling-1] updating requests table
2022-07-04 12:11:32,257 INFO com.vinsys.diam.processors.InsertionHelper [scheduling-1] Execute Update Executed 0 
2022-07-04 12:11:32,257 INFO com.vinsys.diam.processors.InsertionHelper [scheduling-1] Query is UPDATE REQUESTS SET CROOKIE_NUMBER=?,LAND_AREA=?,CERTIFIED_BUILDING_AREA=? WHERE OWNER_ID=? AND REQUEST_ID=?
2022-07-04 12:11:32,262 INFO com.vinsys.diam.processors.AuditLogProcessor [scheduling-1] Auditing records in AuditDataProcessor.
2022-07-04 12:11:32,746 INFO com.vinsys.diam.processors.AuditLogProcessor [pool-38-thread-1] Auditing in database.
2022-07-04 12:11:32,774 INFO com.vinsys.diam.controllers.PAWESBServices [scheduling-1] Entered::PAWESBServices::getRestTemplate()
2022-07-04 12:11:32,794 INFO com.vinsys.diam.controllers.PAWESBServices [scheduling-1] calling MOSD target
2022-07-04 12:11:32,824 INFO com.vinsys.diam.controllers.PAWESBServices [scheduling-1] updating REQUESTS table from MOSD
2022-07-04 12:11:33,478 INFO com.vinsys.diam.processors.InsertionHelper [scheduling-1] updating requests table
2022-07-04 12:11:33,495 INFO com.vinsys.diam.processors.InsertionHelper [scheduling-1] Execute Update Executed 0 
2022-07-04 12:11:33,495 INFO com.vinsys.diam.processors.InsertionHelper [scheduling-1] Query is UPDATE REQUESTS SET NO_OF_FAMILY_MEMBERS=?,SOCIAL_BENEFIT_ISSUED_DATE=?,SOCIAL_BENEFIT_NO=? WHERE  OWNER_ID=? AND REQUEST_ID=?
2022-07-04 12:11:33,500 INFO com.vinsys.diam.processors.AuditLogProcessor [scheduling-1] Auditing records in AuditDataProcessor.
2022-07-04 12:11:33,826 INFO com.vinsys.diam.processors.AuditLogProcessor [pool-39-thread-1] Auditing in database.
2022-07-04 12:11:33,830 ERROR com.vinsys.diam.controllers.PAWESBServices [scheduling-1] =========================getting null coordinates=======================
2022-07-04 12:11:33,831 INFO com.vinsys.diam.processors.ExceptionProcessor [scheduling-1] Auditing records in AuditDataProcessor.
2022-07-04 12:11:34,063 INFO com.vinsys.diam.processors.ExceptionProcessor [pool-40-thread-1] Auditing in database.
2022-07-04 12:11:34,066 INFO com.vinsys.diam.filters.GetDetails [scheduling-1] Inside getAggragation status.. for service code schedular
2022-07-04 12:11:34,481 INFO com.vinsys.diam.processors.ExceptionProcessor [scheduling-1] Auditing records in AuditDataProcessor.
2022-07-04 12:11:34,758 INFO com.vinsys.diam.processors.ExceptionProcessor [pool-41-thread-1] Auditing in database.
2022-07-04 12:11:45,197 INFO com.vinsys.diam.interceptor.BaseInterceptor [http-nio-9999-exec-2] Inside prehandle
2022-07-04 12:11:45,200 INFO com.vinsys.diam.interceptor.BaseInterceptor [http-nio-9999-exec-2] ############Request Processing started for request-id AMR-INT223451232 and esbURL is /api/v1/getpersoninformation
2022-07-04 12:11:45,201 INFO com.vinsys.diam.filters.GetDetails [http-nio-9999-exec-2] Inside getEncryption status.. for service code getpersoninformation
2022-07-04 12:11:45,687 INFO com.vinsys.diam.interceptor.BaseInterceptor [http-nio-9999-exec-2] Inside DDOS filtering
2022-07-04 12:11:45,688 INFO com.vinsys.diam.filters.GetDetails [http-nio-9999-exec-2] Inside get error codes.
2022-07-04 12:11:46,081 INFO com.vinsys.diam.filters.AuthenticationFilter [http-nio-9999-exec-2] inside request param validation
2022-07-04 12:11:46,082 INFO com.vinsys.diam.filters.AuthenticationFilter [http-nio-9999-exec-2] In Timestamp validation
2022-07-04 12:11:46,085 INFO com.vinsys.diam.filters.AuthenticationFilter [http-nio-9999-exec-2] The timestamp difference is--
2022-07-04 12:11:46,085 INFO com.vinsys.diam.filters.AuthenticationFilter [http-nio-9999-exec-2] Validating auth key for consumerCode AMR with auth key bbcf4432d0d34e029d8a5a170a0e730d
2022-07-04 12:11:46,085 INFO com.vinsys.diam.filters.AuthenticationFilter [http-nio-9999-exec-2] Inside getAuthKeyFromDB..
2022-07-04 12:11:46,352 INFO com.vinsys.diam.filters.AuthenticationFilter [http-nio-9999-exec-2] Auth Key from DB for Consumer code AMR is  bbcf4432d0d34e029d8a5a170a0e730d
2022-07-04 12:11:46,353 INFO com.vinsys.diam.filters.AuthenticationFilter [http-nio-9999-exec-2] Inside getAuthKeyFromDB..
2022-07-04 12:11:46,724 INFO com.vinsys.diam.filters.AuthenticationFilter [http-nio-9999-exec-2] Whitelisted
2022-07-04 12:11:46,725 INFO com.vinsys.diam.filters.AuthenticationFilter [http-nio-9999-exec-2] Inside is whiteListed
2022-07-04 12:11:48,564 INFO org.apache.cxf.wsdl.service.factory.ReflectionServiceFactoryBean [http-nio-9999-exec-2] Creating Service {urn:rop-gov-om:person}PersonInformation_Entities.External.ws.PersonInformation_WSSP_ASE_ITA from WSDL: file:/D:/PAW/diam/diamservices/src/main/resources/wsdl1/PersonUAT.wsdl
2022-07-04 12:11:51,096 WARN org.apache.cxf.ws.policy.AssertionBuilderRegistryImpl [http-nio-9999-exec-2] No assertion builder for type {http://docs.oasis-open.org/ws-sx/ws-securitypolicy/200702}WssX509PkiPathV1Token10 registered.
2022-07-04 12:11:51,200 WARN org.apache.cxf.common.logging.LogUtils [http-nio-9999-exec-2] Interceptor for {urn:rop-gov-om:person}PersonInformation_Entities.External.ws.PersonInformation_WSSP_ASE_ITA#{urn:rop-gov-om:person}PersonInformation has thrown exception, unwinding now
org.apache.cxf.ws.policy.PolicyException: Reference to policy ROP X509 Authentication, Signature and Encryption could not be resolved.
	at org.apache.cxf.ws.policy.attachment.AbstractPolicyProvider.checkResolved(AbstractPolicyProvider.java:93)
	at org.apache.cxf.ws.policy.attachment.wsdl11.Wsdl11AttachmentPolicyProvider.resolveReference(Wsdl11AttachmentPolicyProvider.java:274)
	at org.apache.cxf.ws.policy.attachment.wsdl11.Wsdl11AttachmentPolicyProvider.getElementPolicy(Wsdl11AttachmentPolicyProvider.java:220)
	at org.apache.cxf.ws.policy.attachment.wsdl11.Wsdl11AttachmentPolicyProvider.getEffectivePolicy(Wsdl11AttachmentPolicyProvider.java:136)
	at org.apache.cxf.ws.policy.PolicyEngineImpl.getAggregatedMessagePolicy(PolicyEngineImpl.java:500)
	at org.apache.cxf.ws.policy.EffectivePolicyImpl.initialisePolicy(EffectivePolicyImpl.java:175)
	at org.apache.cxf.ws.policy.EffectivePolicyImpl.initialise(EffectivePolicyImpl.java:95)
	at org.apache.cxf.ws.policy.PolicyEngineImpl.getEffectiveClientRequestPolicy(PolicyEngineImpl.java:214)
	at org.apache.cxf.ws.policy.PolicyOutInterceptor.handle(PolicyOutInterceptor.java:98)
	at org.apache.cxf.ws.policy.AbstractPolicyInterceptor.handleMessage(AbstractPolicyInterceptor.java:44)
	at org.apache.cxf.phase.PhaseInterceptorChain.doIntercept(PhaseInterceptorChain.java:307)
	at org.apache.cxf.endpoint.ClientImpl.doInvoke(ClientImpl.java:528)
	at org.apache.cxf.endpoint.ClientImpl.invoke(ClientImpl.java:439)
	at org.apache.cxf.endpoint.ClientImpl.invoke(ClientImpl.java:354)
	at org.apache.cxf.endpoint.ClientImpl.invoke(ClientImpl.java:312)
	at org.apache.cxf.frontend.ClientProxy.invokeSync(ClientProxy.java:96)
	at org.apache.cxf.jaxws.JaxWsClientProxy.invoke(JaxWsClientProxy.java:140)
	at com.sun.proxy.$Proxy142.personInformation(Unknown Source)
	at com.vinsys.diam.controllers.PAWESBServices.getPersonInformation(PAWESBServices.java:797)
	at java.base/jdk.internal.reflect.NativeMethodAccessorImpl.invoke0(Native Method)
	at java.base/jdk.internal.reflect.NativeMethodAccessorImpl.invoke(NativeMethodAccessorImpl.java:62)
	at java.base/jdk.internal.reflect.DelegatingMethodAccessorImpl.invoke(DelegatingMethodAccessorImpl.java:43)
	at java.base/java.lang.reflect.Method.invoke(Method.java:566)
	at org.springframework.web.method.support.InvocableHandlerMethod.doInvoke(InvocableHandlerMethod.java:197)
	at org.springframework.web.method.support.InvocableHandlerMethod.invokeForRequest(InvocableHandlerMethod.java:141)
	at org.springframework.web.servlet.mvc.method.annotation.ServletInvocableHandlerMethod.invokeAndHandle(ServletInvocableHandlerMethod.java:106)
	at org.springframework.web.servlet.mvc.method.annotation.RequestMappingHandlerAdapter.invokeHandlerMethod(RequestMappingHandlerAdapter.java:894)
	at org.springframework.web.servlet.mvc.method.annotation.RequestMappingHandlerAdapter.handleInternal(RequestMappingHandlerAdapter.java:808)
	at org.springframework.web.servlet.mvc.method.AbstractHandlerMethodAdapter.handle(AbstractHandlerMethodAdapter.java:87)
	at org.springframework.web.servlet.DispatcherServlet.doDispatch(DispatcherServlet.java:1060)
	at org.springframework.web.servlet.DispatcherServlet.doService(DispatcherServlet.java:962)
	at org.springframework.web.servlet.FrameworkServlet.processRequest(FrameworkServlet.java:1006)
	at org.springframework.web.servlet.FrameworkServlet.doPost(FrameworkServlet.java:909)
	at javax.servlet.http.HttpServlet.service(HttpServlet.java:652)
	at org.springframework.web.servlet.FrameworkServlet.service(FrameworkServlet.java:883)
	at javax.servlet.http.HttpServlet.service(HttpServlet.java:733)
	at org.apache.catalina.core.ApplicationFilterChain.internalDoFilter(ApplicationFilterChain.java:227)
	at org.apache.catalina.core.ApplicationFilterChain.doFilter(ApplicationFilterChain.java:162)
	at org.apache.tomcat.websocket.server.WsFilter.doFilter(WsFilter.java:53)
	at org.apache.catalina.core.ApplicationFilterChain.internalDoFilter(ApplicationFilterChain.java:189)
	at org.apache.catalina.core.ApplicationFilterChain.doFilter(ApplicationFilterChain.java:162)
	at org.springframework.web.filter.RequestContextFilter.doFilterInternal(RequestContextFilter.java:100)
	at org.springframework.web.filter.OncePerRequestFilter.doFilter(OncePerRequestFilter.java:119)
	at org.apache.catalina.core.ApplicationFilterChain.internalDoFilter(ApplicationFilterChain.java:189)
	at org.apache.catalina.core.ApplicationFilterChain.doFilter(ApplicationFilterChain.java:162)
	at org.springframework.web.filter.FormContentFilter.doFilterInternal(FormContentFilter.java:93)
	at org.springframework.web.filter.OncePerRequestFilter.doFilter(OncePerRequestFilter.java:119)
	at org.apache.catalina.core.ApplicationFilterChain.internalDoFilter(ApplicationFilterChain.java:189)
	at org.apache.catalina.core.ApplicationFilterChain.doFilter(ApplicationFilterChain.java:162)
	at org.springframework.boot.actuate.metrics.web.servlet.WebMvcMetricsFilter.doFilterInternal(WebMvcMetricsFilter.java:93)
	at org.springframework.web.filter.OncePerRequestFilter.doFilter(OncePerRequestFilter.java:119)
	at org.apache.catalina.core.ApplicationFilterChain.internalDoFilter(ApplicationFilterChain.java:189)
	at org.apache.catalina.core.ApplicationFilterChain.doFilter(ApplicationFilterChain.java:162)
	at org.springframework.web.filter.CharacterEncodingFilter.doFilterInternal(CharacterEncodingFilter.java:201)
	at org.springframework.web.filter.OncePerRequestFilter.doFilter(OncePerRequestFilter.java:119)
	at org.apache.catalina.core.ApplicationFilterChain.internalDoFilter(ApplicationFilterChain.java:189)
	at org.apache.catalina.core.ApplicationFilterChain.doFilter(ApplicationFilterChain.java:162)
	at org.apache.catalina.core.StandardWrapperValve.invoke(StandardWrapperValve.java:202)
	at org.apache.catalina.core.StandardContextValve.invoke(StandardContextValve.java:97)
	at org.apache.catalina.authenticator.AuthenticatorBase.invoke(AuthenticatorBase.java:542)
	at org.apache.catalina.core.StandardHostValve.invoke(StandardHostValve.java:143)
	at org.apache.catalina.valves.ErrorReportValve.invoke(ErrorReportValve.java:92)
	at org.apache.catalina.core.StandardEngineValve.invoke(StandardEngineValve.java:78)
	at org.apache.catalina.connector.CoyoteAdapter.service(CoyoteAdapter.java:357)
	at org.apache.coyote.http11.Http11Processor.service(Http11Processor.java:374)
	at org.apache.coyote.AbstractProcessorLight.process(AbstractProcessorLight.java:65)
	at org.apache.coyote.AbstractProtocol$ConnectionHandler.process(AbstractProtocol.java:893)
	at org.apache.tomcat.util.net.NioEndpoint$SocketProcessor.doRun(NioEndpoint.java:1707)
	at org.apache.tomcat.util.net.SocketProcessorBase.run(SocketProcessorBase.java:49)
	at java.base/java.util.concurrent.ThreadPoolExecutor.runWorker(ThreadPoolExecutor.java:1128)
	at java.base/java.util.concurrent.ThreadPoolExecutor$Worker.run(ThreadPoolExecutor.java:628)
	at org.apache.tomcat.util.threads.TaskThread$WrappingRunnable.run(TaskThread.java:61)
	at java.base/java.lang.Thread.run(Thread.java:834)
2022-07-04 12:11:51,334 ERROR com.vinsys.diam.controllers.PAWESBServices [http-nio-9999-exec-2] Reference to policy ROP X509 Authentication, Signature and Encryption could not be resolved.
2022-07-04 12:11:51,344 INFO com.vinsys.diam.interceptor.BaseInterceptor [http-nio-9999-exec-2] In post handle
2022-07-04 12:11:51,344 INFO com.vinsys.diam.processors.AuditLogProcessor [http-nio-9999-exec-2] Auditing records in AuditDataProcessor.
2022-07-04 12:11:51,677 INFO com.vinsys.diam.processors.AuditLogProcessor [pool-42-thread-1] Auditing in database.
2022-07-04 12:12:05,014 INFO com.vinsys.diam.controllers.PAWESBServices [scheduling-1] Entered::PAWESBServices::getRestTemplate()
2022-07-04 12:12:05,028 INFO com.vinsys.diam.controllers.PAWESBServices [scheduling-1] calling getData target for Insertion in Phase 1
2022-07-04 12:12:05,121 INFO com.vinsys.diam.controllers.PAWESBServices [scheduling-1] Inserting records into REQUESTS table from phase 1 
2022-07-04 12:12:05,122 INFO com.vinsys.diam.controllers.PAWESBServices [scheduling-1] Inserting records into REQUESTS table from phase 1 
2022-07-04 12:12:05,653 INFO com.vinsys.diam.processors.InsertionHelper [scheduling-1] Auditing into requests table
2022-07-04 12:12:05,655 INFO com.vinsys.diam.processors.InsertionHelper [scheduling-1] Before Execute Update
2022-07-04 12:12:06,045 INFO com.vinsys.diam.controllers.PAWESBServices [scheduling-1] Inserting records into REQUESTS table from phase 1 
2022-07-04 12:12:06,294 INFO com.vinsys.diam.processors.InsertionHelper [scheduling-1] Auditing into requests table
2022-07-04 12:12:06,295 INFO com.vinsys.diam.processors.InsertionHelper [scheduling-1] Before Execute Update
2022-07-04 12:12:06,383 INFO com.vinsys.diam.controllers.PAWESBServices [scheduling-1] Inserting records into REQUESTS table from phase 1 
2022-07-04 12:12:06,384 INFO com.vinsys.diam.controllers.PAWESBServices [scheduling-1] Inserting records into REQUESTS table from phase 1 
2022-07-04 12:12:06,384 INFO com.vinsys.diam.controllers.PAWESBServices [scheduling-1] Inserting records into REQUESTS table from phase 1 
2022-07-04 12:12:06,384 INFO com.vinsys.diam.controllers.PAWESBServices [scheduling-1] Inserting records into REQUESTS table from phase 1 
2022-07-04 12:12:06,614 INFO com.vinsys.diam.processors.InsertionHelper [scheduling-1] Auditing into requests table
2022-07-04 12:12:06,616 INFO com.vinsys.diam.processors.InsertionHelper [scheduling-1] Before Execute Update
2022-07-04 12:12:06,707 INFO com.vinsys.diam.controllers.PAWESBServices [scheduling-1] Inserting records into REQUESTS table from phase 1 
2022-07-04 12:12:07,381 INFO com.vinsys.diam.processors.InsertionHelper [scheduling-1] Auditing into requests table
2022-07-04 12:12:07,382 INFO com.vinsys.diam.processors.InsertionHelper [scheduling-1] Before Execute Update
2022-07-04 12:12:07,448 INFO com.vinsys.diam.controllers.PAWESBServices [scheduling-1] Inserting records into REQUESTS table from phase 1 
2022-07-04 12:12:07,449 INFO com.vinsys.diam.controllers.PAWESBServices [scheduling-1] Inserting records into REQUESTS table from phase 1 
2022-07-04 12:12:07,851 INFO com.vinsys.diam.processors.InsertionHelper [scheduling-1] Auditing into requests table
2022-07-04 12:12:07,852 INFO com.vinsys.diam.processors.InsertionHelper [scheduling-1] Before Execute Update
2022-07-04 12:12:07,995 INFO com.vinsys.diam.controllers.PAWESBServices [scheduling-1] Inserting records into REQUESTS table from phase 1 
2022-07-04 12:12:08,181 INFO com.vinsys.diam.processors.InsertionHelper [scheduling-1] Auditing into requests table
2022-07-04 12:12:08,183 INFO com.vinsys.diam.processors.InsertionHelper [scheduling-1] Before Execute Update
2022-07-04 12:12:08,261 INFO com.vinsys.diam.controllers.PAWESBServices [scheduling-1] Inserting records into REQUESTS table from phase 1 
2022-07-04 12:12:08,261 INFO com.vinsys.diam.controllers.PAWESBServices [scheduling-1] Inserting records into REQUESTS table from phase 1 
2022-07-04 12:12:08,261 INFO com.vinsys.diam.controllers.PAWESBServices [scheduling-1] Inserting records into REQUESTS table from phase 1 
2022-07-04 12:12:08,431 INFO com.vinsys.diam.processors.InsertionHelper [scheduling-1] Auditing into requests table
2022-07-04 12:12:08,432 INFO com.vinsys.diam.processors.InsertionHelper [scheduling-1] Before Execute Update
2022-07-04 12:12:08,637 INFO com.vinsys.diam.controllers.PAWESBServices [scheduling-1] Inserting records into REQUESTS table from phase 1 
2022-07-04 12:12:08,638 INFO com.vinsys.diam.controllers.PAWESBServices [scheduling-1] Inserting records into REQUESTS table from phase 1 
2022-07-04 12:12:08,638 INFO com.vinsys.diam.controllers.PAWESBServices [scheduling-1] Inserting records into REQUESTS table from phase 1 
2022-07-04 12:12:08,638 INFO com.vinsys.diam.controllers.PAWESBServices [scheduling-1] Inserting records into REQUESTS table from phase 1 
2022-07-04 12:12:08,852 INFO com.vinsys.diam.processors.InsertionHelper [scheduling-1] Auditing into requests table
2022-07-04 12:12:08,853 INFO com.vinsys.diam.processors.InsertionHelper [scheduling-1] Before Execute Update
2022-07-04 12:12:08,929 INFO com.vinsys.diam.controllers.PAWESBServices [scheduling-1] Inserting records into REQUESTS table from phase 1 
2022-07-04 12:12:08,929 INFO com.vinsys.diam.controllers.PAWESBServices [scheduling-1] Inserting records into REQUESTS table from phase 1 
2022-07-04 12:12:08,929 INFO com.vinsys.diam.controllers.PAWESBServices [scheduling-1] Inserting records into REQUESTS table from phase 1 
2022-07-04 12:12:08,930 INFO com.vinsys.diam.controllers.PAWESBServices [scheduling-1] Inserting records into REQUESTS table from phase 1 
2022-07-04 12:12:08,930 INFO com.vinsys.diam.controllers.PAWESBServices [scheduling-1] Inserting records into REQUESTS table from phase 1 
2022-07-04 12:12:09,163 INFO com.vinsys.diam.processors.InsertionHelper [scheduling-1] Auditing into requests table
2022-07-04 12:12:09,164 INFO com.vinsys.diam.processors.InsertionHelper [scheduling-1] Before Execute Update
2022-07-04 12:12:09,285 INFO com.vinsys.diam.controllers.PAWESBServices [scheduling-1] Inserting records into REQUESTS table from phase 1 
2022-07-04 12:12:09,500 INFO com.vinsys.diam.processors.InsertionHelper [scheduling-1] Auditing into requests table
2022-07-04 12:12:09,501 INFO com.vinsys.diam.processors.InsertionHelper [scheduling-1] Before Execute Update
2022-07-04 12:12:09,613 INFO com.vinsys.diam.controllers.PAWESBServices [scheduling-1] Entered in phase 2
2022-07-04 12:12:09,615 INFO com.vinsys.diam.processors.AuditLogProcessor [scheduling-1] Auditing records in AuditDataProcessor.
2022-07-04 12:12:09,948 INFO com.vinsys.diam.processors.AuditLogProcessor [pool-43-thread-1] Auditing in database.
2022-07-04 12:12:09,952 INFO com.vinsys.diam.controllers.PAWESBServices [scheduling-1] Entered::PAWESBServices::getRestTemplate()
2022-07-04 12:12:09,967 INFO com.vinsys.diam.controllers.PAWESBServices [scheduling-1] calling MEDC target
2022-07-04 12:12:09,990 INFO com.vinsys.diam.controllers.PAWESBServices [scheduling-1] Updating REQUESTS table from MEDC 
2022-07-04 12:12:10,190 INFO com.vinsys.diam.processors.InsertionHelper [scheduling-1] updating requests table
2022-07-04 12:12:10,260 INFO com.vinsys.diam.processors.InsertionHelper [scheduling-1] Execute Update Executed 0 
2022-07-04 12:12:10,261 INFO com.vinsys.diam.processors.InsertionHelper [scheduling-1] Query is UPDATE REQUESTS SET EMAIL_ID=?,OWNER_EN_NAME=?,WILLAYATH=?,COORDINATE_N1=?,COORDINATE_N2=?,COORDINATE_E1=?,COORDINATE_E2=? WHERE OWNER_ID=? AND REQUEST_ID=?
2022-07-04 12:12:10,269 INFO com.vinsys.diam.processors.AuditLogProcessor [scheduling-1] Auditing records in AuditDataProcessor.
2022-07-04 12:12:10,582 INFO com.vinsys.diam.processors.AuditLogProcessor [pool-44-thread-1] Auditing in database.
2022-07-04 12:12:10,602 INFO com.vinsys.diam.controllers.PAWESBServices [scheduling-1] Entered::PAWESBServices::getRestTemplate()
2022-07-04 12:12:10,624 INFO com.vinsys.diam.controllers.PAWESBServices [scheduling-1] calling MM-New Target 
2022-07-04 12:12:10,652 INFO com.vinsys.diam.controllers.PAWESBServices [scheduling-1] updating REQUESTS table from MM-New
2022-07-04 12:12:10,846 INFO com.vinsys.diam.processors.InsertionHelper [scheduling-1] updating requests table
2022-07-04 12:12:10,851 INFO com.vinsys.diam.processors.InsertionHelper [scheduling-1] Execute Update Executed 0 
2022-07-04 12:12:10,852 INFO com.vinsys.diam.processors.InsertionHelper [scheduling-1] Query is UPDATE REQUESTS SET CROOKIE_NUMBER=?,LAND_AREA=?,CERTIFIED_BUILDING_AREA=? WHERE OWNER_ID=? AND REQUEST_ID=?
2022-07-04 12:12:10,855 INFO com.vinsys.diam.processors.AuditLogProcessor [scheduling-1] Auditing records in AuditDataProcessor.
2022-07-04 12:12:11,131 INFO com.vinsys.diam.processors.AuditLogProcessor [pool-45-thread-1] Auditing in database.
2022-07-04 12:12:11,145 ERROR com.vinsys.diam.controllers.PAWESBServices [scheduling-1] =========================getting null coordinates=======================
2022-07-04 12:12:11,145 INFO com.vinsys.diam.processors.ExceptionProcessor [scheduling-1] Auditing records in AuditDataProcessor.
2022-07-04 12:12:11,341 INFO com.vinsys.diam.processors.ExceptionProcessor [pool-46-thread-1] Auditing in database.
2022-07-04 12:12:11,345 INFO com.vinsys.diam.controllers.PAWESBServices [scheduling-1] Entered::PAWESBServices::getRestTemplate()
2022-07-04 12:12:11,359 INFO com.vinsys.diam.controllers.PAWESBServices [scheduling-1] calling MEDC target
2022-07-04 12:12:11,373 INFO com.vinsys.diam.controllers.PAWESBServices [scheduling-1] Updating REQUESTS table from MEDC 
2022-07-04 12:12:11,560 INFO com.vinsys.diam.processors.InsertionHelper [scheduling-1] updating requests table
2022-07-04 12:12:11,564 INFO com.vinsys.diam.processors.InsertionHelper [scheduling-1] Execute Update Executed 0 
2022-07-04 12:12:11,565 INFO com.vinsys.diam.processors.InsertionHelper [scheduling-1] Query is UPDATE REQUESTS SET EMAIL_ID=?,OWNER_EN_NAME=?,WILLAYATH=?,COORDINATE_N1=?,COORDINATE_N2=?,COORDINATE_E1=?,COORDINATE_E2=? WHERE OWNER_ID=? AND REQUEST_ID=?
2022-07-04 12:12:11,569 INFO com.vinsys.diam.processors.AuditLogProcessor [scheduling-1] Auditing records in AuditDataProcessor.
2022-07-04 12:12:11,715 INFO org.springframework.boot.admin.SpringApplicationAdminMXBeanRegistrar$SpringApplicationAdmin [RMI TCP Connection(8)-127.0.0.1] Application shutdown requested.
2022-07-04 12:12:11,800 INFO com.vinsys.diam.processors.AuditLogProcessor [pool-47-thread-1] Auditing in database.
2022-07-04 12:12:11,806 INFO com.vinsys.diam.controllers.PAWESBServices [scheduling-1] Entered::PAWESBServices::getRestTemplate()
2022-07-04 12:12:11,827 INFO com.vinsys.diam.controllers.PAWESBServices [scheduling-1] calling MM-New Target 
2022-07-04 12:12:11,857 INFO com.vinsys.diam.controllers.PAWESBServices [scheduling-1] updating REQUESTS table from MM-New
2022-07-04 12:12:12,256 INFO com.vinsys.diam.processors.InsertionHelper [scheduling-1] updating requests table
2022-07-04 12:12:12,260 INFO com.vinsys.diam.processors.InsertionHelper [scheduling-1] Execute Update Executed 0 
2022-07-04 12:12:12,260 INFO com.vinsys.diam.processors.InsertionHelper [scheduling-1] Query is UPDATE REQUESTS SET CROOKIE_NUMBER=?,LAND_AREA=?,CERTIFIED_BUILDING_AREA=? WHERE OWNER_ID=? AND REQUEST_ID=?
2022-07-04 12:12:12,264 INFO com.vinsys.diam.processors.AuditLogProcessor [scheduling-1] Auditing records in AuditDataProcessor.
2022-07-04 12:12:12,278 INFO org.springframework.scheduling.concurrent.ExecutorConfigurationSupport [RMI TCP Connection(8)-127.0.0.1] Shutting down ExecutorService 'taskScheduler'
2022-07-04 12:12:12,279 ERROR com.vinsys.diam.controllers.PAWESBServices [scheduling-1] =========================getting null coordinates=======================
2022-07-04 12:12:12,279 INFO com.vinsys.diam.processors.ExceptionProcessor [scheduling-1] Auditing records in AuditDataProcessor.
2022-07-04 12:12:12,281 INFO com.vinsys.diam.controllers.PAWESBServices [scheduling-1] Entered::PAWESBServices::getRestTemplate()
2022-07-04 12:12:12,288 INFO org.springframework.scheduling.concurrent.ExecutorConfigurationSupport [RMI TCP Connection(8)-127.0.0.1] Shutting down ExecutorService 'applicationTaskExecutor'
2022-07-04 12:12:12,296 INFO com.vinsys.diam.controllers.PAWESBServices [scheduling-1] calling MEDC target
2022-07-04 12:12:12,319 INFO com.vinsys.diam.controllers.PAWESBServices [scheduling-1] Updating REQUESTS table from MEDC 
2022-07-04 18:05:57,236 INFO org.hibernate.validator.internal.util.Version [background-preinit] HV000001: Hibernate Validator 6.1.7.Final
2022-07-04 18:05:57,253 INFO org.springframework.boot.StartupInfoLogger [main] Starting DemoApplication using Java 11.0.10 on VINSYSLT0182 with PID 14280 (D:\PAW\diam\diamservices\target\classes started by admin in D:\PAW\diam\diamservices)
2022-07-04 18:05:57,256 INFO org.springframework.boot.SpringApplication [main] No active profile set, falling back to default profiles: default
2022-07-04 18:06:05,224 INFO org.springframework.context.support.PostProcessorRegistrationDelegate$BeanPostProcessorChecker [main] Bean 'org.springframework.ws.config.annotation.DelegatingWsConfiguration' of type [org.springframework.ws.config.annotation.DelegatingWsConfiguration$$EnhancerBySpringCGLIB$$9f21041b] is not eligible for getting processed by all BeanPostProcessors (for example: not eligible for auto-proxying)
2022-07-04 18:06:05,265 INFO org.springframework.ws.soap.addressing.server.AbstractAddressingEndpointMapping [main] Supporting [WS-Addressing August 2004, WS-Addressing 1.0]
2022-07-04 18:06:05,579 INFO org.springframework.boot.web.embedded.tomcat.TomcatWebServer [main] Tomcat initialized with port(s): 9999 (http)
2022-07-04 18:06:05,599 INFO org.apache.juli.logging.DirectJDKLog [main] Initializing ProtocolHandler ["http-nio-9999"]
2022-07-04 18:06:05,600 INFO org.apache.juli.logging.DirectJDKLog [main] Starting service [Tomcat]
2022-07-04 18:06:05,601 INFO org.apache.juli.logging.DirectJDKLog [main] Starting Servlet engine: [Apache Tomcat/9.0.45]
2022-07-04 18:06:05,799 INFO org.apache.juli.logging.DirectJDKLog [main] Initializing Spring embedded WebApplicationContext
2022-07-04 18:06:05,799 INFO org.springframework.boot.web.servlet.context.ServletWebServerApplicationContext [main] Root WebApplicationContext: initialization completed in 8452 ms
2022-07-04 18:06:06,430 INFO org.springframework.ws.soap.saaj.SaajSoapMessageFactory [main] Creating SAAJ 1.3 MessageFactory with SOAP 1.1 Protocol
2022-07-04 18:06:06,614 INFO org.springframework.scheduling.concurrent.ExecutorConfigurationSupport [main] Initializing ExecutorService 'applicationTaskExecutor'
2022-07-04 18:06:07,351 INFO org.springframework.scheduling.concurrent.ExecutorConfigurationSupport [main] Initializing ExecutorService 'taskScheduler'
2022-07-04 18:06:07,394 INFO org.springframework.boot.actuate.endpoint.web.EndpointLinksResolver [main] Exposing 2 endpoint(s) beneath base path '/actuator'
2022-07-04 18:06:07,432 INFO org.apache.juli.logging.DirectJDKLog [main] Starting ProtocolHandler ["http-nio-9999"]
2022-07-04 18:06:07,459 INFO org.springframework.boot.web.embedded.tomcat.TomcatWebServer [main] Tomcat started on port(s): 9999 (http) with context path ''
2022-07-04 18:06:07,488 INFO org.springframework.boot.StartupInfoLogger [main] Started DemoApplication in 10.755 seconds (JVM running for 12.636)
2022-07-04 18:06:08,130 INFO org.apache.juli.logging.DirectJDKLog [RMI TCP Connection(3)-127.0.0.1] Initializing Spring DispatcherServlet 'dispatcherServlet'
2022-07-04 18:06:08,131 INFO org.springframework.web.servlet.FrameworkServlet [RMI TCP Connection(3)-127.0.0.1] Initializing Servlet 'dispatcherServlet'
2022-07-04 18:06:08,133 INFO org.springframework.web.servlet.FrameworkServlet [RMI TCP Connection(3)-127.0.0.1] Completed initialization in 2 ms
2022-07-04 18:07:05,020 INFO com.vinsys.diam.controllers.PAWESBServices [scheduling-1] Entered::PAWESBServices::getRestTemplate()
2022-07-04 18:07:05,051 INFO com.vinsys.diam.controllers.PAWESBServices [scheduling-1] calling getData target for Insertion in Phase 1
2022-07-04 18:07:05,228 INFO com.vinsys.diam.controllers.PAWESBServices [scheduling-1] Inserting records into REQUESTS table from phase 1 
2022-07-04 18:07:05,229 INFO com.vinsys.diam.controllers.PAWESBServices [scheduling-1] Inserting records into REQUESTS table from phase 1 
2022-07-04 18:07:08,204 INFO org.springframework.boot.admin.SpringApplicationAdminMXBeanRegistrar$SpringApplicationAdmin [RMI TCP Connection(7)-127.0.0.1] Application shutdown requested.
2022-07-04 18:07:08,832 INFO org.springframework.scheduling.concurrent.ExecutorConfigurationSupport [RMI TCP Connection(7)-127.0.0.1] Shutting down ExecutorService 'taskScheduler'
2022-07-04 18:07:08,838 INFO org.springframework.scheduling.concurrent.ExecutorConfigurationSupport [RMI TCP Connection(7)-127.0.0.1] Shutting down ExecutorService 'applicationTaskExecutor'
